   1              		.syntax unified
   2              		.cpu cortex-r4
   3              		.fpu softvfp
   4              		.eabi_attribute 20, 1
   5              		.eabi_attribute 21, 1
   6              		.eabi_attribute 23, 3
   7              		.eabi_attribute 24, 1
   8              		.eabi_attribute 25, 1
   9              		.eabi_attribute 26, 1
  10              		.eabi_attribute 30, 4
  11              		.eabi_attribute 34, 1
  12              		.eabi_attribute 18, 4
  13              		.thumb
  14              		.file	"camera_module.pb-c.c"
  15              		.text
  16              	.Ltext0:
  17              		.cfi_sections	.debug_frame
  18              		.section	.text.ltpb__camera_module__afinfo__init,"ax",%progbits
  19              		.align	1
  20              		.global	ltpb__camera_module__afinfo__init
  21              		.thumb
  22              		.thumb_func
  24              	ltpb__camera_module__afinfo__init:
  25              	.LFB1:
  26              		.file 1 "/home/tienluong/workspace/atlantis_fw/platform/common/lightheader/src/camera_module.pb-c.
   1:/home/tienluong/workspace/atlantis_fw/platform/common/lightheader/src/camera_module.pb-c.c **** /* Generated by the protocol buffer compiler.  DO NOT EDIT! */
   2:/home/tienluong/workspace/atlantis_fw/platform/common/lightheader/src/camera_module.pb-c.c **** /* Generated from: camera_module.proto */
   3:/home/tienluong/workspace/atlantis_fw/platform/common/lightheader/src/camera_module.pb-c.c **** 
   4:/home/tienluong/workspace/atlantis_fw/platform/common/lightheader/src/camera_module.pb-c.c **** /* Do not generate deprecated warnings for self */
   5:/home/tienluong/workspace/atlantis_fw/platform/common/lightheader/src/camera_module.pb-c.c **** #ifndef PROTOBUF_C__NO_DEPRECATED
   6:/home/tienluong/workspace/atlantis_fw/platform/common/lightheader/src/camera_module.pb-c.c **** #define PROTOBUF_C__NO_DEPRECATED
   7:/home/tienluong/workspace/atlantis_fw/platform/common/lightheader/src/camera_module.pb-c.c **** #endif
   8:/home/tienluong/workspace/atlantis_fw/platform/common/lightheader/src/camera_module.pb-c.c **** #include "sections.h"
   9:/home/tienluong/workspace/atlantis_fw/platform/common/lightheader/src/camera_module.pb-c.c **** #include "camera_module.pb-c.h"
  10:/home/tienluong/workspace/atlantis_fw/platform/common/lightheader/src/camera_module.pb-c.c **** LIGHT_HEADER_FUNC void   ltpb__camera_module__afinfo__init
  11:/home/tienluong/workspace/atlantis_fw/platform/common/lightheader/src/camera_module.pb-c.c ****                      (Ltpb__CameraModule__AFInfo         *message)
  12:/home/tienluong/workspace/atlantis_fw/platform/common/lightheader/src/camera_module.pb-c.c **** {
  27              		.loc 1 12 0
  28              		.cfi_startproc
  29              		@ args = 0, pretend = 0, frame = 0
  30              		@ frame_needed = 0, uses_anonymous_args = 0
  31              	.LVL0:
  32 0000 30B5     		push	{r4, r5, lr}
  33              	.LCFI0:
  34              		.cfi_def_cfa_offset 12
  35              		.cfi_offset 4, -12
  36              		.cfi_offset 5, -8
  37              		.cfi_offset 14, -4
  13:/home/tienluong/workspace/atlantis_fw/platform/common/lightheader/src/camera_module.pb-c.c ****   LIGHT_HEADER_STATIC static Ltpb__CameraModule__AFInfo init_value = LTPB__CAMERA_MODULE__AFINFO__I
  14:/home/tienluong/workspace/atlantis_fw/platform/common/lightheader/src/camera_module.pb-c.c ****   *message = init_value;
  38              		.loc 1 14 0
  39 0002 044D     		ldr	r5, .L2
  40 0004 0446     		mov	r4, r0
  41 0006 0FCD     		ldmia	r5!, {r0, r1, r2, r3}
  42              	.LVL1:
  43 0008 0FC4     		stmia	r4!, {r0, r1, r2, r3}
  44              	.LVL2:
  45 000a 95E80700 		ldmia	r5, {r0, r1, r2}
  46 000e 84E80700 		stmia	r4, {r0, r1, r2}
  47 0012 30BD     		pop	{r4, r5, pc}
  48              	.LVL3:
  49              	.L3:
  50              		.align	2
  51              	.L2:
  52 0014 00000000 		.word	.LANCHOR0
  53              		.cfi_endproc
  54              	.LFE1:
  56              		.section	.text.ltpb__camera_module__surface__init,"ax",%progbits
  57              		.align	1
  58              		.global	ltpb__camera_module__surface__init
  59              		.thumb
  60              		.thumb_func
  62              	ltpb__camera_module__surface__init:
  63              	.LFB2:
  15:/home/tienluong/workspace/atlantis_fw/platform/common/lightheader/src/camera_module.pb-c.c **** }
  16:/home/tienluong/workspace/atlantis_fw/platform/common/lightheader/src/camera_module.pb-c.c **** LIGHT_HEADER_FUNC void   ltpb__camera_module__surface__init
  17:/home/tienluong/workspace/atlantis_fw/platform/common/lightheader/src/camera_module.pb-c.c ****                      (Ltpb__CameraModule__Surface         *message)
  18:/home/tienluong/workspace/atlantis_fw/platform/common/lightheader/src/camera_module.pb-c.c **** {
  64              		.loc 1 18 0
  65              		.cfi_startproc
  66              		@ args = 0, pretend = 0, frame = 0
  67              		@ frame_needed = 0, uses_anonymous_args = 0
  68              	.LVL4:
  69 0000 30B5     		push	{r4, r5, lr}
  70              	.LCFI1:
  71              		.cfi_def_cfa_offset 12
  72              		.cfi_offset 4, -12
  73              		.cfi_offset 5, -8
  74              		.cfi_offset 14, -4
  19:/home/tienluong/workspace/atlantis_fw/platform/common/lightheader/src/camera_module.pb-c.c ****   LIGHT_HEADER_STATIC static Ltpb__CameraModule__Surface init_value = LTPB__CAMERA_MODULE__SURFACE_
  20:/home/tienluong/workspace/atlantis_fw/platform/common/lightheader/src/camera_module.pb-c.c ****   *message = init_value;
  75              		.loc 1 20 0
  76 0002 054D     		ldr	r5, .L5
  77 0004 0446     		mov	r4, r0
  78 0006 0FCD     		ldmia	r5!, {r0, r1, r2, r3}
  79              	.LVL5:
  80 0008 0FC4     		stmia	r4!, {r0, r1, r2, r3}
  81              	.LVL6:
  82 000a 0FCD     		ldmia	r5!, {r0, r1, r2, r3}
  83 000c 0FC4     		stmia	r4!, {r0, r1, r2, r3}
  84              	.LVL7:
  85 000e 95E80F00 		ldmia	r5, {r0, r1, r2, r3}
  86 0012 84E80F00 		stmia	r4, {r0, r1, r2, r3}
  87 0016 30BD     		pop	{r4, r5, pc}
  88              	.LVL8:
  89              	.L6:
  90              		.align	2
  91              	.L5:
  92 0018 00000000 		.word	.LANCHOR1
  93              		.cfi_endproc
  94              	.LFE2:
  96              		.section	.text.ltpb__camera_module__init,"ax",%progbits
  97              		.align	1
  98              		.global	ltpb__camera_module__init
  99              		.thumb
 100              		.thumb_func
 102              	ltpb__camera_module__init:
 103              	.LFB3:
  21:/home/tienluong/workspace/atlantis_fw/platform/common/lightheader/src/camera_module.pb-c.c **** }
  22:/home/tienluong/workspace/atlantis_fw/platform/common/lightheader/src/camera_module.pb-c.c **** LIGHT_HEADER_FUNC void   ltpb__camera_module__init
  23:/home/tienluong/workspace/atlantis_fw/platform/common/lightheader/src/camera_module.pb-c.c ****                      (Ltpb__CameraModule         *message)
  24:/home/tienluong/workspace/atlantis_fw/platform/common/lightheader/src/camera_module.pb-c.c **** {
 104              		.loc 1 24 0
 105              		.cfi_startproc
 106              		@ args = 0, pretend = 0, frame = 0
 107              		@ frame_needed = 0, uses_anonymous_args = 0
 108              	.LVL9:
 109 0000 08B5     		push	{r3, lr}
 110              	.LCFI2:
 111              		.cfi_def_cfa_offset 8
 112              		.cfi_offset 3, -8
 113              		.cfi_offset 14, -4
  25:/home/tienluong/workspace/atlantis_fw/platform/common/lightheader/src/camera_module.pb-c.c ****   LIGHT_HEADER_STATIC static Ltpb__CameraModule init_value = LTPB__CAMERA_MODULE__INIT;
  26:/home/tienluong/workspace/atlantis_fw/platform/common/lightheader/src/camera_module.pb-c.c ****   *message = init_value;
 114              		.loc 1 26 0
 115 0002 0249     		ldr	r1, .L8
 116 0004 6022     		movs	r2, #96
 117 0006 024B     		ldr	r3, .L8+4
 118 0008 9847     		blx	r3
 119              	.LVL10:
 120 000a 08BD     		pop	{r3, pc}
 121              	.L9:
 122              		.align	2
 123              	.L8:
 124 000c 00000000 		.word	.LANCHOR2
 125 0010 00000000 		.word	memcpy
 126              		.cfi_endproc
 127              	.LFE3:
 129              		.section	.text.ltpb__camera_module__get_packed_size,"ax",%progbits
 130              		.align	1
 131              		.global	ltpb__camera_module__get_packed_size
 132              		.thumb
 133              		.thumb_func
 135              	ltpb__camera_module__get_packed_size:
 136              	.LFB4:
  27:/home/tienluong/workspace/atlantis_fw/platform/common/lightheader/src/camera_module.pb-c.c **** }
  28:/home/tienluong/workspace/atlantis_fw/platform/common/lightheader/src/camera_module.pb-c.c **** LIGHT_HEADER_FUNC size_t ltpb__camera_module__get_packed_size
  29:/home/tienluong/workspace/atlantis_fw/platform/common/lightheader/src/camera_module.pb-c.c ****                      (const Ltpb__CameraModule *message)
  30:/home/tienluong/workspace/atlantis_fw/platform/common/lightheader/src/camera_module.pb-c.c **** {
 137              		.loc 1 30 0
 138              		.cfi_startproc
 139              		@ args = 0, pretend = 0, frame = 0
 140              		@ frame_needed = 0, uses_anonymous_args = 0
 141              	.LVL11:
  31:/home/tienluong/workspace/atlantis_fw/platform/common/lightheader/src/camera_module.pb-c.c ****   assert(message->base.descriptor == &ltpb__camera_module__descriptor);
 142              		.loc 1 31 0
 143 0000 0268     		ldr	r2, [r0]
 144 0002 064B     		ldr	r3, .L13
  30:/home/tienluong/workspace/atlantis_fw/platform/common/lightheader/src/camera_module.pb-c.c ****   assert(message->base.descriptor == &ltpb__camera_module__descriptor);
 145              		.loc 1 30 0
 146 0004 10B5     		push	{r4, lr}
 147              	.LCFI3:
 148              		.cfi_def_cfa_offset 8
 149              		.cfi_offset 4, -8
 150              		.cfi_offset 14, -4
 151              		.loc 1 31 0
 152 0006 9A42     		cmp	r2, r3
  30:/home/tienluong/workspace/atlantis_fw/platform/common/lightheader/src/camera_module.pb-c.c ****   assert(message->base.descriptor == &ltpb__camera_module__descriptor);
 153              		.loc 1 30 0
 154 0008 0446     		mov	r4, r0
 155              		.loc 1 31 0
 156 000a 03D0     		beq	.L11
 157              		.loc 1 31 0 is_stmt 0 discriminator 1
 158 000c 0448     		ldr	r0, .L13+4
 159              	.LVL12:
 160 000e 1F21     		movs	r1, #31
 161 0010 044B     		ldr	r3, .L13+8
 162 0012 9847     		blx	r3
 163              	.LVL13:
 164              	.L11:
  32:/home/tienluong/workspace/atlantis_fw/platform/common/lightheader/src/camera_module.pb-c.c ****   return protobuf_c_message_get_packed_size ((const ProtobufCMessage*)(message));
 165              		.loc 1 32 0 is_stmt 1
 166 0014 2046     		mov	r0, r4
 167 0016 044B     		ldr	r3, .L13+12
 168 0018 9847     		blx	r3
 169              	.LVL14:
  33:/home/tienluong/workspace/atlantis_fw/platform/common/lightheader/src/camera_module.pb-c.c **** }
 170              		.loc 1 33 0
 171 001a 10BD     		pop	{r4, pc}
 172              	.LVL15:
 173              	.L14:
 174              		.align	2
 175              	.L13:
 176 001c 00000000 		.word	.LANCHOR3
 177 0020 00000000 		.word	.LANCHOR4
 178 0024 00000000 		.word	assert_failed
 179 0028 00000000 		.word	protobuf_c_message_get_packed_size
 180              		.cfi_endproc
 181              	.LFE4:
 183              		.section	.text.ltpb__camera_module__pack,"ax",%progbits
 184              		.align	1
 185              		.global	ltpb__camera_module__pack
 186              		.thumb
 187              		.thumb_func
 189              	ltpb__camera_module__pack:
 190              	.LFB5:
  34:/home/tienluong/workspace/atlantis_fw/platform/common/lightheader/src/camera_module.pb-c.c **** LIGHT_HEADER_FUNC size_t ltpb__camera_module__pack
  35:/home/tienluong/workspace/atlantis_fw/platform/common/lightheader/src/camera_module.pb-c.c ****                      (const Ltpb__CameraModule *message,
  36:/home/tienluong/workspace/atlantis_fw/platform/common/lightheader/src/camera_module.pb-c.c ****                       uint8_t       *out)
  37:/home/tienluong/workspace/atlantis_fw/platform/common/lightheader/src/camera_module.pb-c.c **** {
 191              		.loc 1 37 0
 192              		.cfi_startproc
 193              		@ args = 0, pretend = 0, frame = 0
 194              		@ frame_needed = 0, uses_anonymous_args = 0
 195              	.LVL16:
 196 0000 38B5     		push	{r3, r4, r5, lr}
 197              	.LCFI4:
 198              		.cfi_def_cfa_offset 16
 199              		.cfi_offset 3, -16
 200              		.cfi_offset 4, -12
 201              		.cfi_offset 5, -8
 202              		.cfi_offset 14, -4
  38:/home/tienluong/workspace/atlantis_fw/platform/common/lightheader/src/camera_module.pb-c.c ****   assert(message->base.descriptor == &ltpb__camera_module__descriptor);
 203              		.loc 1 38 0
 204 0002 0268     		ldr	r2, [r0]
  37:/home/tienluong/workspace/atlantis_fw/platform/common/lightheader/src/camera_module.pb-c.c ****   assert(message->base.descriptor == &ltpb__camera_module__descriptor);
 205              		.loc 1 37 0
 206 0004 0446     		mov	r4, r0
 207              		.loc 1 38 0
 208 0006 064B     		ldr	r3, .L17
  37:/home/tienluong/workspace/atlantis_fw/platform/common/lightheader/src/camera_module.pb-c.c ****   assert(message->base.descriptor == &ltpb__camera_module__descriptor);
 209              		.loc 1 37 0
 210 0008 0D46     		mov	r5, r1
 211              		.loc 1 38 0
 212 000a 9A42     		cmp	r2, r3
 213 000c 03D0     		beq	.L16
 214              		.loc 1 38 0 is_stmt 0 discriminator 1
 215 000e 0548     		ldr	r0, .L17+4
 216              	.LVL17:
 217 0010 2621     		movs	r1, #38
 218              	.LVL18:
 219 0012 054B     		ldr	r3, .L17+8
 220 0014 9847     		blx	r3
 221              	.LVL19:
 222              	.L16:
  39:/home/tienluong/workspace/atlantis_fw/platform/common/lightheader/src/camera_module.pb-c.c ****   return protobuf_c_message_pack ((const ProtobufCMessage*)message, out);
 223              		.loc 1 39 0 is_stmt 1
 224 0016 2046     		mov	r0, r4
 225 0018 2946     		mov	r1, r5
 226 001a 044B     		ldr	r3, .L17+12
 227 001c 9847     		blx	r3
 228              	.LVL20:
  40:/home/tienluong/workspace/atlantis_fw/platform/common/lightheader/src/camera_module.pb-c.c **** }
 229              		.loc 1 40 0
 230 001e 38BD     		pop	{r3, r4, r5, pc}
 231              	.LVL21:
 232              	.L18:
 233              		.align	2
 234              	.L17:
 235 0020 00000000 		.word	.LANCHOR3
 236 0024 00000000 		.word	.LANCHOR5
 237 0028 00000000 		.word	assert_failed
 238 002c 00000000 		.word	protobuf_c_message_pack
 239              		.cfi_endproc
 240              	.LFE5:
 242              		.section	.text.ltpb__camera_module__pack_to_buffer,"ax",%progbits
 243              		.align	1
 244              		.global	ltpb__camera_module__pack_to_buffer
 245              		.thumb
 246              		.thumb_func
 248              	ltpb__camera_module__pack_to_buffer:
 249              	.LFB6:
  41:/home/tienluong/workspace/atlantis_fw/platform/common/lightheader/src/camera_module.pb-c.c **** LIGHT_HEADER_FUNC size_t ltpb__camera_module__pack_to_buffer
  42:/home/tienluong/workspace/atlantis_fw/platform/common/lightheader/src/camera_module.pb-c.c ****                      (const Ltpb__CameraModule *message,
  43:/home/tienluong/workspace/atlantis_fw/platform/common/lightheader/src/camera_module.pb-c.c ****                       ProtobufCBuffer *buffer)
  44:/home/tienluong/workspace/atlantis_fw/platform/common/lightheader/src/camera_module.pb-c.c **** {
 250              		.loc 1 44 0
 251              		.cfi_startproc
 252              		@ args = 0, pretend = 0, frame = 0
 253              		@ frame_needed = 0, uses_anonymous_args = 0
 254              	.LVL22:
 255 0000 38B5     		push	{r3, r4, r5, lr}
 256              	.LCFI5:
 257              		.cfi_def_cfa_offset 16
 258              		.cfi_offset 3, -16
 259              		.cfi_offset 4, -12
 260              		.cfi_offset 5, -8
 261              		.cfi_offset 14, -4
  45:/home/tienluong/workspace/atlantis_fw/platform/common/lightheader/src/camera_module.pb-c.c ****   assert(message->base.descriptor == &ltpb__camera_module__descriptor);
 262              		.loc 1 45 0
 263 0002 0268     		ldr	r2, [r0]
  44:/home/tienluong/workspace/atlantis_fw/platform/common/lightheader/src/camera_module.pb-c.c ****   assert(message->base.descriptor == &ltpb__camera_module__descriptor);
 264              		.loc 1 44 0
 265 0004 0446     		mov	r4, r0
 266              		.loc 1 45 0
 267 0006 064B     		ldr	r3, .L21
  44:/home/tienluong/workspace/atlantis_fw/platform/common/lightheader/src/camera_module.pb-c.c ****   assert(message->base.descriptor == &ltpb__camera_module__descriptor);
 268              		.loc 1 44 0
 269 0008 0D46     		mov	r5, r1
 270              		.loc 1 45 0
 271 000a 9A42     		cmp	r2, r3
 272 000c 03D0     		beq	.L20
 273              		.loc 1 45 0 is_stmt 0 discriminator 1
 274 000e 0548     		ldr	r0, .L21+4
 275              	.LVL23:
 276 0010 2D21     		movs	r1, #45
 277              	.LVL24:
 278 0012 054B     		ldr	r3, .L21+8
 279 0014 9847     		blx	r3
 280              	.LVL25:
 281              	.L20:
  46:/home/tienluong/workspace/atlantis_fw/platform/common/lightheader/src/camera_module.pb-c.c ****   return protobuf_c_message_pack_to_buffer ((const ProtobufCMessage*)message, buffer);
 282              		.loc 1 46 0 is_stmt 1
 283 0016 2046     		mov	r0, r4
 284 0018 2946     		mov	r1, r5
 285 001a 044B     		ldr	r3, .L21+12
 286 001c 9847     		blx	r3
 287              	.LVL26:
  47:/home/tienluong/workspace/atlantis_fw/platform/common/lightheader/src/camera_module.pb-c.c **** }
 288              		.loc 1 47 0
 289 001e 38BD     		pop	{r3, r4, r5, pc}
 290              	.LVL27:
 291              	.L22:
 292              		.align	2
 293              	.L21:
 294 0020 00000000 		.word	.LANCHOR3
 295 0024 00000000 		.word	.LANCHOR6
 296 0028 00000000 		.word	assert_failed
 297 002c 00000000 		.word	protobuf_c_message_pack_to_buffer
 298              		.cfi_endproc
 299              	.LFE6:
 301              		.section	.text.ltpb__camera_module__unpack,"ax",%progbits
 302              		.align	1
 303              		.global	ltpb__camera_module__unpack
 304              		.thumb
 305              		.thumb_func
 307              	ltpb__camera_module__unpack:
 308              	.LFB7:
  48:/home/tienluong/workspace/atlantis_fw/platform/common/lightheader/src/camera_module.pb-c.c **** LIGHT_HEADER_FUNC Ltpb__CameraModule *
  49:/home/tienluong/workspace/atlantis_fw/platform/common/lightheader/src/camera_module.pb-c.c ****        ltpb__camera_module__unpack
  50:/home/tienluong/workspace/atlantis_fw/platform/common/lightheader/src/camera_module.pb-c.c ****                      (ProtobufCAllocator  *allocator,
  51:/home/tienluong/workspace/atlantis_fw/platform/common/lightheader/src/camera_module.pb-c.c ****                       size_t               len,
  52:/home/tienluong/workspace/atlantis_fw/platform/common/lightheader/src/camera_module.pb-c.c ****                       const uint8_t       *data)
  53:/home/tienluong/workspace/atlantis_fw/platform/common/lightheader/src/camera_module.pb-c.c **** {
 309              		.loc 1 53 0
 310              		.cfi_startproc
 311              		@ args = 0, pretend = 0, frame = 0
 312              		@ frame_needed = 0, uses_anonymous_args = 0
 313              	.LVL28:
 314 0000 38B5     		push	{r3, r4, r5, lr}
 315              	.LCFI6:
 316              		.cfi_def_cfa_offset 16
 317              		.cfi_offset 3, -16
 318              		.cfi_offset 4, -12
 319              		.cfi_offset 5, -8
 320              		.cfi_offset 14, -4
 321              		.loc 1 53 0
 322 0002 0546     		mov	r5, r0
 323 0004 0C46     		mov	r4, r1
 324 0006 1346     		mov	r3, r2
  54:/home/tienluong/workspace/atlantis_fw/platform/common/lightheader/src/camera_module.pb-c.c ****   return (Ltpb__CameraModule *)
 325              		.loc 1 54 0
 326 0008 2946     		mov	r1, r5
 327              	.LVL29:
 328 000a 2246     		mov	r2, r4
 329              	.LVL30:
 330 000c 0148     		ldr	r0, .L24
 331              	.LVL31:
 332 000e 024C     		ldr	r4, .L24+4
 333              	.LVL32:
 334 0010 A047     		blx	r4
 335              	.LVL33:
  55:/home/tienluong/workspace/atlantis_fw/platform/common/lightheader/src/camera_module.pb-c.c ****      protobuf_c_message_unpack (&ltpb__camera_module__descriptor,
  56:/home/tienluong/workspace/atlantis_fw/platform/common/lightheader/src/camera_module.pb-c.c ****                                 allocator, len, data);
  57:/home/tienluong/workspace/atlantis_fw/platform/common/lightheader/src/camera_module.pb-c.c **** }
 336              		.loc 1 57 0
 337 0012 38BD     		pop	{r3, r4, r5, pc}
 338              	.LVL34:
 339              	.L25:
 340              		.align	2
 341              	.L24:
 342 0014 00000000 		.word	.LANCHOR3
 343 0018 00000000 		.word	protobuf_c_message_unpack
 344              		.cfi_endproc
 345              	.LFE7:
 347              		.section	.text.ltpb__camera_module__free_unpacked,"ax",%progbits
 348              		.align	1
 349              		.global	ltpb__camera_module__free_unpacked
 350              		.thumb
 351              		.thumb_func
 353              	ltpb__camera_module__free_unpacked:
 354              	.LFB8:
  58:/home/tienluong/workspace/atlantis_fw/platform/common/lightheader/src/camera_module.pb-c.c **** LIGHT_HEADER_FUNC void   ltpb__camera_module__free_unpacked
  59:/home/tienluong/workspace/atlantis_fw/platform/common/lightheader/src/camera_module.pb-c.c ****                      (Ltpb__CameraModule *message,
  60:/home/tienluong/workspace/atlantis_fw/platform/common/lightheader/src/camera_module.pb-c.c ****                       ProtobufCAllocator *allocator)
  61:/home/tienluong/workspace/atlantis_fw/platform/common/lightheader/src/camera_module.pb-c.c **** {
 355              		.loc 1 61 0
 356              		.cfi_startproc
 357              		@ args = 0, pretend = 0, frame = 0
 358              		@ frame_needed = 0, uses_anonymous_args = 0
 359              	.LVL35:
 360 0000 38B5     		push	{r3, r4, r5, lr}
 361              	.LCFI7:
 362              		.cfi_def_cfa_offset 16
 363              		.cfi_offset 3, -16
 364              		.cfi_offset 4, -12
 365              		.cfi_offset 5, -8
 366              		.cfi_offset 14, -4
  62:/home/tienluong/workspace/atlantis_fw/platform/common/lightheader/src/camera_module.pb-c.c ****   assert(message->base.descriptor == &ltpb__camera_module__descriptor);
 367              		.loc 1 62 0
 368 0002 0268     		ldr	r2, [r0]
  61:/home/tienluong/workspace/atlantis_fw/platform/common/lightheader/src/camera_module.pb-c.c ****   assert(message->base.descriptor == &ltpb__camera_module__descriptor);
 369              		.loc 1 61 0
 370 0004 0446     		mov	r4, r0
 371              		.loc 1 62 0
 372 0006 064B     		ldr	r3, .L28
  61:/home/tienluong/workspace/atlantis_fw/platform/common/lightheader/src/camera_module.pb-c.c ****   assert(message->base.descriptor == &ltpb__camera_module__descriptor);
 373              		.loc 1 61 0
 374 0008 0D46     		mov	r5, r1
 375              		.loc 1 62 0
 376 000a 9A42     		cmp	r2, r3
 377 000c 03D0     		beq	.L27
 378              		.loc 1 62 0 is_stmt 0 discriminator 1
 379 000e 0548     		ldr	r0, .L28+4
 380              	.LVL36:
 381 0010 3E21     		movs	r1, #62
 382              	.LVL37:
 383 0012 054B     		ldr	r3, .L28+8
 384 0014 9847     		blx	r3
 385              	.LVL38:
 386              	.L27:
  63:/home/tienluong/workspace/atlantis_fw/platform/common/lightheader/src/camera_module.pb-c.c ****   protobuf_c_message_free_unpacked ((ProtobufCMessage*)message, allocator);
 387              		.loc 1 63 0 is_stmt 1
 388 0016 2046     		mov	r0, r4
 389 0018 2946     		mov	r1, r5
 390 001a 044B     		ldr	r3, .L28+12
 391 001c 9847     		blx	r3
 392              	.LVL39:
 393 001e 38BD     		pop	{r3, r4, r5, pc}
 394              	.LVL40:
 395              	.L29:
 396              		.align	2
 397              	.L28:
 398 0020 00000000 		.word	.LANCHOR3
 399 0024 00000000 		.word	.LANCHOR7
 400 0028 00000000 		.word	assert_failed
 401 002c 00000000 		.word	protobuf_c_message_free_unpacked
 402              		.cfi_endproc
 403              	.LFE8:
 405              		.global	ltpb__camera_module__descriptor
 406              		.global	ltpb__camera_module__surface__descriptor
 407              		.global	ltpb__camera_module__surface__format_type__descriptor
 408              		.global	ltpb__camera_module__afinfo__descriptor
 409              		.global	ltpb__camera_module__afinfo__afmode__descriptor
 410              		.section	.rodata.ltpb__camera_module__mirror_position__default_value,"a",%progbits
 411              		.align	2
 414              	ltpb__camera_module__mirror_position__default_value:
 415 0000 00000000 		.space	4
 416              		.section	.rodata.ltpb__camera_module__afinfo__afmode__enum_values_by_name,"a",%progbits
 417              		.align	2
 420              	ltpb__camera_module__afinfo__afmode__enum_values_by_name:
 421 0000 AC050000 		.word	.LC59
 422 0004 00000000 		.word	0
 423              		.section	.rodata.ltpb__camera_module__descriptor,"a",%progbits
 424              		.align	2
 425              		.set	.LANCHOR3,. + 0
 428              	ltpb__camera_module__descriptor:
 429 0000 F9EEAA28 		.word	682290937
 430 0004 00000000 		.word	.LC0
 431 0008 12000000 		.word	.LC1
 432 000c 1F000000 		.word	.LC2
 433 0010 32000000 		.word	.LC3
 434 0014 60000000 		.word	96
 435 0018 0E000000 		.word	14
 436 001c 00000000 		.word	ltpb__camera_module__field_descriptors
 437 0020 00000000 		.word	ltpb__camera_module__field_indices_by_name
 438 0024 01000000 		.word	1
 439 0028 00000000 		.word	ltpb__camera_module__number_ranges
 440 002c 00000000 		.word	ltpb__camera_module__init
 441 0030 00000000 		.word	0
 442 0034 00000000 		.word	0
 443 0038 00000000 		.word	0
 444              		.section	.rodata.ltpb__camera_module__afinfo__afmode__value_ranges,"a",%progbits
 445              		.align	2
 448              	ltpb__camera_module__afinfo__afmode__value_ranges:
 449 0000 00000000 		.word	0
 450 0004 00000000 		.word	0
 451 0008 00000000 		.word	0
 452 000c 01000000 		.word	1
 453              		.section	.rodata.__FUNCTION__.6574,"a",%progbits
 454              		.set	.LANCHOR4,. + 0
 457              	__FUNCTION__.6574:
 458 0000 6C747062 		.ascii	"ltpb__camera_module__get_packed_size\000"
 458      5F5F6361 
 458      6D657261 
 458      5F6D6F64 
 458      756C655F 
 459              		.section	.rodata.ltpb__camera_module__afinfo__number_ranges,"a",%progbits
 460              		.align	2
 463              	ltpb__camera_module__afinfo__number_ranges:
 464 0000 01000000 		.word	1
 465 0004 00000000 		.word	0
 466 0008 00000000 		.word	0
 467 000c 03000000 		.word	3
 468              		.section	.rodata.init_value.6562,"a",%progbits
 469              		.align	2
 470              		.set	.LANCHOR0,. + 0
 473              	init_value.6562:
 474 0000 00000000 		.word	ltpb__camera_module__afinfo__descriptor
 475 0004 00000000 		.word	0
 476 0008 00000000 		.word	0
 477 000c 00000000 		.word	0
 478 0010 00000000 		.word	0
 479 0014 00000000 		.word	0
 480 0018 00000000 		.word	0
 481              		.section	.rodata.ltpb__camera_module__surface__format_type__enum_values_by_name,"a",%progbits
 482              		.align	2
 485              	ltpb__camera_module__surface__format_type__enum_values_by_name:
 486 0000 F1010000 		.word	.LC30
 487 0004 07000000 		.word	7
 488 0008 02020000 		.word	.LC31
 489 000c 08000000 		.word	8
 490 0010 13020000 		.word	.LC32
 491 0014 09000000 		.word	9
 492 0018 24020000 		.word	.LC33
 493 001c 06000000 		.word	6
 494 0020 37020000 		.word	.LC34
 495 0024 05000000 		.word	5
 496 0028 49020000 		.word	.LC35
 497 002c 02000000 		.word	2
 498 0030 5A020000 		.word	.LC36
 499 0034 03000000 		.word	3
 500 0038 6B020000 		.word	.LC37
 501 003c 04000000 		.word	4
 502 0040 7C020000 		.word	.LC38
 503 0044 01000000 		.word	1
 504 0048 8F020000 		.word	.LC39
 505 004c 00000000 		.word	0
 506              		.section	.rodata.__FUNCTION__.6579,"a",%progbits
 507              		.set	.LANCHOR5,. + 0
 510              	__FUNCTION__.6579:
 511 0000 6C747062 		.ascii	"ltpb__camera_module__pack\000"
 511      5F5F6361 
 511      6D657261 
 511      5F6D6F64 
 511      756C655F 
 512              		.section	.rodata.__FUNCTION__.6584,"a",%progbits
 513              		.set	.LANCHOR6,. + 0
 516              	__FUNCTION__.6584:
 517 0000 6C747062 		.ascii	"ltpb__camera_module__pack_to_buffer\000"
 517      5F5F6361 
 517      6D657261 
 517      5F6D6F64 
 517      756C655F 
 518              		.section	.rodata.init_value.6570,"a",%progbits
 519              		.align	3
 520              		.set	.LANCHOR2,. + 0
 523              	init_value.6570:
 524 0000 00000000 		.word	ltpb__camera_module__descriptor
 525 0004 00000000 		.word	0
 526 0008 00000000 		.word	0
 527 000c 00000000 		.word	0
 528 0010 00000000 		.word	0
 529 0014 00000000 		.word	0
 530 0018 00000000 		.word	0
 531 001c 00000000 		.word	0
 532 0020 00000000 		.word	0
 533 0024 00000000 		.word	0
 534 0028 00000000 		.word	0
 535 002c 00000000 		.space	4
 536 0030 00000000 		.word	0
 537 0034 00000000 		.word	0
 538 0038 00000000 		.word	0
 539 003c 00000000 		.word	0
 540 0040 00000000 		.word	0
 541 0044 00000000 		.word	0
 542 0048 00000000 		.word	0
 543 004c 00000000 		.word	0
 544 0050 00000000 		.word	0
 545 0054 00000000 		.word	0
 546 0058 00000000 		.word	0
 547 005c 00000000 		.word	0
 548              		.section	.rodata.ltpb__camera_module__field_descriptors,"a",%progbits
 549              		.align	2
 552              	ltpb__camera_module__field_descriptors:
 553 0000 37000000 		.word	.LC4
 554 0004 01000000 		.word	1
 555 0008 01       		.byte	1
 556 0009 10       		.byte	16
 557 000a 0000     		.space	2
 558 000c 00000000 		.word	0
 559 0010 0C000000 		.word	12
 560 0014 00000000 		.word	ltpb__camera_module__afinfo__descriptor
 561 0018 00000000 		.word	0
 562 001c 00000000 		.word	0
 563 0020 00000000 		.word	0
 564 0024 00000000 		.word	0
 565 0028 00000000 		.word	0
 566 002c 3F000000 		.word	.LC5
 567 0030 02000000 		.word	2
 568 0034 00       		.byte	0
 569 0035 0D       		.byte	13
 570 0036 0000     		.space	2
 571 0038 00000000 		.word	0
 572 003c 10000000 		.word	16
 573 0040 00000000 		.word	ltpb__camera_id__descriptor
 574 0044 00000000 		.word	0
 575 0048 00000000 		.word	0
 576 004c 00000000 		.word	0
 577 0050 00000000 		.word	0
 578 0054 00000000 		.word	0
 579 0058 42000000 		.word	.LC6
 580 005c 03000000 		.word	3
 581 0060 00       		.byte	0
 582 0061 0C       		.byte	12
 583 0062 0000     		.space	2
 584 0064 00000000 		.word	0
 585 0068 14000000 		.word	20
 586 006c 00000000 		.word	0
 587 0070 00000000 		.word	0
 588 0074 00000000 		.word	0
 589 0078 00000000 		.word	0
 590 007c 00000000 		.word	0
 591 0080 00000000 		.word	0
 592 0084 4D000000 		.word	.LC7
 593 0088 04000000 		.word	4
 594 008c 01       		.byte	1
 595 008d 00       		.byte	0
 596 008e 0000     		.space	2
 597 0090 18000000 		.word	24
 598 0094 1C000000 		.word	28
 599 0098 00000000 		.word	0
 600 009c 00000000 		.word	ltpb__camera_module__mirror_position__default_value
 601 00a0 00000000 		.word	0
 602 00a4 00000000 		.word	0
 603 00a8 00000000 		.word	0
 604 00ac 00000000 		.word	0
 605 00b0 5D000000 		.word	.LC8
 606 00b4 05000000 		.word	5
 607 00b8 00       		.byte	0
 608 00b9 00       		.byte	0
 609 00ba 0000     		.space	2
 610 00bc 00000000 		.word	0
 611 00c0 20000000 		.word	32
 612 00c4 00000000 		.word	0
 613 00c8 00000000 		.word	0
 614 00cc 00000000 		.word	0
 615 00d0 00000000 		.word	0
 616 00d4 00000000 		.word	0
 617 00d8 00000000 		.word	0
 618 00dc 6B000000 		.word	.LC9
 619 00e0 06000000 		.word	6
 620 00e4 00       		.byte	0
 621 00e5 06       		.byte	6
 622 00e6 0000     		.space	2
 623 00e8 00000000 		.word	0
 624 00ec 24000000 		.word	36
 625 00f0 00000000 		.word	0
 626 00f4 00000000 		.word	0
 627 00f8 00000000 		.word	0
 628 00fc 00000000 		.word	0
 629 0100 00000000 		.word	0
 630 0104 00000000 		.word	0
 631 0108 7D000000 		.word	.LC10
 632 010c 07000000 		.word	7
 633 0110 00       		.byte	0
 634 0111 0A       		.byte	10
 635 0112 0000     		.space	2
 636 0114 00000000 		.word	0
 637 0118 28000000 		.word	40
 638 011c 00000000 		.word	0
 639 0120 00000000 		.word	0
 640 0124 00000000 		.word	0
 641 0128 00000000 		.word	0
 642 012c 00000000 		.word	0
 643 0130 00000000 		.word	0
 644 0134 90000000 		.word	.LC11
 645 0138 08000000 		.word	8
 646 013c 00       		.byte	0
 647 013d 08       		.byte	8
 648 013e 0000     		.space	2
 649 0140 00000000 		.word	0
 650 0144 30000000 		.word	48
 651 0148 00000000 		.word	0
 652 014c 00000000 		.word	0
 653 0150 00000000 		.word	0
 654 0154 00000000 		.word	0
 655 0158 00000000 		.word	0
 656 015c 00000000 		.word	0
 657 0160 A0000000 		.word	.LC12
 658 0164 09000000 		.word	9
 659 0168 00       		.byte	0
 660 0169 10       		.byte	16
 661 016a 0000     		.space	2
 662 016c 00000000 		.word	0
 663 0170 38000000 		.word	56
 664 0174 00000000 		.word	ltpb__camera_module__surface__descriptor
 665 0178 00000000 		.word	0
 666 017c 00000000 		.word	0
 667 0180 00000000 		.word	0
 668 0184 00000000 		.word	0
 669 0188 00000000 		.word	0
 670 018c B4000000 		.word	.LC13
 671 0190 0A000000 		.word	10
 672 0194 01       		.byte	1
 673 0195 01       		.byte	1
 674 0196 0000     		.space	2
 675 0198 3C000000 		.word	60
 676 019c 40000000 		.word	64
 677 01a0 00000000 		.word	0
 678 01a4 00000000 		.word	0
 679 01a8 00000000 		.word	0
 680 01ac 00000000 		.word	0
 681 01b0 00000000 		.word	0
 682 01b4 00000000 		.word	0
 683 01b8 C7000000 		.word	.LC14
 684 01bc 0B000000 		.word	11
 685 01c0 01       		.byte	1
 686 01c1 0C       		.byte	12
 687 01c2 0000     		.space	2
 688 01c4 44000000 		.word	68
 689 01c8 48000000 		.word	72
 690 01cc 00000000 		.word	0
 691 01d0 00000000 		.word	ltpb__camera_module__sensor_is_horizontal_flip__default_value
 692 01d4 00000000 		.word	0
 693 01d8 00000000 		.word	0
 694 01dc 00000000 		.word	0
 695 01e0 00000000 		.word	0
 696 01e4 E1000000 		.word	.LC15
 697 01e8 0C000000 		.word	12
 698 01ec 01       		.byte	1
 699 01ed 0C       		.byte	12
 700 01ee 0000     		.space	2
 701 01f0 4C000000 		.word	76
 702 01f4 50000000 		.word	80
 703 01f8 00000000 		.word	0
 704 01fc 00000000 		.word	ltpb__camera_module__sensor_is_vertical_flip__default_value
 705 0200 00000000 		.word	0
 706 0204 00000000 		.word	0
 707 0208 00000000 		.word	0
 708 020c 00000000 		.word	0
 709 0210 F9000000 		.word	.LC16
 710 0214 0D000000 		.word	13
 711 0218 01       		.byte	1
 712 0219 10       		.byte	16
 713 021a 0000     		.space	2
 714 021c 00000000 		.word	0
 715 0220 54000000 		.word	84
 716 0224 00000000 		.word	ltpb__point2_i__descriptor
 717 0228 00000000 		.word	0
 718 022c 00000000 		.word	0
 719 0230 00000000 		.word	0
 720 0234 00000000 		.word	0
 721 0238 00000000 		.word	0
 722 023c 13010000 		.word	.LC17
 723 0240 0E000000 		.word	14
 724 0244 01       		.byte	1
 725 0245 0A       		.byte	10
 726 0246 0000     		.space	2
 727 0248 58000000 		.word	88
 728 024c 5C000000 		.word	92
 729 0250 00000000 		.word	0
 730 0254 00000000 		.word	0
 731 0258 00000000 		.word	0
 732 025c 00000000 		.word	0
 733 0260 00000000 		.word	0
 734 0264 00000000 		.word	0
 735              		.section	.rodata.ltpb__camera_module__afinfo__field_descriptors,"a",%progbits
 736              		.align	2
 739              	ltpb__camera_module__afinfo__field_descriptors:
 740 0000 3A050000 		.word	.LC53
 741 0004 01000000 		.word	1
 742 0008 00       		.byte	0
 743 0009 0D       		.byte	13
 744 000a 0000     		.space	2
 745 000c 00000000 		.word	0
 746 0010 0C000000 		.word	12
 747 0014 00000000 		.word	ltpb__camera_module__afinfo__afmode__descriptor
 748 0018 00000000 		.word	0
 749 001c 00000000 		.word	0
 750 0020 00000000 		.word	0
 751 0024 00000000 		.word	0
 752 0028 00000000 		.word	0
 753 002c 3F050000 		.word	.LC54
 754 0030 02000000 		.word	2
 755 0034 01       		.byte	1
 756 0035 10       		.byte	16
 757 0036 0000     		.space	2
 758 0038 00000000 		.word	0
 759 003c 10000000 		.word	16
 760 0040 00000000 		.word	ltpb__point2_f__descriptor
 761 0044 00000000 		.word	0
 762 0048 00000000 		.word	0
 763 004c 00000000 		.word	0
 764 0050 00000000 		.word	0
 765 0054 00000000 		.word	0
 766 0058 4A050000 		.word	.LC55
 767 005c 03000000 		.word	3
 768 0060 01       		.byte	1
 769 0061 0A       		.byte	10
 770 0062 0000     		.space	2
 771 0064 14000000 		.word	20
 772 0068 18000000 		.word	24
 773 006c 00000000 		.word	0
 774 0070 00000000 		.word	0
 775 0074 00000000 		.word	0
 776 0078 00000000 		.word	0
 777 007c 00000000 		.word	0
 778 0080 00000000 		.word	0
 779              		.section	.rodata.__FUNCTION__.6594,"a",%progbits
 780              		.set	.LANCHOR7,. + 0
 783              	__FUNCTION__.6594:
 784 0000 6C747062 		.ascii	"ltpb__camera_module__free_unpacked\000"
 784      5F5F6361 
 784      6D657261 
 784      5F6D6F64 
 784      756C655F 
 785              		.section	.rodata.ltpb__camera_module__number_ranges,"a",%progbits
 786              		.align	2
 789              	ltpb__camera_module__number_ranges:
 790 0000 01000000 		.word	1
 791 0004 00000000 		.word	0
 792 0008 00000000 		.word	0
 793 000c 0E000000 		.word	14
 794              		.section	.rodata.ltpb__camera_module__surface__field_indices_by_name,"a",%progbits
 795              		.align	2
 798              	ltpb__camera_module__surface__field_indices_by_name:
 799 0000 04000000 		.word	4
 800 0004 05000000 		.word	5
 801 0008 02000000 		.word	2
 802 000c 03000000 		.word	3
 803 0010 01000000 		.word	1
 804 0014 00000000 		.word	0
 805              		.section	.rodata.ltpb__camera_module__afinfo__field_indices_by_name,"a",%progbits
 806              		.align	2
 809              	ltpb__camera_module__afinfo__field_indices_by_name:
 810 0000 00000000 		.word	0
 811 0004 01000000 		.word	1
 812 0008 02000000 		.word	2
 813              		.section	.rodata.ltpb__camera_module__afinfo__descriptor,"a",%progbits
 814              		.align	2
 817              	ltpb__camera_module__afinfo__descriptor:
 818 0000 F9EEAA28 		.word	682290937
 819 0004 FF040000 		.word	.LC50
 820 0008 18050000 		.word	.LC51
 821 000c 1F050000 		.word	.LC52
 822 0010 32000000 		.word	.LC3
 823 0014 1C000000 		.word	28
 824 0018 03000000 		.word	3
 825 001c 00000000 		.word	ltpb__camera_module__afinfo__field_descriptors
 826 0020 00000000 		.word	ltpb__camera_module__afinfo__field_indices_by_name
 827 0024 01000000 		.word	1
 828 0028 00000000 		.word	ltpb__camera_module__afinfo__number_ranges
 829 002c 00000000 		.word	ltpb__camera_module__afinfo__init
 830 0030 00000000 		.word	0
 831 0034 00000000 		.word	0
 832 0038 00000000 		.word	0
 833              		.section	.rodata.ltpb__camera_module__surface__format_type__descriptor,"a",%progbits
 834              		.align	2
 837              	ltpb__camera_module__surface__format_type__descriptor:
 838 0000 AF154311 		.word	289609135
 839 0004 99010000 		.word	.LC27
 840 0008 BE010000 		.word	.LC28
 841 000c C9010000 		.word	.LC29
 842 0010 32000000 		.word	.LC3
 843 0014 0A000000 		.word	10
 844 0018 00000000 		.word	ltpb__camera_module__surface__format_type__enum_values_by_number
 845 001c 0A000000 		.word	10
 846 0020 00000000 		.word	ltpb__camera_module__surface__format_type__enum_values_by_name
 847 0024 01000000 		.word	1
 848 0028 00000000 		.word	ltpb__camera_module__surface__format_type__value_ranges
 849 002c 00000000 		.word	0
 850 0030 00000000 		.word	0
 851 0034 00000000 		.word	0
 852 0038 00000000 		.word	0
 853              		.section	.rodata.ltpb__camera_module__surface__format_type__value_ranges,"a",%progbits
 854              		.align	2
 857              	ltpb__camera_module__surface__format_type__value_ranges:
 858 0000 00000000 		.word	0
 859 0004 00000000 		.word	0
 860 0008 00000000 		.word	0
 861 000c 0A000000 		.word	10
 862              		.section	.rodata.ltpb__camera_module__afinfo__afmode__enum_values_by_number,"a",%progbits
 863              		.align	2
 866              	ltpb__camera_module__afinfo__afmode__enum_values_by_number:
 867 0000 AC050000 		.word	.LC59
 868 0004 B1050000 		.word	.LC60
 869 0008 00000000 		.word	0
 870              		.section	.rodata.ltpb__camera_module__surface__format_type__enum_values_by_number,"a",%progbits
 871              		.align	2
 874              	ltpb__camera_module__surface__format_type__enum_values_by_number:
 875 0000 8F020000 		.word	.LC39
 876 0004 A1020000 		.word	.LC40
 877 0008 00000000 		.word	0
 878 000c 7C020000 		.word	.LC38
 879 0010 DE020000 		.word	.LC41
 880 0014 01000000 		.word	1
 881 0018 49020000 		.word	.LC35
 882 001c 1C030000 		.word	.LC42
 883 0020 02000000 		.word	2
 884 0024 5A020000 		.word	.LC36
 885 0028 58030000 		.word	.LC43
 886 002c 03000000 		.word	3
 887 0030 6B020000 		.word	.LC37
 888 0034 94030000 		.word	.LC44
 889 0038 04000000 		.word	4
 890 003c 37020000 		.word	.LC34
 891 0040 D0030000 		.word	.LC45
 892 0044 05000000 		.word	5
 893 0048 24020000 		.word	.LC33
 894 004c 0D040000 		.word	.LC46
 895 0050 06000000 		.word	6
 896 0054 F1010000 		.word	.LC30
 897 0058 4B040000 		.word	.LC47
 898 005c 07000000 		.word	7
 899 0060 02020000 		.word	.LC31
 900 0064 87040000 		.word	.LC48
 901 0068 08000000 		.word	8
 902 006c 13020000 		.word	.LC32
 903 0070 C3040000 		.word	.LC49
 904 0074 09000000 		.word	9
 905              		.section	.rodata.ltpb__camera_module__field_indices_by_name,"a",%progbits
 906              		.align	2
 909              	ltpb__camera_module__field_indices_by_name:
 910 0000 00000000 		.word	0
 911 0004 01000000 		.word	1
 912 0008 02000000 		.word	2
 913 000c 04000000 		.word	4
 914 0010 03000000 		.word	3
 915 0014 06000000 		.word	6
 916 0018 0C000000 		.word	12
 917 001c 08000000 		.word	8
 918 0020 0D000000 		.word	13
 919 0024 07000000 		.word	7
 920 0028 0A000000 		.word	10
 921 002c 0B000000 		.word	11
 922 0030 09000000 		.word	9
 923 0034 05000000 		.word	5
 924              		.section	.rodata.ltpb__camera_module__afinfo__afmode__descriptor,"a",%progbits
 925              		.align	2
 928              	ltpb__camera_module__afinfo__afmode__descriptor:
 929 0000 AF154311 		.word	289609135
 930 0004 62050000 		.word	.LC56
 931 0008 82050000 		.word	.LC57
 932 000c 89050000 		.word	.LC58
 933 0010 32000000 		.word	.LC3
 934 0014 01000000 		.word	1
 935 0018 00000000 		.word	ltpb__camera_module__afinfo__afmode__enum_values_by_number
 936 001c 01000000 		.word	1
 937 0020 00000000 		.word	ltpb__camera_module__afinfo__afmode__enum_values_by_name
 938 0024 01000000 		.word	1
 939 0028 00000000 		.word	ltpb__camera_module__afinfo__afmode__value_ranges
 940 002c 00000000 		.word	0
 941 0030 00000000 		.word	0
 942 0034 00000000 		.word	0
 943 0038 00000000 		.word	0
 944              		.section	.rodata.ltpb__camera_module__surface__descriptor,"a",%progbits
 945              		.align	2
 948              	ltpb__camera_module__surface__descriptor:
 949 0000 F9EEAA28 		.word	682290937
 950 0004 27010000 		.word	.LC18
 951 0008 41010000 		.word	.LC19
 952 000c 49010000 		.word	.LC20
 953 0010 32000000 		.word	.LC3
 954 0014 30000000 		.word	48
 955 0018 06000000 		.word	6
 956 001c 00000000 		.word	ltpb__camera_module__surface__field_descriptors
 957 0020 00000000 		.word	ltpb__camera_module__surface__field_indices_by_name
 958 0024 01000000 		.word	1
 959 0028 00000000 		.word	ltpb__camera_module__surface__number_ranges
 960 002c 00000000 		.word	ltpb__camera_module__surface__init
 961 0030 00000000 		.word	0
 962 0034 00000000 		.word	0
 963 0038 00000000 		.word	0
 964              		.section	.rodata.ltpb__camera_module__surface__number_ranges,"a",%progbits
 965              		.align	2
 968              	ltpb__camera_module__surface__number_ranges:
 969 0000 01000000 		.word	1
 970 0004 00000000 		.word	0
 971 0008 00000000 		.word	0
 972 000c 06000000 		.word	6
 973              		.section	.rodata.ltpb__camera_module__sensor_is_horizontal_flip__default_value,"a",%progbits
 974              		.align	2
 977              	ltpb__camera_module__sensor_is_horizontal_flip__default_value:
 978 0000 00000000 		.space	4
 979              		.section	.rodata.ltpb__camera_module__sensor_is_vertical_flip__default_value,"a",%progbits
 980              		.align	2
 983              	ltpb__camera_module__sensor_is_vertical_flip__default_value:
 984 0000 00000000 		.space	4
 985              		.section	.rodata.ltpb__camera_module__surface__field_descriptors,"a",%progbits
 986              		.align	2
 989              	ltpb__camera_module__surface__field_descriptors:
 990 0000 65010000 		.word	.LC21
 991 0004 01000000 		.word	1
 992 0008 00       		.byte	0
 993 0009 10       		.byte	16
 994 000a 0000     		.space	2
 995 000c 00000000 		.word	0
 996 0010 0C000000 		.word	12
 997 0014 00000000 		.word	ltpb__point2_i__descriptor
 998 0018 00000000 		.word	0
 999 001c 00000000 		.word	0
 1000 0020 00000000 		.word	0
 1001 0024 00000000 		.word	0
 1002 0028 00000000 		.word	0
 1003 002c 6B010000 		.word	.LC22
 1004 0030 02000000 		.word	2
 1005 0034 00       		.byte	0
 1006 0035 10       		.byte	16
 1007 0036 0000     		.space	2
 1008 0038 00000000 		.word	0
 1009 003c 10000000 		.word	16
 1010 0040 00000000 		.word	ltpb__point2_i__descriptor
 1011 0044 00000000 		.word	0
 1012 0048 00000000 		.word	0
 1013 004c 00000000 		.word	0
 1014 0050 00000000 		.word	0
 1015 0054 00000000 		.word	0
 1016 0058 70010000 		.word	.LC23
 1017 005c 03000000 		.word	3
 1018 0060 00       		.byte	0
 1019 0061 0D       		.byte	13
 1020 0062 0000     		.space	2
 1021 0064 00000000 		.word	0
 1022 0068 14000000 		.word	20
 1023 006c 00000000 		.word	ltpb__camera_module__surface__format_type__descriptor
 1024 0070 00000000 		.word	0
 1025 0074 00000000 		.word	0
 1026 0078 00000000 		.word	0
 1027 007c 00000000 		.word	0
 1028 0080 00000000 		.word	0
 1029 0084 77010000 		.word	.LC24
 1030 0088 04000000 		.word	4
 1031 008c 00       		.byte	0
 1032 008d 06       		.byte	6
 1033 008e 0000     		.space	2
 1034 0090 00000000 		.word	0
 1035 0094 18000000 		.word	24
 1036 0098 00000000 		.word	0
 1037 009c 00000000 		.word	0
 1038 00a0 00000000 		.word	0
 1039 00a4 00000000 		.word	0
 1040 00a8 00000000 		.word	0
 1041 00ac 00000000 		.word	0
 1042 00b0 82010000 		.word	.LC25
 1043 00b4 05000000 		.word	5
 1044 00b8 00       		.byte	0
 1045 00b9 08       		.byte	8
 1046 00ba 0000     		.space	2
 1047 00bc 00000000 		.word	0
 1048 00c0 20000000 		.word	32
 1049 00c4 00000000 		.word	0
 1050 00c8 00000000 		.word	0
 1051 00cc 00000000 		.word	0
 1052 00d0 00000000 		.word	0
 1053 00d4 00000000 		.word	0
 1054 00d8 00000000 		.word	0
 1055 00dc 8E010000 		.word	.LC26
 1056 00e0 06000000 		.word	6
 1057 00e4 01       		.byte	1
 1058 00e5 10       		.byte	16
 1059 00e6 0000     		.space	2
 1060 00e8 00000000 		.word	0
 1061 00ec 28000000 		.word	40
 1062 00f0 00000000 		.word	ltpb__point2_f__descriptor
 1063 00f4 00000000 		.word	0
 1064 00f8 00000000 		.word	0
 1065 00fc 00000000 		.word	0
 1066 0100 00000000 		.word	0
 1067 0104 00000000 		.word	0
 1068              		.section	.rodata.str1.1,"aMS",%progbits,1
 1069              	.LC0:
 1070 0000 6C747062 		.ascii	"ltpb.CameraModule\000"
 1070      2E43616D 
 1070      6572614D 
 1070      6F64756C 
 1070      6500
 1071              	.LC1:
 1072 0012 43616D65 		.ascii	"CameraModule\000"
 1072      72614D6F 
 1072      64756C65 
 1072      00
 1073              	.LC2:
 1074 001f 4C747062 		.ascii	"Ltpb__CameraModule\000"
 1074      5F5F4361 
 1074      6D657261 
 1074      4D6F6475 
 1074      6C6500
 1075              	.LC3:
 1076 0032 6C747062 		.ascii	"ltpb\000"
 1076      00
 1077              	.LC4:
 1078 0037 61665F69 		.ascii	"af_info\000"
 1078      6E666F00 
 1079              	.LC5:
 1080 003f 696400   		.ascii	"id\000"
 1081              	.LC6:
 1082 0042 69735F65 		.ascii	"is_enabled\000"
 1082      6E61626C 
 1082      656400
 1083              	.LC7:
 1084 004d 6D697272 		.ascii	"mirror_position\000"
 1084      6F725F70 
 1084      6F736974 
 1084      696F6E00 
 1085              	.LC8:
 1086 005d 6C656E73 		.ascii	"lens_position\000"
 1086      5F706F73 
 1086      6974696F 
 1086      6E00
 1087              	.LC9:
 1088 006b 73656E73 		.ascii	"sensor_total_gain\000"
 1088      6F725F74 
 1088      6F74616C 
 1088      5F676169 
 1088      6E00
 1089              	.LC10:
 1090 007d 73656E73 		.ascii	"sensor_analog_gain\000"
 1090      6F725F61 
 1090      6E616C6F 
 1090      675F6761 
 1090      696E00
 1091              	.LC11:
 1092 0090 73656E73 		.ascii	"sensor_exposure\000"
 1092      6F725F65 
 1092      78706F73 
 1092      75726500 
 1093              	.LC12:
 1094 00a0 73656E73 		.ascii	"sensor_data_surface\000"
 1094      6F725F64 
 1094      6174615F 
 1094      73757266 
 1094      61636500 
 1095              	.LC13:
 1096 00b4 73656E73 		.ascii	"sensor_temparature\000"
 1096      6F725F74 
 1096      656D7061 
 1096      72617475 
 1096      726500
 1097              	.LC14:
 1098 00c7 73656E73 		.ascii	"sensor_is_horizontal_flip\000"
 1098      6F725F69 
 1098      735F686F 
 1098      72697A6F 
 1098      6E74616C 
 1099              	.LC15:
 1100 00e1 73656E73 		.ascii	"sensor_is_vertical_flip\000"
 1100      6F725F69 
 1100      735F7665 
 1100      72746963 
 1100      616C5F66 
 1101              	.LC16:
 1102 00f9 73656E73 		.ascii	"sensor_bayer_red_override\000"
 1102      6F725F62 
 1102      61796572 
 1102      5F726564 
 1102      5F6F7665 
 1103              	.LC17:
 1104 0113 73656E73 		.ascii	"sensor_digital_gain\000"
 1104      6F725F64 
 1104      69676974 
 1104      616C5F67 
 1104      61696E00 
 1105              	.LC18:
 1106 0127 6C747062 		.ascii	"ltpb.CameraModule.Surface\000"
 1106      2E43616D 
 1106      6572614D 
 1106      6F64756C 
 1106      652E5375 
 1107              	.LC19:
 1108 0141 53757266 		.ascii	"Surface\000"
 1108      61636500 
 1109              	.LC20:
 1110 0149 4C747062 		.ascii	"Ltpb__CameraModule__Surface\000"
 1110      5F5F4361 
 1110      6D657261 
 1110      4D6F6475 
 1110      6C655F5F 
 1111              	.LC21:
 1112 0165 73746172 		.ascii	"start\000"
 1112      7400
 1113              	.LC22:
 1114 016b 73697A65 		.ascii	"size\000"
 1114      00
 1115              	.LC23:
 1116 0170 666F726D 		.ascii	"format\000"
 1116      617400
 1117              	.LC24:
 1118 0177 726F775F 		.ascii	"row_stride\000"
 1118      73747269 
 1118      646500
 1119              	.LC25:
 1120 0182 64617461 		.ascii	"data_offset\000"
 1120      5F6F6666 
 1120      73657400 
 1121              	.LC26:
 1122 018e 64617461 		.ascii	"data_scale\000"
 1122      5F736361 
 1122      6C6500
 1123              	.LC27:
 1124 0199 6C747062 		.ascii	"ltpb.CameraModule.Surface.FormatType\000"
 1124      2E43616D 
 1124      6572614D 
 1124      6F64756C 
 1124      652E5375 
 1125              	.LC28:
 1126 01be 466F726D 		.ascii	"FormatType\000"
 1126      61745479 
 1126      706500
 1127              	.LC29:
 1128 01c9 4C747062 		.ascii	"Ltpb__CameraModule__Surface__FormatType\000"
 1128      5F5F4361 
 1128      6D657261 
 1128      4D6F6475 
 1128      6C655F5F 
 1129              	.LC30:
 1130 01f1 5241575F 		.ascii	"RAW_PACKED_10BPP\000"
 1130      5041434B 
 1130      45445F31 
 1130      30425050 
 1130      00
 1131              	.LC31:
 1132 0202 5241575F 		.ascii	"RAW_PACKED_12BPP\000"
 1132      5041434B 
 1132      45445F31 
 1132      32425050 
 1132      00
 1133              	.LC32:
 1134 0213 5241575F 		.ascii	"RAW_PACKED_14BPP\000"
 1134      5041434B 
 1134      45445F31 
 1134      34425050 
 1134      00
 1135              	.LC33:
 1136 0224 5241575F 		.ascii	"RAW_UNPACKED_16BPP\000"
 1136      554E5041 
 1136      434B4544 
 1136      5F313642 
 1136      505000
 1137              	.LC34:
 1138 0237 5241575F 		.ascii	"RAW_UNPACKED_8BPP\000"
 1138      554E5041 
 1138      434B4544 
 1138      5F384250 
 1138      5000
 1139              	.LC35:
 1140 0249 5247425F 		.ascii	"RGB_PACKED_10BPP\000"
 1140      5041434B 
 1140      45445F31 
 1140      30425050 
 1140      00
 1141              	.LC36:
 1142 025a 5247425F 		.ascii	"RGB_PACKED_12BPP\000"
 1142      5041434B 
 1142      45445F31 
 1142      32425050 
 1142      00
 1143              	.LC37:
 1144 026b 5247425F 		.ascii	"RGB_PACKED_14BPP\000"
 1144      5041434B 
 1144      45445F31 
 1144      34425050 
 1144      00
 1145              	.LC38:
 1146 027c 5247425F 		.ascii	"RGB_UNPACKED_16BPP\000"
 1146      554E5041 
 1146      434B4544 
 1146      5F313642 
 1146      505000
 1147              	.LC39:
 1148 028f 5247425F 		.ascii	"RGB_UNPACKED_8BPP\000"
 1148      554E5041 
 1148      434B4544 
 1148      5F384250 
 1148      5000
 1149              	.LC40:
 1150 02a1 4C545042 		.ascii	"LTPB__CAMERA_MODULE__SURFACE__FORMAT_TYPE__RGB_UNPA"
 1150      5F5F4341 
 1150      4D455241 
 1150      5F4D4F44 
 1150      554C455F 
 1151 02d4 434B4544 		.ascii	"CKED_8BPP\000"
 1151      5F384250 
 1151      5000
 1152              	.LC41:
 1153 02de 4C545042 		.ascii	"LTPB__CAMERA_MODULE__SURFACE__FORMAT_TYPE__RGB_UNPA"
 1153      5F5F4341 
 1153      4D455241 
 1153      5F4D4F44 
 1153      554C455F 
 1154 0311 434B4544 		.ascii	"CKED_16BPP\000"
 1154      5F313642 
 1154      505000
 1155              	.LC42:
 1156 031c 4C545042 		.ascii	"LTPB__CAMERA_MODULE__SURFACE__FORMAT_TYPE__RGB_PACK"
 1156      5F5F4341 
 1156      4D455241 
 1156      5F4D4F44 
 1156      554C455F 
 1157 034f 45445F31 		.ascii	"ED_10BPP\000"
 1157      30425050 
 1157      00
 1158              	.LC43:
 1159 0358 4C545042 		.ascii	"LTPB__CAMERA_MODULE__SURFACE__FORMAT_TYPE__RGB_PACK"
 1159      5F5F4341 
 1159      4D455241 
 1159      5F4D4F44 
 1159      554C455F 
 1160 038b 45445F31 		.ascii	"ED_12BPP\000"
 1160      32425050 
 1160      00
 1161              	.LC44:
 1162 0394 4C545042 		.ascii	"LTPB__CAMERA_MODULE__SURFACE__FORMAT_TYPE__RGB_PACK"
 1162      5F5F4341 
 1162      4D455241 
 1162      5F4D4F44 
 1162      554C455F 
 1163 03c7 45445F31 		.ascii	"ED_14BPP\000"
 1163      34425050 
 1163      00
 1164              	.LC45:
 1165 03d0 4C545042 		.ascii	"LTPB__CAMERA_MODULE__SURFACE__FORMAT_TYPE__RAW_UNPA"
 1165      5F5F4341 
 1165      4D455241 
 1165      5F4D4F44 
 1165      554C455F 
 1166 0403 434B4544 		.ascii	"CKED_8BPP\000"
 1166      5F384250 
 1166      5000
 1167              	.LC46:
 1168 040d 4C545042 		.ascii	"LTPB__CAMERA_MODULE__SURFACE__FORMAT_TYPE__RAW_UNPA"
 1168      5F5F4341 
 1168      4D455241 
 1168      5F4D4F44 
 1168      554C455F 
 1169 0440 434B4544 		.ascii	"CKED_16BPP\000"
 1169      5F313642 
 1169      505000
 1170              	.LC47:
 1171 044b 4C545042 		.ascii	"LTPB__CAMERA_MODULE__SURFACE__FORMAT_TYPE__RAW_PACK"
 1171      5F5F4341 
 1171      4D455241 
 1171      5F4D4F44 
 1171      554C455F 
 1172 047e 45445F31 		.ascii	"ED_10BPP\000"
 1172      30425050 
 1172      00
 1173              	.LC48:
 1174 0487 4C545042 		.ascii	"LTPB__CAMERA_MODULE__SURFACE__FORMAT_TYPE__RAW_PACK"
 1174      5F5F4341 
 1174      4D455241 
 1174      5F4D4F44 
 1174      554C455F 
 1175 04ba 45445F31 		.ascii	"ED_12BPP\000"
 1175      32425050 
 1175      00
 1176              	.LC49:
 1177 04c3 4C545042 		.ascii	"LTPB__CAMERA_MODULE__SURFACE__FORMAT_TYPE__RAW_PACK"
 1177      5F5F4341 
 1177      4D455241 
 1177      5F4D4F44 
 1177      554C455F 
 1178 04f6 45445F31 		.ascii	"ED_14BPP\000"
 1178      34425050 
 1178      00
 1179              	.LC50:
 1180 04ff 6C747062 		.ascii	"ltpb.CameraModule.AFInfo\000"
 1180      2E43616D 
 1180      6572614D 
 1180      6F64756C 
 1180      652E4146 
 1181              	.LC51:
 1182 0518 4146496E 		.ascii	"AFInfo\000"
 1182      666F00
 1183              	.LC52:
 1184 051f 4C747062 		.ascii	"Ltpb__CameraModule__AFInfo\000"
 1184      5F5F4361 
 1184      6D657261 
 1184      4D6F6475 
 1184      6C655F5F 
 1185              	.LC53:
 1186 053a 6D6F6465 		.ascii	"mode\000"
 1186      00
 1187              	.LC54:
 1188 053f 726F695F 		.ascii	"roi_center\000"
 1188      63656E74 
 1188      657200
 1189              	.LC55:
 1190 054a 726F695F 		.ascii	"roi_estimated_disparity\000"
 1190      65737469 
 1190      6D617465 
 1190      645F6469 
 1190      73706172 
 1191              	.LC56:
 1192 0562 6C747062 		.ascii	"ltpb.CameraModule.AFInfo.AFMode\000"
 1192      2E43616D 
 1192      6572614D 
 1192      6F64756C 
 1192      652E4146 
 1193              	.LC57:
 1194 0582 41464D6F 		.ascii	"AFMode\000"
 1194      646500
 1195              	.LC58:
 1196 0589 4C747062 		.ascii	"Ltpb__CameraModule__AFInfo__AFMode\000"
 1196      5F5F4361 
 1196      6D657261 
 1196      4D6F6475 
 1196      6C655F5F 
 1197              	.LC59:
 1198 05ac 4155544F 		.ascii	"AUTO\000"
 1198      00
 1199              	.LC60:
 1200 05b1 4C545042 		.ascii	"LTPB__CAMERA_MODULE__AFINFO__AFMODE__AUTO\000"
 1200      5F5F4341 
 1200      4D455241 
 1200      5F4D4F44 
 1200      554C455F 
 1201              		.section	.rodata.init_value.6566,"a",%progbits
 1202              		.align	3
 1203              		.set	.LANCHOR1,. + 0
 1206              	init_value.6566:
 1207 0000 00000000 		.word	ltpb__camera_module__surface__descriptor
 1208 0004 00000000 		.word	0
 1209 0008 00000000 		.word	0
 1210 000c 00000000 		.word	0
 1211 0010 00000000 		.word	0
 1212 0014 00000000 		.word	0
 1213 0018 00000000 		.word	0
 1214 001c 00000000 		.space	4
 1215 0020 00000000 		.word	0
 1216 0024 00000000 		.word	0
 1217 0028 00000000 		.word	0
 1218 002c 00000000 		.space	4
 1219              		.text
 1220              	.Letext0:
 1221              		.file 2 "/opt/toolchains/gcc-arm-none-eabi-4_9-2015q1/arm-none-eabi/include/machine/_default_types
 1222              		.file 3 "/opt/toolchains/gcc-arm-none-eabi-4_9-2015q1/lib/gcc/arm-none-eabi/4.9.3/include/stddef.h
 1223              		.file 4 "/opt/toolchains/gcc-arm-none-eabi-4_9-2015q1/arm-none-eabi/include/stdint.h"
 1224              		.file 5 "/home/tienluong/workspace/atlantis_fw/platform/os/Source/portable/GCC/cortex-r4/portmacro
 1225              		.file 6 "/home/tienluong/workspace/atlantis_fw/platform/common/lightheader/include/protobuf-c/prot
 1226              		.file 7 "/home/tienluong/workspace/atlantis_fw/platform/common/lightheader/include/camera_id.pb-c.
 1227              		.file 8 "/home/tienluong/workspace/atlantis_fw/platform/common/lightheader/include/point2i.pb-c.h"
 1228              		.file 9 "/home/tienluong/workspace/atlantis_fw/platform/common/lightheader/include/point2f.pb-c.h"
 1229              		.file 10 "/home/tienluong/workspace/atlantis_fw/platform/common/lightheader/include/camera_module.
DEFINED SYMBOLS
                            *ABS*:00000000 camera_module.pb-c.c
     /tmp/ccN6kOea.s:19     .text.ltpb__camera_module__afinfo__init:00000000 $t
     /tmp/ccN6kOea.s:24     .text.ltpb__camera_module__afinfo__init:00000000 ltpb__camera_module__afinfo__init
     /tmp/ccN6kOea.s:52     .text.ltpb__camera_module__afinfo__init:00000014 $d
     /tmp/ccN6kOea.s:57     .text.ltpb__camera_module__surface__init:00000000 $t
     /tmp/ccN6kOea.s:62     .text.ltpb__camera_module__surface__init:00000000 ltpb__camera_module__surface__init
     /tmp/ccN6kOea.s:92     .text.ltpb__camera_module__surface__init:00000018 $d
     /tmp/ccN6kOea.s:97     .text.ltpb__camera_module__init:00000000 $t
     /tmp/ccN6kOea.s:102    .text.ltpb__camera_module__init:00000000 ltpb__camera_module__init
     /tmp/ccN6kOea.s:124    .text.ltpb__camera_module__init:0000000c $d
     /tmp/ccN6kOea.s:130    .text.ltpb__camera_module__get_packed_size:00000000 $t
     /tmp/ccN6kOea.s:135    .text.ltpb__camera_module__get_packed_size:00000000 ltpb__camera_module__get_packed_size
     /tmp/ccN6kOea.s:176    .text.ltpb__camera_module__get_packed_size:0000001c $d
     /tmp/ccN6kOea.s:184    .text.ltpb__camera_module__pack:00000000 $t
     /tmp/ccN6kOea.s:189    .text.ltpb__camera_module__pack:00000000 ltpb__camera_module__pack
     /tmp/ccN6kOea.s:235    .text.ltpb__camera_module__pack:00000020 $d
     /tmp/ccN6kOea.s:243    .text.ltpb__camera_module__pack_to_buffer:00000000 $t
     /tmp/ccN6kOea.s:248    .text.ltpb__camera_module__pack_to_buffer:00000000 ltpb__camera_module__pack_to_buffer
     /tmp/ccN6kOea.s:294    .text.ltpb__camera_module__pack_to_buffer:00000020 $d
     /tmp/ccN6kOea.s:302    .text.ltpb__camera_module__unpack:00000000 $t
     /tmp/ccN6kOea.s:307    .text.ltpb__camera_module__unpack:00000000 ltpb__camera_module__unpack
     /tmp/ccN6kOea.s:342    .text.ltpb__camera_module__unpack:00000014 $d
     /tmp/ccN6kOea.s:348    .text.ltpb__camera_module__free_unpacked:00000000 $t
     /tmp/ccN6kOea.s:353    .text.ltpb__camera_module__free_unpacked:00000000 ltpb__camera_module__free_unpacked
     /tmp/ccN6kOea.s:398    .text.ltpb__camera_module__free_unpacked:00000020 $d
     /tmp/ccN6kOea.s:428    .rodata.ltpb__camera_module__descriptor:00000000 ltpb__camera_module__descriptor
     /tmp/ccN6kOea.s:948    .rodata.ltpb__camera_module__surface__descriptor:00000000 ltpb__camera_module__surface__descriptor
     /tmp/ccN6kOea.s:837    .rodata.ltpb__camera_module__surface__format_type__descriptor:00000000 ltpb__camera_module__surface__format_type__descriptor
     /tmp/ccN6kOea.s:817    .rodata.ltpb__camera_module__afinfo__descriptor:00000000 ltpb__camera_module__afinfo__descriptor
     /tmp/ccN6kOea.s:928    .rodata.ltpb__camera_module__afinfo__afmode__descriptor:00000000 ltpb__camera_module__afinfo__afmode__descriptor
     /tmp/ccN6kOea.s:411    .rodata.ltpb__camera_module__mirror_position__default_value:00000000 $d
     /tmp/ccN6kOea.s:414    .rodata.ltpb__camera_module__mirror_position__default_value:00000000 ltpb__camera_module__mirror_position__default_value
     /tmp/ccN6kOea.s:417    .rodata.ltpb__camera_module__afinfo__afmode__enum_values_by_name:00000000 $d
     /tmp/ccN6kOea.s:420    .rodata.ltpb__camera_module__afinfo__afmode__enum_values_by_name:00000000 ltpb__camera_module__afinfo__afmode__enum_values_by_name
     /tmp/ccN6kOea.s:424    .rodata.ltpb__camera_module__descriptor:00000000 $d
     /tmp/ccN6kOea.s:552    .rodata.ltpb__camera_module__field_descriptors:00000000 ltpb__camera_module__field_descriptors
     /tmp/ccN6kOea.s:909    .rodata.ltpb__camera_module__field_indices_by_name:00000000 ltpb__camera_module__field_indices_by_name
     /tmp/ccN6kOea.s:789    .rodata.ltpb__camera_module__number_ranges:00000000 ltpb__camera_module__number_ranges
     /tmp/ccN6kOea.s:445    .rodata.ltpb__camera_module__afinfo__afmode__value_ranges:00000000 $d
     /tmp/ccN6kOea.s:448    .rodata.ltpb__camera_module__afinfo__afmode__value_ranges:00000000 ltpb__camera_module__afinfo__afmode__value_ranges
     /tmp/ccN6kOea.s:457    .rodata.__FUNCTION__.6574:00000000 __FUNCTION__.6574
     /tmp/ccN6kOea.s:460    .rodata.ltpb__camera_module__afinfo__number_ranges:00000000 $d
     /tmp/ccN6kOea.s:463    .rodata.ltpb__camera_module__afinfo__number_ranges:00000000 ltpb__camera_module__afinfo__number_ranges
     /tmp/ccN6kOea.s:469    .rodata.init_value.6562:00000000 $d
     /tmp/ccN6kOea.s:473    .rodata.init_value.6562:00000000 init_value.6562
     /tmp/ccN6kOea.s:482    .rodata.ltpb__camera_module__surface__format_type__enum_values_by_name:00000000 $d
     /tmp/ccN6kOea.s:485    .rodata.ltpb__camera_module__surface__format_type__enum_values_by_name:00000000 ltpb__camera_module__surface__format_type__enum_values_by_name
     /tmp/ccN6kOea.s:510    .rodata.__FUNCTION__.6579:00000000 __FUNCTION__.6579
     /tmp/ccN6kOea.s:516    .rodata.__FUNCTION__.6584:00000000 __FUNCTION__.6584
     /tmp/ccN6kOea.s:519    .rodata.init_value.6570:00000000 $d
     /tmp/ccN6kOea.s:523    .rodata.init_value.6570:00000000 init_value.6570
     /tmp/ccN6kOea.s:549    .rodata.ltpb__camera_module__field_descriptors:00000000 $d
     /tmp/ccN6kOea.s:977    .rodata.ltpb__camera_module__sensor_is_horizontal_flip__default_value:00000000 ltpb__camera_module__sensor_is_horizontal_flip__default_value
     /tmp/ccN6kOea.s:983    .rodata.ltpb__camera_module__sensor_is_vertical_flip__default_value:00000000 ltpb__camera_module__sensor_is_vertical_flip__default_value
     /tmp/ccN6kOea.s:736    .rodata.ltpb__camera_module__afinfo__field_descriptors:00000000 $d
     /tmp/ccN6kOea.s:739    .rodata.ltpb__camera_module__afinfo__field_descriptors:00000000 ltpb__camera_module__afinfo__field_descriptors
     /tmp/ccN6kOea.s:783    .rodata.__FUNCTION__.6594:00000000 __FUNCTION__.6594
     /tmp/ccN6kOea.s:786    .rodata.ltpb__camera_module__number_ranges:00000000 $d
     /tmp/ccN6kOea.s:795    .rodata.ltpb__camera_module__surface__field_indices_by_name:00000000 $d
     /tmp/ccN6kOea.s:798    .rodata.ltpb__camera_module__surface__field_indices_by_name:00000000 ltpb__camera_module__surface__field_indices_by_name
     /tmp/ccN6kOea.s:806    .rodata.ltpb__camera_module__afinfo__field_indices_by_name:00000000 $d
     /tmp/ccN6kOea.s:809    .rodata.ltpb__camera_module__afinfo__field_indices_by_name:00000000 ltpb__camera_module__afinfo__field_indices_by_name
     /tmp/ccN6kOea.s:814    .rodata.ltpb__camera_module__afinfo__descriptor:00000000 $d
     /tmp/ccN6kOea.s:834    .rodata.ltpb__camera_module__surface__format_type__descriptor:00000000 $d
     /tmp/ccN6kOea.s:874    .rodata.ltpb__camera_module__surface__format_type__enum_values_by_number:00000000 ltpb__camera_module__surface__format_type__enum_values_by_number
     /tmp/ccN6kOea.s:857    .rodata.ltpb__camera_module__surface__format_type__value_ranges:00000000 ltpb__camera_module__surface__format_type__value_ranges
     /tmp/ccN6kOea.s:854    .rodata.ltpb__camera_module__surface__format_type__value_ranges:00000000 $d
     /tmp/ccN6kOea.s:863    .rodata.ltpb__camera_module__afinfo__afmode__enum_values_by_number:00000000 $d
     /tmp/ccN6kOea.s:866    .rodata.ltpb__camera_module__afinfo__afmode__enum_values_by_number:00000000 ltpb__camera_module__afinfo__afmode__enum_values_by_number
     /tmp/ccN6kOea.s:871    .rodata.ltpb__camera_module__surface__format_type__enum_values_by_number:00000000 $d
     /tmp/ccN6kOea.s:906    .rodata.ltpb__camera_module__field_indices_by_name:00000000 $d
     /tmp/ccN6kOea.s:925    .rodata.ltpb__camera_module__afinfo__afmode__descriptor:00000000 $d
     /tmp/ccN6kOea.s:945    .rodata.ltpb__camera_module__surface__descriptor:00000000 $d
     /tmp/ccN6kOea.s:989    .rodata.ltpb__camera_module__surface__field_descriptors:00000000 ltpb__camera_module__surface__field_descriptors
     /tmp/ccN6kOea.s:968    .rodata.ltpb__camera_module__surface__number_ranges:00000000 ltpb__camera_module__surface__number_ranges
     /tmp/ccN6kOea.s:965    .rodata.ltpb__camera_module__surface__number_ranges:00000000 $d
     /tmp/ccN6kOea.s:974    .rodata.ltpb__camera_module__sensor_is_horizontal_flip__default_value:00000000 $d
     /tmp/ccN6kOea.s:980    .rodata.ltpb__camera_module__sensor_is_vertical_flip__default_value:00000000 $d
     /tmp/ccN6kOea.s:986    .rodata.ltpb__camera_module__surface__field_descriptors:00000000 $d
     /tmp/ccN6kOea.s:1202   .rodata.init_value.6566:00000000 $d
     /tmp/ccN6kOea.s:1206   .rodata.init_value.6566:00000000 init_value.6566
                     .debug_frame:00000010 $d

UNDEFINED SYMBOLS
memcpy
assert_failed
protobuf_c_message_get_packed_size
protobuf_c_message_pack
protobuf_c_message_pack_to_buffer
protobuf_c_message_unpack
protobuf_c_message_free_unpacked
ltpb__camera_id__descriptor
ltpb__point2_i__descriptor
ltpb__point2_f__descriptor
