   1              		.syntax unified
   2              		.cpu cortex-r4
   3              		.fpu softvfp
   4              		.eabi_attribute 20, 1
   5              		.eabi_attribute 21, 1
   6              		.eabi_attribute 23, 3
   7              		.eabi_attribute 24, 1
   8              		.eabi_attribute 25, 1
   9              		.eabi_attribute 26, 1
  10              		.eabi_attribute 30, 4
  11              		.eabi_attribute 34, 1
  12              		.eabi_attribute 18, 4
  13              		.thumb
  14              		.file	"color_calibration.pb-c.c"
  15              		.text
  16              	.Ltext0:
  17              		.cfi_sections	.debug_frame
  18              		.section	.text.ltpb__color_calibration__init,"ax",%progbits
  19              		.align	1
  20              		.global	ltpb__color_calibration__init
  21              		.thumb
  22              		.thumb_func
  24              	ltpb__color_calibration__init:
  25              	.LFB1:
  26              		.file 1 "/home/tienluong/workspace/atlantis_fw/platform/common/lightheader/src/color_calibration.p
   1:/home/tienluong/workspace/atlantis_fw/platform/common/lightheader/src/color_calibration.pb-c.c **** /* Generated by the protocol buffer compiler.  DO NOT EDIT! */
   2:/home/tienluong/workspace/atlantis_fw/platform/common/lightheader/src/color_calibration.pb-c.c **** /* Generated from: color_calibration.proto */
   3:/home/tienluong/workspace/atlantis_fw/platform/common/lightheader/src/color_calibration.pb-c.c **** 
   4:/home/tienluong/workspace/atlantis_fw/platform/common/lightheader/src/color_calibration.pb-c.c **** /* Do not generate deprecated warnings for self */
   5:/home/tienluong/workspace/atlantis_fw/platform/common/lightheader/src/color_calibration.pb-c.c **** #ifndef PROTOBUF_C__NO_DEPRECATED
   6:/home/tienluong/workspace/atlantis_fw/platform/common/lightheader/src/color_calibration.pb-c.c **** #define PROTOBUF_C__NO_DEPRECATED
   7:/home/tienluong/workspace/atlantis_fw/platform/common/lightheader/src/color_calibration.pb-c.c **** #endif
   8:/home/tienluong/workspace/atlantis_fw/platform/common/lightheader/src/color_calibration.pb-c.c **** #include "sections.h"
   9:/home/tienluong/workspace/atlantis_fw/platform/common/lightheader/src/color_calibration.pb-c.c **** #include "color_calibration.pb-c.h"
  10:/home/tienluong/workspace/atlantis_fw/platform/common/lightheader/src/color_calibration.pb-c.c **** LIGHT_HEADER_FUNC void   ltpb__color_calibration__init
  11:/home/tienluong/workspace/atlantis_fw/platform/common/lightheader/src/color_calibration.pb-c.c ****                      (Ltpb__ColorCalibration         *message)
  12:/home/tienluong/workspace/atlantis_fw/platform/common/lightheader/src/color_calibration.pb-c.c **** {
  27              		.loc 1 12 0
  28              		.cfi_startproc
  29              		@ args = 0, pretend = 0, frame = 0
  30              		@ frame_needed = 0, uses_anonymous_args = 0
  31              	.LVL0:
  32 0000 30B5     		push	{r4, r5, lr}
  33              	.LCFI0:
  34              		.cfi_def_cfa_offset 12
  35              		.cfi_offset 4, -12
  36              		.cfi_offset 5, -8
  37              		.cfi_offset 14, -4
  13:/home/tienluong/workspace/atlantis_fw/platform/common/lightheader/src/color_calibration.pb-c.c ****   LIGHT_HEADER_STATIC static Ltpb__ColorCalibration init_value = LTPB__COLOR_CALIBRATION__INIT;
  14:/home/tienluong/workspace/atlantis_fw/platform/common/lightheader/src/color_calibration.pb-c.c ****   *message = init_value;
  38              		.loc 1 14 0
  39 0002 054D     		ldr	r5, .L2
  40 0004 0446     		mov	r4, r0
  41 0006 0FCD     		ldmia	r5!, {r0, r1, r2, r3}
  42              	.LVL1:
  43 0008 0FC4     		stmia	r4!, {r0, r1, r2, r3}
  44              	.LVL2:
  45 000a 0FCD     		ldmia	r5!, {r0, r1, r2, r3}
  46 000c 0FC4     		stmia	r4!, {r0, r1, r2, r3}
  47              	.LVL3:
  48 000e 95E80F00 		ldmia	r5, {r0, r1, r2, r3}
  49 0012 84E80F00 		stmia	r4, {r0, r1, r2, r3}
  50 0016 30BD     		pop	{r4, r5, pc}
  51              	.LVL4:
  52              	.L3:
  53              		.align	2
  54              	.L2:
  55 0018 00000000 		.word	.LANCHOR0
  56              		.cfi_endproc
  57              	.LFE1:
  59              		.section	.text.ltpb__color_calibration__get_packed_size,"ax",%progbits
  60              		.align	1
  61              		.global	ltpb__color_calibration__get_packed_size
  62              		.thumb
  63              		.thumb_func
  65              	ltpb__color_calibration__get_packed_size:
  66              	.LFB2:
  15:/home/tienluong/workspace/atlantis_fw/platform/common/lightheader/src/color_calibration.pb-c.c **** }
  16:/home/tienluong/workspace/atlantis_fw/platform/common/lightheader/src/color_calibration.pb-c.c **** LIGHT_HEADER_FUNC size_t ltpb__color_calibration__get_packed_size
  17:/home/tienluong/workspace/atlantis_fw/platform/common/lightheader/src/color_calibration.pb-c.c ****                      (const Ltpb__ColorCalibration *message)
  18:/home/tienluong/workspace/atlantis_fw/platform/common/lightheader/src/color_calibration.pb-c.c **** {
  67              		.loc 1 18 0
  68              		.cfi_startproc
  69              		@ args = 0, pretend = 0, frame = 0
  70              		@ frame_needed = 0, uses_anonymous_args = 0
  71              	.LVL5:
  19:/home/tienluong/workspace/atlantis_fw/platform/common/lightheader/src/color_calibration.pb-c.c ****   assert(message->base.descriptor == &ltpb__color_calibration__descriptor);
  72              		.loc 1 19 0
  73 0000 0268     		ldr	r2, [r0]
  74 0002 064B     		ldr	r3, .L7
  18:/home/tienluong/workspace/atlantis_fw/platform/common/lightheader/src/color_calibration.pb-c.c ****   assert(message->base.descriptor == &ltpb__color_calibration__descriptor);
  75              		.loc 1 18 0
  76 0004 10B5     		push	{r4, lr}
  77              	.LCFI1:
  78              		.cfi_def_cfa_offset 8
  79              		.cfi_offset 4, -8
  80              		.cfi_offset 14, -4
  81              		.loc 1 19 0
  82 0006 9A42     		cmp	r2, r3
  18:/home/tienluong/workspace/atlantis_fw/platform/common/lightheader/src/color_calibration.pb-c.c ****   assert(message->base.descriptor == &ltpb__color_calibration__descriptor);
  83              		.loc 1 18 0
  84 0008 0446     		mov	r4, r0
  85              		.loc 1 19 0
  86 000a 03D0     		beq	.L5
  87              		.loc 1 19 0 is_stmt 0 discriminator 1
  88 000c 0448     		ldr	r0, .L7+4
  89              	.LVL6:
  90 000e 1321     		movs	r1, #19
  91 0010 044B     		ldr	r3, .L7+8
  92 0012 9847     		blx	r3
  93              	.LVL7:
  94              	.L5:
  20:/home/tienluong/workspace/atlantis_fw/platform/common/lightheader/src/color_calibration.pb-c.c ****   return protobuf_c_message_get_packed_size ((const ProtobufCMessage*)(message));
  95              		.loc 1 20 0 is_stmt 1
  96 0014 2046     		mov	r0, r4
  97 0016 044B     		ldr	r3, .L7+12
  98 0018 9847     		blx	r3
  99              	.LVL8:
  21:/home/tienluong/workspace/atlantis_fw/platform/common/lightheader/src/color_calibration.pb-c.c **** }
 100              		.loc 1 21 0
 101 001a 10BD     		pop	{r4, pc}
 102              	.LVL9:
 103              	.L8:
 104              		.align	2
 105              	.L7:
 106 001c 00000000 		.word	.LANCHOR1
 107 0020 00000000 		.word	.LANCHOR2
 108 0024 00000000 		.word	assert_failed
 109 0028 00000000 		.word	protobuf_c_message_get_packed_size
 110              		.cfi_endproc
 111              	.LFE2:
 113              		.section	.text.ltpb__color_calibration__pack,"ax",%progbits
 114              		.align	1
 115              		.global	ltpb__color_calibration__pack
 116              		.thumb
 117              		.thumb_func
 119              	ltpb__color_calibration__pack:
 120              	.LFB3:
  22:/home/tienluong/workspace/atlantis_fw/platform/common/lightheader/src/color_calibration.pb-c.c **** LIGHT_HEADER_FUNC size_t ltpb__color_calibration__pack
  23:/home/tienluong/workspace/atlantis_fw/platform/common/lightheader/src/color_calibration.pb-c.c ****                      (const Ltpb__ColorCalibration *message,
  24:/home/tienluong/workspace/atlantis_fw/platform/common/lightheader/src/color_calibration.pb-c.c ****                       uint8_t       *out)
  25:/home/tienluong/workspace/atlantis_fw/platform/common/lightheader/src/color_calibration.pb-c.c **** {
 121              		.loc 1 25 0
 122              		.cfi_startproc
 123              		@ args = 0, pretend = 0, frame = 0
 124              		@ frame_needed = 0, uses_anonymous_args = 0
 125              	.LVL10:
 126 0000 38B5     		push	{r3, r4, r5, lr}
 127              	.LCFI2:
 128              		.cfi_def_cfa_offset 16
 129              		.cfi_offset 3, -16
 130              		.cfi_offset 4, -12
 131              		.cfi_offset 5, -8
 132              		.cfi_offset 14, -4
  26:/home/tienluong/workspace/atlantis_fw/platform/common/lightheader/src/color_calibration.pb-c.c ****   assert(message->base.descriptor == &ltpb__color_calibration__descriptor);
 133              		.loc 1 26 0
 134 0002 0268     		ldr	r2, [r0]
  25:/home/tienluong/workspace/atlantis_fw/platform/common/lightheader/src/color_calibration.pb-c.c ****   assert(message->base.descriptor == &ltpb__color_calibration__descriptor);
 135              		.loc 1 25 0
 136 0004 0446     		mov	r4, r0
 137              		.loc 1 26 0
 138 0006 064B     		ldr	r3, .L11
  25:/home/tienluong/workspace/atlantis_fw/platform/common/lightheader/src/color_calibration.pb-c.c ****   assert(message->base.descriptor == &ltpb__color_calibration__descriptor);
 139              		.loc 1 25 0
 140 0008 0D46     		mov	r5, r1
 141              		.loc 1 26 0
 142 000a 9A42     		cmp	r2, r3
 143 000c 03D0     		beq	.L10
 144              		.loc 1 26 0 is_stmt 0 discriminator 1
 145 000e 0548     		ldr	r0, .L11+4
 146              	.LVL11:
 147 0010 1A21     		movs	r1, #26
 148              	.LVL12:
 149 0012 054B     		ldr	r3, .L11+8
 150 0014 9847     		blx	r3
 151              	.LVL13:
 152              	.L10:
  27:/home/tienluong/workspace/atlantis_fw/platform/common/lightheader/src/color_calibration.pb-c.c ****   return protobuf_c_message_pack ((const ProtobufCMessage*)message, out);
 153              		.loc 1 27 0 is_stmt 1
 154 0016 2046     		mov	r0, r4
 155 0018 2946     		mov	r1, r5
 156 001a 044B     		ldr	r3, .L11+12
 157 001c 9847     		blx	r3
 158              	.LVL14:
  28:/home/tienluong/workspace/atlantis_fw/platform/common/lightheader/src/color_calibration.pb-c.c **** }
 159              		.loc 1 28 0
 160 001e 38BD     		pop	{r3, r4, r5, pc}
 161              	.LVL15:
 162              	.L12:
 163              		.align	2
 164              	.L11:
 165 0020 00000000 		.word	.LANCHOR1
 166 0024 00000000 		.word	.LANCHOR3
 167 0028 00000000 		.word	assert_failed
 168 002c 00000000 		.word	protobuf_c_message_pack
 169              		.cfi_endproc
 170              	.LFE3:
 172              		.section	.text.ltpb__color_calibration__pack_to_buffer,"ax",%progbits
 173              		.align	1
 174              		.global	ltpb__color_calibration__pack_to_buffer
 175              		.thumb
 176              		.thumb_func
 178              	ltpb__color_calibration__pack_to_buffer:
 179              	.LFB4:
  29:/home/tienluong/workspace/atlantis_fw/platform/common/lightheader/src/color_calibration.pb-c.c **** LIGHT_HEADER_FUNC size_t ltpb__color_calibration__pack_to_buffer
  30:/home/tienluong/workspace/atlantis_fw/platform/common/lightheader/src/color_calibration.pb-c.c ****                      (const Ltpb__ColorCalibration *message,
  31:/home/tienluong/workspace/atlantis_fw/platform/common/lightheader/src/color_calibration.pb-c.c ****                       ProtobufCBuffer *buffer)
  32:/home/tienluong/workspace/atlantis_fw/platform/common/lightheader/src/color_calibration.pb-c.c **** {
 180              		.loc 1 32 0
 181              		.cfi_startproc
 182              		@ args = 0, pretend = 0, frame = 0
 183              		@ frame_needed = 0, uses_anonymous_args = 0
 184              	.LVL16:
 185 0000 38B5     		push	{r3, r4, r5, lr}
 186              	.LCFI3:
 187              		.cfi_def_cfa_offset 16
 188              		.cfi_offset 3, -16
 189              		.cfi_offset 4, -12
 190              		.cfi_offset 5, -8
 191              		.cfi_offset 14, -4
  33:/home/tienluong/workspace/atlantis_fw/platform/common/lightheader/src/color_calibration.pb-c.c ****   assert(message->base.descriptor == &ltpb__color_calibration__descriptor);
 192              		.loc 1 33 0
 193 0002 0268     		ldr	r2, [r0]
  32:/home/tienluong/workspace/atlantis_fw/platform/common/lightheader/src/color_calibration.pb-c.c ****   assert(message->base.descriptor == &ltpb__color_calibration__descriptor);
 194              		.loc 1 32 0
 195 0004 0446     		mov	r4, r0
 196              		.loc 1 33 0
 197 0006 064B     		ldr	r3, .L15
  32:/home/tienluong/workspace/atlantis_fw/platform/common/lightheader/src/color_calibration.pb-c.c ****   assert(message->base.descriptor == &ltpb__color_calibration__descriptor);
 198              		.loc 1 32 0
 199 0008 0D46     		mov	r5, r1
 200              		.loc 1 33 0
 201 000a 9A42     		cmp	r2, r3
 202 000c 03D0     		beq	.L14
 203              		.loc 1 33 0 is_stmt 0 discriminator 1
 204 000e 0548     		ldr	r0, .L15+4
 205              	.LVL17:
 206 0010 2121     		movs	r1, #33
 207              	.LVL18:
 208 0012 054B     		ldr	r3, .L15+8
 209 0014 9847     		blx	r3
 210              	.LVL19:
 211              	.L14:
  34:/home/tienluong/workspace/atlantis_fw/platform/common/lightheader/src/color_calibration.pb-c.c ****   return protobuf_c_message_pack_to_buffer ((const ProtobufCMessage*)message, buffer);
 212              		.loc 1 34 0 is_stmt 1
 213 0016 2046     		mov	r0, r4
 214 0018 2946     		mov	r1, r5
 215 001a 044B     		ldr	r3, .L15+12
 216 001c 9847     		blx	r3
 217              	.LVL20:
  35:/home/tienluong/workspace/atlantis_fw/platform/common/lightheader/src/color_calibration.pb-c.c **** }
 218              		.loc 1 35 0
 219 001e 38BD     		pop	{r3, r4, r5, pc}
 220              	.LVL21:
 221              	.L16:
 222              		.align	2
 223              	.L15:
 224 0020 00000000 		.word	.LANCHOR1
 225 0024 00000000 		.word	.LANCHOR4
 226 0028 00000000 		.word	assert_failed
 227 002c 00000000 		.word	protobuf_c_message_pack_to_buffer
 228              		.cfi_endproc
 229              	.LFE4:
 231              		.section	.text.ltpb__color_calibration__unpack,"ax",%progbits
 232              		.align	1
 233              		.global	ltpb__color_calibration__unpack
 234              		.thumb
 235              		.thumb_func
 237              	ltpb__color_calibration__unpack:
 238              	.LFB5:
  36:/home/tienluong/workspace/atlantis_fw/platform/common/lightheader/src/color_calibration.pb-c.c **** LIGHT_HEADER_FUNC Ltpb__ColorCalibration *
  37:/home/tienluong/workspace/atlantis_fw/platform/common/lightheader/src/color_calibration.pb-c.c ****        ltpb__color_calibration__unpack
  38:/home/tienluong/workspace/atlantis_fw/platform/common/lightheader/src/color_calibration.pb-c.c ****                      (ProtobufCAllocator  *allocator,
  39:/home/tienluong/workspace/atlantis_fw/platform/common/lightheader/src/color_calibration.pb-c.c ****                       size_t               len,
  40:/home/tienluong/workspace/atlantis_fw/platform/common/lightheader/src/color_calibration.pb-c.c ****                       const uint8_t       *data)
  41:/home/tienluong/workspace/atlantis_fw/platform/common/lightheader/src/color_calibration.pb-c.c **** {
 239              		.loc 1 41 0
 240              		.cfi_startproc
 241              		@ args = 0, pretend = 0, frame = 0
 242              		@ frame_needed = 0, uses_anonymous_args = 0
 243              	.LVL22:
 244 0000 38B5     		push	{r3, r4, r5, lr}
 245              	.LCFI4:
 246              		.cfi_def_cfa_offset 16
 247              		.cfi_offset 3, -16
 248              		.cfi_offset 4, -12
 249              		.cfi_offset 5, -8
 250              		.cfi_offset 14, -4
 251              		.loc 1 41 0
 252 0002 0546     		mov	r5, r0
 253 0004 0C46     		mov	r4, r1
 254 0006 1346     		mov	r3, r2
  42:/home/tienluong/workspace/atlantis_fw/platform/common/lightheader/src/color_calibration.pb-c.c ****   return (Ltpb__ColorCalibration *)
 255              		.loc 1 42 0
 256 0008 2946     		mov	r1, r5
 257              	.LVL23:
 258 000a 2246     		mov	r2, r4
 259              	.LVL24:
 260 000c 0148     		ldr	r0, .L18
 261              	.LVL25:
 262 000e 024C     		ldr	r4, .L18+4
 263              	.LVL26:
 264 0010 A047     		blx	r4
 265              	.LVL27:
  43:/home/tienluong/workspace/atlantis_fw/platform/common/lightheader/src/color_calibration.pb-c.c ****      protobuf_c_message_unpack (&ltpb__color_calibration__descriptor,
  44:/home/tienluong/workspace/atlantis_fw/platform/common/lightheader/src/color_calibration.pb-c.c ****                                 allocator, len, data);
  45:/home/tienluong/workspace/atlantis_fw/platform/common/lightheader/src/color_calibration.pb-c.c **** }
 266              		.loc 1 45 0
 267 0012 38BD     		pop	{r3, r4, r5, pc}
 268              	.LVL28:
 269              	.L19:
 270              		.align	2
 271              	.L18:
 272 0014 00000000 		.word	.LANCHOR1
 273 0018 00000000 		.word	protobuf_c_message_unpack
 274              		.cfi_endproc
 275              	.LFE5:
 277              		.section	.text.ltpb__color_calibration__free_unpacked,"ax",%progbits
 278              		.align	1
 279              		.global	ltpb__color_calibration__free_unpacked
 280              		.thumb
 281              		.thumb_func
 283              	ltpb__color_calibration__free_unpacked:
 284              	.LFB6:
  46:/home/tienluong/workspace/atlantis_fw/platform/common/lightheader/src/color_calibration.pb-c.c **** LIGHT_HEADER_FUNC void   ltpb__color_calibration__free_unpacked
  47:/home/tienluong/workspace/atlantis_fw/platform/common/lightheader/src/color_calibration.pb-c.c ****                      (Ltpb__ColorCalibration *message,
  48:/home/tienluong/workspace/atlantis_fw/platform/common/lightheader/src/color_calibration.pb-c.c ****                       ProtobufCAllocator *allocator)
  49:/home/tienluong/workspace/atlantis_fw/platform/common/lightheader/src/color_calibration.pb-c.c **** {
 285              		.loc 1 49 0
 286              		.cfi_startproc
 287              		@ args = 0, pretend = 0, frame = 0
 288              		@ frame_needed = 0, uses_anonymous_args = 0
 289              	.LVL29:
 290 0000 38B5     		push	{r3, r4, r5, lr}
 291              	.LCFI5:
 292              		.cfi_def_cfa_offset 16
 293              		.cfi_offset 3, -16
 294              		.cfi_offset 4, -12
 295              		.cfi_offset 5, -8
 296              		.cfi_offset 14, -4
  50:/home/tienluong/workspace/atlantis_fw/platform/common/lightheader/src/color_calibration.pb-c.c ****   assert(message->base.descriptor == &ltpb__color_calibration__descriptor);
 297              		.loc 1 50 0
 298 0002 0268     		ldr	r2, [r0]
  49:/home/tienluong/workspace/atlantis_fw/platform/common/lightheader/src/color_calibration.pb-c.c ****   assert(message->base.descriptor == &ltpb__color_calibration__descriptor);
 299              		.loc 1 49 0
 300 0004 0446     		mov	r4, r0
 301              		.loc 1 50 0
 302 0006 064B     		ldr	r3, .L22
  49:/home/tienluong/workspace/atlantis_fw/platform/common/lightheader/src/color_calibration.pb-c.c ****   assert(message->base.descriptor == &ltpb__color_calibration__descriptor);
 303              		.loc 1 49 0
 304 0008 0D46     		mov	r5, r1
 305              		.loc 1 50 0
 306 000a 9A42     		cmp	r2, r3
 307 000c 03D0     		beq	.L21
 308              		.loc 1 50 0 is_stmt 0 discriminator 1
 309 000e 0548     		ldr	r0, .L22+4
 310              	.LVL30:
 311 0010 3221     		movs	r1, #50
 312              	.LVL31:
 313 0012 054B     		ldr	r3, .L22+8
 314 0014 9847     		blx	r3
 315              	.LVL32:
 316              	.L21:
  51:/home/tienluong/workspace/atlantis_fw/platform/common/lightheader/src/color_calibration.pb-c.c ****   protobuf_c_message_free_unpacked ((ProtobufCMessage*)message, allocator);
 317              		.loc 1 51 0 is_stmt 1
 318 0016 2046     		mov	r0, r4
 319 0018 2946     		mov	r1, r5
 320 001a 044B     		ldr	r3, .L22+12
 321 001c 9847     		blx	r3
 322              	.LVL33:
 323 001e 38BD     		pop	{r3, r4, r5, pc}
 324              	.LVL34:
 325              	.L23:
 326              		.align	2
 327              	.L22:
 328 0020 00000000 		.word	.LANCHOR1
 329 0024 00000000 		.word	.LANCHOR5
 330 0028 00000000 		.word	assert_failed
 331 002c 00000000 		.word	protobuf_c_message_free_unpacked
 332              		.cfi_endproc
 333              	.LFE6:
 335              		.global	ltpb__color_calibration__descriptor
 336              		.global	ltpb__color_calibration__illuminant_type__descriptor
 337              		.section	.rodata.init_value.6532,"a",%progbits
 338              		.align	2
 339              		.set	.LANCHOR0,. + 0
 342              	init_value.6532:
 343 0000 00000000 		.word	ltpb__color_calibration__descriptor
 344 0004 00000000 		.word	0
 345 0008 00000000 		.word	0
 346 000c 00000000 		.word	0
 347 0010 00000000 		.word	0
 348 0014 00000000 		.word	0
 349 0018 00000000 		.word	0
 350 001c 00000000 		.word	0
 351 0020 00000000 		.word	0
 352 0024 00000000 		.word	0
 353 0028 00000000 		.word	0
 354 002c 00000000 		.word	0
 355              		.section	.rodata.ltpb__color_calibration__descriptor,"a",%progbits
 356              		.align	2
 357              		.set	.LANCHOR1,. + 0
 360              	ltpb__color_calibration__descriptor:
 361 0000 F9EEAA28 		.word	682290937
 362 0004 00000000 		.word	.LC0
 363 0008 16000000 		.word	.LC1
 364 000c 27000000 		.word	.LC2
 365 0010 3E000000 		.word	.LC3
 366 0014 30000000 		.word	48
 367 0018 07000000 		.word	7
 368 001c 00000000 		.word	ltpb__color_calibration__field_descriptors
 369 0020 00000000 		.word	ltpb__color_calibration__field_indices_by_name
 370 0024 01000000 		.word	1
 371 0028 00000000 		.word	ltpb__color_calibration__number_ranges
 372 002c 00000000 		.word	ltpb__color_calibration__init
 373 0030 00000000 		.word	0
 374 0034 00000000 		.word	0
 375 0038 00000000 		.word	0
 376              		.section	.rodata.ltpb__color_calibration__number_ranges,"a",%progbits
 377              		.align	2
 380              	ltpb__color_calibration__number_ranges:
 381 0000 01000000 		.word	1
 382 0004 00000000 		.word	0
 383 0008 00000000 		.word	0
 384 000c 07000000 		.word	7
 385              		.section	.rodata.__FUNCTION__.6541,"a",%progbits
 386              		.set	.LANCHOR3,. + 0
 389              	__FUNCTION__.6541:
 390 0000 6C747062 		.ascii	"ltpb__color_calibration__pack\000"
 390      5F5F636F 
 390      6C6F725F 
 390      63616C69 
 390      62726174 
 391              		.section	.rodata.ltpb__color_calibration__illuminant_type__enum_values_by_name,"a",%progbits
 392              		.align	2
 395              	ltpb__color_calibration__illuminant_type__enum_values_by_name:
 396 0000 ED000000 		.word	.LC14
 397 0004 00000000 		.word	0
 398 0008 EF000000 		.word	.LC15
 399 000c 01000000 		.word	1
 400 0010 F3000000 		.word	.LC16
 401 0014 02000000 		.word	2
 402 0018 F7000000 		.word	.LC17
 403 001c 03000000 		.word	3
 404 0020 FB000000 		.word	.LC18
 405 0024 06000000 		.word	6
 406 0028 FF000000 		.word	.LC19
 407 002c 04000000 		.word	4
 408 0030 02010000 		.word	.LC20
 409 0034 05000000 		.word	5
 410 0038 05010000 		.word	.LC21
 411 003c 07000000 		.word	7
 412 0040 0A010000 		.word	.LC22
 413 0044 08000000 		.word	8
 414              		.section	.rodata.str1.1,"aMS",%progbits,1
 415              	.LC0:
 416 0000 6C747062 		.ascii	"ltpb.ColorCalibration\000"
 416      2E436F6C 
 416      6F724361 
 416      6C696272 
 416      6174696F 
 417              	.LC1:
 418 0016 436F6C6F 		.ascii	"ColorCalibration\000"
 418      7243616C 
 418      69627261 
 418      74696F6E 
 418      00
 419              	.LC2:
 420 0027 4C747062 		.ascii	"Ltpb__ColorCalibration\000"
 420      5F5F436F 
 420      6C6F7243 
 420      616C6962 
 420      72617469 
 421              	.LC3:
 422 003e 6C747062 		.ascii	"ltpb\000"
 422      00
 423              	.LC4:
 424 0043 74797065 		.ascii	"type\000"
 424      00
 425              	.LC5:
 426 0048 666F7277 		.ascii	"forward_matrix\000"
 426      6172645F 
 426      6D617472 
 426      697800
 427              	.LC6:
 428 0057 636F6C6F 		.ascii	"color_matrix\000"
 428      725F6D61 
 428      74726978 
 428      00
 429              	.LC7:
 430 0064 72675F72 		.ascii	"rg_ratio\000"
 430      6174696F 
 430      00
 431              	.LC8:
 432 006d 62675F72 		.ascii	"bg_ratio\000"
 432      6174696F 
 432      00
 433              	.LC9:
 434 0076 6D616362 		.ascii	"macbeth_data\000"
 434      6574685F 
 434      64617461 
 434      00
 435              	.LC10:
 436 0083 696C6C75 		.ascii	"illuminant_spd\000"
 436      6D696E61 
 436      6E745F73 
 436      706400
 437              	.LC11:
 438 0092 6C747062 		.ascii	"ltpb.ColorCalibration.IlluminantType\000"
 438      2E436F6C 
 438      6F724361 
 438      6C696272 
 438      6174696F 
 439              	.LC12:
 440 00b7 496C6C75 		.ascii	"IlluminantType\000"
 440      6D696E61 
 440      6E745479 
 440      706500
 441              	.LC13:
 442 00c6 4C747062 		.ascii	"Ltpb__ColorCalibration__IlluminantType\000"
 442      5F5F436F 
 442      6C6F7243 
 442      616C6962 
 442      72617469 
 443              	.LC14:
 444 00ed 4100     		.ascii	"A\000"
 445              	.LC15:
 446 00ef 44353000 		.ascii	"D50\000"
 447              	.LC16:
 448 00f3 44363500 		.ascii	"D65\000"
 449              	.LC17:
 450 00f7 44373500 		.ascii	"D75\000"
 451              	.LC18:
 452 00fb 46313100 		.ascii	"F11\000"
 453              	.LC19:
 454 00ff 463200   		.ascii	"F2\000"
 455              	.LC20:
 456 0102 463700   		.ascii	"F7\000"
 457              	.LC21:
 458 0105 544C3834 		.ascii	"TL84\000"
 458      00
 459              	.LC22:
 460 010a 554E4B4E 		.ascii	"UNKNOWN\000"
 460      4F574E00 
 461              	.LC23:
 462 0112 4C545042 		.ascii	"LTPB__COLOR_CALIBRATION__ILLUMINANT_TYPE__A\000"
 462      5F5F434F 
 462      4C4F525F 
 462      43414C49 
 462      42524154 
 463              	.LC24:
 464 013e 4C545042 		.ascii	"LTPB__COLOR_CALIBRATION__ILLUMINANT_TYPE__D50\000"
 464      5F5F434F 
 464      4C4F525F 
 464      43414C49 
 464      42524154 
 465              	.LC25:
 466 016c 4C545042 		.ascii	"LTPB__COLOR_CALIBRATION__ILLUMINANT_TYPE__D65\000"
 466      5F5F434F 
 466      4C4F525F 
 466      43414C49 
 466      42524154 
 467              	.LC26:
 468 019a 4C545042 		.ascii	"LTPB__COLOR_CALIBRATION__ILLUMINANT_TYPE__D75\000"
 468      5F5F434F 
 468      4C4F525F 
 468      43414C49 
 468      42524154 
 469              	.LC27:
 470 01c8 4C545042 		.ascii	"LTPB__COLOR_CALIBRATION__ILLUMINANT_TYPE__F2\000"
 470      5F5F434F 
 470      4C4F525F 
 470      43414C49 
 470      42524154 
 471              	.LC28:
 472 01f5 4C545042 		.ascii	"LTPB__COLOR_CALIBRATION__ILLUMINANT_TYPE__F7\000"
 472      5F5F434F 
 472      4C4F525F 
 472      43414C49 
 472      42524154 
 473              	.LC29:
 474 0222 4C545042 		.ascii	"LTPB__COLOR_CALIBRATION__ILLUMINANT_TYPE__F11\000"
 474      5F5F434F 
 474      4C4F525F 
 474      43414C49 
 474      42524154 
 475              	.LC30:
 476 0250 4C545042 		.ascii	"LTPB__COLOR_CALIBRATION__ILLUMINANT_TYPE__TL84\000"
 476      5F5F434F 
 476      4C4F525F 
 476      43414C49 
 476      42524154 
 477              	.LC31:
 478 027f 4C545042 		.ascii	"LTPB__COLOR_CALIBRATION__ILLUMINANT_TYPE__UNKNOWN\000"
 478      5F5F434F 
 478      4C4F525F 
 478      43414C49 
 478      42524154 
 479              		.section	.rodata.__FUNCTION__.6536,"a",%progbits
 480              		.set	.LANCHOR2,. + 0
 483              	__FUNCTION__.6536:
 484 0000 6C747062 		.ascii	"ltpb__color_calibration__get_packed_size\000"
 484      5F5F636F 
 484      6C6F725F 
 484      63616C69 
 484      62726174 
 485              		.section	.rodata.ltpb__color_calibration__illuminant_type__enum_values_by_number,"a",%progbits
 486              		.align	2
 489              	ltpb__color_calibration__illuminant_type__enum_values_by_number:
 490 0000 ED000000 		.word	.LC14
 491 0004 12010000 		.word	.LC23
 492 0008 00000000 		.word	0
 493 000c EF000000 		.word	.LC15
 494 0010 3E010000 		.word	.LC24
 495 0014 01000000 		.word	1
 496 0018 F3000000 		.word	.LC16
 497 001c 6C010000 		.word	.LC25
 498 0020 02000000 		.word	2
 499 0024 F7000000 		.word	.LC17
 500 0028 9A010000 		.word	.LC26
 501 002c 03000000 		.word	3
 502 0030 FF000000 		.word	.LC19
 503 0034 C8010000 		.word	.LC27
 504 0038 04000000 		.word	4
 505 003c 02010000 		.word	.LC20
 506 0040 F5010000 		.word	.LC28
 507 0044 05000000 		.word	5
 508 0048 FB000000 		.word	.LC18
 509 004c 22020000 		.word	.LC29
 510 0050 06000000 		.word	6
 511 0054 05010000 		.word	.LC21
 512 0058 50020000 		.word	.LC30
 513 005c 07000000 		.word	7
 514 0060 0A010000 		.word	.LC22
 515 0064 7F020000 		.word	.LC31
 516 0068 63000000 		.word	99
 517              		.section	.rodata.__FUNCTION__.6546,"a",%progbits
 518              		.set	.LANCHOR4,. + 0
 521              	__FUNCTION__.6546:
 522 0000 6C747062 		.ascii	"ltpb__color_calibration__pack_to_buffer\000"
 522      5F5F636F 
 522      6C6F725F 
 522      63616C69 
 522      62726174 
 523              		.section	.rodata.ltpb__color_calibration__field_descriptors,"a",%progbits
 524              		.align	2
 527              	ltpb__color_calibration__field_descriptors:
 528 0000 43000000 		.word	.LC4
 529 0004 01000000 		.word	1
 530 0008 00       		.byte	0
 531 0009 0D       		.byte	13
 532 000a 0000     		.space	2
 533 000c 00000000 		.word	0
 534 0010 0C000000 		.word	12
 535 0014 00000000 		.word	ltpb__color_calibration__illuminant_type__descriptor
 536 0018 00000000 		.word	0
 537 001c 00000000 		.word	0
 538 0020 00000000 		.word	0
 539 0024 00000000 		.word	0
 540 0028 00000000 		.word	0
 541 002c 48000000 		.word	.LC5
 542 0030 02000000 		.word	2
 543 0034 00       		.byte	0
 544 0035 10       		.byte	16
 545 0036 0000     		.space	2
 546 0038 00000000 		.word	0
 547 003c 10000000 		.word	16
 548 0040 00000000 		.word	ltpb__matrix3x3_f__descriptor
 549 0044 00000000 		.word	0
 550 0048 00000000 		.word	0
 551 004c 00000000 		.word	0
 552 0050 00000000 		.word	0
 553 0054 00000000 		.word	0
 554 0058 57000000 		.word	.LC6
 555 005c 03000000 		.word	3
 556 0060 00       		.byte	0
 557 0061 10       		.byte	16
 558 0062 0000     		.space	2
 559 0064 00000000 		.word	0
 560 0068 14000000 		.word	20
 561 006c 00000000 		.word	ltpb__matrix3x3_f__descriptor
 562 0070 00000000 		.word	0
 563 0074 00000000 		.word	0
 564 0078 00000000 		.word	0
 565 007c 00000000 		.word	0
 566 0080 00000000 		.word	0
 567 0084 64000000 		.word	.LC7
 568 0088 04000000 		.word	4
 569 008c 00       		.byte	0
 570 008d 0A       		.byte	10
 571 008e 0000     		.space	2
 572 0090 00000000 		.word	0
 573 0094 18000000 		.word	24
 574 0098 00000000 		.word	0
 575 009c 00000000 		.word	0
 576 00a0 00000000 		.word	0
 577 00a4 00000000 		.word	0
 578 00a8 00000000 		.word	0
 579 00ac 00000000 		.word	0
 580 00b0 6D000000 		.word	.LC8
 581 00b4 05000000 		.word	5
 582 00b8 00       		.byte	0
 583 00b9 0A       		.byte	10
 584 00ba 0000     		.space	2
 585 00bc 00000000 		.word	0
 586 00c0 1C000000 		.word	28
 587 00c4 00000000 		.word	0
 588 00c8 00000000 		.word	0
 589 00cc 00000000 		.word	0
 590 00d0 00000000 		.word	0
 591 00d4 00000000 		.word	0
 592 00d8 00000000 		.word	0
 593 00dc 76000000 		.word	.LC9
 594 00e0 06000000 		.word	6
 595 00e4 02       		.byte	2
 596 00e5 10       		.byte	16
 597 00e6 0000     		.space	2
 598 00e8 20000000 		.word	32
 599 00ec 24000000 		.word	36
 600 00f0 00000000 		.word	ltpb__point3_f__descriptor
 601 00f4 00000000 		.word	0
 602 00f8 00000000 		.word	0
 603 00fc 00000000 		.word	0
 604 0100 00000000 		.word	0
 605 0104 00000000 		.word	0
 606 0108 83000000 		.word	.LC10
 607 010c 07000000 		.word	7
 608 0110 02       		.byte	2
 609 0111 10       		.byte	16
 610 0112 0000     		.space	2
 611 0114 28000000 		.word	40
 612 0118 2C000000 		.word	44
 613 011c 00000000 		.word	ltpb__point2_f__descriptor
 614 0120 00000000 		.word	0
 615 0124 00000000 		.word	0
 616 0128 00000000 		.word	0
 617 012c 00000000 		.word	0
 618 0130 00000000 		.word	0
 619              		.section	.rodata.ltpb__color_calibration__field_indices_by_name,"a",%progbits
 620              		.align	2
 623              	ltpb__color_calibration__field_indices_by_name:
 624 0000 04000000 		.word	4
 625 0004 02000000 		.word	2
 626 0008 01000000 		.word	1
 627 000c 06000000 		.word	6
 628 0010 05000000 		.word	5
 629 0014 03000000 		.word	3
 630 0018 00000000 		.word	0
 631              		.section	.rodata.__FUNCTION__.6556,"a",%progbits
 632              		.set	.LANCHOR5,. + 0
 635              	__FUNCTION__.6556:
 636 0000 6C747062 		.ascii	"ltpb__color_calibration__free_unpacked\000"
 636      5F5F636F 
 636      6C6F725F 
 636      63616C69 
 636      62726174 
 637              		.section	.rodata.ltpb__color_calibration__illuminant_type__descriptor,"a",%progbits
 638              		.align	2
 641              	ltpb__color_calibration__illuminant_type__descriptor:
 642 0000 AF154311 		.word	289609135
 643 0004 92000000 		.word	.LC11
 644 0008 B7000000 		.word	.LC12
 645 000c C6000000 		.word	.LC13
 646 0010 3E000000 		.word	.LC3
 647 0014 09000000 		.word	9
 648 0018 00000000 		.word	ltpb__color_calibration__illuminant_type__enum_values_by_number
 649 001c 09000000 		.word	9
 650 0020 00000000 		.word	ltpb__color_calibration__illuminant_type__enum_values_by_name
 651 0024 02000000 		.word	2
 652 0028 00000000 		.word	ltpb__color_calibration__illuminant_type__value_ranges
 653 002c 00000000 		.word	0
 654 0030 00000000 		.word	0
 655 0034 00000000 		.word	0
 656 0038 00000000 		.word	0
 657              		.section	.rodata.ltpb__color_calibration__illuminant_type__value_ranges,"a",%progbits
 658              		.align	2
 661              	ltpb__color_calibration__illuminant_type__value_ranges:
 662 0000 00000000 		.word	0
 663 0004 00000000 		.word	0
 664 0008 63000000 		.word	99
 665 000c 08000000 		.word	8
 666 0010 00000000 		.word	0
 667 0014 09000000 		.word	9
 668              		.text
 669              	.Letext0:
 670              		.file 2 "/opt/toolchains/gcc-arm-none-eabi-4_9-2015q1/arm-none-eabi/include/machine/_default_types
 671              		.file 3 "/opt/toolchains/gcc-arm-none-eabi-4_9-2015q1/lib/gcc/arm-none-eabi/4.9.3/include/stddef.h
 672              		.file 4 "/opt/toolchains/gcc-arm-none-eabi-4_9-2015q1/arm-none-eabi/include/stdint.h"
 673              		.file 5 "/home/tienluong/workspace/atlantis_fw/platform/os/Source/portable/GCC/cortex-r4/portmacro
 674              		.file 6 "/home/tienluong/workspace/atlantis_fw/platform/common/lightheader/include/protobuf-c/prot
 675              		.file 7 "/home/tienluong/workspace/atlantis_fw/platform/common/lightheader/include/matrix3x3f.pb-c
 676              		.file 8 "/home/tienluong/workspace/atlantis_fw/platform/common/lightheader/include/point3f.pb-c.h"
 677              		.file 9 "/home/tienluong/workspace/atlantis_fw/platform/common/lightheader/include/point2f.pb-c.h"
 678              		.file 10 "/home/tienluong/workspace/atlantis_fw/platform/common/lightheader/include/color_calibrat
DEFINED SYMBOLS
                            *ABS*:00000000 color_calibration.pb-c.c
     /tmp/ccA5oU6i.s:19     .text.ltpb__color_calibration__init:00000000 $t
     /tmp/ccA5oU6i.s:24     .text.ltpb__color_calibration__init:00000000 ltpb__color_calibration__init
     /tmp/ccA5oU6i.s:55     .text.ltpb__color_calibration__init:00000018 $d
     /tmp/ccA5oU6i.s:60     .text.ltpb__color_calibration__get_packed_size:00000000 $t
     /tmp/ccA5oU6i.s:65     .text.ltpb__color_calibration__get_packed_size:00000000 ltpb__color_calibration__get_packed_size
     /tmp/ccA5oU6i.s:106    .text.ltpb__color_calibration__get_packed_size:0000001c $d
     /tmp/ccA5oU6i.s:114    .text.ltpb__color_calibration__pack:00000000 $t
     /tmp/ccA5oU6i.s:119    .text.ltpb__color_calibration__pack:00000000 ltpb__color_calibration__pack
     /tmp/ccA5oU6i.s:165    .text.ltpb__color_calibration__pack:00000020 $d
     /tmp/ccA5oU6i.s:173    .text.ltpb__color_calibration__pack_to_buffer:00000000 $t
     /tmp/ccA5oU6i.s:178    .text.ltpb__color_calibration__pack_to_buffer:00000000 ltpb__color_calibration__pack_to_buffer
     /tmp/ccA5oU6i.s:224    .text.ltpb__color_calibration__pack_to_buffer:00000020 $d
     /tmp/ccA5oU6i.s:232    .text.ltpb__color_calibration__unpack:00000000 $t
     /tmp/ccA5oU6i.s:237    .text.ltpb__color_calibration__unpack:00000000 ltpb__color_calibration__unpack
     /tmp/ccA5oU6i.s:272    .text.ltpb__color_calibration__unpack:00000014 $d
     /tmp/ccA5oU6i.s:278    .text.ltpb__color_calibration__free_unpacked:00000000 $t
     /tmp/ccA5oU6i.s:283    .text.ltpb__color_calibration__free_unpacked:00000000 ltpb__color_calibration__free_unpacked
     /tmp/ccA5oU6i.s:328    .text.ltpb__color_calibration__free_unpacked:00000020 $d
     /tmp/ccA5oU6i.s:360    .rodata.ltpb__color_calibration__descriptor:00000000 ltpb__color_calibration__descriptor
     /tmp/ccA5oU6i.s:641    .rodata.ltpb__color_calibration__illuminant_type__descriptor:00000000 ltpb__color_calibration__illuminant_type__descriptor
     /tmp/ccA5oU6i.s:338    .rodata.init_value.6532:00000000 $d
     /tmp/ccA5oU6i.s:342    .rodata.init_value.6532:00000000 init_value.6532
     /tmp/ccA5oU6i.s:356    .rodata.ltpb__color_calibration__descriptor:00000000 $d
     /tmp/ccA5oU6i.s:527    .rodata.ltpb__color_calibration__field_descriptors:00000000 ltpb__color_calibration__field_descriptors
     /tmp/ccA5oU6i.s:623    .rodata.ltpb__color_calibration__field_indices_by_name:00000000 ltpb__color_calibration__field_indices_by_name
     /tmp/ccA5oU6i.s:380    .rodata.ltpb__color_calibration__number_ranges:00000000 ltpb__color_calibration__number_ranges
     /tmp/ccA5oU6i.s:377    .rodata.ltpb__color_calibration__number_ranges:00000000 $d
     /tmp/ccA5oU6i.s:389    .rodata.__FUNCTION__.6541:00000000 __FUNCTION__.6541
     /tmp/ccA5oU6i.s:392    .rodata.ltpb__color_calibration__illuminant_type__enum_values_by_name:00000000 $d
     /tmp/ccA5oU6i.s:395    .rodata.ltpb__color_calibration__illuminant_type__enum_values_by_name:00000000 ltpb__color_calibration__illuminant_type__enum_values_by_name
     /tmp/ccA5oU6i.s:483    .rodata.__FUNCTION__.6536:00000000 __FUNCTION__.6536
     /tmp/ccA5oU6i.s:486    .rodata.ltpb__color_calibration__illuminant_type__enum_values_by_number:00000000 $d
     /tmp/ccA5oU6i.s:489    .rodata.ltpb__color_calibration__illuminant_type__enum_values_by_number:00000000 ltpb__color_calibration__illuminant_type__enum_values_by_number
     /tmp/ccA5oU6i.s:521    .rodata.__FUNCTION__.6546:00000000 __FUNCTION__.6546
     /tmp/ccA5oU6i.s:524    .rodata.ltpb__color_calibration__field_descriptors:00000000 $d
     /tmp/ccA5oU6i.s:620    .rodata.ltpb__color_calibration__field_indices_by_name:00000000 $d
     /tmp/ccA5oU6i.s:635    .rodata.__FUNCTION__.6556:00000000 __FUNCTION__.6556
     /tmp/ccA5oU6i.s:638    .rodata.ltpb__color_calibration__illuminant_type__descriptor:00000000 $d
     /tmp/ccA5oU6i.s:661    .rodata.ltpb__color_calibration__illuminant_type__value_ranges:00000000 ltpb__color_calibration__illuminant_type__value_ranges
     /tmp/ccA5oU6i.s:658    .rodata.ltpb__color_calibration__illuminant_type__value_ranges:00000000 $d
                     .debug_frame:00000010 $d

UNDEFINED SYMBOLS
assert_failed
protobuf_c_message_get_packed_size
protobuf_c_message_pack
protobuf_c_message_pack_to_buffer
protobuf_c_message_unpack
protobuf_c_message_free_unpacked
ltpb__matrix3x3_f__descriptor
ltpb__point3_f__descriptor
ltpb__point2_f__descriptor
