   1              		.syntax unified
   2              		.cpu cortex-r4
   3              		.fpu softvfp
   4              		.eabi_attribute 20, 1
   5              		.eabi_attribute 21, 1
   6              		.eabi_attribute 23, 3
   7              		.eabi_attribute 24, 1
   8              		.eabi_attribute 25, 1
   9              		.eabi_attribute 26, 1
  10              		.eabi_attribute 30, 4
  11              		.eabi_attribute 34, 1
  12              		.eabi_attribute 18, 4
  13              		.thumb
  14              		.file	"time_stamp.pb-c.c"
  15              		.text
  16              	.Ltext0:
  17              		.cfi_sections	.debug_frame
  18              		.section	.text.ltpb__time_stamp__init,"ax",%progbits
  19              		.align	1
  20              		.global	ltpb__time_stamp__init
  21              		.thumb
  22              		.thumb_func
  24              	ltpb__time_stamp__init:
  25              	.LFB1:
  26              		.file 1 "/home/tienluong/workspace/atlantis_fw/platform/common/lightheader/src/time_stamp.pb-c.c"
   1:/home/tienluong/workspace/atlantis_fw/platform/common/lightheader/src/time_stamp.pb-c.c **** /* Generated by the protocol buffer compiler.  DO NOT EDIT! */
   2:/home/tienluong/workspace/atlantis_fw/platform/common/lightheader/src/time_stamp.pb-c.c **** /* Generated from: time_stamp.proto */
   3:/home/tienluong/workspace/atlantis_fw/platform/common/lightheader/src/time_stamp.pb-c.c **** 
   4:/home/tienluong/workspace/atlantis_fw/platform/common/lightheader/src/time_stamp.pb-c.c **** /* Do not generate deprecated warnings for self */
   5:/home/tienluong/workspace/atlantis_fw/platform/common/lightheader/src/time_stamp.pb-c.c **** #ifndef PROTOBUF_C__NO_DEPRECATED
   6:/home/tienluong/workspace/atlantis_fw/platform/common/lightheader/src/time_stamp.pb-c.c **** #define PROTOBUF_C__NO_DEPRECATED
   7:/home/tienluong/workspace/atlantis_fw/platform/common/lightheader/src/time_stamp.pb-c.c **** #endif
   8:/home/tienluong/workspace/atlantis_fw/platform/common/lightheader/src/time_stamp.pb-c.c **** #include "sections.h"
   9:/home/tienluong/workspace/atlantis_fw/platform/common/lightheader/src/time_stamp.pb-c.c **** #include "time_stamp.pb-c.h"
  10:/home/tienluong/workspace/atlantis_fw/platform/common/lightheader/src/time_stamp.pb-c.c **** LIGHT_HEADER_FUNC void   ltpb__time_stamp__init
  11:/home/tienluong/workspace/atlantis_fw/platform/common/lightheader/src/time_stamp.pb-c.c ****                      (Ltpb__TimeStamp         *message)
  12:/home/tienluong/workspace/atlantis_fw/platform/common/lightheader/src/time_stamp.pb-c.c **** {
  27              		.loc 1 12 0
  28              		.cfi_startproc
  29              		@ args = 0, pretend = 0, frame = 0
  30              		@ frame_needed = 0, uses_anonymous_args = 0
  31              	.LVL0:
  32 0000 30B5     		push	{r4, r5, lr}
  33              	.LCFI0:
  34              		.cfi_def_cfa_offset 12
  35              		.cfi_offset 4, -12
  36              		.cfi_offset 5, -8
  37              		.cfi_offset 14, -4
  13:/home/tienluong/workspace/atlantis_fw/platform/common/lightheader/src/time_stamp.pb-c.c ****   LIGHT_HEADER_STATIC static Ltpb__TimeStamp init_value = LTPB__TIME_STAMP__INIT;
  14:/home/tienluong/workspace/atlantis_fw/platform/common/lightheader/src/time_stamp.pb-c.c ****   *message = init_value;
  38              		.loc 1 14 0
  39 0002 044D     		ldr	r5, .L2
  40 0004 0446     		mov	r4, r0
  41 0006 0FCD     		ldmia	r5!, {r0, r1, r2, r3}
  42              	.LVL1:
  43 0008 0FC4     		stmia	r4!, {r0, r1, r2, r3}
  44              	.LVL2:
  45 000a 0FCD     		ldmia	r5!, {r0, r1, r2, r3}
  46 000c 0FC4     		stmia	r4!, {r0, r1, r2, r3}
  47              	.LVL3:
  48 000e 2B68     		ldr	r3, [r5]
  49 0010 2360     		str	r3, [r4]
  50 0012 30BD     		pop	{r4, r5, pc}
  51              	.LVL4:
  52              	.L3:
  53              		.align	2
  54              	.L2:
  55 0014 00000000 		.word	.LANCHOR0
  56              		.cfi_endproc
  57              	.LFE1:
  59              		.section	.text.ltpb__time_stamp__get_packed_size,"ax",%progbits
  60              		.align	1
  61              		.global	ltpb__time_stamp__get_packed_size
  62              		.thumb
  63              		.thumb_func
  65              	ltpb__time_stamp__get_packed_size:
  66              	.LFB2:
  15:/home/tienluong/workspace/atlantis_fw/platform/common/lightheader/src/time_stamp.pb-c.c **** }
  16:/home/tienluong/workspace/atlantis_fw/platform/common/lightheader/src/time_stamp.pb-c.c **** LIGHT_HEADER_FUNC size_t ltpb__time_stamp__get_packed_size
  17:/home/tienluong/workspace/atlantis_fw/platform/common/lightheader/src/time_stamp.pb-c.c ****                      (const Ltpb__TimeStamp *message)
  18:/home/tienluong/workspace/atlantis_fw/platform/common/lightheader/src/time_stamp.pb-c.c **** {
  67              		.loc 1 18 0
  68              		.cfi_startproc
  69              		@ args = 0, pretend = 0, frame = 0
  70              		@ frame_needed = 0, uses_anonymous_args = 0
  71              	.LVL5:
  19:/home/tienluong/workspace/atlantis_fw/platform/common/lightheader/src/time_stamp.pb-c.c ****   assert(message->base.descriptor == &ltpb__time_stamp__descriptor);
  72              		.loc 1 19 0
  73 0000 0268     		ldr	r2, [r0]
  74 0002 064B     		ldr	r3, .L7
  18:/home/tienluong/workspace/atlantis_fw/platform/common/lightheader/src/time_stamp.pb-c.c ****   assert(message->base.descriptor == &ltpb__time_stamp__descriptor);
  75              		.loc 1 18 0
  76 0004 10B5     		push	{r4, lr}
  77              	.LCFI1:
  78              		.cfi_def_cfa_offset 8
  79              		.cfi_offset 4, -8
  80              		.cfi_offset 14, -4
  81              		.loc 1 19 0
  82 0006 9A42     		cmp	r2, r3
  18:/home/tienluong/workspace/atlantis_fw/platform/common/lightheader/src/time_stamp.pb-c.c ****   assert(message->base.descriptor == &ltpb__time_stamp__descriptor);
  83              		.loc 1 18 0
  84 0008 0446     		mov	r4, r0
  85              		.loc 1 19 0
  86 000a 03D0     		beq	.L5
  87              		.loc 1 19 0 is_stmt 0 discriminator 1
  88 000c 0448     		ldr	r0, .L7+4
  89              	.LVL6:
  90 000e 1321     		movs	r1, #19
  91 0010 044B     		ldr	r3, .L7+8
  92 0012 9847     		blx	r3
  93              	.LVL7:
  94              	.L5:
  20:/home/tienluong/workspace/atlantis_fw/platform/common/lightheader/src/time_stamp.pb-c.c ****   return protobuf_c_message_get_packed_size ((const ProtobufCMessage*)(message));
  95              		.loc 1 20 0 is_stmt 1
  96 0014 2046     		mov	r0, r4
  97 0016 044B     		ldr	r3, .L7+12
  98 0018 9847     		blx	r3
  99              	.LVL8:
  21:/home/tienluong/workspace/atlantis_fw/platform/common/lightheader/src/time_stamp.pb-c.c **** }
 100              		.loc 1 21 0
 101 001a 10BD     		pop	{r4, pc}
 102              	.LVL9:
 103              	.L8:
 104              		.align	2
 105              	.L7:
 106 001c 00000000 		.word	.LANCHOR1
 107 0020 00000000 		.word	.LANCHOR2
 108 0024 00000000 		.word	assert_failed
 109 0028 00000000 		.word	protobuf_c_message_get_packed_size
 110              		.cfi_endproc
 111              	.LFE2:
 113              		.section	.text.ltpb__time_stamp__pack,"ax",%progbits
 114              		.align	1
 115              		.global	ltpb__time_stamp__pack
 116              		.thumb
 117              		.thumb_func
 119              	ltpb__time_stamp__pack:
 120              	.LFB3:
  22:/home/tienluong/workspace/atlantis_fw/platform/common/lightheader/src/time_stamp.pb-c.c **** LIGHT_HEADER_FUNC size_t ltpb__time_stamp__pack
  23:/home/tienluong/workspace/atlantis_fw/platform/common/lightheader/src/time_stamp.pb-c.c ****                      (const Ltpb__TimeStamp *message,
  24:/home/tienluong/workspace/atlantis_fw/platform/common/lightheader/src/time_stamp.pb-c.c ****                       uint8_t       *out)
  25:/home/tienluong/workspace/atlantis_fw/platform/common/lightheader/src/time_stamp.pb-c.c **** {
 121              		.loc 1 25 0
 122              		.cfi_startproc
 123              		@ args = 0, pretend = 0, frame = 0
 124              		@ frame_needed = 0, uses_anonymous_args = 0
 125              	.LVL10:
 126 0000 38B5     		push	{r3, r4, r5, lr}
 127              	.LCFI2:
 128              		.cfi_def_cfa_offset 16
 129              		.cfi_offset 3, -16
 130              		.cfi_offset 4, -12
 131              		.cfi_offset 5, -8
 132              		.cfi_offset 14, -4
  26:/home/tienluong/workspace/atlantis_fw/platform/common/lightheader/src/time_stamp.pb-c.c ****   assert(message->base.descriptor == &ltpb__time_stamp__descriptor);
 133              		.loc 1 26 0
 134 0002 0268     		ldr	r2, [r0]
  25:/home/tienluong/workspace/atlantis_fw/platform/common/lightheader/src/time_stamp.pb-c.c ****   assert(message->base.descriptor == &ltpb__time_stamp__descriptor);
 135              		.loc 1 25 0
 136 0004 0446     		mov	r4, r0
 137              		.loc 1 26 0
 138 0006 064B     		ldr	r3, .L11
  25:/home/tienluong/workspace/atlantis_fw/platform/common/lightheader/src/time_stamp.pb-c.c ****   assert(message->base.descriptor == &ltpb__time_stamp__descriptor);
 139              		.loc 1 25 0
 140 0008 0D46     		mov	r5, r1
 141              		.loc 1 26 0
 142 000a 9A42     		cmp	r2, r3
 143 000c 03D0     		beq	.L10
 144              		.loc 1 26 0 is_stmt 0 discriminator 1
 145 000e 0548     		ldr	r0, .L11+4
 146              	.LVL11:
 147 0010 1A21     		movs	r1, #26
 148              	.LVL12:
 149 0012 054B     		ldr	r3, .L11+8
 150 0014 9847     		blx	r3
 151              	.LVL13:
 152              	.L10:
  27:/home/tienluong/workspace/atlantis_fw/platform/common/lightheader/src/time_stamp.pb-c.c ****   return protobuf_c_message_pack ((const ProtobufCMessage*)message, out);
 153              		.loc 1 27 0 is_stmt 1
 154 0016 2046     		mov	r0, r4
 155 0018 2946     		mov	r1, r5
 156 001a 044B     		ldr	r3, .L11+12
 157 001c 9847     		blx	r3
 158              	.LVL14:
  28:/home/tienluong/workspace/atlantis_fw/platform/common/lightheader/src/time_stamp.pb-c.c **** }
 159              		.loc 1 28 0
 160 001e 38BD     		pop	{r3, r4, r5, pc}
 161              	.LVL15:
 162              	.L12:
 163              		.align	2
 164              	.L11:
 165 0020 00000000 		.word	.LANCHOR1
 166 0024 00000000 		.word	.LANCHOR3
 167 0028 00000000 		.word	assert_failed
 168 002c 00000000 		.word	protobuf_c_message_pack
 169              		.cfi_endproc
 170              	.LFE3:
 172              		.section	.text.ltpb__time_stamp__pack_to_buffer,"ax",%progbits
 173              		.align	1
 174              		.global	ltpb__time_stamp__pack_to_buffer
 175              		.thumb
 176              		.thumb_func
 178              	ltpb__time_stamp__pack_to_buffer:
 179              	.LFB4:
  29:/home/tienluong/workspace/atlantis_fw/platform/common/lightheader/src/time_stamp.pb-c.c **** LIGHT_HEADER_FUNC size_t ltpb__time_stamp__pack_to_buffer
  30:/home/tienluong/workspace/atlantis_fw/platform/common/lightheader/src/time_stamp.pb-c.c ****                      (const Ltpb__TimeStamp *message,
  31:/home/tienluong/workspace/atlantis_fw/platform/common/lightheader/src/time_stamp.pb-c.c ****                       ProtobufCBuffer *buffer)
  32:/home/tienluong/workspace/atlantis_fw/platform/common/lightheader/src/time_stamp.pb-c.c **** {
 180              		.loc 1 32 0
 181              		.cfi_startproc
 182              		@ args = 0, pretend = 0, frame = 0
 183              		@ frame_needed = 0, uses_anonymous_args = 0
 184              	.LVL16:
 185 0000 38B5     		push	{r3, r4, r5, lr}
 186              	.LCFI3:
 187              		.cfi_def_cfa_offset 16
 188              		.cfi_offset 3, -16
 189              		.cfi_offset 4, -12
 190              		.cfi_offset 5, -8
 191              		.cfi_offset 14, -4
  33:/home/tienluong/workspace/atlantis_fw/platform/common/lightheader/src/time_stamp.pb-c.c ****   assert(message->base.descriptor == &ltpb__time_stamp__descriptor);
 192              		.loc 1 33 0
 193 0002 0268     		ldr	r2, [r0]
  32:/home/tienluong/workspace/atlantis_fw/platform/common/lightheader/src/time_stamp.pb-c.c ****   assert(message->base.descriptor == &ltpb__time_stamp__descriptor);
 194              		.loc 1 32 0
 195 0004 0446     		mov	r4, r0
 196              		.loc 1 33 0
 197 0006 064B     		ldr	r3, .L15
  32:/home/tienluong/workspace/atlantis_fw/platform/common/lightheader/src/time_stamp.pb-c.c ****   assert(message->base.descriptor == &ltpb__time_stamp__descriptor);
 198              		.loc 1 32 0
 199 0008 0D46     		mov	r5, r1
 200              		.loc 1 33 0
 201 000a 9A42     		cmp	r2, r3
 202 000c 03D0     		beq	.L14
 203              		.loc 1 33 0 is_stmt 0 discriminator 1
 204 000e 0548     		ldr	r0, .L15+4
 205              	.LVL17:
 206 0010 2121     		movs	r1, #33
 207              	.LVL18:
 208 0012 054B     		ldr	r3, .L15+8
 209 0014 9847     		blx	r3
 210              	.LVL19:
 211              	.L14:
  34:/home/tienluong/workspace/atlantis_fw/platform/common/lightheader/src/time_stamp.pb-c.c ****   return protobuf_c_message_pack_to_buffer ((const ProtobufCMessage*)message, buffer);
 212              		.loc 1 34 0 is_stmt 1
 213 0016 2046     		mov	r0, r4
 214 0018 2946     		mov	r1, r5
 215 001a 044B     		ldr	r3, .L15+12
 216 001c 9847     		blx	r3
 217              	.LVL20:
  35:/home/tienluong/workspace/atlantis_fw/platform/common/lightheader/src/time_stamp.pb-c.c **** }
 218              		.loc 1 35 0
 219 001e 38BD     		pop	{r3, r4, r5, pc}
 220              	.LVL21:
 221              	.L16:
 222              		.align	2
 223              	.L15:
 224 0020 00000000 		.word	.LANCHOR1
 225 0024 00000000 		.word	.LANCHOR4
 226 0028 00000000 		.word	assert_failed
 227 002c 00000000 		.word	protobuf_c_message_pack_to_buffer
 228              		.cfi_endproc
 229              	.LFE4:
 231              		.section	.text.ltpb__time_stamp__unpack,"ax",%progbits
 232              		.align	1
 233              		.global	ltpb__time_stamp__unpack
 234              		.thumb
 235              		.thumb_func
 237              	ltpb__time_stamp__unpack:
 238              	.LFB5:
  36:/home/tienluong/workspace/atlantis_fw/platform/common/lightheader/src/time_stamp.pb-c.c **** LIGHT_HEADER_FUNC Ltpb__TimeStamp *
  37:/home/tienluong/workspace/atlantis_fw/platform/common/lightheader/src/time_stamp.pb-c.c ****        ltpb__time_stamp__unpack
  38:/home/tienluong/workspace/atlantis_fw/platform/common/lightheader/src/time_stamp.pb-c.c ****                      (ProtobufCAllocator  *allocator,
  39:/home/tienluong/workspace/atlantis_fw/platform/common/lightheader/src/time_stamp.pb-c.c ****                       size_t               len,
  40:/home/tienluong/workspace/atlantis_fw/platform/common/lightheader/src/time_stamp.pb-c.c ****                       const uint8_t       *data)
  41:/home/tienluong/workspace/atlantis_fw/platform/common/lightheader/src/time_stamp.pb-c.c **** {
 239              		.loc 1 41 0
 240              		.cfi_startproc
 241              		@ args = 0, pretend = 0, frame = 0
 242              		@ frame_needed = 0, uses_anonymous_args = 0
 243              	.LVL22:
 244 0000 38B5     		push	{r3, r4, r5, lr}
 245              	.LCFI4:
 246              		.cfi_def_cfa_offset 16
 247              		.cfi_offset 3, -16
 248              		.cfi_offset 4, -12
 249              		.cfi_offset 5, -8
 250              		.cfi_offset 14, -4
 251              		.loc 1 41 0
 252 0002 0546     		mov	r5, r0
 253 0004 0C46     		mov	r4, r1
 254 0006 1346     		mov	r3, r2
  42:/home/tienluong/workspace/atlantis_fw/platform/common/lightheader/src/time_stamp.pb-c.c ****   return (Ltpb__TimeStamp *)
 255              		.loc 1 42 0
 256 0008 2946     		mov	r1, r5
 257              	.LVL23:
 258 000a 2246     		mov	r2, r4
 259              	.LVL24:
 260 000c 0148     		ldr	r0, .L18
 261              	.LVL25:
 262 000e 024C     		ldr	r4, .L18+4
 263              	.LVL26:
 264 0010 A047     		blx	r4
 265              	.LVL27:
  43:/home/tienluong/workspace/atlantis_fw/platform/common/lightheader/src/time_stamp.pb-c.c ****      protobuf_c_message_unpack (&ltpb__time_stamp__descriptor,
  44:/home/tienluong/workspace/atlantis_fw/platform/common/lightheader/src/time_stamp.pb-c.c ****                                 allocator, len, data);
  45:/home/tienluong/workspace/atlantis_fw/platform/common/lightheader/src/time_stamp.pb-c.c **** }
 266              		.loc 1 45 0
 267 0012 38BD     		pop	{r3, r4, r5, pc}
 268              	.LVL28:
 269              	.L19:
 270              		.align	2
 271              	.L18:
 272 0014 00000000 		.word	.LANCHOR1
 273 0018 00000000 		.word	protobuf_c_message_unpack
 274              		.cfi_endproc
 275              	.LFE5:
 277              		.section	.text.ltpb__time_stamp__free_unpacked,"ax",%progbits
 278              		.align	1
 279              		.global	ltpb__time_stamp__free_unpacked
 280              		.thumb
 281              		.thumb_func
 283              	ltpb__time_stamp__free_unpacked:
 284              	.LFB6:
  46:/home/tienluong/workspace/atlantis_fw/platform/common/lightheader/src/time_stamp.pb-c.c **** LIGHT_HEADER_FUNC void   ltpb__time_stamp__free_unpacked
  47:/home/tienluong/workspace/atlantis_fw/platform/common/lightheader/src/time_stamp.pb-c.c ****                      (Ltpb__TimeStamp *message,
  48:/home/tienluong/workspace/atlantis_fw/platform/common/lightheader/src/time_stamp.pb-c.c ****                       ProtobufCAllocator *allocator)
  49:/home/tienluong/workspace/atlantis_fw/platform/common/lightheader/src/time_stamp.pb-c.c **** {
 285              		.loc 1 49 0
 286              		.cfi_startproc
 287              		@ args = 0, pretend = 0, frame = 0
 288              		@ frame_needed = 0, uses_anonymous_args = 0
 289              	.LVL29:
 290 0000 38B5     		push	{r3, r4, r5, lr}
 291              	.LCFI5:
 292              		.cfi_def_cfa_offset 16
 293              		.cfi_offset 3, -16
 294              		.cfi_offset 4, -12
 295              		.cfi_offset 5, -8
 296              		.cfi_offset 14, -4
  50:/home/tienluong/workspace/atlantis_fw/platform/common/lightheader/src/time_stamp.pb-c.c ****   assert(message->base.descriptor == &ltpb__time_stamp__descriptor);
 297              		.loc 1 50 0
 298 0002 0268     		ldr	r2, [r0]
  49:/home/tienluong/workspace/atlantis_fw/platform/common/lightheader/src/time_stamp.pb-c.c ****   assert(message->base.descriptor == &ltpb__time_stamp__descriptor);
 299              		.loc 1 49 0
 300 0004 0446     		mov	r4, r0
 301              		.loc 1 50 0
 302 0006 064B     		ldr	r3, .L22
  49:/home/tienluong/workspace/atlantis_fw/platform/common/lightheader/src/time_stamp.pb-c.c ****   assert(message->base.descriptor == &ltpb__time_stamp__descriptor);
 303              		.loc 1 49 0
 304 0008 0D46     		mov	r5, r1
 305              		.loc 1 50 0
 306 000a 9A42     		cmp	r2, r3
 307 000c 03D0     		beq	.L21
 308              		.loc 1 50 0 is_stmt 0 discriminator 1
 309 000e 0548     		ldr	r0, .L22+4
 310              	.LVL30:
 311 0010 3221     		movs	r1, #50
 312              	.LVL31:
 313 0012 054B     		ldr	r3, .L22+8
 314 0014 9847     		blx	r3
 315              	.LVL32:
 316              	.L21:
  51:/home/tienluong/workspace/atlantis_fw/platform/common/lightheader/src/time_stamp.pb-c.c ****   protobuf_c_message_free_unpacked ((ProtobufCMessage*)message, allocator);
 317              		.loc 1 51 0 is_stmt 1
 318 0016 2046     		mov	r0, r4
 319 0018 2946     		mov	r1, r5
 320 001a 044B     		ldr	r3, .L22+12
 321 001c 9847     		blx	r3
 322              	.LVL33:
 323 001e 38BD     		pop	{r3, r4, r5, pc}
 324              	.LVL34:
 325              	.L23:
 326              		.align	2
 327              	.L22:
 328 0020 00000000 		.word	.LANCHOR1
 329 0024 00000000 		.word	.LANCHOR5
 330 0028 00000000 		.word	assert_failed
 331 002c 00000000 		.word	protobuf_c_message_free_unpacked
 332              		.cfi_endproc
 333              	.LFE6:
 335              		.global	ltpb__time_stamp__descriptor
 336              		.section	.rodata.__FUNCTION__.6444,"a",%progbits
 337              		.set	.LANCHOR4,. + 0
 340              	__FUNCTION__.6444:
 341 0000 6C747062 		.ascii	"ltpb__time_stamp__pack_to_buffer\000"
 341      5F5F7469 
 341      6D655F73 
 341      74616D70 
 341      5F5F7061 
 342              		.section	.rodata.ltpb__time_stamp__number_ranges,"a",%progbits
 343              		.align	2
 346              	ltpb__time_stamp__number_ranges:
 347 0000 01000000 		.word	1
 348 0004 00000000 		.word	0
 349 0008 00000000 		.word	0
 350 000c 06000000 		.word	6
 351              		.section	.rodata.init_value.6430,"a",%progbits
 352              		.align	2
 353              		.set	.LANCHOR0,. + 0
 356              	init_value.6430:
 357 0000 00000000 		.word	ltpb__time_stamp__descriptor
 358 0004 00000000 		.word	0
 359 0008 00000000 		.word	0
 360 000c 00000000 		.word	0
 361 0010 00000000 		.word	0
 362 0014 00000000 		.word	0
 363 0018 00000000 		.word	0
 364 001c 00000000 		.word	0
 365 0020 00000000 		.word	0
 366              		.section	.rodata.ltpb__time_stamp__field_descriptors,"a",%progbits
 367              		.align	2
 370              	ltpb__time_stamp__field_descriptors:
 371 0000 2E000000 		.word	.LC4
 372 0004 01000000 		.word	1
 373 0008 00       		.byte	0
 374 0009 06       		.byte	6
 375 000a 0000     		.space	2
 376 000c 00000000 		.word	0
 377 0010 0C000000 		.word	12
 378 0014 00000000 		.word	0
 379 0018 00000000 		.word	0
 380 001c 00000000 		.word	0
 381 0020 00000000 		.word	0
 382 0024 00000000 		.word	0
 383 0028 00000000 		.word	0
 384 002c 33000000 		.word	.LC5
 385 0030 02000000 		.word	2
 386 0034 00       		.byte	0
 387 0035 06       		.byte	6
 388 0036 0000     		.space	2
 389 0038 00000000 		.word	0
 390 003c 10000000 		.word	16
 391 0040 00000000 		.word	0
 392 0044 00000000 		.word	0
 393 0048 00000000 		.word	0
 394 004c 00000000 		.word	0
 395 0050 00000000 		.word	0
 396 0054 00000000 		.word	0
 397 0058 39000000 		.word	.LC6
 398 005c 03000000 		.word	3
 399 0060 00       		.byte	0
 400 0061 06       		.byte	6
 401 0062 0000     		.space	2
 402 0064 00000000 		.word	0
 403 0068 14000000 		.word	20
 404 006c 00000000 		.word	0
 405 0070 00000000 		.word	0
 406 0074 00000000 		.word	0
 407 0078 00000000 		.word	0
 408 007c 00000000 		.word	0
 409 0080 00000000 		.word	0
 410 0084 3D000000 		.word	.LC7
 411 0088 04000000 		.word	4
 412 008c 00       		.byte	0
 413 008d 06       		.byte	6
 414 008e 0000     		.space	2
 415 0090 00000000 		.word	0
 416 0094 18000000 		.word	24
 417 0098 00000000 		.word	0
 418 009c 00000000 		.word	0
 419 00a0 00000000 		.word	0
 420 00a4 00000000 		.word	0
 421 00a8 00000000 		.word	0
 422 00ac 00000000 		.word	0
 423 00b0 42000000 		.word	.LC8
 424 00b4 05000000 		.word	5
 425 00b8 00       		.byte	0
 426 00b9 06       		.byte	6
 427 00ba 0000     		.space	2
 428 00bc 00000000 		.word	0
 429 00c0 1C000000 		.word	28
 430 00c4 00000000 		.word	0
 431 00c8 00000000 		.word	0
 432 00cc 00000000 		.word	0
 433 00d0 00000000 		.word	0
 434 00d4 00000000 		.word	0
 435 00d8 00000000 		.word	0
 436 00dc 49000000 		.word	.LC9
 437 00e0 06000000 		.word	6
 438 00e4 00       		.byte	0
 439 00e5 06       		.byte	6
 440 00e6 0000     		.space	2
 441 00e8 00000000 		.word	0
 442 00ec 20000000 		.word	32
 443 00f0 00000000 		.word	0
 444 00f4 00000000 		.word	0
 445 00f8 00000000 		.word	0
 446 00fc 00000000 		.word	0
 447 0100 00000000 		.word	0
 448 0104 00000000 		.word	0
 449              		.section	.rodata.ltpb__time_stamp__field_indices_by_name,"a",%progbits
 450              		.align	2
 453              	ltpb__time_stamp__field_indices_by_name:
 454 0000 02000000 		.word	2
 455 0004 03000000 		.word	3
 456 0008 04000000 		.word	4
 457 000c 01000000 		.word	1
 458 0010 05000000 		.word	5
 459 0014 00000000 		.word	0
 460              		.section	.rodata.str1.1,"aMS",%progbits,1
 461              	.LC0:
 462 0000 6C747062 		.ascii	"ltpb.TimeStamp\000"
 462      2E54696D 
 462      65537461 
 462      6D7000
 463              	.LC1:
 464 000f 54696D65 		.ascii	"TimeStamp\000"
 464      5374616D 
 464      7000
 465              	.LC2:
 466 0019 4C747062 		.ascii	"Ltpb__TimeStamp\000"
 466      5F5F5469 
 466      6D655374 
 466      616D7000 
 467              	.LC3:
 468 0029 6C747062 		.ascii	"ltpb\000"
 468      00
 469              	.LC4:
 470 002e 79656172 		.ascii	"year\000"
 470      00
 471              	.LC5:
 472 0033 6D6F6E74 		.ascii	"month\000"
 472      6800
 473              	.LC6:
 474 0039 64617900 		.ascii	"day\000"
 475              	.LC7:
 476 003d 686F7572 		.ascii	"hour\000"
 476      00
 477              	.LC8:
 478 0042 6D696E75 		.ascii	"minute\000"
 478      746500
 479              	.LC9:
 480 0049 7365636F 		.ascii	"second\000"
 480      6E6400
 481              		.section	.rodata.ltpb__time_stamp__descriptor,"a",%progbits
 482              		.align	2
 483              		.set	.LANCHOR1,. + 0
 486              	ltpb__time_stamp__descriptor:
 487 0000 F9EEAA28 		.word	682290937
 488 0004 00000000 		.word	.LC0
 489 0008 0F000000 		.word	.LC1
 490 000c 19000000 		.word	.LC2
 491 0010 29000000 		.word	.LC3
 492 0014 24000000 		.word	36
 493 0018 06000000 		.word	6
 494 001c 00000000 		.word	ltpb__time_stamp__field_descriptors
 495 0020 00000000 		.word	ltpb__time_stamp__field_indices_by_name
 496 0024 01000000 		.word	1
 497 0028 00000000 		.word	ltpb__time_stamp__number_ranges
 498 002c 00000000 		.word	ltpb__time_stamp__init
 499 0030 00000000 		.word	0
 500 0034 00000000 		.word	0
 501 0038 00000000 		.word	0
 502              		.section	.rodata.__FUNCTION__.6434,"a",%progbits
 503              		.set	.LANCHOR2,. + 0
 506              	__FUNCTION__.6434:
 507 0000 6C747062 		.ascii	"ltpb__time_stamp__get_packed_size\000"
 507      5F5F7469 
 507      6D655F73 
 507      74616D70 
 507      5F5F6765 
 508              		.section	.rodata.__FUNCTION__.6439,"a",%progbits
 509              		.set	.LANCHOR3,. + 0
 512              	__FUNCTION__.6439:
 513 0000 6C747062 		.ascii	"ltpb__time_stamp__pack\000"
 513      5F5F7469 
 513      6D655F73 
 513      74616D70 
 513      5F5F7061 
 514              		.section	.rodata.__FUNCTION__.6454,"a",%progbits
 515              		.set	.LANCHOR5,. + 0
 518              	__FUNCTION__.6454:
 519 0000 6C747062 		.ascii	"ltpb__time_stamp__free_unpacked\000"
 519      5F5F7469 
 519      6D655F73 
 519      74616D70 
 519      5F5F6672 
 520              		.text
 521              	.Letext0:
 522              		.file 2 "/opt/toolchains/gcc-arm-none-eabi-4_9-2015q1/arm-none-eabi/include/machine/_default_types
 523              		.file 3 "/opt/toolchains/gcc-arm-none-eabi-4_9-2015q1/lib/gcc/arm-none-eabi/4.9.3/include/stddef.h
 524              		.file 4 "/opt/toolchains/gcc-arm-none-eabi-4_9-2015q1/arm-none-eabi/include/stdint.h"
 525              		.file 5 "/home/tienluong/workspace/atlantis_fw/platform/os/Source/portable/GCC/cortex-r4/portmacro
 526              		.file 6 "/home/tienluong/workspace/atlantis_fw/platform/common/lightheader/include/protobuf-c/prot
 527              		.file 7 "/home/tienluong/workspace/atlantis_fw/platform/common/lightheader/include/time_stamp.pb-c
DEFINED SYMBOLS
                            *ABS*:00000000 time_stamp.pb-c.c
     /tmp/ccTwHEq5.s:19     .text.ltpb__time_stamp__init:00000000 $t
     /tmp/ccTwHEq5.s:24     .text.ltpb__time_stamp__init:00000000 ltpb__time_stamp__init
     /tmp/ccTwHEq5.s:55     .text.ltpb__time_stamp__init:00000014 $d
     /tmp/ccTwHEq5.s:60     .text.ltpb__time_stamp__get_packed_size:00000000 $t
     /tmp/ccTwHEq5.s:65     .text.ltpb__time_stamp__get_packed_size:00000000 ltpb__time_stamp__get_packed_size
     /tmp/ccTwHEq5.s:106    .text.ltpb__time_stamp__get_packed_size:0000001c $d
     /tmp/ccTwHEq5.s:114    .text.ltpb__time_stamp__pack:00000000 $t
     /tmp/ccTwHEq5.s:119    .text.ltpb__time_stamp__pack:00000000 ltpb__time_stamp__pack
     /tmp/ccTwHEq5.s:165    .text.ltpb__time_stamp__pack:00000020 $d
     /tmp/ccTwHEq5.s:173    .text.ltpb__time_stamp__pack_to_buffer:00000000 $t
     /tmp/ccTwHEq5.s:178    .text.ltpb__time_stamp__pack_to_buffer:00000000 ltpb__time_stamp__pack_to_buffer
     /tmp/ccTwHEq5.s:224    .text.ltpb__time_stamp__pack_to_buffer:00000020 $d
     /tmp/ccTwHEq5.s:232    .text.ltpb__time_stamp__unpack:00000000 $t
     /tmp/ccTwHEq5.s:237    .text.ltpb__time_stamp__unpack:00000000 ltpb__time_stamp__unpack
     /tmp/ccTwHEq5.s:272    .text.ltpb__time_stamp__unpack:00000014 $d
     /tmp/ccTwHEq5.s:278    .text.ltpb__time_stamp__free_unpacked:00000000 $t
     /tmp/ccTwHEq5.s:283    .text.ltpb__time_stamp__free_unpacked:00000000 ltpb__time_stamp__free_unpacked
     /tmp/ccTwHEq5.s:328    .text.ltpb__time_stamp__free_unpacked:00000020 $d
     /tmp/ccTwHEq5.s:486    .rodata.ltpb__time_stamp__descriptor:00000000 ltpb__time_stamp__descriptor
     /tmp/ccTwHEq5.s:340    .rodata.__FUNCTION__.6444:00000000 __FUNCTION__.6444
     /tmp/ccTwHEq5.s:343    .rodata.ltpb__time_stamp__number_ranges:00000000 $d
     /tmp/ccTwHEq5.s:346    .rodata.ltpb__time_stamp__number_ranges:00000000 ltpb__time_stamp__number_ranges
     /tmp/ccTwHEq5.s:352    .rodata.init_value.6430:00000000 $d
     /tmp/ccTwHEq5.s:356    .rodata.init_value.6430:00000000 init_value.6430
     /tmp/ccTwHEq5.s:367    .rodata.ltpb__time_stamp__field_descriptors:00000000 $d
     /tmp/ccTwHEq5.s:370    .rodata.ltpb__time_stamp__field_descriptors:00000000 ltpb__time_stamp__field_descriptors
     /tmp/ccTwHEq5.s:450    .rodata.ltpb__time_stamp__field_indices_by_name:00000000 $d
     /tmp/ccTwHEq5.s:453    .rodata.ltpb__time_stamp__field_indices_by_name:00000000 ltpb__time_stamp__field_indices_by_name
     /tmp/ccTwHEq5.s:482    .rodata.ltpb__time_stamp__descriptor:00000000 $d
     /tmp/ccTwHEq5.s:506    .rodata.__FUNCTION__.6434:00000000 __FUNCTION__.6434
     /tmp/ccTwHEq5.s:512    .rodata.__FUNCTION__.6439:00000000 __FUNCTION__.6439
     /tmp/ccTwHEq5.s:518    .rodata.__FUNCTION__.6454:00000000 __FUNCTION__.6454
                     .debug_frame:00000010 $d

UNDEFINED SYMBOLS
assert_failed
protobuf_c_message_get_packed_size
protobuf_c_message_pack
protobuf_c_message_pack_to_buffer
protobuf_c_message_unpack
protobuf_c_message_free_unpacked
