   1              		.syntax unified
   2              		.cpu cortex-r4
   3              		.fpu softvfp
   4              		.eabi_attribute 20, 1
   5              		.eabi_attribute 21, 1
   6              		.eabi_attribute 23, 3
   7              		.eabi_attribute 24, 1
   8              		.eabi_attribute 25, 1
   9              		.eabi_attribute 26, 1
  10              		.eabi_attribute 30, 4
  11              		.eabi_attribute 34, 1
  12              		.eabi_attribute 18, 4
  13              		.thumb
  14              		.file	"timestamp.c"
  15              		.text
  16              	.Ltext0:
  17              		.cfi_sections	.debug_frame
  18              		.section	.text.timestamp_start,"ax",%progbits
  19              		.align	1
  20              		.global	timestamp_start
  21              		.thumb
  22              		.thumb_func
  24              	timestamp_start:
  25              	.LFB0:
  26              		.file 1 "/home/tienluong/workspace/atlantis_fw/platform/common/timestamp.c"
   1:/home/tienluong/workspace/atlantis_fw/platform/common/timestamp.c **** /*******************************************************************************
   2:/home/tienluong/workspace/atlantis_fw/platform/common/timestamp.c ****  * Copyright (c) 2016, The LightCo
   3:/home/tienluong/workspace/atlantis_fw/platform/common/timestamp.c ****  * All rights reserved.
   4:/home/tienluong/workspace/atlantis_fw/platform/common/timestamp.c ****  * Redistribution and use in source and binary forms, with or without
   5:/home/tienluong/workspace/atlantis_fw/platform/common/timestamp.c ****  * modification,are strictly prohibited without prior permission of The LightCo.
   6:/home/tienluong/workspace/atlantis_fw/platform/common/timestamp.c ****  *
   7:/home/tienluong/workspace/atlantis_fw/platform/common/timestamp.c ****  * @file    timestamp.c
   8:/home/tienluong/workspace/atlantis_fw/platform/common/timestamp.c ****  * @author  The LightCo
   9:/home/tienluong/workspace/atlantis_fw/platform/common/timestamp.c ****  * @version V1.0.0
  10:/home/tienluong/workspace/atlantis_fw/platform/common/timestamp.c ****  * @date    Mar-21-2016
  11:/home/tienluong/workspace/atlantis_fw/platform/common/timestamp.c ****  * @brief   This file contains expand of the timestamp driver
  12:/home/tienluong/workspace/atlantis_fw/platform/common/timestamp.c ****  *
  13:/home/tienluong/workspace/atlantis_fw/platform/common/timestamp.c ****  ******************************************************************************/
  14:/home/tienluong/workspace/atlantis_fw/platform/common/timestamp.c **** /* Includes ------------------------------------------------------------------*/
  15:/home/tienluong/workspace/atlantis_fw/platform/common/timestamp.c **** #include "hal_timer.h"
  16:/home/tienluong/workspace/atlantis_fw/platform/common/timestamp.c **** 
  17:/home/tienluong/workspace/atlantis_fw/platform/common/timestamp.c **** #define TIMESTAMP_TIMER_ID				HAL_TIM_CH1
  18:/home/tienluong/workspace/atlantis_fw/platform/common/timestamp.c **** #define TIMESTAMP_BOARD_CLOCK			50000000
  19:/home/tienluong/workspace/atlantis_fw/platform/common/timestamp.c **** 
  20:/home/tienluong/workspace/atlantis_fw/platform/common/timestamp.c **** /* Local variable ------------------------------------------------------------*/
  21:/home/tienluong/workspace/atlantis_fw/platform/common/timestamp.c **** static hal_timer_t timer_stamp =
  22:/home/tienluong/workspace/atlantis_fw/platform/common/timestamp.c **** {
  23:/home/tienluong/workspace/atlantis_fw/platform/common/timestamp.c **** 	.chid             = TIMESTAMP_TIMER_ID,
  24:/home/tienluong/workspace/atlantis_fw/platform/common/timestamp.c **** 	.period           = 1000,
  25:/home/tienluong/workspace/atlantis_fw/platform/common/timestamp.c **** 	.callback_handler = NULL
  26:/home/tienluong/workspace/atlantis_fw/platform/common/timestamp.c **** };
  27:/home/tienluong/workspace/atlantis_fw/platform/common/timestamp.c **** 
  28:/home/tienluong/workspace/atlantis_fw/platform/common/timestamp.c **** /* Exported functions --------------------------------------------------------*/
  29:/home/tienluong/workspace/atlantis_fw/platform/common/timestamp.c **** /*
  30:/home/tienluong/workspace/atlantis_fw/platform/common/timestamp.c ****  * timestamp_start(void)
  31:/home/tienluong/workspace/atlantis_fw/platform/common/timestamp.c ****  * The function starts time stamp driver
  32:/home/tienluong/workspace/atlantis_fw/platform/common/timestamp.c ****  */
  33:/home/tienluong/workspace/atlantis_fw/platform/common/timestamp.c **** void timestamp_start(void)
  34:/home/tienluong/workspace/atlantis_fw/platform/common/timestamp.c **** {
  27              		.loc 1 34 0
  28              		.cfi_startproc
  29              		@ args = 0, pretend = 0, frame = 0
  30              		@ frame_needed = 0, uses_anonymous_args = 0
  31 0000 10B5     		push	{r4, lr}
  32              	.LCFI0:
  33              		.cfi_def_cfa_offset 8
  34              		.cfi_offset 4, -8
  35              		.cfi_offset 14, -4
  35:/home/tienluong/workspace/atlantis_fw/platform/common/timestamp.c **** 	hal_timer_stop(timer_stamp.chid);
  36              		.loc 1 35 0
  37 0002 084B     		ldr	r3, .L2
  38 0004 084C     		ldr	r4, .L2+4
  39 0006 2078     		ldrb	r0, [r4]	@ zero_extendqisi2
  40 0008 9847     		blx	r3
  41              	.LVL0:
  36:/home/tienluong/workspace/atlantis_fw/platform/common/timestamp.c **** 	hal_timer_init(&timer_stamp);
  42              		.loc 1 36 0
  43 000a 2046     		mov	r0, r4
  44 000c 074B     		ldr	r3, .L2+8
  45 000e 9847     		blx	r3
  46              	.LVL1:
  37:/home/tienluong/workspace/atlantis_fw/platform/common/timestamp.c **** 	hal_timer_set_period(timer_stamp.chid, 0xFFFFFFFF);
  47              		.loc 1 37 0
  48 0010 2078     		ldrb	r0, [r4]	@ zero_extendqisi2
  49 0012 4FF0FF31 		mov	r1, #-1
  50 0016 064B     		ldr	r3, .L2+12
  51 0018 9847     		blx	r3
  52              	.LVL2:
  38:/home/tienluong/workspace/atlantis_fw/platform/common/timestamp.c **** 	hal_timer_start(timer_stamp.chid);
  53              		.loc 1 38 0
  54 001a 2078     		ldrb	r0, [r4]	@ zero_extendqisi2
  55 001c 054B     		ldr	r3, .L2+16
  56 001e 9847     		blx	r3
  57              	.LVL3:
  58 0020 10BD     		pop	{r4, pc}
  59              	.L3:
  60 0022 00BF     		.align	2
  61              	.L2:
  62 0024 00000000 		.word	hal_timer_stop
  63 0028 00000000 		.word	.LANCHOR0
  64 002c 00000000 		.word	hal_timer_init
  65 0030 00000000 		.word	hal_timer_set_period
  66 0034 00000000 		.word	hal_timer_start
  67              		.cfi_endproc
  68              	.LFE0:
  70              		.section	.text.timestamp_ms,"ax",%progbits
  71              		.align	1
  72              		.global	timestamp_ms
  73              		.thumb
  74              		.thumb_func
  76              	timestamp_ms:
  77              	.LFB1:
  39:/home/tienluong/workspace/atlantis_fw/platform/common/timestamp.c **** }
  40:/home/tienluong/workspace/atlantis_fw/platform/common/timestamp.c **** 
  41:/home/tienluong/workspace/atlantis_fw/platform/common/timestamp.c **** /*
  42:/home/tienluong/workspace/atlantis_fw/platform/common/timestamp.c ****  * timestamp_ms(void)
  43:/home/tienluong/workspace/atlantis_fw/platform/common/timestamp.c ****  * The function reads time stamp value from start point
  44:/home/tienluong/workspace/atlantis_fw/platform/common/timestamp.c ****  */
  45:/home/tienluong/workspace/atlantis_fw/platform/common/timestamp.c **** unsigned int timestamp_ms(void)
  46:/home/tienluong/workspace/atlantis_fw/platform/common/timestamp.c **** {
  78              		.loc 1 46 0
  79              		.cfi_startproc
  80              		@ args = 0, pretend = 0, frame = 0
  81              		@ frame_needed = 0, uses_anonymous_args = 0
  82              	.LVL4:
  83 0000 08B5     		push	{r3, lr}
  84              	.LCFI1:
  85              		.cfi_def_cfa_offset 8
  86              		.cfi_offset 3, -8
  87              		.cfi_offset 14, -4
  47:/home/tienluong/workspace/atlantis_fw/platform/common/timestamp.c **** 	unsigned int start_timestamp = 0xFFFFFFFF;
  48:/home/tienluong/workspace/atlantis_fw/platform/common/timestamp.c **** 	unsigned int stop_timestamp = hal_timer_read_counter_reg(timer_stamp.chid);
  88              		.loc 1 48 0
  89 0002 054B     		ldr	r3, .L5
  90 0004 1878     		ldrb	r0, [r3]	@ zero_extendqisi2
  91 0006 054B     		ldr	r3, .L5+4
  92 0008 9847     		blx	r3
  93              	.LVL5:
  49:/home/tienluong/workspace/atlantis_fw/platform/common/timestamp.c **** 	stop_timestamp = start_timestamp - stop_timestamp;
  50:/home/tienluong/workspace/atlantis_fw/platform/common/timestamp.c **** 	return (unsigned int)(stop_timestamp / (TIMESTAMP_BOARD_CLOCK / 1000));
  51:/home/tienluong/workspace/atlantis_fw/platform/common/timestamp.c **** }
  94              		.loc 1 51 0
  95 000a 4CF25033 		movw	r3, #50000
  49:/home/tienluong/workspace/atlantis_fw/platform/common/timestamp.c **** 	stop_timestamp = start_timestamp - stop_timestamp;
  96              		.loc 1 49 0
  97 000e C043     		mvns	r0, r0
  98              	.LVL6:
  99              		.loc 1 51 0
 100 0010 B0FBF3F0 		udiv	r0, r0, r3
 101              	.LVL7:
 102 0014 08BD     		pop	{r3, pc}
 103              	.L6:
 104 0016 00BF     		.align	2
 105              	.L5:
 106 0018 00000000 		.word	.LANCHOR0
 107 001c 00000000 		.word	hal_timer_read_counter_reg
 108              		.cfi_endproc
 109              	.LFE1:
 111              		.section	.data.timer_stamp,"aw",%progbits
 112              		.align	2
 113              		.set	.LANCHOR0,. + 0
 116              	timer_stamp:
 117 0000 00       		.byte	0
 118 0001 000000   		.space	3
 119 0004 E8030000 		.word	1000
 120 0008 00000000 		.word	0
 121 000c 00000000 		.space	4
 122              		.text
 123              	.Letext0:
 124              		.file 2 "/opt/toolchains/gcc-arm-none-eabi-4_9-2015q1/arm-none-eabi/include/machine/_default_types
 125              		.file 3 "/opt/toolchains/gcc-arm-none-eabi-4_9-2015q1/arm-none-eabi/include/stdint.h"
 126              		.file 4 "/home/tienluong/workspace/atlantis_fw/platform/asic/hal/include/hal_timer.h"
DEFINED SYMBOLS
                            *ABS*:00000000 timestamp.c
     /tmp/ccBFTGrc.s:19     .text.timestamp_start:00000000 $t
     /tmp/ccBFTGrc.s:24     .text.timestamp_start:00000000 timestamp_start
     /tmp/ccBFTGrc.s:62     .text.timestamp_start:00000024 $d
     /tmp/ccBFTGrc.s:71     .text.timestamp_ms:00000000 $t
     /tmp/ccBFTGrc.s:76     .text.timestamp_ms:00000000 timestamp_ms
     /tmp/ccBFTGrc.s:106    .text.timestamp_ms:00000018 $d
     /tmp/ccBFTGrc.s:112    .data.timer_stamp:00000000 $d
     /tmp/ccBFTGrc.s:116    .data.timer_stamp:00000000 timer_stamp
                     .debug_frame:00000010 $d

UNDEFINED SYMBOLS
hal_timer_stop
hal_timer_init
hal_timer_set_period
hal_timer_start
hal_timer_read_counter_reg
