   1              		.syntax unified
   2              		.cpu cortex-r4
   3              		.fpu softvfp
   4              		.eabi_attribute 20, 1
   5              		.eabi_attribute 21, 1
   6              		.eabi_attribute 23, 3
   7              		.eabi_attribute 24, 1
   8              		.eabi_attribute 25, 1
   9              		.eabi_attribute 26, 1
  10              		.eabi_attribute 30, 4
  11              		.eabi_attribute 34, 1
  12              		.eabi_attribute 18, 4
  13              		.thumb
  14              		.file	"flash_calibration.pb-c.c"
  15              		.text
  16              	.Ltext0:
  17              		.cfi_sections	.debug_frame
  18              		.section	.text.ltpb__flash_calibration__init,"ax",%progbits
  19              		.align	1
  20              		.global	ltpb__flash_calibration__init
  21              		.thumb
  22              		.thumb_func
  24              	ltpb__flash_calibration__init:
  25              	.LFB1:
  26              		.file 1 "/home/tienluong/workspace/atlantis_fw/platform/common/lightheader/src/flash_calibration.p
   1:/home/tienluong/workspace/atlantis_fw/platform/common/lightheader/src/flash_calibration.pb-c.c **** /* Generated by the protocol buffer compiler.  DO NOT EDIT! */
   2:/home/tienluong/workspace/atlantis_fw/platform/common/lightheader/src/flash_calibration.pb-c.c **** /* Generated from: flash_calibration.proto */
   3:/home/tienluong/workspace/atlantis_fw/platform/common/lightheader/src/flash_calibration.pb-c.c **** 
   4:/home/tienluong/workspace/atlantis_fw/platform/common/lightheader/src/flash_calibration.pb-c.c **** /* Do not generate deprecated warnings for self */
   5:/home/tienluong/workspace/atlantis_fw/platform/common/lightheader/src/flash_calibration.pb-c.c **** #ifndef PROTOBUF_C__NO_DEPRECATED
   6:/home/tienluong/workspace/atlantis_fw/platform/common/lightheader/src/flash_calibration.pb-c.c **** #define PROTOBUF_C__NO_DEPRECATED
   7:/home/tienluong/workspace/atlantis_fw/platform/common/lightheader/src/flash_calibration.pb-c.c **** #endif
   8:/home/tienluong/workspace/atlantis_fw/platform/common/lightheader/src/flash_calibration.pb-c.c **** #include "sections.h"
   9:/home/tienluong/workspace/atlantis_fw/platform/common/lightheader/src/flash_calibration.pb-c.c **** #include "flash_calibration.pb-c.h"
  10:/home/tienluong/workspace/atlantis_fw/platform/common/lightheader/src/flash_calibration.pb-c.c **** LIGHT_HEADER_FUNC void   ltpb__flash_calibration__init
  11:/home/tienluong/workspace/atlantis_fw/platform/common/lightheader/src/flash_calibration.pb-c.c ****                      (Ltpb__FlashCalibration         *message)
  12:/home/tienluong/workspace/atlantis_fw/platform/common/lightheader/src/flash_calibration.pb-c.c **** {
  27              		.loc 1 12 0
  28              		.cfi_startproc
  29              		@ args = 0, pretend = 0, frame = 0
  30              		@ frame_needed = 0, uses_anonymous_args = 0
  31              	.LVL0:
  32 0000 30B5     		push	{r4, r5, lr}
  33              	.LCFI0:
  34              		.cfi_def_cfa_offset 12
  35              		.cfi_offset 4, -12
  36              		.cfi_offset 5, -8
  37              		.cfi_offset 14, -4
  13:/home/tienluong/workspace/atlantis_fw/platform/common/lightheader/src/flash_calibration.pb-c.c ****   LIGHT_HEADER_STATIC static Ltpb__FlashCalibration init_value = LTPB__FLASH_CALIBRATION__INIT;
  14:/home/tienluong/workspace/atlantis_fw/platform/common/lightheader/src/flash_calibration.pb-c.c ****   *message = init_value;
  38              		.loc 1 14 0
  39 0002 044D     		ldr	r5, .L2
  40 0004 0446     		mov	r4, r0
  41 0006 0FCD     		ldmia	r5!, {r0, r1, r2, r3}
  42              	.LVL1:
  43 0008 0FC4     		stmia	r4!, {r0, r1, r2, r3}
  44              	.LVL2:
  45 000a 0FCD     		ldmia	r5!, {r0, r1, r2, r3}
  46 000c 0FC4     		stmia	r4!, {r0, r1, r2, r3}
  47              	.LVL3:
  48 000e 2B68     		ldr	r3, [r5]
  49 0010 2360     		str	r3, [r4]
  50 0012 30BD     		pop	{r4, r5, pc}
  51              	.LVL4:
  52              	.L3:
  53              		.align	2
  54              	.L2:
  55 0014 00000000 		.word	.LANCHOR0
  56              		.cfi_endproc
  57              	.LFE1:
  59              		.section	.text.ltpb__flash_calibration__get_packed_size,"ax",%progbits
  60              		.align	1
  61              		.global	ltpb__flash_calibration__get_packed_size
  62              		.thumb
  63              		.thumb_func
  65              	ltpb__flash_calibration__get_packed_size:
  66              	.LFB2:
  15:/home/tienluong/workspace/atlantis_fw/platform/common/lightheader/src/flash_calibration.pb-c.c **** }
  16:/home/tienluong/workspace/atlantis_fw/platform/common/lightheader/src/flash_calibration.pb-c.c **** LIGHT_HEADER_FUNC size_t ltpb__flash_calibration__get_packed_size
  17:/home/tienluong/workspace/atlantis_fw/platform/common/lightheader/src/flash_calibration.pb-c.c ****                      (const Ltpb__FlashCalibration *message)
  18:/home/tienluong/workspace/atlantis_fw/platform/common/lightheader/src/flash_calibration.pb-c.c **** {
  67              		.loc 1 18 0
  68              		.cfi_startproc
  69              		@ args = 0, pretend = 0, frame = 0
  70              		@ frame_needed = 0, uses_anonymous_args = 0
  71              	.LVL5:
  19:/home/tienluong/workspace/atlantis_fw/platform/common/lightheader/src/flash_calibration.pb-c.c ****   assert(message->base.descriptor == &ltpb__flash_calibration__descriptor);
  72              		.loc 1 19 0
  73 0000 0268     		ldr	r2, [r0]
  74 0002 064B     		ldr	r3, .L7
  18:/home/tienluong/workspace/atlantis_fw/platform/common/lightheader/src/flash_calibration.pb-c.c ****   assert(message->base.descriptor == &ltpb__flash_calibration__descriptor);
  75              		.loc 1 18 0
  76 0004 10B5     		push	{r4, lr}
  77              	.LCFI1:
  78              		.cfi_def_cfa_offset 8
  79              		.cfi_offset 4, -8
  80              		.cfi_offset 14, -4
  81              		.loc 1 19 0
  82 0006 9A42     		cmp	r2, r3
  18:/home/tienluong/workspace/atlantis_fw/platform/common/lightheader/src/flash_calibration.pb-c.c ****   assert(message->base.descriptor == &ltpb__flash_calibration__descriptor);
  83              		.loc 1 18 0
  84 0008 0446     		mov	r4, r0
  85              		.loc 1 19 0
  86 000a 03D0     		beq	.L5
  87              		.loc 1 19 0 is_stmt 0 discriminator 1
  88 000c 0448     		ldr	r0, .L7+4
  89              	.LVL6:
  90 000e 1321     		movs	r1, #19
  91 0010 044B     		ldr	r3, .L7+8
  92 0012 9847     		blx	r3
  93              	.LVL7:
  94              	.L5:
  20:/home/tienluong/workspace/atlantis_fw/platform/common/lightheader/src/flash_calibration.pb-c.c ****   return protobuf_c_message_get_packed_size ((const ProtobufCMessage*)(message));
  95              		.loc 1 20 0 is_stmt 1
  96 0014 2046     		mov	r0, r4
  97 0016 044B     		ldr	r3, .L7+12
  98 0018 9847     		blx	r3
  99              	.LVL8:
  21:/home/tienluong/workspace/atlantis_fw/platform/common/lightheader/src/flash_calibration.pb-c.c **** }
 100              		.loc 1 21 0
 101 001a 10BD     		pop	{r4, pc}
 102              	.LVL9:
 103              	.L8:
 104              		.align	2
 105              	.L7:
 106 001c 00000000 		.word	.LANCHOR1
 107 0020 00000000 		.word	.LANCHOR2
 108 0024 00000000 		.word	assert_failed
 109 0028 00000000 		.word	protobuf_c_message_get_packed_size
 110              		.cfi_endproc
 111              	.LFE2:
 113              		.section	.text.ltpb__flash_calibration__pack,"ax",%progbits
 114              		.align	1
 115              		.global	ltpb__flash_calibration__pack
 116              		.thumb
 117              		.thumb_func
 119              	ltpb__flash_calibration__pack:
 120              	.LFB3:
  22:/home/tienluong/workspace/atlantis_fw/platform/common/lightheader/src/flash_calibration.pb-c.c **** LIGHT_HEADER_FUNC size_t ltpb__flash_calibration__pack
  23:/home/tienluong/workspace/atlantis_fw/platform/common/lightheader/src/flash_calibration.pb-c.c ****                      (const Ltpb__FlashCalibration *message,
  24:/home/tienluong/workspace/atlantis_fw/platform/common/lightheader/src/flash_calibration.pb-c.c ****                       uint8_t       *out)
  25:/home/tienluong/workspace/atlantis_fw/platform/common/lightheader/src/flash_calibration.pb-c.c **** {
 121              		.loc 1 25 0
 122              		.cfi_startproc
 123              		@ args = 0, pretend = 0, frame = 0
 124              		@ frame_needed = 0, uses_anonymous_args = 0
 125              	.LVL10:
 126 0000 38B5     		push	{r3, r4, r5, lr}
 127              	.LCFI2:
 128              		.cfi_def_cfa_offset 16
 129              		.cfi_offset 3, -16
 130              		.cfi_offset 4, -12
 131              		.cfi_offset 5, -8
 132              		.cfi_offset 14, -4
  26:/home/tienluong/workspace/atlantis_fw/platform/common/lightheader/src/flash_calibration.pb-c.c ****   assert(message->base.descriptor == &ltpb__flash_calibration__descriptor);
 133              		.loc 1 26 0
 134 0002 0268     		ldr	r2, [r0]
  25:/home/tienluong/workspace/atlantis_fw/platform/common/lightheader/src/flash_calibration.pb-c.c ****   assert(message->base.descriptor == &ltpb__flash_calibration__descriptor);
 135              		.loc 1 25 0
 136 0004 0446     		mov	r4, r0
 137              		.loc 1 26 0
 138 0006 064B     		ldr	r3, .L11
  25:/home/tienluong/workspace/atlantis_fw/platform/common/lightheader/src/flash_calibration.pb-c.c ****   assert(message->base.descriptor == &ltpb__flash_calibration__descriptor);
 139              		.loc 1 25 0
 140 0008 0D46     		mov	r5, r1
 141              		.loc 1 26 0
 142 000a 9A42     		cmp	r2, r3
 143 000c 03D0     		beq	.L10
 144              		.loc 1 26 0 is_stmt 0 discriminator 1
 145 000e 0548     		ldr	r0, .L11+4
 146              	.LVL11:
 147 0010 1A21     		movs	r1, #26
 148              	.LVL12:
 149 0012 054B     		ldr	r3, .L11+8
 150 0014 9847     		blx	r3
 151              	.LVL13:
 152              	.L10:
  27:/home/tienluong/workspace/atlantis_fw/platform/common/lightheader/src/flash_calibration.pb-c.c ****   return protobuf_c_message_pack ((const ProtobufCMessage*)message, out);
 153              		.loc 1 27 0 is_stmt 1
 154 0016 2046     		mov	r0, r4
 155 0018 2946     		mov	r1, r5
 156 001a 044B     		ldr	r3, .L11+12
 157 001c 9847     		blx	r3
 158              	.LVL14:
  28:/home/tienluong/workspace/atlantis_fw/platform/common/lightheader/src/flash_calibration.pb-c.c **** }
 159              		.loc 1 28 0
 160 001e 38BD     		pop	{r3, r4, r5, pc}
 161              	.LVL15:
 162              	.L12:
 163              		.align	2
 164              	.L11:
 165 0020 00000000 		.word	.LANCHOR1
 166 0024 00000000 		.word	.LANCHOR3
 167 0028 00000000 		.word	assert_failed
 168 002c 00000000 		.word	protobuf_c_message_pack
 169              		.cfi_endproc
 170              	.LFE3:
 172              		.section	.text.ltpb__flash_calibration__pack_to_buffer,"ax",%progbits
 173              		.align	1
 174              		.global	ltpb__flash_calibration__pack_to_buffer
 175              		.thumb
 176              		.thumb_func
 178              	ltpb__flash_calibration__pack_to_buffer:
 179              	.LFB4:
  29:/home/tienluong/workspace/atlantis_fw/platform/common/lightheader/src/flash_calibration.pb-c.c **** LIGHT_HEADER_FUNC size_t ltpb__flash_calibration__pack_to_buffer
  30:/home/tienluong/workspace/atlantis_fw/platform/common/lightheader/src/flash_calibration.pb-c.c ****                      (const Ltpb__FlashCalibration *message,
  31:/home/tienluong/workspace/atlantis_fw/platform/common/lightheader/src/flash_calibration.pb-c.c ****                       ProtobufCBuffer *buffer)
  32:/home/tienluong/workspace/atlantis_fw/platform/common/lightheader/src/flash_calibration.pb-c.c **** {
 180              		.loc 1 32 0
 181              		.cfi_startproc
 182              		@ args = 0, pretend = 0, frame = 0
 183              		@ frame_needed = 0, uses_anonymous_args = 0
 184              	.LVL16:
 185 0000 38B5     		push	{r3, r4, r5, lr}
 186              	.LCFI3:
 187              		.cfi_def_cfa_offset 16
 188              		.cfi_offset 3, -16
 189              		.cfi_offset 4, -12
 190              		.cfi_offset 5, -8
 191              		.cfi_offset 14, -4
  33:/home/tienluong/workspace/atlantis_fw/platform/common/lightheader/src/flash_calibration.pb-c.c ****   assert(message->base.descriptor == &ltpb__flash_calibration__descriptor);
 192              		.loc 1 33 0
 193 0002 0268     		ldr	r2, [r0]
  32:/home/tienluong/workspace/atlantis_fw/platform/common/lightheader/src/flash_calibration.pb-c.c ****   assert(message->base.descriptor == &ltpb__flash_calibration__descriptor);
 194              		.loc 1 32 0
 195 0004 0446     		mov	r4, r0
 196              		.loc 1 33 0
 197 0006 064B     		ldr	r3, .L15
  32:/home/tienluong/workspace/atlantis_fw/platform/common/lightheader/src/flash_calibration.pb-c.c ****   assert(message->base.descriptor == &ltpb__flash_calibration__descriptor);
 198              		.loc 1 32 0
 199 0008 0D46     		mov	r5, r1
 200              		.loc 1 33 0
 201 000a 9A42     		cmp	r2, r3
 202 000c 03D0     		beq	.L14
 203              		.loc 1 33 0 is_stmt 0 discriminator 1
 204 000e 0548     		ldr	r0, .L15+4
 205              	.LVL17:
 206 0010 2121     		movs	r1, #33
 207              	.LVL18:
 208 0012 054B     		ldr	r3, .L15+8
 209 0014 9847     		blx	r3
 210              	.LVL19:
 211              	.L14:
  34:/home/tienluong/workspace/atlantis_fw/platform/common/lightheader/src/flash_calibration.pb-c.c ****   return protobuf_c_message_pack_to_buffer ((const ProtobufCMessage*)message, buffer);
 212              		.loc 1 34 0 is_stmt 1
 213 0016 2046     		mov	r0, r4
 214 0018 2946     		mov	r1, r5
 215 001a 044B     		ldr	r3, .L15+12
 216 001c 9847     		blx	r3
 217              	.LVL20:
  35:/home/tienluong/workspace/atlantis_fw/platform/common/lightheader/src/flash_calibration.pb-c.c **** }
 218              		.loc 1 35 0
 219 001e 38BD     		pop	{r3, r4, r5, pc}
 220              	.LVL21:
 221              	.L16:
 222              		.align	2
 223              	.L15:
 224 0020 00000000 		.word	.LANCHOR1
 225 0024 00000000 		.word	.LANCHOR4
 226 0028 00000000 		.word	assert_failed
 227 002c 00000000 		.word	protobuf_c_message_pack_to_buffer
 228              		.cfi_endproc
 229              	.LFE4:
 231              		.section	.text.ltpb__flash_calibration__unpack,"ax",%progbits
 232              		.align	1
 233              		.global	ltpb__flash_calibration__unpack
 234              		.thumb
 235              		.thumb_func
 237              	ltpb__flash_calibration__unpack:
 238              	.LFB5:
  36:/home/tienluong/workspace/atlantis_fw/platform/common/lightheader/src/flash_calibration.pb-c.c **** LIGHT_HEADER_FUNC Ltpb__FlashCalibration *
  37:/home/tienluong/workspace/atlantis_fw/platform/common/lightheader/src/flash_calibration.pb-c.c ****        ltpb__flash_calibration__unpack
  38:/home/tienluong/workspace/atlantis_fw/platform/common/lightheader/src/flash_calibration.pb-c.c ****                      (ProtobufCAllocator  *allocator,
  39:/home/tienluong/workspace/atlantis_fw/platform/common/lightheader/src/flash_calibration.pb-c.c ****                       size_t               len,
  40:/home/tienluong/workspace/atlantis_fw/platform/common/lightheader/src/flash_calibration.pb-c.c ****                       const uint8_t       *data)
  41:/home/tienluong/workspace/atlantis_fw/platform/common/lightheader/src/flash_calibration.pb-c.c **** {
 239              		.loc 1 41 0
 240              		.cfi_startproc
 241              		@ args = 0, pretend = 0, frame = 0
 242              		@ frame_needed = 0, uses_anonymous_args = 0
 243              	.LVL22:
 244 0000 38B5     		push	{r3, r4, r5, lr}
 245              	.LCFI4:
 246              		.cfi_def_cfa_offset 16
 247              		.cfi_offset 3, -16
 248              		.cfi_offset 4, -12
 249              		.cfi_offset 5, -8
 250              		.cfi_offset 14, -4
 251              		.loc 1 41 0
 252 0002 0546     		mov	r5, r0
 253 0004 0C46     		mov	r4, r1
 254 0006 1346     		mov	r3, r2
  42:/home/tienluong/workspace/atlantis_fw/platform/common/lightheader/src/flash_calibration.pb-c.c ****   return (Ltpb__FlashCalibration *)
 255              		.loc 1 42 0
 256 0008 2946     		mov	r1, r5
 257              	.LVL23:
 258 000a 2246     		mov	r2, r4
 259              	.LVL24:
 260 000c 0148     		ldr	r0, .L18
 261              	.LVL25:
 262 000e 024C     		ldr	r4, .L18+4
 263              	.LVL26:
 264 0010 A047     		blx	r4
 265              	.LVL27:
  43:/home/tienluong/workspace/atlantis_fw/platform/common/lightheader/src/flash_calibration.pb-c.c ****      protobuf_c_message_unpack (&ltpb__flash_calibration__descriptor,
  44:/home/tienluong/workspace/atlantis_fw/platform/common/lightheader/src/flash_calibration.pb-c.c ****                                 allocator, len, data);
  45:/home/tienluong/workspace/atlantis_fw/platform/common/lightheader/src/flash_calibration.pb-c.c **** }
 266              		.loc 1 45 0
 267 0012 38BD     		pop	{r3, r4, r5, pc}
 268              	.LVL28:
 269              	.L19:
 270              		.align	2
 271              	.L18:
 272 0014 00000000 		.word	.LANCHOR1
 273 0018 00000000 		.word	protobuf_c_message_unpack
 274              		.cfi_endproc
 275              	.LFE5:
 277              		.section	.text.ltpb__flash_calibration__free_unpacked,"ax",%progbits
 278              		.align	1
 279              		.global	ltpb__flash_calibration__free_unpacked
 280              		.thumb
 281              		.thumb_func
 283              	ltpb__flash_calibration__free_unpacked:
 284              	.LFB6:
  46:/home/tienluong/workspace/atlantis_fw/platform/common/lightheader/src/flash_calibration.pb-c.c **** LIGHT_HEADER_FUNC void   ltpb__flash_calibration__free_unpacked
  47:/home/tienluong/workspace/atlantis_fw/platform/common/lightheader/src/flash_calibration.pb-c.c ****                      (Ltpb__FlashCalibration *message,
  48:/home/tienluong/workspace/atlantis_fw/platform/common/lightheader/src/flash_calibration.pb-c.c ****                       ProtobufCAllocator *allocator)
  49:/home/tienluong/workspace/atlantis_fw/platform/common/lightheader/src/flash_calibration.pb-c.c **** {
 285              		.loc 1 49 0
 286              		.cfi_startproc
 287              		@ args = 0, pretend = 0, frame = 0
 288              		@ frame_needed = 0, uses_anonymous_args = 0
 289              	.LVL29:
 290 0000 38B5     		push	{r3, r4, r5, lr}
 291              	.LCFI5:
 292              		.cfi_def_cfa_offset 16
 293              		.cfi_offset 3, -16
 294              		.cfi_offset 4, -12
 295              		.cfi_offset 5, -8
 296              		.cfi_offset 14, -4
  50:/home/tienluong/workspace/atlantis_fw/platform/common/lightheader/src/flash_calibration.pb-c.c ****   assert(message->base.descriptor == &ltpb__flash_calibration__descriptor);
 297              		.loc 1 50 0
 298 0002 0268     		ldr	r2, [r0]
  49:/home/tienluong/workspace/atlantis_fw/platform/common/lightheader/src/flash_calibration.pb-c.c ****   assert(message->base.descriptor == &ltpb__flash_calibration__descriptor);
 299              		.loc 1 49 0
 300 0004 0446     		mov	r4, r0
 301              		.loc 1 50 0
 302 0006 064B     		ldr	r3, .L22
  49:/home/tienluong/workspace/atlantis_fw/platform/common/lightheader/src/flash_calibration.pb-c.c ****   assert(message->base.descriptor == &ltpb__flash_calibration__descriptor);
 303              		.loc 1 49 0
 304 0008 0D46     		mov	r5, r1
 305              		.loc 1 50 0
 306 000a 9A42     		cmp	r2, r3
 307 000c 03D0     		beq	.L21
 308              		.loc 1 50 0 is_stmt 0 discriminator 1
 309 000e 0548     		ldr	r0, .L22+4
 310              	.LVL30:
 311 0010 3221     		movs	r1, #50
 312              	.LVL31:
 313 0012 054B     		ldr	r3, .L22+8
 314 0014 9847     		blx	r3
 315              	.LVL32:
 316              	.L21:
  51:/home/tienluong/workspace/atlantis_fw/platform/common/lightheader/src/flash_calibration.pb-c.c ****   protobuf_c_message_free_unpacked ((ProtobufCMessage*)message, allocator);
 317              		.loc 1 51 0 is_stmt 1
 318 0016 2046     		mov	r0, r4
 319 0018 2946     		mov	r1, r5
 320 001a 044B     		ldr	r3, .L22+12
 321 001c 9847     		blx	r3
 322              	.LVL33:
 323 001e 38BD     		pop	{r3, r4, r5, pc}
 324              	.LVL34:
 325              	.L23:
 326              		.align	2
 327              	.L22:
 328 0020 00000000 		.word	.LANCHOR1
 329 0024 00000000 		.word	.LANCHOR5
 330 0028 00000000 		.word	assert_failed
 331 002c 00000000 		.word	protobuf_c_message_free_unpacked
 332              		.cfi_endproc
 333              	.LFE6:
 335              		.global	ltpb__flash_calibration__descriptor
 336              		.section	.rodata.__FUNCTION__.6444,"a",%progbits
 337              		.set	.LANCHOR4,. + 0
 340              	__FUNCTION__.6444:
 341 0000 6C747062 		.ascii	"ltpb__flash_calibration__pack_to_buffer\000"
 341      5F5F666C 
 341      6173685F 
 341      63616C69 
 341      62726174 
 342              		.section	.rodata.ltpb__flash_calibration__field_indices_by_name,"a",%progbits
 343              		.align	2
 346              	ltpb__flash_calibration__field_indices_by_name:
 347 0000 02000000 		.word	2
 348 0004 00000000 		.word	0
 349 0008 01000000 		.word	1
 350 000c 05000000 		.word	5
 351 0010 03000000 		.word	3
 352 0014 04000000 		.word	4
 353              		.section	.rodata.init_value.6430,"a",%progbits
 354              		.align	2
 355              		.set	.LANCHOR0,. + 0
 358              	init_value.6430:
 359 0000 00000000 		.word	ltpb__flash_calibration__descriptor
 360 0004 00000000 		.word	0
 361 0008 00000000 		.word	0
 362 000c 00000000 		.word	0
 363 0010 00000000 		.word	0
 364 0014 00000000 		.word	0
 365 0018 00000000 		.word	0
 366 001c 00000000 		.word	0
 367 0020 00000000 		.word	0
 368              		.section	.rodata.ltpb__flash_calibration__number_ranges,"a",%progbits
 369              		.align	2
 372              	ltpb__flash_calibration__number_ranges:
 373 0000 01000000 		.word	1
 374 0004 00000000 		.word	0
 375 0008 00000000 		.word	0
 376 000c 06000000 		.word	6
 377              		.section	.rodata.ltpb__flash_calibration__descriptor,"a",%progbits
 378              		.align	2
 379              		.set	.LANCHOR1,. + 0
 382              	ltpb__flash_calibration__descriptor:
 383 0000 F9EEAA28 		.word	682290937
 384 0004 00000000 		.word	.LC0
 385 0008 16000000 		.word	.LC1
 386 000c 27000000 		.word	.LC2
 387 0010 3E000000 		.word	.LC3
 388 0014 24000000 		.word	36
 389 0018 06000000 		.word	6
 390 001c 00000000 		.word	ltpb__flash_calibration__field_descriptors
 391 0020 00000000 		.word	ltpb__flash_calibration__field_indices_by_name
 392 0024 01000000 		.word	1
 393 0028 00000000 		.word	ltpb__flash_calibration__number_ranges
 394 002c 00000000 		.word	ltpb__flash_calibration__init
 395 0030 00000000 		.word	0
 396 0034 00000000 		.word	0
 397 0038 00000000 		.word	0
 398              		.section	.rodata.str1.1,"aMS",%progbits,1
 399              	.LC0:
 400 0000 6C747062 		.ascii	"ltpb.FlashCalibration\000"
 400      2E466C61 
 400      73684361 
 400      6C696272 
 400      6174696F 
 401              	.LC1:
 402 0016 466C6173 		.ascii	"FlashCalibration\000"
 402      6843616C 
 402      69627261 
 402      74696F6E 
 402      00
 403              	.LC2:
 404 0027 4C747062 		.ascii	"Ltpb__FlashCalibration\000"
 404      5F5F466C 
 404      61736843 
 404      616C6962 
 404      72617469 
 405              	.LC3:
 406 003e 6C747062 		.ascii	"ltpb\000"
 406      00
 407              	.LC4:
 408 0043 6C656463 		.ascii	"ledcool_lux\000"
 408      6F6F6C5F 
 408      6C757800 
 409              	.LC5:
 410 004f 6C656463 		.ascii	"ledcool_max_lumens\000"
 410      6F6F6C5F 
 410      6D61785F 
 410      6C756D65 
 410      6E7300
 411              	.LC6:
 412 0062 6C656463 		.ascii	"ledcool_cct\000"
 412      6F6F6C5F 
 412      63637400 
 413              	.LC7:
 414 006e 6C656477 		.ascii	"ledwarm_lux\000"
 414      61726D5F 
 414      6C757800 
 415              	.LC8:
 416 007a 6C656477 		.ascii	"ledwarm_max_lumens\000"
 416      61726D5F 
 416      6D61785F 
 416      6C756D65 
 416      6E7300
 417              	.LC9:
 418 008d 6C656477 		.ascii	"ledwarm_cct\000"
 418      61726D5F 
 418      63637400 
 419              		.section	.rodata.__FUNCTION__.6434,"a",%progbits
 420              		.set	.LANCHOR2,. + 0
 423              	__FUNCTION__.6434:
 424 0000 6C747062 		.ascii	"ltpb__flash_calibration__get_packed_size\000"
 424      5F5F666C 
 424      6173685F 
 424      63616C69 
 424      62726174 
 425              		.section	.rodata.__FUNCTION__.6439,"a",%progbits
 426              		.set	.LANCHOR3,. + 0
 429              	__FUNCTION__.6439:
 430 0000 6C747062 		.ascii	"ltpb__flash_calibration__pack\000"
 430      5F5F666C 
 430      6173685F 
 430      63616C69 
 430      62726174 
 431              		.section	.rodata.ltpb__flash_calibration__field_descriptors,"a",%progbits
 432              		.align	2
 435              	ltpb__flash_calibration__field_descriptors:
 436 0000 43000000 		.word	.LC4
 437 0004 01000000 		.word	1
 438 0008 00       		.byte	0
 439 0009 0A       		.byte	10
 440 000a 0000     		.space	2
 441 000c 00000000 		.word	0
 442 0010 0C000000 		.word	12
 443 0014 00000000 		.word	0
 444 0018 00000000 		.word	0
 445 001c 00000000 		.word	0
 446 0020 00000000 		.word	0
 447 0024 00000000 		.word	0
 448 0028 00000000 		.word	0
 449 002c 4F000000 		.word	.LC5
 450 0030 02000000 		.word	2
 451 0034 00       		.byte	0
 452 0035 0A       		.byte	10
 453 0036 0000     		.space	2
 454 0038 00000000 		.word	0
 455 003c 10000000 		.word	16
 456 0040 00000000 		.word	0
 457 0044 00000000 		.word	0
 458 0048 00000000 		.word	0
 459 004c 00000000 		.word	0
 460 0050 00000000 		.word	0
 461 0054 00000000 		.word	0
 462 0058 62000000 		.word	.LC6
 463 005c 03000000 		.word	3
 464 0060 00       		.byte	0
 465 0061 0A       		.byte	10
 466 0062 0000     		.space	2
 467 0064 00000000 		.word	0
 468 0068 14000000 		.word	20
 469 006c 00000000 		.word	0
 470 0070 00000000 		.word	0
 471 0074 00000000 		.word	0
 472 0078 00000000 		.word	0
 473 007c 00000000 		.word	0
 474 0080 00000000 		.word	0
 475 0084 6E000000 		.word	.LC7
 476 0088 04000000 		.word	4
 477 008c 00       		.byte	0
 478 008d 0A       		.byte	10
 479 008e 0000     		.space	2
 480 0090 00000000 		.word	0
 481 0094 18000000 		.word	24
 482 0098 00000000 		.word	0
 483 009c 00000000 		.word	0
 484 00a0 00000000 		.word	0
 485 00a4 00000000 		.word	0
 486 00a8 00000000 		.word	0
 487 00ac 00000000 		.word	0
 488 00b0 7A000000 		.word	.LC8
 489 00b4 05000000 		.word	5
 490 00b8 00       		.byte	0
 491 00b9 0A       		.byte	10
 492 00ba 0000     		.space	2
 493 00bc 00000000 		.word	0
 494 00c0 1C000000 		.word	28
 495 00c4 00000000 		.word	0
 496 00c8 00000000 		.word	0
 497 00cc 00000000 		.word	0
 498 00d0 00000000 		.word	0
 499 00d4 00000000 		.word	0
 500 00d8 00000000 		.word	0
 501 00dc 8D000000 		.word	.LC9
 502 00e0 06000000 		.word	6
 503 00e4 00       		.byte	0
 504 00e5 0A       		.byte	10
 505 00e6 0000     		.space	2
 506 00e8 00000000 		.word	0
 507 00ec 20000000 		.word	32
 508 00f0 00000000 		.word	0
 509 00f4 00000000 		.word	0
 510 00f8 00000000 		.word	0
 511 00fc 00000000 		.word	0
 512 0100 00000000 		.word	0
 513 0104 00000000 		.word	0
 514              		.section	.rodata.__FUNCTION__.6454,"a",%progbits
 515              		.set	.LANCHOR5,. + 0
 518              	__FUNCTION__.6454:
 519 0000 6C747062 		.ascii	"ltpb__flash_calibration__free_unpacked\000"
 519      5F5F666C 
 519      6173685F 
 519      63616C69 
 519      62726174 
 520              		.text
 521              	.Letext0:
 522              		.file 2 "/opt/toolchains/gcc-arm-none-eabi-4_9-2015q1/arm-none-eabi/include/machine/_default_types
 523              		.file 3 "/opt/toolchains/gcc-arm-none-eabi-4_9-2015q1/lib/gcc/arm-none-eabi/4.9.3/include/stddef.h
 524              		.file 4 "/opt/toolchains/gcc-arm-none-eabi-4_9-2015q1/arm-none-eabi/include/stdint.h"
 525              		.file 5 "/home/tienluong/workspace/atlantis_fw/platform/os/Source/portable/GCC/cortex-r4/portmacro
 526              		.file 6 "/home/tienluong/workspace/atlantis_fw/platform/common/lightheader/include/protobuf-c/prot
 527              		.file 7 "/home/tienluong/workspace/atlantis_fw/platform/common/lightheader/include/flash_calibrati
DEFINED SYMBOLS
                            *ABS*:00000000 flash_calibration.pb-c.c
     /tmp/ccTmup60.s:19     .text.ltpb__flash_calibration__init:00000000 $t
     /tmp/ccTmup60.s:24     .text.ltpb__flash_calibration__init:00000000 ltpb__flash_calibration__init
     /tmp/ccTmup60.s:55     .text.ltpb__flash_calibration__init:00000014 $d
     /tmp/ccTmup60.s:60     .text.ltpb__flash_calibration__get_packed_size:00000000 $t
     /tmp/ccTmup60.s:65     .text.ltpb__flash_calibration__get_packed_size:00000000 ltpb__flash_calibration__get_packed_size
     /tmp/ccTmup60.s:106    .text.ltpb__flash_calibration__get_packed_size:0000001c $d
     /tmp/ccTmup60.s:114    .text.ltpb__flash_calibration__pack:00000000 $t
     /tmp/ccTmup60.s:119    .text.ltpb__flash_calibration__pack:00000000 ltpb__flash_calibration__pack
     /tmp/ccTmup60.s:165    .text.ltpb__flash_calibration__pack:00000020 $d
     /tmp/ccTmup60.s:173    .text.ltpb__flash_calibration__pack_to_buffer:00000000 $t
     /tmp/ccTmup60.s:178    .text.ltpb__flash_calibration__pack_to_buffer:00000000 ltpb__flash_calibration__pack_to_buffer
     /tmp/ccTmup60.s:224    .text.ltpb__flash_calibration__pack_to_buffer:00000020 $d
     /tmp/ccTmup60.s:232    .text.ltpb__flash_calibration__unpack:00000000 $t
     /tmp/ccTmup60.s:237    .text.ltpb__flash_calibration__unpack:00000000 ltpb__flash_calibration__unpack
     /tmp/ccTmup60.s:272    .text.ltpb__flash_calibration__unpack:00000014 $d
     /tmp/ccTmup60.s:278    .text.ltpb__flash_calibration__free_unpacked:00000000 $t
     /tmp/ccTmup60.s:283    .text.ltpb__flash_calibration__free_unpacked:00000000 ltpb__flash_calibration__free_unpacked
     /tmp/ccTmup60.s:328    .text.ltpb__flash_calibration__free_unpacked:00000020 $d
     /tmp/ccTmup60.s:382    .rodata.ltpb__flash_calibration__descriptor:00000000 ltpb__flash_calibration__descriptor
     /tmp/ccTmup60.s:340    .rodata.__FUNCTION__.6444:00000000 __FUNCTION__.6444
     /tmp/ccTmup60.s:343    .rodata.ltpb__flash_calibration__field_indices_by_name:00000000 $d
     /tmp/ccTmup60.s:346    .rodata.ltpb__flash_calibration__field_indices_by_name:00000000 ltpb__flash_calibration__field_indices_by_name
     /tmp/ccTmup60.s:354    .rodata.init_value.6430:00000000 $d
     /tmp/ccTmup60.s:358    .rodata.init_value.6430:00000000 init_value.6430
     /tmp/ccTmup60.s:369    .rodata.ltpb__flash_calibration__number_ranges:00000000 $d
     /tmp/ccTmup60.s:372    .rodata.ltpb__flash_calibration__number_ranges:00000000 ltpb__flash_calibration__number_ranges
     /tmp/ccTmup60.s:378    .rodata.ltpb__flash_calibration__descriptor:00000000 $d
     /tmp/ccTmup60.s:435    .rodata.ltpb__flash_calibration__field_descriptors:00000000 ltpb__flash_calibration__field_descriptors
     /tmp/ccTmup60.s:423    .rodata.__FUNCTION__.6434:00000000 __FUNCTION__.6434
     /tmp/ccTmup60.s:429    .rodata.__FUNCTION__.6439:00000000 __FUNCTION__.6439
     /tmp/ccTmup60.s:432    .rodata.ltpb__flash_calibration__field_descriptors:00000000 $d
     /tmp/ccTmup60.s:518    .rodata.__FUNCTION__.6454:00000000 __FUNCTION__.6454
                     .debug_frame:00000010 $d

UNDEFINED SYMBOLS
assert_failed
protobuf_c_message_get_packed_size
protobuf_c_message_pack
protobuf_c_message_pack_to_buffer
protobuf_c_message_unpack
protobuf_c_message_free_unpacked
