   1              		.syntax unified
   2              		.cpu cortex-r4
   3              		.fpu softvfp
   4              		.eabi_attribute 20, 1
   5              		.eabi_attribute 21, 1
   6              		.eabi_attribute 23, 3
   7              		.eabi_attribute 24, 1
   8              		.eabi_attribute 25, 1
   9              		.eabi_attribute 26, 1
  10              		.eabi_attribute 30, 4
  11              		.eabi_attribute 34, 1
  12              		.eabi_attribute 18, 4
  13              		.thumb
  14              		.file	"view_preferences.pb-c.c"
  15              		.text
  16              	.Ltext0:
  17              		.cfi_sections	.debug_frame
  18              		.section	.text.ltpb__view_preferences__init,"ax",%progbits
  19              		.align	1
  20              		.global	ltpb__view_preferences__init
  21              		.thumb
  22              		.thumb_func
  24              	ltpb__view_preferences__init:
  25              	.LFB1:
  26              		.file 1 "/home/tienluong/workspace/atlantis_fw/platform/common/lightheader/src/view_preferences.pb
   1:/home/tienluong/workspace/atlantis_fw/platform/common/lightheader/src/view_preferences.pb-c.c **** /* Generated by the protocol buffer compiler.  DO NOT EDIT! */
   2:/home/tienluong/workspace/atlantis_fw/platform/common/lightheader/src/view_preferences.pb-c.c **** /* Generated from: view_preferences.proto */
   3:/home/tienluong/workspace/atlantis_fw/platform/common/lightheader/src/view_preferences.pb-c.c **** 
   4:/home/tienluong/workspace/atlantis_fw/platform/common/lightheader/src/view_preferences.pb-c.c **** /* Do not generate deprecated warnings for self */
   5:/home/tienluong/workspace/atlantis_fw/platform/common/lightheader/src/view_preferences.pb-c.c **** #ifndef PROTOBUF_C__NO_DEPRECATED
   6:/home/tienluong/workspace/atlantis_fw/platform/common/lightheader/src/view_preferences.pb-c.c **** #define PROTOBUF_C__NO_DEPRECATED
   7:/home/tienluong/workspace/atlantis_fw/platform/common/lightheader/src/view_preferences.pb-c.c **** #endif
   8:/home/tienluong/workspace/atlantis_fw/platform/common/lightheader/src/view_preferences.pb-c.c **** 
   9:/home/tienluong/workspace/atlantis_fw/platform/common/lightheader/src/view_preferences.pb-c.c **** #include "view_preferences.pb-c.h"
  10:/home/tienluong/workspace/atlantis_fw/platform/common/lightheader/src/view_preferences.pb-c.c **** #include "sections.h"
  11:/home/tienluong/workspace/atlantis_fw/platform/common/lightheader/src/view_preferences.pb-c.c **** LIGHT_HEADER_FUNC void   ltpb__view_preferences__init
  12:/home/tienluong/workspace/atlantis_fw/platform/common/lightheader/src/view_preferences.pb-c.c ****                      (Ltpb__ViewPreferences         *message)
  13:/home/tienluong/workspace/atlantis_fw/platform/common/lightheader/src/view_preferences.pb-c.c **** {
  27              		.loc 1 13 0
  28              		.cfi_startproc
  29              		@ args = 0, pretend = 0, frame = 0
  30              		@ frame_needed = 0, uses_anonymous_args = 0
  31              	.LVL0:
  32 0000 08B5     		push	{r3, lr}
  33              	.LCFI0:
  34              		.cfi_def_cfa_offset 8
  35              		.cfi_offset 3, -8
  36              		.cfi_offset 14, -4
  14:/home/tienluong/workspace/atlantis_fw/platform/common/lightheader/src/view_preferences.pb-c.c ****   LIGHT_HEADER_STATIC static Ltpb__ViewPreferences init_value = LTPB__VIEW_PREFERENCES__INIT;
  15:/home/tienluong/workspace/atlantis_fw/platform/common/lightheader/src/view_preferences.pb-c.c ****   *message = init_value;
  37              		.loc 1 15 0
  38 0002 0249     		ldr	r1, .L2
  39 0004 4822     		movs	r2, #72
  40 0006 024B     		ldr	r3, .L2+4
  41 0008 9847     		blx	r3
  42              	.LVL1:
  43 000a 08BD     		pop	{r3, pc}
  44              	.L3:
  45              		.align	2
  46              	.L2:
  47 000c 00000000 		.word	.LANCHOR0
  48 0010 00000000 		.word	memcpy
  49              		.cfi_endproc
  50              	.LFE1:
  52              		.section	.text.ltpb__view_preferences__get_packed_size,"ax",%progbits
  53              		.align	1
  54              		.global	ltpb__view_preferences__get_packed_size
  55              		.thumb
  56              		.thumb_func
  58              	ltpb__view_preferences__get_packed_size:
  59              	.LFB2:
  16:/home/tienluong/workspace/atlantis_fw/platform/common/lightheader/src/view_preferences.pb-c.c **** }
  17:/home/tienluong/workspace/atlantis_fw/platform/common/lightheader/src/view_preferences.pb-c.c **** LIGHT_HEADER_FUNC size_t ltpb__view_preferences__get_packed_size
  18:/home/tienluong/workspace/atlantis_fw/platform/common/lightheader/src/view_preferences.pb-c.c ****                      (const Ltpb__ViewPreferences *message)
  19:/home/tienluong/workspace/atlantis_fw/platform/common/lightheader/src/view_preferences.pb-c.c **** {
  60              		.loc 1 19 0
  61              		.cfi_startproc
  62              		@ args = 0, pretend = 0, frame = 0
  63              		@ frame_needed = 0, uses_anonymous_args = 0
  64              	.LVL2:
  20:/home/tienluong/workspace/atlantis_fw/platform/common/lightheader/src/view_preferences.pb-c.c ****   assert(message->base.descriptor == &ltpb__view_preferences__descriptor);
  65              		.loc 1 20 0
  66 0000 0268     		ldr	r2, [r0]
  67 0002 064B     		ldr	r3, .L7
  19:/home/tienluong/workspace/atlantis_fw/platform/common/lightheader/src/view_preferences.pb-c.c ****   assert(message->base.descriptor == &ltpb__view_preferences__descriptor);
  68              		.loc 1 19 0
  69 0004 10B5     		push	{r4, lr}
  70              	.LCFI1:
  71              		.cfi_def_cfa_offset 8
  72              		.cfi_offset 4, -8
  73              		.cfi_offset 14, -4
  74              		.loc 1 20 0
  75 0006 9A42     		cmp	r2, r3
  19:/home/tienluong/workspace/atlantis_fw/platform/common/lightheader/src/view_preferences.pb-c.c ****   assert(message->base.descriptor == &ltpb__view_preferences__descriptor);
  76              		.loc 1 19 0
  77 0008 0446     		mov	r4, r0
  78              		.loc 1 20 0
  79 000a 03D0     		beq	.L5
  80              		.loc 1 20 0 is_stmt 0 discriminator 1
  81 000c 0448     		ldr	r0, .L7+4
  82              	.LVL3:
  83 000e 1421     		movs	r1, #20
  84 0010 044B     		ldr	r3, .L7+8
  85 0012 9847     		blx	r3
  86              	.LVL4:
  87              	.L5:
  21:/home/tienluong/workspace/atlantis_fw/platform/common/lightheader/src/view_preferences.pb-c.c ****   return protobuf_c_message_get_packed_size ((const ProtobufCMessage*)(message));
  88              		.loc 1 21 0 is_stmt 1
  89 0014 2046     		mov	r0, r4
  90 0016 044B     		ldr	r3, .L7+12
  91 0018 9847     		blx	r3
  92              	.LVL5:
  22:/home/tienluong/workspace/atlantis_fw/platform/common/lightheader/src/view_preferences.pb-c.c **** }
  93              		.loc 1 22 0
  94 001a 10BD     		pop	{r4, pc}
  95              	.LVL6:
  96              	.L8:
  97              		.align	2
  98              	.L7:
  99 001c 00000000 		.word	.LANCHOR1
 100 0020 00000000 		.word	.LANCHOR2
 101 0024 00000000 		.word	assert_failed
 102 0028 00000000 		.word	protobuf_c_message_get_packed_size
 103              		.cfi_endproc
 104              	.LFE2:
 106              		.section	.text.ltpb__view_preferences__pack,"ax",%progbits
 107              		.align	1
 108              		.global	ltpb__view_preferences__pack
 109              		.thumb
 110              		.thumb_func
 112              	ltpb__view_preferences__pack:
 113              	.LFB3:
  23:/home/tienluong/workspace/atlantis_fw/platform/common/lightheader/src/view_preferences.pb-c.c **** LIGHT_HEADER_FUNC size_t ltpb__view_preferences__pack
  24:/home/tienluong/workspace/atlantis_fw/platform/common/lightheader/src/view_preferences.pb-c.c ****                      (const Ltpb__ViewPreferences *message,
  25:/home/tienluong/workspace/atlantis_fw/platform/common/lightheader/src/view_preferences.pb-c.c ****                       uint8_t       *out)
  26:/home/tienluong/workspace/atlantis_fw/platform/common/lightheader/src/view_preferences.pb-c.c **** {
 114              		.loc 1 26 0
 115              		.cfi_startproc
 116              		@ args = 0, pretend = 0, frame = 0
 117              		@ frame_needed = 0, uses_anonymous_args = 0
 118              	.LVL7:
 119 0000 38B5     		push	{r3, r4, r5, lr}
 120              	.LCFI2:
 121              		.cfi_def_cfa_offset 16
 122              		.cfi_offset 3, -16
 123              		.cfi_offset 4, -12
 124              		.cfi_offset 5, -8
 125              		.cfi_offset 14, -4
  27:/home/tienluong/workspace/atlantis_fw/platform/common/lightheader/src/view_preferences.pb-c.c ****   assert(message->base.descriptor == &ltpb__view_preferences__descriptor);
 126              		.loc 1 27 0
 127 0002 0268     		ldr	r2, [r0]
  26:/home/tienluong/workspace/atlantis_fw/platform/common/lightheader/src/view_preferences.pb-c.c ****   assert(message->base.descriptor == &ltpb__view_preferences__descriptor);
 128              		.loc 1 26 0
 129 0004 0446     		mov	r4, r0
 130              		.loc 1 27 0
 131 0006 064B     		ldr	r3, .L11
  26:/home/tienluong/workspace/atlantis_fw/platform/common/lightheader/src/view_preferences.pb-c.c ****   assert(message->base.descriptor == &ltpb__view_preferences__descriptor);
 132              		.loc 1 26 0
 133 0008 0D46     		mov	r5, r1
 134              		.loc 1 27 0
 135 000a 9A42     		cmp	r2, r3
 136 000c 03D0     		beq	.L10
 137              		.loc 1 27 0 is_stmt 0 discriminator 1
 138 000e 0548     		ldr	r0, .L11+4
 139              	.LVL8:
 140 0010 1B21     		movs	r1, #27
 141              	.LVL9:
 142 0012 054B     		ldr	r3, .L11+8
 143 0014 9847     		blx	r3
 144              	.LVL10:
 145              	.L10:
  28:/home/tienluong/workspace/atlantis_fw/platform/common/lightheader/src/view_preferences.pb-c.c ****   return protobuf_c_message_pack ((const ProtobufCMessage*)message, out);
 146              		.loc 1 28 0 is_stmt 1
 147 0016 2046     		mov	r0, r4
 148 0018 2946     		mov	r1, r5
 149 001a 044B     		ldr	r3, .L11+12
 150 001c 9847     		blx	r3
 151              	.LVL11:
  29:/home/tienluong/workspace/atlantis_fw/platform/common/lightheader/src/view_preferences.pb-c.c **** }
 152              		.loc 1 29 0
 153 001e 38BD     		pop	{r3, r4, r5, pc}
 154              	.LVL12:
 155              	.L12:
 156              		.align	2
 157              	.L11:
 158 0020 00000000 		.word	.LANCHOR1
 159 0024 00000000 		.word	.LANCHOR3
 160 0028 00000000 		.word	assert_failed
 161 002c 00000000 		.word	protobuf_c_message_pack
 162              		.cfi_endproc
 163              	.LFE3:
 165              		.section	.text.ltpb__view_preferences__pack_to_buffer,"ax",%progbits
 166              		.align	1
 167              		.global	ltpb__view_preferences__pack_to_buffer
 168              		.thumb
 169              		.thumb_func
 171              	ltpb__view_preferences__pack_to_buffer:
 172              	.LFB4:
  30:/home/tienluong/workspace/atlantis_fw/platform/common/lightheader/src/view_preferences.pb-c.c **** LIGHT_HEADER_FUNC size_t ltpb__view_preferences__pack_to_buffer
  31:/home/tienluong/workspace/atlantis_fw/platform/common/lightheader/src/view_preferences.pb-c.c ****                      (const Ltpb__ViewPreferences *message,
  32:/home/tienluong/workspace/atlantis_fw/platform/common/lightheader/src/view_preferences.pb-c.c ****                       ProtobufCBuffer *buffer)
  33:/home/tienluong/workspace/atlantis_fw/platform/common/lightheader/src/view_preferences.pb-c.c **** {
 173              		.loc 1 33 0
 174              		.cfi_startproc
 175              		@ args = 0, pretend = 0, frame = 0
 176              		@ frame_needed = 0, uses_anonymous_args = 0
 177              	.LVL13:
 178 0000 38B5     		push	{r3, r4, r5, lr}
 179              	.LCFI3:
 180              		.cfi_def_cfa_offset 16
 181              		.cfi_offset 3, -16
 182              		.cfi_offset 4, -12
 183              		.cfi_offset 5, -8
 184              		.cfi_offset 14, -4
  34:/home/tienluong/workspace/atlantis_fw/platform/common/lightheader/src/view_preferences.pb-c.c ****   assert(message->base.descriptor == &ltpb__view_preferences__descriptor);
 185              		.loc 1 34 0
 186 0002 0268     		ldr	r2, [r0]
  33:/home/tienluong/workspace/atlantis_fw/platform/common/lightheader/src/view_preferences.pb-c.c ****   assert(message->base.descriptor == &ltpb__view_preferences__descriptor);
 187              		.loc 1 33 0
 188 0004 0446     		mov	r4, r0
 189              		.loc 1 34 0
 190 0006 064B     		ldr	r3, .L15
  33:/home/tienluong/workspace/atlantis_fw/platform/common/lightheader/src/view_preferences.pb-c.c ****   assert(message->base.descriptor == &ltpb__view_preferences__descriptor);
 191              		.loc 1 33 0
 192 0008 0D46     		mov	r5, r1
 193              		.loc 1 34 0
 194 000a 9A42     		cmp	r2, r3
 195 000c 03D0     		beq	.L14
 196              		.loc 1 34 0 is_stmt 0 discriminator 1
 197 000e 0548     		ldr	r0, .L15+4
 198              	.LVL14:
 199 0010 2221     		movs	r1, #34
 200              	.LVL15:
 201 0012 054B     		ldr	r3, .L15+8
 202 0014 9847     		blx	r3
 203              	.LVL16:
 204              	.L14:
  35:/home/tienluong/workspace/atlantis_fw/platform/common/lightheader/src/view_preferences.pb-c.c ****   return protobuf_c_message_pack_to_buffer ((const ProtobufCMessage*)message, buffer);
 205              		.loc 1 35 0 is_stmt 1
 206 0016 2046     		mov	r0, r4
 207 0018 2946     		mov	r1, r5
 208 001a 044B     		ldr	r3, .L15+12
 209 001c 9847     		blx	r3
 210              	.LVL17:
  36:/home/tienluong/workspace/atlantis_fw/platform/common/lightheader/src/view_preferences.pb-c.c **** }
 211              		.loc 1 36 0
 212 001e 38BD     		pop	{r3, r4, r5, pc}
 213              	.LVL18:
 214              	.L16:
 215              		.align	2
 216              	.L15:
 217 0020 00000000 		.word	.LANCHOR1
 218 0024 00000000 		.word	.LANCHOR4
 219 0028 00000000 		.word	assert_failed
 220 002c 00000000 		.word	protobuf_c_message_pack_to_buffer
 221              		.cfi_endproc
 222              	.LFE4:
 224              		.section	.text.ltpb__view_preferences__unpack,"ax",%progbits
 225              		.align	1
 226              		.global	ltpb__view_preferences__unpack
 227              		.thumb
 228              		.thumb_func
 230              	ltpb__view_preferences__unpack:
 231              	.LFB5:
  37:/home/tienluong/workspace/atlantis_fw/platform/common/lightheader/src/view_preferences.pb-c.c **** LIGHT_HEADER_FUNC Ltpb__ViewPreferences *
  38:/home/tienluong/workspace/atlantis_fw/platform/common/lightheader/src/view_preferences.pb-c.c ****        ltpb__view_preferences__unpack
  39:/home/tienluong/workspace/atlantis_fw/platform/common/lightheader/src/view_preferences.pb-c.c ****                      (ProtobufCAllocator  *allocator,
  40:/home/tienluong/workspace/atlantis_fw/platform/common/lightheader/src/view_preferences.pb-c.c ****                       size_t               len,
  41:/home/tienluong/workspace/atlantis_fw/platform/common/lightheader/src/view_preferences.pb-c.c ****                       const uint8_t       *data)
  42:/home/tienluong/workspace/atlantis_fw/platform/common/lightheader/src/view_preferences.pb-c.c **** {
 232              		.loc 1 42 0
 233              		.cfi_startproc
 234              		@ args = 0, pretend = 0, frame = 0
 235              		@ frame_needed = 0, uses_anonymous_args = 0
 236              	.LVL19:
 237 0000 38B5     		push	{r3, r4, r5, lr}
 238              	.LCFI4:
 239              		.cfi_def_cfa_offset 16
 240              		.cfi_offset 3, -16
 241              		.cfi_offset 4, -12
 242              		.cfi_offset 5, -8
 243              		.cfi_offset 14, -4
 244              		.loc 1 42 0
 245 0002 0546     		mov	r5, r0
 246 0004 0C46     		mov	r4, r1
 247 0006 1346     		mov	r3, r2
  43:/home/tienluong/workspace/atlantis_fw/platform/common/lightheader/src/view_preferences.pb-c.c ****   return (Ltpb__ViewPreferences *)
 248              		.loc 1 43 0
 249 0008 2946     		mov	r1, r5
 250              	.LVL20:
 251 000a 2246     		mov	r2, r4
 252              	.LVL21:
 253 000c 0148     		ldr	r0, .L18
 254              	.LVL22:
 255 000e 024C     		ldr	r4, .L18+4
 256              	.LVL23:
 257 0010 A047     		blx	r4
 258              	.LVL24:
  44:/home/tienluong/workspace/atlantis_fw/platform/common/lightheader/src/view_preferences.pb-c.c ****      protobuf_c_message_unpack (&ltpb__view_preferences__descriptor,
  45:/home/tienluong/workspace/atlantis_fw/platform/common/lightheader/src/view_preferences.pb-c.c ****                                 allocator, len, data);
  46:/home/tienluong/workspace/atlantis_fw/platform/common/lightheader/src/view_preferences.pb-c.c **** }
 259              		.loc 1 46 0
 260 0012 38BD     		pop	{r3, r4, r5, pc}
 261              	.LVL25:
 262              	.L19:
 263              		.align	2
 264              	.L18:
 265 0014 00000000 		.word	.LANCHOR1
 266 0018 00000000 		.word	protobuf_c_message_unpack
 267              		.cfi_endproc
 268              	.LFE5:
 270              		.section	.text.ltpb__view_preferences__free_unpacked,"ax",%progbits
 271              		.align	1
 272              		.global	ltpb__view_preferences__free_unpacked
 273              		.thumb
 274              		.thumb_func
 276              	ltpb__view_preferences__free_unpacked:
 277              	.LFB6:
  47:/home/tienluong/workspace/atlantis_fw/platform/common/lightheader/src/view_preferences.pb-c.c **** LIGHT_HEADER_FUNC void   ltpb__view_preferences__free_unpacked
  48:/home/tienluong/workspace/atlantis_fw/platform/common/lightheader/src/view_preferences.pb-c.c ****                      (Ltpb__ViewPreferences *message,
  49:/home/tienluong/workspace/atlantis_fw/platform/common/lightheader/src/view_preferences.pb-c.c ****                       ProtobufCAllocator *allocator)
  50:/home/tienluong/workspace/atlantis_fw/platform/common/lightheader/src/view_preferences.pb-c.c **** {
 278              		.loc 1 50 0
 279              		.cfi_startproc
 280              		@ args = 0, pretend = 0, frame = 0
 281              		@ frame_needed = 0, uses_anonymous_args = 0
 282              	.LVL26:
 283 0000 38B5     		push	{r3, r4, r5, lr}
 284              	.LCFI5:
 285              		.cfi_def_cfa_offset 16
 286              		.cfi_offset 3, -16
 287              		.cfi_offset 4, -12
 288              		.cfi_offset 5, -8
 289              		.cfi_offset 14, -4
  51:/home/tienluong/workspace/atlantis_fw/platform/common/lightheader/src/view_preferences.pb-c.c ****   assert(message->base.descriptor == &ltpb__view_preferences__descriptor);
 290              		.loc 1 51 0
 291 0002 0268     		ldr	r2, [r0]
  50:/home/tienluong/workspace/atlantis_fw/platform/common/lightheader/src/view_preferences.pb-c.c ****   assert(message->base.descriptor == &ltpb__view_preferences__descriptor);
 292              		.loc 1 50 0
 293 0004 0446     		mov	r4, r0
 294              		.loc 1 51 0
 295 0006 064B     		ldr	r3, .L22
  50:/home/tienluong/workspace/atlantis_fw/platform/common/lightheader/src/view_preferences.pb-c.c ****   assert(message->base.descriptor == &ltpb__view_preferences__descriptor);
 296              		.loc 1 50 0
 297 0008 0D46     		mov	r5, r1
 298              		.loc 1 51 0
 299 000a 9A42     		cmp	r2, r3
 300 000c 03D0     		beq	.L21
 301              		.loc 1 51 0 is_stmt 0 discriminator 1
 302 000e 0548     		ldr	r0, .L22+4
 303              	.LVL27:
 304 0010 3321     		movs	r1, #51
 305              	.LVL28:
 306 0012 054B     		ldr	r3, .L22+8
 307 0014 9847     		blx	r3
 308              	.LVL29:
 309              	.L21:
  52:/home/tienluong/workspace/atlantis_fw/platform/common/lightheader/src/view_preferences.pb-c.c ****   protobuf_c_message_free_unpacked ((ProtobufCMessage*)message, allocator);
 310              		.loc 1 52 0 is_stmt 1
 311 0016 2046     		mov	r0, r4
 312 0018 2946     		mov	r1, r5
 313 001a 044B     		ldr	r3, .L22+12
 314 001c 9847     		blx	r3
 315              	.LVL30:
 316 001e 38BD     		pop	{r3, r4, r5, pc}
 317              	.LVL31:
 318              	.L23:
 319              		.align	2
 320              	.L22:
 321 0020 00000000 		.word	.LANCHOR1
 322 0024 00000000 		.word	.LANCHOR5
 323 0028 00000000 		.word	assert_failed
 324 002c 00000000 		.word	protobuf_c_message_free_unpacked
 325              		.cfi_endproc
 326              	.LFE6:
 328              		.global	ltpb__view_preferences__descriptor
 329              		.global	ltpb__view_preferences__awbmode__descriptor
 330              		.global	ltpb__view_preferences__scene_mode__descriptor
 331              		.global	ltpb__view_preferences__view_presets__descriptor
 332              		.global	ltpb__view_preferences__hdrmode__descriptor
 333              		.section	.rodata.ltpb__view_preferences__view_presets__value_ranges,"a",%progbits
 334              		.align	2
 337              	ltpb__view_preferences__view_presets__value_ranges:
 338 0000 00000000 		.word	0
 339 0004 00000000 		.word	0
 340 0008 00000000 		.word	0
 341 000c 05000000 		.word	5
 342              		.section	.rodata.ltpb__view_preferences__scene_mode__enum_values_by_number,"a",%progbits
 343              		.align	2
 346              	ltpb__view_preferences__scene_mode__enum_values_by_number:
 347 0000 B4030000 		.word	.LC39
 348 0004 D9030000 		.word	.LC41
 349 0008 00000000 		.word	0
 350 000c 7D030000 		.word	.LC36
 351 0010 11040000 		.word	.LC42
 352 0014 01000000 		.word	1
 353 0018 C8030000 		.word	.LC40
 354 001c 4A040000 		.word	.LC43
 355 0020 02000000 		.word	2
 356 0024 92030000 		.word	.LC37
 357 0028 7F040000 		.word	.LC44
 358 002c 03000000 		.word	3
 359 0030 A3030000 		.word	.LC38
 360 0034 B4040000 		.word	.LC45
 361 0038 04000000 		.word	4
 362              		.section	.rodata.ltpb__view_preferences__scene_mode__enum_values_by_name,"a",%progbits
 363              		.align	2
 366              	ltpb__view_preferences__scene_mode__enum_values_by_name:
 367 0000 7D030000 		.word	.LC36
 368 0004 01000000 		.word	1
 369 0008 92030000 		.word	.LC37
 370 000c 03000000 		.word	3
 371 0010 A3030000 		.word	.LC38
 372 0014 04000000 		.word	4
 373 0018 B4030000 		.word	.LC39
 374 001c 00000000 		.word	0
 375 0020 C8030000 		.word	.LC40
 376 0024 02000000 		.word	2
 377              		.section	.rodata.ltpb__view_preferences__descriptor,"a",%progbits
 378              		.align	2
 379              		.set	.LANCHOR1,. + 0
 382              	ltpb__view_preferences__descriptor:
 383 0000 F9EEAA28 		.word	682290937
 384 0004 00000000 		.word	.LC0
 385 0008 15000000 		.word	.LC1
 386 000c 25000000 		.word	.LC2
 387 0010 3B000000 		.word	.LC3
 388 0014 48000000 		.word	72
 389 0018 08000000 		.word	8
 390 001c 00000000 		.word	ltpb__view_preferences__field_descriptors
 391 0020 00000000 		.word	ltpb__view_preferences__field_indices_by_name
 392 0024 01000000 		.word	1
 393 0028 00000000 		.word	ltpb__view_preferences__number_ranges
 394 002c 00000000 		.word	ltpb__view_preferences__init
 395 0030 00000000 		.word	0
 396 0034 00000000 		.word	0
 397 0038 00000000 		.word	0
 398              		.section	.rodata.ltpb__view_preferences__scene_mode__descriptor,"a",%progbits
 399              		.align	2
 402              	ltpb__view_preferences__scene_mode__descriptor:
 403 0000 AF154311 		.word	289609135
 404 0004 33030000 		.word	.LC33
 405 0008 52030000 		.word	.LC34
 406 000c 5C030000 		.word	.LC35
 407 0010 3B000000 		.word	.LC3
 408 0014 05000000 		.word	5
 409 0018 00000000 		.word	ltpb__view_preferences__scene_mode__enum_values_by_number
 410 001c 05000000 		.word	5
 411 0020 00000000 		.word	ltpb__view_preferences__scene_mode__enum_values_by_name
 412 0024 01000000 		.word	1
 413 0028 00000000 		.word	ltpb__view_preferences__scene_mode__value_ranges
 414 002c 00000000 		.word	0
 415 0030 00000000 		.word	0
 416 0034 00000000 		.word	0
 417 0038 00000000 		.word	0
 418              		.section	.rodata.ltpb__view_preferences__field_indices_by_name,"a",%progbits
 419              		.align	2
 422              	ltpb__view_preferences__field_indices_by_name:
 423 0000 07000000 		.word	7
 424 0004 06000000 		.word	6
 425 0008 02000000 		.word	2
 426 000c 01000000 		.word	1
 427 0010 00000000 		.word	0
 428 0014 03000000 		.word	3
 429 0018 05000000 		.word	5
 430 001c 04000000 		.word	4
 431              		.section	.rodata.ltpb__view_preferences__view_presets__descriptor,"a",%progbits
 432              		.align	2
 435              	ltpb__view_preferences__view_presets__descriptor:
 436 0000 AF154311 		.word	289609135
 437 0004 E9040000 		.word	.LC46
 438 0008 0A050000 		.word	.LC47
 439 000c 16050000 		.word	.LC48
 440 0010 3B000000 		.word	.LC3
 441 0014 05000000 		.word	5
 442 0018 00000000 		.word	ltpb__view_preferences__view_presets__enum_values_by_number
 443 001c 05000000 		.word	5
 444 0020 00000000 		.word	ltpb__view_preferences__view_presets__enum_values_by_name
 445 0024 01000000 		.word	1
 446 0028 00000000 		.word	ltpb__view_preferences__view_presets__value_ranges
 447 002c 00000000 		.word	0
 448 0030 00000000 		.word	0
 449 0034 00000000 		.word	0
 450 0038 00000000 		.word	0
 451              		.section	.rodata.ltpb__view_preferences__number_ranges,"a",%progbits
 452              		.align	2
 455              	ltpb__view_preferences__number_ranges:
 456 0000 01000000 		.word	1
 457 0004 00000000 		.word	0
 458 0008 00000000 		.word	0
 459 000c 08000000 		.word	8
 460              		.section	.rodata.ltpb__view_preferences__awbmode__enum_values_by_number,"a",%progbits
 461              		.align	2
 464              	ltpb__view_preferences__awbmode__enum_values_by_number:
 465 0000 E0000000 		.word	.LC15
 466 0004 75010000 		.word	.LC24
 467 0008 00000000 		.word	0
 468 000c 0E010000 		.word	.LC18
 469 0010 A4010000 		.word	.LC25
 470 0014 01000000 		.word	1
 471 0018 54010000 		.word	.LC22
 472 001c D7010000 		.word	.LC26
 473 0020 02000000 		.word	2
 474 0024 EE000000 		.word	.LC16
 475 0028 07020000 		.word	.LC27
 476 002c 03000000 		.word	3
 477 0030 63010000 		.word	.LC23
 478 0034 38020000 		.word	.LC28
 479 0038 04000000 		.word	4
 480 003c 2F010000 		.word	.LC20
 481 0040 6B020000 		.word	.LC29
 482 0044 05000000 		.word	5
 483 0048 20010000 		.word	.LC19
 484 004c A1020000 		.word	.LC30
 485 0050 06000000 		.word	6
 486 0054 FE000000 		.word	.LC17
 487 0058 D1020000 		.word	.LC31
 488 005c 07000000 		.word	7
 489 0060 44010000 		.word	.LC21
 490 0064 02030000 		.word	.LC32
 491 0068 08000000 		.word	8
 492              		.section	.rodata.ltpb__view_preferences__field_descriptors,"a",%progbits
 493              		.align	2
 496              	ltpb__view_preferences__field_descriptors:
 497 0000 40000000 		.word	.LC4
 498 0004 01000000 		.word	1
 499 0008 01       		.byte	1
 500 0009 0A       		.byte	10
 501 000a 0000     		.space	2
 502 000c 0C000000 		.word	12
 503 0010 10000000 		.word	16
 504 0014 00000000 		.word	0
 505 0018 00000000 		.word	0
 506 001c 00000000 		.word	0
 507 0020 00000000 		.word	0
 508 0024 00000000 		.word	0
 509 0028 00000000 		.word	0
 510 002c 49000000 		.word	.LC5
 511 0030 02000000 		.word	2
 512 0034 01       		.byte	1
 513 0035 0A       		.byte	10
 514 0036 0000     		.space	2
 515 0038 14000000 		.word	20
 516 003c 18000000 		.word	24
 517 0040 00000000 		.word	0
 518 0044 00000000 		.word	0
 519 0048 00000000 		.word	0
 520 004c 00000000 		.word	0
 521 0050 00000000 		.word	0
 522 0054 00000000 		.word	0
 523 0058 53000000 		.word	.LC6
 524 005c 03000000 		.word	3
 525 0060 01       		.byte	1
 526 0061 0C       		.byte	12
 527 0062 0000     		.space	2
 528 0064 1C000000 		.word	28
 529 0068 20000000 		.word	32
 530 006c 00000000 		.word	0
 531 0070 00000000 		.word	0
 532 0074 00000000 		.word	0
 533 0078 00000000 		.word	0
 534 007c 00000000 		.word	0
 535 0080 00000000 		.word	0
 536 0084 64000000 		.word	.LC7
 537 0088 04000000 		.word	4
 538 008c 01       		.byte	1
 539 008d 0D       		.byte	13
 540 008e 0000     		.space	2
 541 0090 24000000 		.word	36
 542 0094 28000000 		.word	40
 543 0098 00000000 		.word	ltpb__view_preferences__hdrmode__descriptor
 544 009c 00000000 		.word	0
 545 00a0 00000000 		.word	0
 546 00a4 00000000 		.word	0
 547 00a8 00000000 		.word	0
 548 00ac 00000000 		.word	0
 549 00b0 6D000000 		.word	.LC8
 550 00b4 05000000 		.word	5
 551 00b8 01       		.byte	1
 552 00b9 0D       		.byte	13
 553 00ba 0000     		.space	2
 554 00bc 2C000000 		.word	44
 555 00c0 30000000 		.word	48
 556 00c4 00000000 		.word	ltpb__view_preferences__view_presets__descriptor
 557 00c8 00000000 		.word	0
 558 00cc 00000000 		.word	0
 559 00d0 00000000 		.word	0
 560 00d4 00000000 		.word	0
 561 00d8 00000000 		.word	0
 562 00dc 79000000 		.word	.LC9
 563 00e0 06000000 		.word	6
 564 00e4 01       		.byte	1
 565 00e5 0D       		.byte	13
 566 00e6 0000     		.space	2
 567 00e8 34000000 		.word	52
 568 00ec 38000000 		.word	56
 569 00f0 00000000 		.word	ltpb__view_preferences__scene_mode__descriptor
 570 00f4 00000000 		.word	0
 571 00f8 00000000 		.word	0
 572 00fc 00000000 		.word	0
 573 0100 00000000 		.word	0
 574 0104 00000000 		.word	0
 575 0108 84000000 		.word	.LC10
 576 010c 07000000 		.word	7
 577 0110 01       		.byte	1
 578 0111 10       		.byte	16
 579 0112 0000     		.space	2
 580 0114 00000000 		.word	0
 581 0118 44000000 		.word	68
 582 011c 00000000 		.word	ltpb__point2_f__descriptor
 583 0120 00000000 		.word	0
 584 0124 00000000 		.word	0
 585 0128 00000000 		.word	0
 586 012c 00000000 		.word	0
 587 0130 00000000 		.word	0
 588 0134 93000000 		.word	.LC11
 589 0138 08000000 		.word	8
 590 013c 01       		.byte	1
 591 013d 0D       		.byte	13
 592 013e 0000     		.space	2
 593 0140 3C000000 		.word	60
 594 0144 40000000 		.word	64
 595 0148 00000000 		.word	ltpb__view_preferences__awbmode__descriptor
 596 014c 00000000 		.word	0
 597 0150 00000000 		.word	0
 598 0154 00000000 		.word	0
 599 0158 00000000 		.word	0
 600 015c 00000000 		.word	0
 601              		.section	.rodata.ltpb__view_preferences__awbmode__descriptor,"a",%progbits
 602              		.align	2
 605              	ltpb__view_preferences__awbmode__descriptor:
 606 0000 AF154311 		.word	289609135
 607 0004 9C000000 		.word	.LC12
 608 0008 B9000000 		.word	.LC13
 609 000c C1000000 		.word	.LC14
 610 0010 3B000000 		.word	.LC3
 611 0014 09000000 		.word	9
 612 0018 00000000 		.word	ltpb__view_preferences__awbmode__enum_values_by_number
 613 001c 09000000 		.word	9
 614 0020 00000000 		.word	ltpb__view_preferences__awbmode__enum_values_by_name
 615 0024 01000000 		.word	1
 616 0028 00000000 		.word	ltpb__view_preferences__awbmode__value_ranges
 617 002c 00000000 		.word	0
 618 0030 00000000 		.word	0
 619 0034 00000000 		.word	0
 620 0038 00000000 		.word	0
 621              		.section	.rodata.ltpb__view_preferences__hdrmode__value_ranges,"a",%progbits
 622              		.align	2
 625              	ltpb__view_preferences__hdrmode__value_ranges:
 626 0000 00000000 		.word	0
 627 0004 00000000 		.word	0
 628 0008 00000000 		.word	0
 629 000c 04000000 		.word	4
 630              		.section	.rodata.ltpb__view_preferences__scene_mode__value_ranges,"a",%progbits
 631              		.align	2
 634              	ltpb__view_preferences__scene_mode__value_ranges:
 635 0000 00000000 		.word	0
 636 0004 00000000 		.word	0
 637 0008 00000000 		.word	0
 638 000c 05000000 		.word	5
 639              		.section	.rodata.ltpb__view_preferences__awbmode__value_ranges,"a",%progbits
 640              		.align	2
 643              	ltpb__view_preferences__awbmode__value_ranges:
 644 0000 00000000 		.word	0
 645 0004 00000000 		.word	0
 646 0008 00000000 		.word	0
 647 000c 09000000 		.word	9
 648              		.section	.rodata.__FUNCTION__.6508,"a",%progbits
 649              		.set	.LANCHOR2,. + 0
 652              	__FUNCTION__.6508:
 653 0000 6C747062 		.ascii	"ltpb__view_preferences__get_packed_size\000"
 653      5F5F7669 
 653      65775F70 
 653      72656665 
 653      72656E63 
 654              		.section	.rodata.__FUNCTION__.6513,"a",%progbits
 655              		.set	.LANCHOR3,. + 0
 658              	__FUNCTION__.6513:
 659 0000 6C747062 		.ascii	"ltpb__view_preferences__pack\000"
 659      5F5F7669 
 659      65775F70 
 659      72656665 
 659      72656E63 
 660              		.section	.rodata.ltpb__view_preferences__view_presets__enum_values_by_number,"a",%progbits
 661              		.align	2
 664              	ltpb__view_preferences__view_presets__enum_values_by_number:
 665 0000 78050000 		.word	.LC52
 666 0004 9E050000 		.word	.LC54
 667 0008 00000000 		.word	0
 668 000c 64050000 		.word	.LC51
 669 0010 D5050000 		.word	.LC55
 670 0014 01000000 		.word	1
 671 0018 39050000 		.word	.LC49
 672 001c 0F060000 		.word	.LC56
 673 0020 02000000 		.word	2
 674 0024 4E050000 		.word	.LC50
 675 0028 4A060000 		.word	.LC57
 676 002c 03000000 		.word	3
 677 0030 89050000 		.word	.LC53
 678 0034 86060000 		.word	.LC58
 679 0038 04000000 		.word	4
 680              		.section	.rodata.__FUNCTION__.6518,"a",%progbits
 681              		.set	.LANCHOR4,. + 0
 684              	__FUNCTION__.6518:
 685 0000 6C747062 		.ascii	"ltpb__view_preferences__pack_to_buffer\000"
 685      5F5F7669 
 685      65775F70 
 685      72656665 
 685      72656E63 
 686              		.section	.rodata.init_value.6504,"a",%progbits
 687              		.align	2
 688              		.set	.LANCHOR0,. + 0
 691              	init_value.6504:
 692 0000 00000000 		.word	ltpb__view_preferences__descriptor
 693 0004 00000000 		.word	0
 694 0008 00000000 		.word	0
 695 000c 00000000 		.word	0
 696 0010 00000000 		.word	0
 697 0014 00000000 		.word	0
 698 0018 00000000 		.word	0
 699 001c 00000000 		.word	0
 700 0020 00000000 		.word	0
 701 0024 00000000 		.word	0
 702 0028 00000000 		.word	0
 703 002c 00000000 		.word	0
 704 0030 00000000 		.word	0
 705 0034 00000000 		.word	0
 706 0038 00000000 		.word	0
 707 003c 00000000 		.word	0
 708 0040 00000000 		.word	0
 709 0044 00000000 		.word	0
 710              		.section	.rodata.__FUNCTION__.6528,"a",%progbits
 711              		.set	.LANCHOR5,. + 0
 714              	__FUNCTION__.6528:
 715 0000 6C747062 		.ascii	"ltpb__view_preferences__free_unpacked\000"
 715      5F5F7669 
 715      65775F70 
 715      72656665 
 715      72656E63 
 716              		.section	.rodata.ltpb__view_preferences__hdrmode__descriptor,"a",%progbits
 717              		.align	2
 720              	ltpb__view_preferences__hdrmode__descriptor:
 721 0000 AF154311 		.word	289609135
 722 0004 C1060000 		.word	.LC59
 723 0008 DE060000 		.word	.LC60
 724 000c E6060000 		.word	.LC61
 725 0010 3B000000 		.word	.LC3
 726 0014 04000000 		.word	4
 727 0018 00000000 		.word	ltpb__view_preferences__hdrmode__enum_values_by_number
 728 001c 04000000 		.word	4
 729 0020 00000000 		.word	ltpb__view_preferences__hdrmode__enum_values_by_name
 730 0024 01000000 		.word	1
 731 0028 00000000 		.word	ltpb__view_preferences__hdrmode__value_ranges
 732 002c 00000000 		.word	0
 733 0030 00000000 		.word	0
 734 0034 00000000 		.word	0
 735 0038 00000000 		.word	0
 736              		.section	.rodata.str1.1,"aMS",%progbits,1
 737              	.LC0:
 738 0000 6C747062 		.ascii	"ltpb.ViewPreferences\000"
 738      2E566965 
 738      77507265 
 738      66657265 
 738      6E636573 
 739              	.LC1:
 740 0015 56696577 		.ascii	"ViewPreferences\000"
 740      50726566 
 740      6572656E 
 740      63657300 
 741              	.LC2:
 742 0025 4C747062 		.ascii	"Ltpb__ViewPreferences\000"
 742      5F5F5669 
 742      65775072 
 742      65666572 
 742      656E6365 
 743              	.LC3:
 744 003b 6C747062 		.ascii	"ltpb\000"
 744      00
 745              	.LC4:
 746 0040 665F6E75 		.ascii	"f_number\000"
 746      6D626572 
 746      00
 747              	.LC5:
 748 0049 65765F6F 		.ascii	"ev_offset\000"
 748      66667365 
 748      7400
 749              	.LC6:
 750 0053 64697361 		.ascii	"disable_cropping\000"
 750      626C655F 
 750      63726F70 
 750      70696E67 
 750      00
 751              	.LC7:
 752 0064 6864725F 		.ascii	"hdr_mode\000"
 752      6D6F6465 
 752      00
 753              	.LC8:
 754 006d 76696577 		.ascii	"view_preset\000"
 754      5F707265 
 754      73657400 
 755              	.LC9:
 756 0079 7363656E 		.ascii	"scene_mode\000"
 756      655F6D6F 
 756      646500
 757              	.LC10:
 758 0084 6177625F 		.ascii	"awb_neutral_xy\000"
 758      6E657574 
 758      72616C5F 
 758      787900
 759              	.LC11:
 760 0093 6177625F 		.ascii	"awb_mode\000"
 760      6D6F6465 
 760      00
 761              	.LC12:
 762 009c 6C747062 		.ascii	"ltpb.ViewPreferences.AWBMode\000"
 762      2E566965 
 762      77507265 
 762      66657265 
 762      6E636573 
 763              	.LC13:
 764 00b9 4157424D 		.ascii	"AWBMode\000"
 764      6F646500 
 765              	.LC14:
 766 00c1 4C747062 		.ascii	"Ltpb__ViewPreferences__AWBMode\000"
 766      5F5F5669 
 766      65775072 
 766      65666572 
 766      656E6365 
 767              	.LC15:
 768 00e0 4157425F 		.ascii	"AWB_MODE_AUTO\000"
 768      4D4F4445 
 768      5F415554 
 768      4F00
 769              	.LC16:
 770 00ee 4157425F 		.ascii	"AWB_MODE_CLOUDY\000"
 770      4D4F4445 
 770      5F434C4F 
 770      55445900 
 771              	.LC17:
 772 00fe 4157425F 		.ascii	"AWB_MODE_CUSTOM\000"
 772      4D4F4445 
 772      5F435553 
 772      544F4D00 
 773              	.LC18:
 774 010e 4157425F 		.ascii	"AWB_MODE_DAYLIGHT\000"
 774      4D4F4445 
 774      5F444159 
 774      4C494748 
 774      5400
 775              	.LC19:
 776 0120 4157425F 		.ascii	"AWB_MODE_FLASH\000"
 776      4D4F4445 
 776      5F464C41 
 776      534800
 777              	.LC20:
 778 012f 4157425F 		.ascii	"AWB_MODE_FLUORESCENT\000"
 778      4D4F4445 
 778      5F464C55 
 778      4F524553 
 778      43454E54 
 779              	.LC21:
 780 0144 4157425F 		.ascii	"AWB_MODE_KELVIN\000"
 780      4D4F4445 
 780      5F4B454C 
 780      56494E00 
 781              	.LC22:
 782 0154 4157425F 		.ascii	"AWB_MODE_SHADE\000"
 782      4D4F4445 
 782      5F534841 
 782      444500
 783              	.LC23:
 784 0163 4157425F 		.ascii	"AWB_MODE_TUNGSTEN\000"
 784      4D4F4445 
 784      5F54554E 
 784      47535445 
 784      4E00
 785              	.LC24:
 786 0175 4C545042 		.ascii	"LTPB__VIEW_PREFERENCES__AWBMODE__AWB_MODE_AUTO\000"
 786      5F5F5649 
 786      45575F50 
 786      52454645 
 786      52454E43 
 787              	.LC25:
 788 01a4 4C545042 		.ascii	"LTPB__VIEW_PREFERENCES__AWBMODE__AWB_MODE_DAYLIGHT\000"
 788      5F5F5649 
 788      45575F50 
 788      52454645 
 788      52454E43 
 789              	.LC26:
 790 01d7 4C545042 		.ascii	"LTPB__VIEW_PREFERENCES__AWBMODE__AWB_MODE_SHADE\000"
 790      5F5F5649 
 790      45575F50 
 790      52454645 
 790      52454E43 
 791              	.LC27:
 792 0207 4C545042 		.ascii	"LTPB__VIEW_PREFERENCES__AWBMODE__AWB_MODE_CLOUDY\000"
 792      5F5F5649 
 792      45575F50 
 792      52454645 
 792      52454E43 
 793              	.LC28:
 794 0238 4C545042 		.ascii	"LTPB__VIEW_PREFERENCES__AWBMODE__AWB_MODE_TUNGSTEN\000"
 794      5F5F5649 
 794      45575F50 
 794      52454645 
 794      52454E43 
 795              	.LC29:
 796 026b 4C545042 		.ascii	"LTPB__VIEW_PREFERENCES__AWBMODE__AWB_MODE_FLUORESCE"
 796      5F5F5649 
 796      45575F50 
 796      52454645 
 796      52454E43 
 797 029e 4E5400   		.ascii	"NT\000"
 798              	.LC30:
 799 02a1 4C545042 		.ascii	"LTPB__VIEW_PREFERENCES__AWBMODE__AWB_MODE_FLASH\000"
 799      5F5F5649 
 799      45575F50 
 799      52454645 
 799      52454E43 
 800              	.LC31:
 801 02d1 4C545042 		.ascii	"LTPB__VIEW_PREFERENCES__AWBMODE__AWB_MODE_CUSTOM\000"
 801      5F5F5649 
 801      45575F50 
 801      52454645 
 801      52454E43 
 802              	.LC32:
 803 0302 4C545042 		.ascii	"LTPB__VIEW_PREFERENCES__AWBMODE__AWB_MODE_KELVIN\000"
 803      5F5F5649 
 803      45575F50 
 803      52454645 
 803      52454E43 
 804              	.LC33:
 805 0333 6C747062 		.ascii	"ltpb.ViewPreferences.SceneMode\000"
 805      2E566965 
 805      77507265 
 805      66657265 
 805      6E636573 
 806              	.LC34:
 807 0352 5363656E 		.ascii	"SceneMode\000"
 807      654D6F64 
 807      6500
 808              	.LC35:
 809 035c 4C747062 		.ascii	"Ltpb__ViewPreferences__SceneMode\000"
 809      5F5F5669 
 809      65775072 
 809      65666572 
 809      656E6365 
 810              	.LC36:
 811 037d 5343454E 		.ascii	"SCENE_MODE_LANDSCAPE\000"
 811      455F4D4F 
 811      44455F4C 
 811      414E4453 
 811      43415045 
 812              	.LC37:
 813 0392 5343454E 		.ascii	"SCENE_MODE_MACRO\000"
 813      455F4D4F 
 813      44455F4D 
 813      4143524F 
 813      00
 814              	.LC38:
 815 03a3 5343454E 		.ascii	"SCENE_MODE_NIGHT\000"
 815      455F4D4F 
 815      44455F4E 
 815      49474854 
 815      00
 816              	.LC39:
 817 03b4 5343454E 		.ascii	"SCENE_MODE_PORTRAIT\000"
 817      455F4D4F 
 817      44455F50 
 817      4F525452 
 817      41495400 
 818              	.LC40:
 819 03c8 5343454E 		.ascii	"SCENE_MODE_SPORT\000"
 819      455F4D4F 
 819      44455F53 
 819      504F5254 
 819      00
 820              	.LC41:
 821 03d9 4C545042 		.ascii	"LTPB__VIEW_PREFERENCES__SCENE_MODE__SCENE_MODE_PORT"
 821      5F5F5649 
 821      45575F50 
 821      52454645 
 821      52454E43 
 822 040c 52414954 		.ascii	"RAIT\000"
 822      00
 823              	.LC42:
 824 0411 4C545042 		.ascii	"LTPB__VIEW_PREFERENCES__SCENE_MODE__SCENE_MODE_LAND"
 824      5F5F5649 
 824      45575F50 
 824      52454645 
 824      52454E43 
 825 0444 53434150 		.ascii	"SCAPE\000"
 825      4500
 826              	.LC43:
 827 044a 4C545042 		.ascii	"LTPB__VIEW_PREFERENCES__SCENE_MODE__SCENE_MODE_SPOR"
 827      5F5F5649 
 827      45575F50 
 827      52454645 
 827      52454E43 
 828 047d 5400     		.ascii	"T\000"
 829              	.LC44:
 830 047f 4C545042 		.ascii	"LTPB__VIEW_PREFERENCES__SCENE_MODE__SCENE_MODE_MACR"
 830      5F5F5649 
 830      45575F50 
 830      52454645 
 830      52454E43 
 831 04b2 4F00     		.ascii	"O\000"
 832              	.LC45:
 833 04b4 4C545042 		.ascii	"LTPB__VIEW_PREFERENCES__SCENE_MODE__SCENE_MODE_NIGH"
 833      5F5F5649 
 833      45575F50 
 833      52454645 
 833      52454E43 
 834 04e7 5400     		.ascii	"T\000"
 835              	.LC46:
 836 04e9 6C747062 		.ascii	"ltpb.ViewPreferences.ViewPresets\000"
 836      2E566965 
 836      77507265 
 836      66657265 
 836      6E636573 
 837              	.LC47:
 838 050a 56696577 		.ascii	"ViewPresets\000"
 838      50726573 
 838      65747300 
 839              	.LC48:
 840 0516 4C747062 		.ascii	"Ltpb__ViewPreferences__ViewPresets\000"
 840      5F5F5669 
 840      65775072 
 840      65666572 
 840      656E6365 
 841              	.LC49:
 842 0539 56494557 		.ascii	"VIEW_PRESET_FAITHFUL\000"
 842      5F505245 
 842      5345545F 
 842      46414954 
 842      4846554C 
 843              	.LC50:
 844 054e 56494557 		.ascii	"VIEW_PRESET_LANDSCAPE\000"
 844      5F505245 
 844      5345545F 
 844      4C414E44 
 844      53434150 
 845              	.LC51:
 846 0564 56494557 		.ascii	"VIEW_PRESET_NATURAL\000"
 846      5F505245 
 846      5345545F 
 846      4E415455 
 846      52414C00 
 847              	.LC52:
 848 0578 56494557 		.ascii	"VIEW_PRESET_NONE\000"
 848      5F505245 
 848      5345545F 
 848      4E4F4E45 
 848      00
 849              	.LC53:
 850 0589 56494557 		.ascii	"VIEW_PRESET_PORTRAIT\000"
 850      5F505245 
 850      5345545F 
 850      504F5254 
 850      52414954 
 851              	.LC54:
 852 059e 4C545042 		.ascii	"LTPB__VIEW_PREFERENCES__VIEW_PRESETS__VIEW_PRESET_N"
 852      5F5F5649 
 852      45575F50 
 852      52454645 
 852      52454E43 
 853 05d1 4F4E4500 		.ascii	"ONE\000"
 854              	.LC55:
 855 05d5 4C545042 		.ascii	"LTPB__VIEW_PREFERENCES__VIEW_PRESETS__VIEW_PRESET_N"
 855      5F5F5649 
 855      45575F50 
 855      52454645 
 855      52454E43 
 856 0608 41545552 		.ascii	"ATURAL\000"
 856      414C00
 857              	.LC56:
 858 060f 4C545042 		.ascii	"LTPB__VIEW_PREFERENCES__VIEW_PRESETS__VIEW_PRESET_F"
 858      5F5F5649 
 858      45575F50 
 858      52454645 
 858      52454E43 
 859 0642 41495448 		.ascii	"AITHFUL\000"
 859      46554C00 
 860              	.LC57:
 861 064a 4C545042 		.ascii	"LTPB__VIEW_PREFERENCES__VIEW_PRESETS__VIEW_PRESET_L"
 861      5F5F5649 
 861      45575F50 
 861      52454645 
 861      52454E43 
 862 067d 414E4453 		.ascii	"ANDSCAPE\000"
 862      43415045 
 862      00
 863              	.LC58:
 864 0686 4C545042 		.ascii	"LTPB__VIEW_PREFERENCES__VIEW_PRESETS__VIEW_PRESET_P"
 864      5F5F5649 
 864      45575F50 
 864      52454645 
 864      52454E43 
 865 06b9 4F525452 		.ascii	"ORTRAIT\000"
 865      41495400 
 866              	.LC59:
 867 06c1 6C747062 		.ascii	"ltpb.ViewPreferences.HDRMode\000"
 867      2E566965 
 867      77507265 
 867      66657265 
 867      6E636573 
 868              	.LC60:
 869 06de 4844524D 		.ascii	"HDRMode\000"
 869      6F646500 
 870              	.LC61:
 871 06e6 4C747062 		.ascii	"Ltpb__ViewPreferences__HDRMode\000"
 871      5F5F5669 
 871      65775072 
 871      65666572 
 871      656E6365 
 872              	.LC62:
 873 0705 4844525F 		.ascii	"HDR_MODE_DEFAULT\000"
 873      4D4F4445 
 873      5F444546 
 873      41554C54 
 873      00
 874              	.LC63:
 875 0716 4844525F 		.ascii	"HDR_MODE_NATURAL\000"
 875      4D4F4445 
 875      5F4E4154 
 875      5552414C 
 875      00
 876              	.LC64:
 877 0727 4844525F 		.ascii	"HDR_MODE_NONE\000"
 877      4D4F4445 
 877      5F4E4F4E 
 877      4500
 878              	.LC65:
 879 0735 4844525F 		.ascii	"HDR_MODE_SURREAL\000"
 879      4D4F4445 
 879      5F535552 
 879      5245414C 
 879      00
 880              	.LC66:
 881 0746 4C545042 		.ascii	"LTPB__VIEW_PREFERENCES__HDRMODE__HDR_MODE_NONE\000"
 881      5F5F5649 
 881      45575F50 
 881      52454645 
 881      52454E43 
 882              	.LC67:
 883 0775 4C545042 		.ascii	"LTPB__VIEW_PREFERENCES__HDRMODE__HDR_MODE_DEFAULT\000"
 883      5F5F5649 
 883      45575F50 
 883      52454645 
 883      52454E43 
 884              	.LC68:
 885 07a7 4C545042 		.ascii	"LTPB__VIEW_PREFERENCES__HDRMODE__HDR_MODE_NATURAL\000"
 885      5F5F5649 
 885      45575F50 
 885      52454645 
 885      52454E43 
 886              	.LC69:
 887 07d9 4C545042 		.ascii	"LTPB__VIEW_PREFERENCES__HDRMODE__HDR_MODE_SURREAL\000"
 887      5F5F5649 
 887      45575F50 
 887      52454645 
 887      52454E43 
 888              		.section	.rodata.ltpb__view_preferences__awbmode__enum_values_by_name,"a",%progbits
 889              		.align	2
 892              	ltpb__view_preferences__awbmode__enum_values_by_name:
 893 0000 E0000000 		.word	.LC15
 894 0004 00000000 		.word	0
 895 0008 EE000000 		.word	.LC16
 896 000c 03000000 		.word	3
 897 0010 FE000000 		.word	.LC17
 898 0014 07000000 		.word	7
 899 0018 0E010000 		.word	.LC18
 900 001c 01000000 		.word	1
 901 0020 20010000 		.word	.LC19
 902 0024 06000000 		.word	6
 903 0028 2F010000 		.word	.LC20
 904 002c 05000000 		.word	5
 905 0030 44010000 		.word	.LC21
 906 0034 08000000 		.word	8
 907 0038 54010000 		.word	.LC22
 908 003c 02000000 		.word	2
 909 0040 63010000 		.word	.LC23
 910 0044 04000000 		.word	4
 911              		.section	.rodata.ltpb__view_preferences__hdrmode__enum_values_by_name,"a",%progbits
 912              		.align	2
 915              	ltpb__view_preferences__hdrmode__enum_values_by_name:
 916 0000 05070000 		.word	.LC62
 917 0004 01000000 		.word	1
 918 0008 16070000 		.word	.LC63
 919 000c 02000000 		.word	2
 920 0010 27070000 		.word	.LC64
 921 0014 00000000 		.word	0
 922 0018 35070000 		.word	.LC65
 923 001c 03000000 		.word	3
 924              		.section	.rodata.ltpb__view_preferences__view_presets__enum_values_by_name,"a",%progbits
 925              		.align	2
 928              	ltpb__view_preferences__view_presets__enum_values_by_name:
 929 0000 39050000 		.word	.LC49
 930 0004 02000000 		.word	2
 931 0008 4E050000 		.word	.LC50
 932 000c 03000000 		.word	3
 933 0010 64050000 		.word	.LC51
 934 0014 01000000 		.word	1
 935 0018 78050000 		.word	.LC52
 936 001c 00000000 		.word	0
 937 0020 89050000 		.word	.LC53
 938 0024 04000000 		.word	4
 939              		.section	.rodata.ltpb__view_preferences__hdrmode__enum_values_by_number,"a",%progbits
 940              		.align	2
 943              	ltpb__view_preferences__hdrmode__enum_values_by_number:
 944 0000 27070000 		.word	.LC64
 945 0004 46070000 		.word	.LC66
 946 0008 00000000 		.word	0
 947 000c 05070000 		.word	.LC62
 948 0010 75070000 		.word	.LC67
 949 0014 01000000 		.word	1
 950 0018 16070000 		.word	.LC63
 951 001c A7070000 		.word	.LC68
 952 0020 02000000 		.word	2
 953 0024 35070000 		.word	.LC65
 954 0028 D9070000 		.word	.LC69
 955 002c 03000000 		.word	3
 956              		.text
 957              	.Letext0:
 958              		.file 2 "/opt/toolchains/gcc-arm-none-eabi-4_9-2015q1/arm-none-eabi/include/machine/_default_types
 959              		.file 3 "/opt/toolchains/gcc-arm-none-eabi-4_9-2015q1/lib/gcc/arm-none-eabi/4.9.3/include/stddef.h
 960              		.file 4 "/opt/toolchains/gcc-arm-none-eabi-4_9-2015q1/arm-none-eabi/include/stdint.h"
 961              		.file 5 "/home/tienluong/workspace/atlantis_fw/platform/os/Source/portable/GCC/cortex-r4/portmacro
 962              		.file 6 "/home/tienluong/workspace/atlantis_fw/platform/common/lightheader/include/protobuf-c/prot
 963              		.file 7 "/home/tienluong/workspace/atlantis_fw/platform/common/lightheader/include/point2f.pb-c.h"
 964              		.file 8 "/home/tienluong/workspace/atlantis_fw/platform/common/lightheader/include/view_preference
DEFINED SYMBOLS
                            *ABS*:00000000 view_preferences.pb-c.c
     /tmp/ccVb0wCx.s:19     .text.ltpb__view_preferences__init:00000000 $t
     /tmp/ccVb0wCx.s:24     .text.ltpb__view_preferences__init:00000000 ltpb__view_preferences__init
     /tmp/ccVb0wCx.s:47     .text.ltpb__view_preferences__init:0000000c $d
     /tmp/ccVb0wCx.s:53     .text.ltpb__view_preferences__get_packed_size:00000000 $t
     /tmp/ccVb0wCx.s:58     .text.ltpb__view_preferences__get_packed_size:00000000 ltpb__view_preferences__get_packed_size
     /tmp/ccVb0wCx.s:99     .text.ltpb__view_preferences__get_packed_size:0000001c $d
     /tmp/ccVb0wCx.s:107    .text.ltpb__view_preferences__pack:00000000 $t
     /tmp/ccVb0wCx.s:112    .text.ltpb__view_preferences__pack:00000000 ltpb__view_preferences__pack
     /tmp/ccVb0wCx.s:158    .text.ltpb__view_preferences__pack:00000020 $d
     /tmp/ccVb0wCx.s:166    .text.ltpb__view_preferences__pack_to_buffer:00000000 $t
     /tmp/ccVb0wCx.s:171    .text.ltpb__view_preferences__pack_to_buffer:00000000 ltpb__view_preferences__pack_to_buffer
     /tmp/ccVb0wCx.s:217    .text.ltpb__view_preferences__pack_to_buffer:00000020 $d
     /tmp/ccVb0wCx.s:225    .text.ltpb__view_preferences__unpack:00000000 $t
     /tmp/ccVb0wCx.s:230    .text.ltpb__view_preferences__unpack:00000000 ltpb__view_preferences__unpack
     /tmp/ccVb0wCx.s:265    .text.ltpb__view_preferences__unpack:00000014 $d
     /tmp/ccVb0wCx.s:271    .text.ltpb__view_preferences__free_unpacked:00000000 $t
     /tmp/ccVb0wCx.s:276    .text.ltpb__view_preferences__free_unpacked:00000000 ltpb__view_preferences__free_unpacked
     /tmp/ccVb0wCx.s:321    .text.ltpb__view_preferences__free_unpacked:00000020 $d
     /tmp/ccVb0wCx.s:382    .rodata.ltpb__view_preferences__descriptor:00000000 ltpb__view_preferences__descriptor
     /tmp/ccVb0wCx.s:605    .rodata.ltpb__view_preferences__awbmode__descriptor:00000000 ltpb__view_preferences__awbmode__descriptor
     /tmp/ccVb0wCx.s:402    .rodata.ltpb__view_preferences__scene_mode__descriptor:00000000 ltpb__view_preferences__scene_mode__descriptor
     /tmp/ccVb0wCx.s:435    .rodata.ltpb__view_preferences__view_presets__descriptor:00000000 ltpb__view_preferences__view_presets__descriptor
     /tmp/ccVb0wCx.s:720    .rodata.ltpb__view_preferences__hdrmode__descriptor:00000000 ltpb__view_preferences__hdrmode__descriptor
     /tmp/ccVb0wCx.s:334    .rodata.ltpb__view_preferences__view_presets__value_ranges:00000000 $d
     /tmp/ccVb0wCx.s:337    .rodata.ltpb__view_preferences__view_presets__value_ranges:00000000 ltpb__view_preferences__view_presets__value_ranges
     /tmp/ccVb0wCx.s:343    .rodata.ltpb__view_preferences__scene_mode__enum_values_by_number:00000000 $d
     /tmp/ccVb0wCx.s:346    .rodata.ltpb__view_preferences__scene_mode__enum_values_by_number:00000000 ltpb__view_preferences__scene_mode__enum_values_by_number
     /tmp/ccVb0wCx.s:363    .rodata.ltpb__view_preferences__scene_mode__enum_values_by_name:00000000 $d
     /tmp/ccVb0wCx.s:366    .rodata.ltpb__view_preferences__scene_mode__enum_values_by_name:00000000 ltpb__view_preferences__scene_mode__enum_values_by_name
     /tmp/ccVb0wCx.s:378    .rodata.ltpb__view_preferences__descriptor:00000000 $d
     /tmp/ccVb0wCx.s:496    .rodata.ltpb__view_preferences__field_descriptors:00000000 ltpb__view_preferences__field_descriptors
     /tmp/ccVb0wCx.s:422    .rodata.ltpb__view_preferences__field_indices_by_name:00000000 ltpb__view_preferences__field_indices_by_name
     /tmp/ccVb0wCx.s:455    .rodata.ltpb__view_preferences__number_ranges:00000000 ltpb__view_preferences__number_ranges
     /tmp/ccVb0wCx.s:399    .rodata.ltpb__view_preferences__scene_mode__descriptor:00000000 $d
     /tmp/ccVb0wCx.s:634    .rodata.ltpb__view_preferences__scene_mode__value_ranges:00000000 ltpb__view_preferences__scene_mode__value_ranges
     /tmp/ccVb0wCx.s:419    .rodata.ltpb__view_preferences__field_indices_by_name:00000000 $d
     /tmp/ccVb0wCx.s:432    .rodata.ltpb__view_preferences__view_presets__descriptor:00000000 $d
     /tmp/ccVb0wCx.s:664    .rodata.ltpb__view_preferences__view_presets__enum_values_by_number:00000000 ltpb__view_preferences__view_presets__enum_values_by_number
     /tmp/ccVb0wCx.s:928    .rodata.ltpb__view_preferences__view_presets__enum_values_by_name:00000000 ltpb__view_preferences__view_presets__enum_values_by_name
     /tmp/ccVb0wCx.s:452    .rodata.ltpb__view_preferences__number_ranges:00000000 $d
     /tmp/ccVb0wCx.s:461    .rodata.ltpb__view_preferences__awbmode__enum_values_by_number:00000000 $d
     /tmp/ccVb0wCx.s:464    .rodata.ltpb__view_preferences__awbmode__enum_values_by_number:00000000 ltpb__view_preferences__awbmode__enum_values_by_number
     /tmp/ccVb0wCx.s:493    .rodata.ltpb__view_preferences__field_descriptors:00000000 $d
     /tmp/ccVb0wCx.s:602    .rodata.ltpb__view_preferences__awbmode__descriptor:00000000 $d
     /tmp/ccVb0wCx.s:892    .rodata.ltpb__view_preferences__awbmode__enum_values_by_name:00000000 ltpb__view_preferences__awbmode__enum_values_by_name
     /tmp/ccVb0wCx.s:643    .rodata.ltpb__view_preferences__awbmode__value_ranges:00000000 ltpb__view_preferences__awbmode__value_ranges
     /tmp/ccVb0wCx.s:622    .rodata.ltpb__view_preferences__hdrmode__value_ranges:00000000 $d
     /tmp/ccVb0wCx.s:625    .rodata.ltpb__view_preferences__hdrmode__value_ranges:00000000 ltpb__view_preferences__hdrmode__value_ranges
     /tmp/ccVb0wCx.s:631    .rodata.ltpb__view_preferences__scene_mode__value_ranges:00000000 $d
     /tmp/ccVb0wCx.s:640    .rodata.ltpb__view_preferences__awbmode__value_ranges:00000000 $d
     /tmp/ccVb0wCx.s:652    .rodata.__FUNCTION__.6508:00000000 __FUNCTION__.6508
     /tmp/ccVb0wCx.s:658    .rodata.__FUNCTION__.6513:00000000 __FUNCTION__.6513
     /tmp/ccVb0wCx.s:661    .rodata.ltpb__view_preferences__view_presets__enum_values_by_number:00000000 $d
     /tmp/ccVb0wCx.s:684    .rodata.__FUNCTION__.6518:00000000 __FUNCTION__.6518
     /tmp/ccVb0wCx.s:687    .rodata.init_value.6504:00000000 $d
     /tmp/ccVb0wCx.s:691    .rodata.init_value.6504:00000000 init_value.6504
     /tmp/ccVb0wCx.s:714    .rodata.__FUNCTION__.6528:00000000 __FUNCTION__.6528
     /tmp/ccVb0wCx.s:717    .rodata.ltpb__view_preferences__hdrmode__descriptor:00000000 $d
     /tmp/ccVb0wCx.s:943    .rodata.ltpb__view_preferences__hdrmode__enum_values_by_number:00000000 ltpb__view_preferences__hdrmode__enum_values_by_number
     /tmp/ccVb0wCx.s:915    .rodata.ltpb__view_preferences__hdrmode__enum_values_by_name:00000000 ltpb__view_preferences__hdrmode__enum_values_by_name
     /tmp/ccVb0wCx.s:889    .rodata.ltpb__view_preferences__awbmode__enum_values_by_name:00000000 $d
     /tmp/ccVb0wCx.s:912    .rodata.ltpb__view_preferences__hdrmode__enum_values_by_name:00000000 $d
     /tmp/ccVb0wCx.s:925    .rodata.ltpb__view_preferences__view_presets__enum_values_by_name:00000000 $d
     /tmp/ccVb0wCx.s:940    .rodata.ltpb__view_preferences__hdrmode__enum_values_by_number:00000000 $d
                     .debug_frame:00000010 $d

UNDEFINED SYMBOLS
memcpy
assert_failed
protobuf_c_message_get_packed_size
protobuf_c_message_pack
protobuf_c_message_pack_to_buffer
protobuf_c_message_unpack
protobuf_c_message_free_unpacked
ltpb__point2_f__descriptor
