   1              		.syntax unified
   2              		.cpu cortex-r4
   3              		.fpu softvfp
   4              		.eabi_attribute 20, 1
   5              		.eabi_attribute 21, 1
   6              		.eabi_attribute 23, 3
   7              		.eabi_attribute 24, 1
   8              		.eabi_attribute 25, 1
   9              		.eabi_attribute 26, 1
  10              		.eabi_attribute 30, 4
  11              		.eabi_attribute 34, 1
  12              		.eabi_attribute 18, 4
  13              		.thumb
  14              		.file	"mirror_system.pb-c.c"
  15              		.text
  16              	.Ltext0:
  17              		.cfi_sections	.debug_frame
  18              		.section	.text.ltpb__mirror_system__init,"ax",%progbits
  19              		.align	1
  20              		.global	ltpb__mirror_system__init
  21              		.thumb
  22              		.thumb_func
  24              	ltpb__mirror_system__init:
  25              	.LFB1:
  26              		.file 1 "/home/tienluong/workspace/atlantis_fw/platform/common/lightheader/src/mirror_system.pb-c.
   1:/home/tienluong/workspace/atlantis_fw/platform/common/lightheader/src/mirror_system.pb-c.c **** /* Generated by the protocol buffer compiler.  DO NOT EDIT! */
   2:/home/tienluong/workspace/atlantis_fw/platform/common/lightheader/src/mirror_system.pb-c.c **** /* Generated from: mirror_system.proto */
   3:/home/tienluong/workspace/atlantis_fw/platform/common/lightheader/src/mirror_system.pb-c.c **** 
   4:/home/tienluong/workspace/atlantis_fw/platform/common/lightheader/src/mirror_system.pb-c.c **** /* Do not generate deprecated warnings for self */
   5:/home/tienluong/workspace/atlantis_fw/platform/common/lightheader/src/mirror_system.pb-c.c **** #ifndef PROTOBUF_C__NO_DEPRECATED
   6:/home/tienluong/workspace/atlantis_fw/platform/common/lightheader/src/mirror_system.pb-c.c **** #define PROTOBUF_C__NO_DEPRECATED
   7:/home/tienluong/workspace/atlantis_fw/platform/common/lightheader/src/mirror_system.pb-c.c **** #endif
   8:/home/tienluong/workspace/atlantis_fw/platform/common/lightheader/src/mirror_system.pb-c.c **** #include "sections.h"
   9:/home/tienluong/workspace/atlantis_fw/platform/common/lightheader/src/mirror_system.pb-c.c **** #include "mirror_system.pb-c.h"
  10:/home/tienluong/workspace/atlantis_fw/platform/common/lightheader/src/mirror_system.pb-c.c **** LIGHT_HEADER_FUNC void   ltpb__mirror_system__init
  11:/home/tienluong/workspace/atlantis_fw/platform/common/lightheader/src/mirror_system.pb-c.c ****                      (Ltpb__MirrorSystem         *message)
  12:/home/tienluong/workspace/atlantis_fw/platform/common/lightheader/src/mirror_system.pb-c.c **** {
  27              		.loc 1 12 0
  28              		.cfi_startproc
  29              		@ args = 0, pretend = 0, frame = 0
  30              		@ frame_needed = 0, uses_anonymous_args = 0
  31              	.LVL0:
  32 0000 30B5     		push	{r4, r5, lr}
  33              	.LCFI0:
  34              		.cfi_def_cfa_offset 12
  35              		.cfi_offset 4, -12
  36              		.cfi_offset 5, -8
  37              		.cfi_offset 14, -4
  13:/home/tienluong/workspace/atlantis_fw/platform/common/lightheader/src/mirror_system.pb-c.c ****   LIGHT_HEADER_STATIC static Ltpb__MirrorSystem init_value = LTPB__MIRROR_SYSTEM__INIT;
  14:/home/tienluong/workspace/atlantis_fw/platform/common/lightheader/src/mirror_system.pb-c.c ****   *message = init_value;
  38              		.loc 1 14 0
  39 0002 054D     		ldr	r5, .L2
  40 0004 0446     		mov	r4, r0
  41 0006 0FCD     		ldmia	r5!, {r0, r1, r2, r3}
  42              	.LVL1:
  43 0008 0FC4     		stmia	r4!, {r0, r1, r2, r3}
  44              	.LVL2:
  45 000a 0FCD     		ldmia	r5!, {r0, r1, r2, r3}
  46 000c 0FC4     		stmia	r4!, {r0, r1, r2, r3}
  47              	.LVL3:
  48 000e 0FCD     		ldmia	r5!, {r0, r1, r2, r3}
  49 0010 0FC4     		stmia	r4!, {r0, r1, r2, r3}
  50              	.LVL4:
  51 0012 2B68     		ldr	r3, [r5]
  52 0014 2360     		str	r3, [r4]
  53 0016 30BD     		pop	{r4, r5, pc}
  54              	.LVL5:
  55              	.L3:
  56              		.align	2
  57              	.L2:
  58 0018 00000000 		.word	.LANCHOR0
  59              		.cfi_endproc
  60              	.LFE1:
  62              		.section	.text.ltpb__mirror_actuator_mapping__quadratic_model__init,"ax",%progbits
  63              		.align	1
  64              		.global	ltpb__mirror_actuator_mapping__quadratic_model__init
  65              		.thumb
  66              		.thumb_func
  68              	ltpb__mirror_actuator_mapping__quadratic_model__init:
  69              	.LFB7:
  15:/home/tienluong/workspace/atlantis_fw/platform/common/lightheader/src/mirror_system.pb-c.c **** }
  16:/home/tienluong/workspace/atlantis_fw/platform/common/lightheader/src/mirror_system.pb-c.c **** LIGHT_HEADER_FUNC size_t ltpb__mirror_system__get_packed_size
  17:/home/tienluong/workspace/atlantis_fw/platform/common/lightheader/src/mirror_system.pb-c.c ****                      (const Ltpb__MirrorSystem *message)
  18:/home/tienluong/workspace/atlantis_fw/platform/common/lightheader/src/mirror_system.pb-c.c **** {
  19:/home/tienluong/workspace/atlantis_fw/platform/common/lightheader/src/mirror_system.pb-c.c ****   assert(message->base.descriptor == &ltpb__mirror_system__descriptor);
  20:/home/tienluong/workspace/atlantis_fw/platform/common/lightheader/src/mirror_system.pb-c.c ****   return protobuf_c_message_get_packed_size ((const ProtobufCMessage*)(message));
  21:/home/tienluong/workspace/atlantis_fw/platform/common/lightheader/src/mirror_system.pb-c.c **** }
  22:/home/tienluong/workspace/atlantis_fw/platform/common/lightheader/src/mirror_system.pb-c.c **** LIGHT_HEADER_FUNC size_t ltpb__mirror_system__pack
  23:/home/tienluong/workspace/atlantis_fw/platform/common/lightheader/src/mirror_system.pb-c.c ****                      (const Ltpb__MirrorSystem *message,
  24:/home/tienluong/workspace/atlantis_fw/platform/common/lightheader/src/mirror_system.pb-c.c ****                       uint8_t       *out)
  25:/home/tienluong/workspace/atlantis_fw/platform/common/lightheader/src/mirror_system.pb-c.c **** {
  26:/home/tienluong/workspace/atlantis_fw/platform/common/lightheader/src/mirror_system.pb-c.c ****   assert(message->base.descriptor == &ltpb__mirror_system__descriptor);
  27:/home/tienluong/workspace/atlantis_fw/platform/common/lightheader/src/mirror_system.pb-c.c ****   return protobuf_c_message_pack ((const ProtobufCMessage*)message, out);
  28:/home/tienluong/workspace/atlantis_fw/platform/common/lightheader/src/mirror_system.pb-c.c **** }
  29:/home/tienluong/workspace/atlantis_fw/platform/common/lightheader/src/mirror_system.pb-c.c **** LIGHT_HEADER_FUNC size_t ltpb__mirror_system__pack_to_buffer
  30:/home/tienluong/workspace/atlantis_fw/platform/common/lightheader/src/mirror_system.pb-c.c ****                      (const Ltpb__MirrorSystem *message,
  31:/home/tienluong/workspace/atlantis_fw/platform/common/lightheader/src/mirror_system.pb-c.c ****                       ProtobufCBuffer *buffer)
  32:/home/tienluong/workspace/atlantis_fw/platform/common/lightheader/src/mirror_system.pb-c.c **** {
  33:/home/tienluong/workspace/atlantis_fw/platform/common/lightheader/src/mirror_system.pb-c.c ****   assert(message->base.descriptor == &ltpb__mirror_system__descriptor);
  34:/home/tienluong/workspace/atlantis_fw/platform/common/lightheader/src/mirror_system.pb-c.c ****   return protobuf_c_message_pack_to_buffer ((const ProtobufCMessage*)message, buffer);
  35:/home/tienluong/workspace/atlantis_fw/platform/common/lightheader/src/mirror_system.pb-c.c **** }
  36:/home/tienluong/workspace/atlantis_fw/platform/common/lightheader/src/mirror_system.pb-c.c **** LIGHT_HEADER_FUNC Ltpb__MirrorSystem *
  37:/home/tienluong/workspace/atlantis_fw/platform/common/lightheader/src/mirror_system.pb-c.c ****        ltpb__mirror_system__unpack
  38:/home/tienluong/workspace/atlantis_fw/platform/common/lightheader/src/mirror_system.pb-c.c ****                      (ProtobufCAllocator  *allocator,
  39:/home/tienluong/workspace/atlantis_fw/platform/common/lightheader/src/mirror_system.pb-c.c ****                       size_t               len,
  40:/home/tienluong/workspace/atlantis_fw/platform/common/lightheader/src/mirror_system.pb-c.c ****                       const uint8_t       *data)
  41:/home/tienluong/workspace/atlantis_fw/platform/common/lightheader/src/mirror_system.pb-c.c **** {
  42:/home/tienluong/workspace/atlantis_fw/platform/common/lightheader/src/mirror_system.pb-c.c ****   return (Ltpb__MirrorSystem *)
  43:/home/tienluong/workspace/atlantis_fw/platform/common/lightheader/src/mirror_system.pb-c.c ****      protobuf_c_message_unpack (&ltpb__mirror_system__descriptor,
  44:/home/tienluong/workspace/atlantis_fw/platform/common/lightheader/src/mirror_system.pb-c.c ****                                 allocator, len, data);
  45:/home/tienluong/workspace/atlantis_fw/platform/common/lightheader/src/mirror_system.pb-c.c **** }
  46:/home/tienluong/workspace/atlantis_fw/platform/common/lightheader/src/mirror_system.pb-c.c **** LIGHT_HEADER_FUNC void   ltpb__mirror_system__free_unpacked
  47:/home/tienluong/workspace/atlantis_fw/platform/common/lightheader/src/mirror_system.pb-c.c ****                      (Ltpb__MirrorSystem *message,
  48:/home/tienluong/workspace/atlantis_fw/platform/common/lightheader/src/mirror_system.pb-c.c ****                       ProtobufCAllocator *allocator)
  49:/home/tienluong/workspace/atlantis_fw/platform/common/lightheader/src/mirror_system.pb-c.c **** {
  50:/home/tienluong/workspace/atlantis_fw/platform/common/lightheader/src/mirror_system.pb-c.c ****   assert(message->base.descriptor == &ltpb__mirror_system__descriptor);
  51:/home/tienluong/workspace/atlantis_fw/platform/common/lightheader/src/mirror_system.pb-c.c ****   protobuf_c_message_free_unpacked ((ProtobufCMessage*)message, allocator);
  52:/home/tienluong/workspace/atlantis_fw/platform/common/lightheader/src/mirror_system.pb-c.c **** }
  53:/home/tienluong/workspace/atlantis_fw/platform/common/lightheader/src/mirror_system.pb-c.c **** LIGHT_HEADER_FUNC void   ltpb__mirror_actuator_mapping__quadratic_model__init
  54:/home/tienluong/workspace/atlantis_fw/platform/common/lightheader/src/mirror_system.pb-c.c ****                      (Ltpb__MirrorActuatorMapping__QuadraticModel         *message)
  55:/home/tienluong/workspace/atlantis_fw/platform/common/lightheader/src/mirror_system.pb-c.c **** {
  70              		.loc 1 55 0
  71              		.cfi_startproc
  72              		@ args = 0, pretend = 0, frame = 0
  73              		@ frame_needed = 0, uses_anonymous_args = 0
  74              	.LVL6:
  75 0000 30B5     		push	{r4, r5, lr}
  76              	.LCFI1:
  77              		.cfi_def_cfa_offset 12
  78              		.cfi_offset 4, -12
  79              		.cfi_offset 5, -8
  80              		.cfi_offset 14, -4
  56:/home/tienluong/workspace/atlantis_fw/platform/common/lightheader/src/mirror_system.pb-c.c ****   LIGHT_HEADER_STATIC static Ltpb__MirrorActuatorMapping__QuadraticModel init_value = LTPB__MIRROR_
  57:/home/tienluong/workspace/atlantis_fw/platform/common/lightheader/src/mirror_system.pb-c.c ****   *message = init_value;
  81              		.loc 1 57 0
  82 0002 044D     		ldr	r5, .L5
  83 0004 0446     		mov	r4, r0
  84 0006 0FCD     		ldmia	r5!, {r0, r1, r2, r3}
  85              	.LVL7:
  86 0008 0FC4     		stmia	r4!, {r0, r1, r2, r3}
  87              	.LVL8:
  88 000a 95E80F00 		ldmia	r5, {r0, r1, r2, r3}
  89 000e 84E80F00 		stmia	r4, {r0, r1, r2, r3}
  90 0012 30BD     		pop	{r4, r5, pc}
  91              	.LVL9:
  92              	.L6:
  93              		.align	2
  94              	.L5:
  95 0014 00000000 		.word	.LANCHOR1
  96              		.cfi_endproc
  97              	.LFE7:
  99              		.section	.text.ltpb__mirror_actuator_mapping__actuator_angle_pair__init,"ax",%progbits
 100              		.align	1
 101              		.global	ltpb__mirror_actuator_mapping__actuator_angle_pair__init
 102              		.thumb
 103              		.thumb_func
 105              	ltpb__mirror_actuator_mapping__actuator_angle_pair__init:
 106              	.LFB8:
  58:/home/tienluong/workspace/atlantis_fw/platform/common/lightheader/src/mirror_system.pb-c.c **** }
  59:/home/tienluong/workspace/atlantis_fw/platform/common/lightheader/src/mirror_system.pb-c.c **** LIGHT_HEADER_FUNC void   ltpb__mirror_actuator_mapping__actuator_angle_pair__init
  60:/home/tienluong/workspace/atlantis_fw/platform/common/lightheader/src/mirror_system.pb-c.c ****                      (Ltpb__MirrorActuatorMapping__ActuatorAnglePair         *message)
  61:/home/tienluong/workspace/atlantis_fw/platform/common/lightheader/src/mirror_system.pb-c.c **** {
 107              		.loc 1 61 0
 108              		.cfi_startproc
 109              		@ args = 0, pretend = 0, frame = 0
 110              		@ frame_needed = 0, uses_anonymous_args = 0
 111              	.LVL10:
 112 0000 30B5     		push	{r4, r5, lr}
 113              	.LCFI2:
 114              		.cfi_def_cfa_offset 12
 115              		.cfi_offset 4, -12
 116              		.cfi_offset 5, -8
 117              		.cfi_offset 14, -4
  62:/home/tienluong/workspace/atlantis_fw/platform/common/lightheader/src/mirror_system.pb-c.c ****   LIGHT_HEADER_STATIC static Ltpb__MirrorActuatorMapping__ActuatorAnglePair init_value = LTPB__MIRR
  63:/home/tienluong/workspace/atlantis_fw/platform/common/lightheader/src/mirror_system.pb-c.c ****   *message = init_value;
 118              		.loc 1 63 0
 119 0002 034D     		ldr	r5, .L8
 120 0004 0446     		mov	r4, r0
 121 0006 0FCD     		ldmia	r5!, {r0, r1, r2, r3}
 122              	.LVL11:
 123 0008 0FC4     		stmia	r4!, {r0, r1, r2, r3}
 124              	.LVL12:
 125 000a 2B68     		ldr	r3, [r5]
 126 000c 2360     		str	r3, [r4]
 127 000e 30BD     		pop	{r4, r5, pc}
 128              	.LVL13:
 129              	.L9:
 130              		.align	2
 131              	.L8:
 132 0010 00000000 		.word	.LANCHOR2
 133              		.cfi_endproc
 134              	.LFE8:
 136              		.section	.text.ltpb__mirror_actuator_mapping__init,"ax",%progbits
 137              		.align	1
 138              		.global	ltpb__mirror_actuator_mapping__init
 139              		.thumb
 140              		.thumb_func
 142              	ltpb__mirror_actuator_mapping__init:
 143              	.LFB9:
  64:/home/tienluong/workspace/atlantis_fw/platform/common/lightheader/src/mirror_system.pb-c.c **** }
  65:/home/tienluong/workspace/atlantis_fw/platform/common/lightheader/src/mirror_system.pb-c.c **** LIGHT_HEADER_FUNC void   ltpb__mirror_actuator_mapping__init
  66:/home/tienluong/workspace/atlantis_fw/platform/common/lightheader/src/mirror_system.pb-c.c ****                      (Ltpb__MirrorActuatorMapping         *message)
  67:/home/tienluong/workspace/atlantis_fw/platform/common/lightheader/src/mirror_system.pb-c.c **** {
 144              		.loc 1 67 0
 145              		.cfi_startproc
 146              		@ args = 0, pretend = 0, frame = 0
 147              		@ frame_needed = 0, uses_anonymous_args = 0
 148              	.LVL14:
 149 0000 30B5     		push	{r4, r5, lr}
 150              	.LCFI3:
 151              		.cfi_def_cfa_offset 12
 152              		.cfi_offset 4, -12
 153              		.cfi_offset 5, -8
 154              		.cfi_offset 14, -4
  68:/home/tienluong/workspace/atlantis_fw/platform/common/lightheader/src/mirror_system.pb-c.c ****   LIGHT_HEADER_STATIC static Ltpb__MirrorActuatorMapping init_value = LTPB__MIRROR_ACTUATOR_MAPPING
  69:/home/tienluong/workspace/atlantis_fw/platform/common/lightheader/src/mirror_system.pb-c.c ****   *message = init_value;
 155              		.loc 1 69 0
 156 0002 064D     		ldr	r5, .L11
 157 0004 0446     		mov	r4, r0
 158 0006 0FCD     		ldmia	r5!, {r0, r1, r2, r3}
 159              	.LVL15:
 160 0008 0FC4     		stmia	r4!, {r0, r1, r2, r3}
 161              	.LVL16:
 162 000a 0FCD     		ldmia	r5!, {r0, r1, r2, r3}
 163 000c 0FC4     		stmia	r4!, {r0, r1, r2, r3}
 164              	.LVL17:
 165 000e 0FCD     		ldmia	r5!, {r0, r1, r2, r3}
 166 0010 0FC4     		stmia	r4!, {r0, r1, r2, r3}
 167              	.LVL18:
 168 0012 95E80F00 		ldmia	r5, {r0, r1, r2, r3}
 169 0016 84E80F00 		stmia	r4, {r0, r1, r2, r3}
 170 001a 30BD     		pop	{r4, r5, pc}
 171              	.LVL19:
 172              	.L12:
 173              		.align	2
 174              	.L11:
 175 001c 00000000 		.word	.LANCHOR3
 176              		.cfi_endproc
 177              	.LFE9:
 179              		.section	.text.ltpb__mirror_system__get_packed_size,"ax",%progbits
 180              		.align	1
 181              		.global	ltpb__mirror_system__get_packed_size
 182              		.thumb
 183              		.thumb_func
 185              	ltpb__mirror_system__get_packed_size:
 186              	.LFB2:
  18:/home/tienluong/workspace/atlantis_fw/platform/common/lightheader/src/mirror_system.pb-c.c ****   assert(message->base.descriptor == &ltpb__mirror_system__descriptor);
 187              		.loc 1 18 0
 188              		.cfi_startproc
 189              		@ args = 0, pretend = 0, frame = 0
 190              		@ frame_needed = 0, uses_anonymous_args = 0
 191              	.LVL20:
  19:/home/tienluong/workspace/atlantis_fw/platform/common/lightheader/src/mirror_system.pb-c.c ****   return protobuf_c_message_get_packed_size ((const ProtobufCMessage*)(message));
 192              		.loc 1 19 0
 193 0000 0268     		ldr	r2, [r0]
 194 0002 064B     		ldr	r3, .L16
  18:/home/tienluong/workspace/atlantis_fw/platform/common/lightheader/src/mirror_system.pb-c.c ****   assert(message->base.descriptor == &ltpb__mirror_system__descriptor);
 195              		.loc 1 18 0
 196 0004 10B5     		push	{r4, lr}
 197              	.LCFI4:
 198              		.cfi_def_cfa_offset 8
 199              		.cfi_offset 4, -8
 200              		.cfi_offset 14, -4
  19:/home/tienluong/workspace/atlantis_fw/platform/common/lightheader/src/mirror_system.pb-c.c ****   return protobuf_c_message_get_packed_size ((const ProtobufCMessage*)(message));
 201              		.loc 1 19 0
 202 0006 9A42     		cmp	r2, r3
  18:/home/tienluong/workspace/atlantis_fw/platform/common/lightheader/src/mirror_system.pb-c.c ****   assert(message->base.descriptor == &ltpb__mirror_system__descriptor);
 203              		.loc 1 18 0
 204 0008 0446     		mov	r4, r0
  19:/home/tienluong/workspace/atlantis_fw/platform/common/lightheader/src/mirror_system.pb-c.c ****   return protobuf_c_message_get_packed_size ((const ProtobufCMessage*)(message));
 205              		.loc 1 19 0
 206 000a 03D0     		beq	.L14
  19:/home/tienluong/workspace/atlantis_fw/platform/common/lightheader/src/mirror_system.pb-c.c ****   return protobuf_c_message_get_packed_size ((const ProtobufCMessage*)(message));
 207              		.loc 1 19 0 is_stmt 0 discriminator 1
 208 000c 0448     		ldr	r0, .L16+4
 209              	.LVL21:
 210 000e 1321     		movs	r1, #19
 211 0010 044B     		ldr	r3, .L16+8
 212 0012 9847     		blx	r3
 213              	.LVL22:
 214              	.L14:
  20:/home/tienluong/workspace/atlantis_fw/platform/common/lightheader/src/mirror_system.pb-c.c **** }
 215              		.loc 1 20 0 is_stmt 1
 216 0014 2046     		mov	r0, r4
 217 0016 044B     		ldr	r3, .L16+12
 218 0018 9847     		blx	r3
 219              	.LVL23:
  21:/home/tienluong/workspace/atlantis_fw/platform/common/lightheader/src/mirror_system.pb-c.c **** LIGHT_HEADER_FUNC size_t ltpb__mirror_system__pack
 220              		.loc 1 21 0
 221 001a 10BD     		pop	{r4, pc}
 222              	.LVL24:
 223              	.L17:
 224              		.align	2
 225              	.L16:
 226 001c 00000000 		.word	.LANCHOR4
 227 0020 00000000 		.word	.LANCHOR5
 228 0024 00000000 		.word	assert_failed
 229 0028 00000000 		.word	protobuf_c_message_get_packed_size
 230              		.cfi_endproc
 231              	.LFE2:
 233              		.section	.text.ltpb__mirror_system__pack,"ax",%progbits
 234              		.align	1
 235              		.global	ltpb__mirror_system__pack
 236              		.thumb
 237              		.thumb_func
 239              	ltpb__mirror_system__pack:
 240              	.LFB3:
  25:/home/tienluong/workspace/atlantis_fw/platform/common/lightheader/src/mirror_system.pb-c.c ****   assert(message->base.descriptor == &ltpb__mirror_system__descriptor);
 241              		.loc 1 25 0
 242              		.cfi_startproc
 243              		@ args = 0, pretend = 0, frame = 0
 244              		@ frame_needed = 0, uses_anonymous_args = 0
 245              	.LVL25:
 246 0000 38B5     		push	{r3, r4, r5, lr}
 247              	.LCFI5:
 248              		.cfi_def_cfa_offset 16
 249              		.cfi_offset 3, -16
 250              		.cfi_offset 4, -12
 251              		.cfi_offset 5, -8
 252              		.cfi_offset 14, -4
  26:/home/tienluong/workspace/atlantis_fw/platform/common/lightheader/src/mirror_system.pb-c.c ****   return protobuf_c_message_pack ((const ProtobufCMessage*)message, out);
 253              		.loc 1 26 0
 254 0002 0268     		ldr	r2, [r0]
  25:/home/tienluong/workspace/atlantis_fw/platform/common/lightheader/src/mirror_system.pb-c.c ****   assert(message->base.descriptor == &ltpb__mirror_system__descriptor);
 255              		.loc 1 25 0
 256 0004 0446     		mov	r4, r0
  26:/home/tienluong/workspace/atlantis_fw/platform/common/lightheader/src/mirror_system.pb-c.c ****   return protobuf_c_message_pack ((const ProtobufCMessage*)message, out);
 257              		.loc 1 26 0
 258 0006 064B     		ldr	r3, .L20
  25:/home/tienluong/workspace/atlantis_fw/platform/common/lightheader/src/mirror_system.pb-c.c ****   assert(message->base.descriptor == &ltpb__mirror_system__descriptor);
 259              		.loc 1 25 0
 260 0008 0D46     		mov	r5, r1
  26:/home/tienluong/workspace/atlantis_fw/platform/common/lightheader/src/mirror_system.pb-c.c ****   return protobuf_c_message_pack ((const ProtobufCMessage*)message, out);
 261              		.loc 1 26 0
 262 000a 9A42     		cmp	r2, r3
 263 000c 03D0     		beq	.L19
  26:/home/tienluong/workspace/atlantis_fw/platform/common/lightheader/src/mirror_system.pb-c.c ****   return protobuf_c_message_pack ((const ProtobufCMessage*)message, out);
 264              		.loc 1 26 0 is_stmt 0 discriminator 1
 265 000e 0548     		ldr	r0, .L20+4
 266              	.LVL26:
 267 0010 1A21     		movs	r1, #26
 268              	.LVL27:
 269 0012 054B     		ldr	r3, .L20+8
 270 0014 9847     		blx	r3
 271              	.LVL28:
 272              	.L19:
  27:/home/tienluong/workspace/atlantis_fw/platform/common/lightheader/src/mirror_system.pb-c.c **** }
 273              		.loc 1 27 0 is_stmt 1
 274 0016 2046     		mov	r0, r4
 275 0018 2946     		mov	r1, r5
 276 001a 044B     		ldr	r3, .L20+12
 277 001c 9847     		blx	r3
 278              	.LVL29:
  28:/home/tienluong/workspace/atlantis_fw/platform/common/lightheader/src/mirror_system.pb-c.c **** LIGHT_HEADER_FUNC size_t ltpb__mirror_system__pack_to_buffer
 279              		.loc 1 28 0
 280 001e 38BD     		pop	{r3, r4, r5, pc}
 281              	.LVL30:
 282              	.L21:
 283              		.align	2
 284              	.L20:
 285 0020 00000000 		.word	.LANCHOR4
 286 0024 00000000 		.word	.LANCHOR6
 287 0028 00000000 		.word	assert_failed
 288 002c 00000000 		.word	protobuf_c_message_pack
 289              		.cfi_endproc
 290              	.LFE3:
 292              		.section	.text.ltpb__mirror_system__pack_to_buffer,"ax",%progbits
 293              		.align	1
 294              		.global	ltpb__mirror_system__pack_to_buffer
 295              		.thumb
 296              		.thumb_func
 298              	ltpb__mirror_system__pack_to_buffer:
 299              	.LFB4:
  32:/home/tienluong/workspace/atlantis_fw/platform/common/lightheader/src/mirror_system.pb-c.c ****   assert(message->base.descriptor == &ltpb__mirror_system__descriptor);
 300              		.loc 1 32 0
 301              		.cfi_startproc
 302              		@ args = 0, pretend = 0, frame = 0
 303              		@ frame_needed = 0, uses_anonymous_args = 0
 304              	.LVL31:
 305 0000 38B5     		push	{r3, r4, r5, lr}
 306              	.LCFI6:
 307              		.cfi_def_cfa_offset 16
 308              		.cfi_offset 3, -16
 309              		.cfi_offset 4, -12
 310              		.cfi_offset 5, -8
 311              		.cfi_offset 14, -4
  33:/home/tienluong/workspace/atlantis_fw/platform/common/lightheader/src/mirror_system.pb-c.c ****   return protobuf_c_message_pack_to_buffer ((const ProtobufCMessage*)message, buffer);
 312              		.loc 1 33 0
 313 0002 0268     		ldr	r2, [r0]
  32:/home/tienluong/workspace/atlantis_fw/platform/common/lightheader/src/mirror_system.pb-c.c ****   assert(message->base.descriptor == &ltpb__mirror_system__descriptor);
 314              		.loc 1 32 0
 315 0004 0446     		mov	r4, r0
  33:/home/tienluong/workspace/atlantis_fw/platform/common/lightheader/src/mirror_system.pb-c.c ****   return protobuf_c_message_pack_to_buffer ((const ProtobufCMessage*)message, buffer);
 316              		.loc 1 33 0
 317 0006 064B     		ldr	r3, .L24
  32:/home/tienluong/workspace/atlantis_fw/platform/common/lightheader/src/mirror_system.pb-c.c ****   assert(message->base.descriptor == &ltpb__mirror_system__descriptor);
 318              		.loc 1 32 0
 319 0008 0D46     		mov	r5, r1
  33:/home/tienluong/workspace/atlantis_fw/platform/common/lightheader/src/mirror_system.pb-c.c ****   return protobuf_c_message_pack_to_buffer ((const ProtobufCMessage*)message, buffer);
 320              		.loc 1 33 0
 321 000a 9A42     		cmp	r2, r3
 322 000c 03D0     		beq	.L23
  33:/home/tienluong/workspace/atlantis_fw/platform/common/lightheader/src/mirror_system.pb-c.c ****   return protobuf_c_message_pack_to_buffer ((const ProtobufCMessage*)message, buffer);
 323              		.loc 1 33 0 is_stmt 0 discriminator 1
 324 000e 0548     		ldr	r0, .L24+4
 325              	.LVL32:
 326 0010 2121     		movs	r1, #33
 327              	.LVL33:
 328 0012 054B     		ldr	r3, .L24+8
 329 0014 9847     		blx	r3
 330              	.LVL34:
 331              	.L23:
  34:/home/tienluong/workspace/atlantis_fw/platform/common/lightheader/src/mirror_system.pb-c.c **** }
 332              		.loc 1 34 0 is_stmt 1
 333 0016 2046     		mov	r0, r4
 334 0018 2946     		mov	r1, r5
 335 001a 044B     		ldr	r3, .L24+12
 336 001c 9847     		blx	r3
 337              	.LVL35:
  35:/home/tienluong/workspace/atlantis_fw/platform/common/lightheader/src/mirror_system.pb-c.c **** LIGHT_HEADER_FUNC Ltpb__MirrorSystem *
 338              		.loc 1 35 0
 339 001e 38BD     		pop	{r3, r4, r5, pc}
 340              	.LVL36:
 341              	.L25:
 342              		.align	2
 343              	.L24:
 344 0020 00000000 		.word	.LANCHOR4
 345 0024 00000000 		.word	.LANCHOR7
 346 0028 00000000 		.word	assert_failed
 347 002c 00000000 		.word	protobuf_c_message_pack_to_buffer
 348              		.cfi_endproc
 349              	.LFE4:
 351              		.section	.text.ltpb__mirror_system__unpack,"ax",%progbits
 352              		.align	1
 353              		.global	ltpb__mirror_system__unpack
 354              		.thumb
 355              		.thumb_func
 357              	ltpb__mirror_system__unpack:
 358              	.LFB5:
  41:/home/tienluong/workspace/atlantis_fw/platform/common/lightheader/src/mirror_system.pb-c.c ****   return (Ltpb__MirrorSystem *)
 359              		.loc 1 41 0
 360              		.cfi_startproc
 361              		@ args = 0, pretend = 0, frame = 0
 362              		@ frame_needed = 0, uses_anonymous_args = 0
 363              	.LVL37:
 364 0000 38B5     		push	{r3, r4, r5, lr}
 365              	.LCFI7:
 366              		.cfi_def_cfa_offset 16
 367              		.cfi_offset 3, -16
 368              		.cfi_offset 4, -12
 369              		.cfi_offset 5, -8
 370              		.cfi_offset 14, -4
  41:/home/tienluong/workspace/atlantis_fw/platform/common/lightheader/src/mirror_system.pb-c.c ****   return (Ltpb__MirrorSystem *)
 371              		.loc 1 41 0
 372 0002 0546     		mov	r5, r0
 373 0004 0C46     		mov	r4, r1
 374 0006 1346     		mov	r3, r2
  42:/home/tienluong/workspace/atlantis_fw/platform/common/lightheader/src/mirror_system.pb-c.c ****      protobuf_c_message_unpack (&ltpb__mirror_system__descriptor,
 375              		.loc 1 42 0
 376 0008 2946     		mov	r1, r5
 377              	.LVL38:
 378 000a 2246     		mov	r2, r4
 379              	.LVL39:
 380 000c 0148     		ldr	r0, .L27
 381              	.LVL40:
 382 000e 024C     		ldr	r4, .L27+4
 383              	.LVL41:
 384 0010 A047     		blx	r4
 385              	.LVL42:
  45:/home/tienluong/workspace/atlantis_fw/platform/common/lightheader/src/mirror_system.pb-c.c **** LIGHT_HEADER_FUNC void   ltpb__mirror_system__free_unpacked
 386              		.loc 1 45 0
 387 0012 38BD     		pop	{r3, r4, r5, pc}
 388              	.LVL43:
 389              	.L28:
 390              		.align	2
 391              	.L27:
 392 0014 00000000 		.word	.LANCHOR4
 393 0018 00000000 		.word	protobuf_c_message_unpack
 394              		.cfi_endproc
 395              	.LFE5:
 397              		.section	.text.ltpb__mirror_system__free_unpacked,"ax",%progbits
 398              		.align	1
 399              		.global	ltpb__mirror_system__free_unpacked
 400              		.thumb
 401              		.thumb_func
 403              	ltpb__mirror_system__free_unpacked:
 404              	.LFB6:
  49:/home/tienluong/workspace/atlantis_fw/platform/common/lightheader/src/mirror_system.pb-c.c ****   assert(message->base.descriptor == &ltpb__mirror_system__descriptor);
 405              		.loc 1 49 0
 406              		.cfi_startproc
 407              		@ args = 0, pretend = 0, frame = 0
 408              		@ frame_needed = 0, uses_anonymous_args = 0
 409              	.LVL44:
 410 0000 38B5     		push	{r3, r4, r5, lr}
 411              	.LCFI8:
 412              		.cfi_def_cfa_offset 16
 413              		.cfi_offset 3, -16
 414              		.cfi_offset 4, -12
 415              		.cfi_offset 5, -8
 416              		.cfi_offset 14, -4
  50:/home/tienluong/workspace/atlantis_fw/platform/common/lightheader/src/mirror_system.pb-c.c ****   protobuf_c_message_free_unpacked ((ProtobufCMessage*)message, allocator);
 417              		.loc 1 50 0
 418 0002 0268     		ldr	r2, [r0]
  49:/home/tienluong/workspace/atlantis_fw/platform/common/lightheader/src/mirror_system.pb-c.c ****   assert(message->base.descriptor == &ltpb__mirror_system__descriptor);
 419              		.loc 1 49 0
 420 0004 0446     		mov	r4, r0
  50:/home/tienluong/workspace/atlantis_fw/platform/common/lightheader/src/mirror_system.pb-c.c ****   protobuf_c_message_free_unpacked ((ProtobufCMessage*)message, allocator);
 421              		.loc 1 50 0
 422 0006 064B     		ldr	r3, .L31
  49:/home/tienluong/workspace/atlantis_fw/platform/common/lightheader/src/mirror_system.pb-c.c ****   assert(message->base.descriptor == &ltpb__mirror_system__descriptor);
 423              		.loc 1 49 0
 424 0008 0D46     		mov	r5, r1
  50:/home/tienluong/workspace/atlantis_fw/platform/common/lightheader/src/mirror_system.pb-c.c ****   protobuf_c_message_free_unpacked ((ProtobufCMessage*)message, allocator);
 425              		.loc 1 50 0
 426 000a 9A42     		cmp	r2, r3
 427 000c 03D0     		beq	.L30
  50:/home/tienluong/workspace/atlantis_fw/platform/common/lightheader/src/mirror_system.pb-c.c ****   protobuf_c_message_free_unpacked ((ProtobufCMessage*)message, allocator);
 428              		.loc 1 50 0 is_stmt 0 discriminator 1
 429 000e 0548     		ldr	r0, .L31+4
 430              	.LVL45:
 431 0010 3221     		movs	r1, #50
 432              	.LVL46:
 433 0012 054B     		ldr	r3, .L31+8
 434 0014 9847     		blx	r3
 435              	.LVL47:
 436              	.L30:
  51:/home/tienluong/workspace/atlantis_fw/platform/common/lightheader/src/mirror_system.pb-c.c **** }
 437              		.loc 1 51 0 is_stmt 1
 438 0016 2046     		mov	r0, r4
 439 0018 2946     		mov	r1, r5
 440 001a 044B     		ldr	r3, .L31+12
 441 001c 9847     		blx	r3
 442              	.LVL48:
 443 001e 38BD     		pop	{r3, r4, r5, pc}
 444              	.LVL49:
 445              	.L32:
 446              		.align	2
 447              	.L31:
 448 0020 00000000 		.word	.LANCHOR4
 449 0024 00000000 		.word	.LANCHOR8
 450 0028 00000000 		.word	assert_failed
 451 002c 00000000 		.word	protobuf_c_message_free_unpacked
 452              		.cfi_endproc
 453              	.LFE6:
 455              		.section	.text.ltpb__mirror_actuator_mapping__get_packed_size,"ax",%progbits
 456              		.align	1
 457              		.global	ltpb__mirror_actuator_mapping__get_packed_size
 458              		.thumb
 459              		.thumb_func
 461              	ltpb__mirror_actuator_mapping__get_packed_size:
 462              	.LFB10:
  70:/home/tienluong/workspace/atlantis_fw/platform/common/lightheader/src/mirror_system.pb-c.c **** }
  71:/home/tienluong/workspace/atlantis_fw/platform/common/lightheader/src/mirror_system.pb-c.c **** 
  72:/home/tienluong/workspace/atlantis_fw/platform/common/lightheader/src/mirror_system.pb-c.c **** LIGHT_HEADER_FUNC size_t ltpb__mirror_actuator_mapping__get_packed_size
  73:/home/tienluong/workspace/atlantis_fw/platform/common/lightheader/src/mirror_system.pb-c.c ****                      (const Ltpb__MirrorActuatorMapping *message)
  74:/home/tienluong/workspace/atlantis_fw/platform/common/lightheader/src/mirror_system.pb-c.c **** {
 463              		.loc 1 74 0
 464              		.cfi_startproc
 465              		@ args = 0, pretend = 0, frame = 0
 466              		@ frame_needed = 0, uses_anonymous_args = 0
 467              	.LVL50:
  75:/home/tienluong/workspace/atlantis_fw/platform/common/lightheader/src/mirror_system.pb-c.c ****   assert(message->base.descriptor == &ltpb__mirror_actuator_mapping__descriptor);
 468              		.loc 1 75 0
 469 0000 0268     		ldr	r2, [r0]
 470 0002 064B     		ldr	r3, .L35
  74:/home/tienluong/workspace/atlantis_fw/platform/common/lightheader/src/mirror_system.pb-c.c ****   assert(message->base.descriptor == &ltpb__mirror_actuator_mapping__descriptor);
 471              		.loc 1 74 0
 472 0004 10B5     		push	{r4, lr}
 473              	.LCFI9:
 474              		.cfi_def_cfa_offset 8
 475              		.cfi_offset 4, -8
 476              		.cfi_offset 14, -4
 477              		.loc 1 75 0
 478 0006 9A42     		cmp	r2, r3
  74:/home/tienluong/workspace/atlantis_fw/platform/common/lightheader/src/mirror_system.pb-c.c ****   assert(message->base.descriptor == &ltpb__mirror_actuator_mapping__descriptor);
 479              		.loc 1 74 0
 480 0008 0446     		mov	r4, r0
 481              		.loc 1 75 0
 482 000a 03D0     		beq	.L34
 483              		.loc 1 75 0 is_stmt 0 discriminator 1
 484 000c 0448     		ldr	r0, .L35+4
 485              	.LVL51:
 486 000e 4B21     		movs	r1, #75
 487 0010 044B     		ldr	r3, .L35+8
 488 0012 9847     		blx	r3
 489              	.LVL52:
 490              	.L34:
  76:/home/tienluong/workspace/atlantis_fw/platform/common/lightheader/src/mirror_system.pb-c.c ****   return protobuf_c_message_get_packed_size ((const ProtobufCMessage*)(message));
 491              		.loc 1 76 0 is_stmt 1
 492 0014 2046     		mov	r0, r4
 493 0016 044B     		ldr	r3, .L35+12
 494 0018 9847     		blx	r3
 495              	.LVL53:
  77:/home/tienluong/workspace/atlantis_fw/platform/common/lightheader/src/mirror_system.pb-c.c **** }
 496              		.loc 1 77 0
 497 001a 10BD     		pop	{r4, pc}
 498              	.LVL54:
 499              	.L36:
 500              		.align	2
 501              	.L35:
 502 001c 00000000 		.word	.LANCHOR9
 503 0020 00000000 		.word	.LANCHOR10
 504 0024 00000000 		.word	assert_failed
 505 0028 00000000 		.word	protobuf_c_message_get_packed_size
 506              		.cfi_endproc
 507              	.LFE10:
 509              		.section	.text.ltpb__mirror_actuator_mapping__pack,"ax",%progbits
 510              		.align	1
 511              		.global	ltpb__mirror_actuator_mapping__pack
 512              		.thumb
 513              		.thumb_func
 515              	ltpb__mirror_actuator_mapping__pack:
 516              	.LFB11:
  78:/home/tienluong/workspace/atlantis_fw/platform/common/lightheader/src/mirror_system.pb-c.c **** LIGHT_HEADER_FUNC size_t ltpb__mirror_actuator_mapping__pack
  79:/home/tienluong/workspace/atlantis_fw/platform/common/lightheader/src/mirror_system.pb-c.c ****                      (const Ltpb__MirrorActuatorMapping *message,
  80:/home/tienluong/workspace/atlantis_fw/platform/common/lightheader/src/mirror_system.pb-c.c ****                       uint8_t       *out)
  81:/home/tienluong/workspace/atlantis_fw/platform/common/lightheader/src/mirror_system.pb-c.c **** {
 517              		.loc 1 81 0
 518              		.cfi_startproc
 519              		@ args = 0, pretend = 0, frame = 0
 520              		@ frame_needed = 0, uses_anonymous_args = 0
 521              	.LVL55:
 522 0000 38B5     		push	{r3, r4, r5, lr}
 523              	.LCFI10:
 524              		.cfi_def_cfa_offset 16
 525              		.cfi_offset 3, -16
 526              		.cfi_offset 4, -12
 527              		.cfi_offset 5, -8
 528              		.cfi_offset 14, -4
  82:/home/tienluong/workspace/atlantis_fw/platform/common/lightheader/src/mirror_system.pb-c.c ****   assert(message->base.descriptor == &ltpb__mirror_actuator_mapping__descriptor);
 529              		.loc 1 82 0
 530 0002 0268     		ldr	r2, [r0]
  81:/home/tienluong/workspace/atlantis_fw/platform/common/lightheader/src/mirror_system.pb-c.c ****   assert(message->base.descriptor == &ltpb__mirror_actuator_mapping__descriptor);
 531              		.loc 1 81 0
 532 0004 0446     		mov	r4, r0
 533              		.loc 1 82 0
 534 0006 064B     		ldr	r3, .L39
  81:/home/tienluong/workspace/atlantis_fw/platform/common/lightheader/src/mirror_system.pb-c.c ****   assert(message->base.descriptor == &ltpb__mirror_actuator_mapping__descriptor);
 535              		.loc 1 81 0
 536 0008 0D46     		mov	r5, r1
 537              		.loc 1 82 0
 538 000a 9A42     		cmp	r2, r3
 539 000c 03D0     		beq	.L38
 540              		.loc 1 82 0 is_stmt 0 discriminator 1
 541 000e 0548     		ldr	r0, .L39+4
 542              	.LVL56:
 543 0010 5221     		movs	r1, #82
 544              	.LVL57:
 545 0012 054B     		ldr	r3, .L39+8
 546 0014 9847     		blx	r3
 547              	.LVL58:
 548              	.L38:
  83:/home/tienluong/workspace/atlantis_fw/platform/common/lightheader/src/mirror_system.pb-c.c ****   return protobuf_c_message_pack ((const ProtobufCMessage*)message, out);
 549              		.loc 1 83 0 is_stmt 1
 550 0016 2046     		mov	r0, r4
 551 0018 2946     		mov	r1, r5
 552 001a 044B     		ldr	r3, .L39+12
 553 001c 9847     		blx	r3
 554              	.LVL59:
  84:/home/tienluong/workspace/atlantis_fw/platform/common/lightheader/src/mirror_system.pb-c.c **** }
 555              		.loc 1 84 0
 556 001e 38BD     		pop	{r3, r4, r5, pc}
 557              	.LVL60:
 558              	.L40:
 559              		.align	2
 560              	.L39:
 561 0020 00000000 		.word	.LANCHOR9
 562 0024 00000000 		.word	.LANCHOR11
 563 0028 00000000 		.word	assert_failed
 564 002c 00000000 		.word	protobuf_c_message_pack
 565              		.cfi_endproc
 566              	.LFE11:
 568              		.section	.text.ltpb__mirror_actuator_mapping__pack_to_buffer,"ax",%progbits
 569              		.align	1
 570              		.global	ltpb__mirror_actuator_mapping__pack_to_buffer
 571              		.thumb
 572              		.thumb_func
 574              	ltpb__mirror_actuator_mapping__pack_to_buffer:
 575              	.LFB12:
  85:/home/tienluong/workspace/atlantis_fw/platform/common/lightheader/src/mirror_system.pb-c.c **** LIGHT_HEADER_FUNC size_t ltpb__mirror_actuator_mapping__pack_to_buffer
  86:/home/tienluong/workspace/atlantis_fw/platform/common/lightheader/src/mirror_system.pb-c.c ****                      (const Ltpb__MirrorActuatorMapping *message,
  87:/home/tienluong/workspace/atlantis_fw/platform/common/lightheader/src/mirror_system.pb-c.c ****                       ProtobufCBuffer *buffer)
  88:/home/tienluong/workspace/atlantis_fw/platform/common/lightheader/src/mirror_system.pb-c.c **** {
 576              		.loc 1 88 0
 577              		.cfi_startproc
 578              		@ args = 0, pretend = 0, frame = 0
 579              		@ frame_needed = 0, uses_anonymous_args = 0
 580              	.LVL61:
 581 0000 38B5     		push	{r3, r4, r5, lr}
 582              	.LCFI11:
 583              		.cfi_def_cfa_offset 16
 584              		.cfi_offset 3, -16
 585              		.cfi_offset 4, -12
 586              		.cfi_offset 5, -8
 587              		.cfi_offset 14, -4
  89:/home/tienluong/workspace/atlantis_fw/platform/common/lightheader/src/mirror_system.pb-c.c ****   assert(message->base.descriptor == &ltpb__mirror_actuator_mapping__descriptor);
 588              		.loc 1 89 0
 589 0002 0268     		ldr	r2, [r0]
  88:/home/tienluong/workspace/atlantis_fw/platform/common/lightheader/src/mirror_system.pb-c.c ****   assert(message->base.descriptor == &ltpb__mirror_actuator_mapping__descriptor);
 590              		.loc 1 88 0
 591 0004 0446     		mov	r4, r0
 592              		.loc 1 89 0
 593 0006 064B     		ldr	r3, .L43
  88:/home/tienluong/workspace/atlantis_fw/platform/common/lightheader/src/mirror_system.pb-c.c ****   assert(message->base.descriptor == &ltpb__mirror_actuator_mapping__descriptor);
 594              		.loc 1 88 0
 595 0008 0D46     		mov	r5, r1
 596              		.loc 1 89 0
 597 000a 9A42     		cmp	r2, r3
 598 000c 03D0     		beq	.L42
 599              		.loc 1 89 0 is_stmt 0 discriminator 1
 600 000e 0548     		ldr	r0, .L43+4
 601              	.LVL62:
 602 0010 5921     		movs	r1, #89
 603              	.LVL63:
 604 0012 054B     		ldr	r3, .L43+8
 605 0014 9847     		blx	r3
 606              	.LVL64:
 607              	.L42:
  90:/home/tienluong/workspace/atlantis_fw/platform/common/lightheader/src/mirror_system.pb-c.c ****   return protobuf_c_message_pack_to_buffer ((const ProtobufCMessage*)message, buffer);
 608              		.loc 1 90 0 is_stmt 1
 609 0016 2046     		mov	r0, r4
 610 0018 2946     		mov	r1, r5
 611 001a 044B     		ldr	r3, .L43+12
 612 001c 9847     		blx	r3
 613              	.LVL65:
  91:/home/tienluong/workspace/atlantis_fw/platform/common/lightheader/src/mirror_system.pb-c.c **** }
 614              		.loc 1 91 0
 615 001e 38BD     		pop	{r3, r4, r5, pc}
 616              	.LVL66:
 617              	.L44:
 618              		.align	2
 619              	.L43:
 620 0020 00000000 		.word	.LANCHOR9
 621 0024 00000000 		.word	.LANCHOR12
 622 0028 00000000 		.word	assert_failed
 623 002c 00000000 		.word	protobuf_c_message_pack_to_buffer
 624              		.cfi_endproc
 625              	.LFE12:
 627              		.section	.text.ltpb__mirror_actuator_mapping__unpack,"ax",%progbits
 628              		.align	1
 629              		.global	ltpb__mirror_actuator_mapping__unpack
 630              		.thumb
 631              		.thumb_func
 633              	ltpb__mirror_actuator_mapping__unpack:
 634              	.LFB13:
  92:/home/tienluong/workspace/atlantis_fw/platform/common/lightheader/src/mirror_system.pb-c.c **** LIGHT_HEADER_FUNC Ltpb__MirrorActuatorMapping *
  93:/home/tienluong/workspace/atlantis_fw/platform/common/lightheader/src/mirror_system.pb-c.c ****        ltpb__mirror_actuator_mapping__unpack
  94:/home/tienluong/workspace/atlantis_fw/platform/common/lightheader/src/mirror_system.pb-c.c ****                      (ProtobufCAllocator  *allocator,
  95:/home/tienluong/workspace/atlantis_fw/platform/common/lightheader/src/mirror_system.pb-c.c ****                       size_t               len,
  96:/home/tienluong/workspace/atlantis_fw/platform/common/lightheader/src/mirror_system.pb-c.c ****                       const uint8_t       *data)
  97:/home/tienluong/workspace/atlantis_fw/platform/common/lightheader/src/mirror_system.pb-c.c **** {
 635              		.loc 1 97 0
 636              		.cfi_startproc
 637              		@ args = 0, pretend = 0, frame = 0
 638              		@ frame_needed = 0, uses_anonymous_args = 0
 639              	.LVL67:
 640 0000 38B5     		push	{r3, r4, r5, lr}
 641              	.LCFI12:
 642              		.cfi_def_cfa_offset 16
 643              		.cfi_offset 3, -16
 644              		.cfi_offset 4, -12
 645              		.cfi_offset 5, -8
 646              		.cfi_offset 14, -4
 647              		.loc 1 97 0
 648 0002 0546     		mov	r5, r0
 649 0004 0C46     		mov	r4, r1
 650 0006 1346     		mov	r3, r2
  98:/home/tienluong/workspace/atlantis_fw/platform/common/lightheader/src/mirror_system.pb-c.c ****   return (Ltpb__MirrorActuatorMapping *)
 651              		.loc 1 98 0
 652 0008 2946     		mov	r1, r5
 653              	.LVL68:
 654 000a 2246     		mov	r2, r4
 655              	.LVL69:
 656 000c 0148     		ldr	r0, .L46
 657              	.LVL70:
 658 000e 024C     		ldr	r4, .L46+4
 659              	.LVL71:
 660 0010 A047     		blx	r4
 661              	.LVL72:
  99:/home/tienluong/workspace/atlantis_fw/platform/common/lightheader/src/mirror_system.pb-c.c ****      protobuf_c_message_unpack (&ltpb__mirror_actuator_mapping__descriptor,
 100:/home/tienluong/workspace/atlantis_fw/platform/common/lightheader/src/mirror_system.pb-c.c ****                                 allocator, len, data);
 101:/home/tienluong/workspace/atlantis_fw/platform/common/lightheader/src/mirror_system.pb-c.c **** }
 662              		.loc 1 101 0
 663 0012 38BD     		pop	{r3, r4, r5, pc}
 664              	.LVL73:
 665              	.L47:
 666              		.align	2
 667              	.L46:
 668 0014 00000000 		.word	.LANCHOR9
 669 0018 00000000 		.word	protobuf_c_message_unpack
 670              		.cfi_endproc
 671              	.LFE13:
 673              		.section	.text.ltpb__mirror_actuator_mapping__free_unpacked,"ax",%progbits
 674              		.align	1
 675              		.global	ltpb__mirror_actuator_mapping__free_unpacked
 676              		.thumb
 677              		.thumb_func
 679              	ltpb__mirror_actuator_mapping__free_unpacked:
 680              	.LFB14:
 102:/home/tienluong/workspace/atlantis_fw/platform/common/lightheader/src/mirror_system.pb-c.c **** LIGHT_HEADER_FUNC void   ltpb__mirror_actuator_mapping__free_unpacked
 103:/home/tienluong/workspace/atlantis_fw/platform/common/lightheader/src/mirror_system.pb-c.c ****                      (Ltpb__MirrorActuatorMapping *message,
 104:/home/tienluong/workspace/atlantis_fw/platform/common/lightheader/src/mirror_system.pb-c.c ****                       ProtobufCAllocator *allocator)
 105:/home/tienluong/workspace/atlantis_fw/platform/common/lightheader/src/mirror_system.pb-c.c **** {
 681              		.loc 1 105 0
 682              		.cfi_startproc
 683              		@ args = 0, pretend = 0, frame = 0
 684              		@ frame_needed = 0, uses_anonymous_args = 0
 685              	.LVL74:
 686 0000 38B5     		push	{r3, r4, r5, lr}
 687              	.LCFI13:
 688              		.cfi_def_cfa_offset 16
 689              		.cfi_offset 3, -16
 690              		.cfi_offset 4, -12
 691              		.cfi_offset 5, -8
 692              		.cfi_offset 14, -4
 106:/home/tienluong/workspace/atlantis_fw/platform/common/lightheader/src/mirror_system.pb-c.c ****   assert(message->base.descriptor == &ltpb__mirror_actuator_mapping__descriptor);
 693              		.loc 1 106 0
 694 0002 0268     		ldr	r2, [r0]
 105:/home/tienluong/workspace/atlantis_fw/platform/common/lightheader/src/mirror_system.pb-c.c ****   assert(message->base.descriptor == &ltpb__mirror_actuator_mapping__descriptor);
 695              		.loc 1 105 0
 696 0004 0446     		mov	r4, r0
 697              		.loc 1 106 0
 698 0006 064B     		ldr	r3, .L50
 105:/home/tienluong/workspace/atlantis_fw/platform/common/lightheader/src/mirror_system.pb-c.c ****   assert(message->base.descriptor == &ltpb__mirror_actuator_mapping__descriptor);
 699              		.loc 1 105 0
 700 0008 0D46     		mov	r5, r1
 701              		.loc 1 106 0
 702 000a 9A42     		cmp	r2, r3
 703 000c 03D0     		beq	.L49
 704              		.loc 1 106 0 is_stmt 0 discriminator 1
 705 000e 0548     		ldr	r0, .L50+4
 706              	.LVL75:
 707 0010 6A21     		movs	r1, #106
 708              	.LVL76:
 709 0012 054B     		ldr	r3, .L50+8
 710 0014 9847     		blx	r3
 711              	.LVL77:
 712              	.L49:
 107:/home/tienluong/workspace/atlantis_fw/platform/common/lightheader/src/mirror_system.pb-c.c ****   protobuf_c_message_free_unpacked ((ProtobufCMessage*)message, allocator);
 713              		.loc 1 107 0 is_stmt 1
 714 0016 2046     		mov	r0, r4
 715 0018 2946     		mov	r1, r5
 716 001a 044B     		ldr	r3, .L50+12
 717 001c 9847     		blx	r3
 718              	.LVL78:
 719 001e 38BD     		pop	{r3, r4, r5, pc}
 720              	.LVL79:
 721              	.L51:
 722              		.align	2
 723              	.L50:
 724 0020 00000000 		.word	.LANCHOR9
 725 0024 00000000 		.word	.LANCHOR13
 726 0028 00000000 		.word	assert_failed
 727 002c 00000000 		.word	protobuf_c_message_free_unpacked
 728              		.cfi_endproc
 729              	.LFE14:
 731              		.global	ltpb__mirror_actuator_mapping__descriptor
 732              		.global	ltpb__mirror_actuator_mapping__transformation_type__descriptor
 733              		.global	ltpb__mirror_actuator_mapping__actuator_angle_pair__descriptor
 734              		.global	ltpb__mirror_actuator_mapping__quadratic_model__descriptor
 735              		.global	ltpb__mirror_system__descriptor
 736              		.section	.rodata.__FUNCTION__.6602,"a",%progbits
 737              		.set	.LANCHOR7,. + 0
 740              	__FUNCTION__.6602:
 741 0000 6C747062 		.ascii	"ltpb__mirror_system__pack_to_buffer\000"
 741      5F5F6D69 
 741      72726F72 
 741      5F737973 
 741      74656D5F 
 742              		.section	.rodata.ltpb__mirror_system__field_indices_by_name,"a",%progbits
 743              		.align	2
 746              	ltpb__mirror_system__field_indices_by_name:
 747 0000 04000000 		.word	4
 748 0004 06000000 		.word	6
 749 0008 07000000 		.word	7
 750 000c 05000000 		.word	5
 751 0010 03000000 		.word	3
 752 0014 00000000 		.word	0
 753 0018 01000000 		.word	1
 754 001c 08000000 		.word	8
 755 0020 02000000 		.word	2
 756              		.section	.rodata.ltpb__mirror_actuator_mapping__transformation_type__enum_values_by_name,"a",%prog
 757              		.align	2
 760              	ltpb__mirror_actuator_mapping__transformation_type__enum_values_by_name:
 761 0000 95010000 		.word	.LC17
 762 0004 00000000 		.word	0
 763 0008 A8010000 		.word	.LC18
 764 000c 01000000 		.word	1
 765              		.section	.rodata.ltpb__mirror_system__descriptor,"a",%progbits
 766              		.align	2
 767              		.set	.LANCHOR4,. + 0
 770              	ltpb__mirror_system__descriptor:
 771 0000 F9EEAA28 		.word	682290937
 772 0004 79030000 		.word	.LC33
 773 0008 8B030000 		.word	.LC34
 774 000c 98030000 		.word	.LC35
 775 0010 4D000000 		.word	.LC3
 776 0014 34000000 		.word	52
 777 0018 09000000 		.word	9
 778 001c 00000000 		.word	ltpb__mirror_system__field_descriptors
 779 0020 00000000 		.word	ltpb__mirror_system__field_indices_by_name
 780 0024 01000000 		.word	1
 781 0028 00000000 		.word	ltpb__mirror_system__number_ranges
 782 002c 00000000 		.word	ltpb__mirror_system__init
 783 0030 00000000 		.word	0
 784 0034 00000000 		.word	0
 785 0038 00000000 		.word	0
 786              		.section	.rodata.__FUNCTION__.6612,"a",%progbits
 787              		.set	.LANCHOR8,. + 0
 790              	__FUNCTION__.6612:
 791 0000 6C747062 		.ascii	"ltpb__mirror_system__free_unpacked\000"
 791      5F5F6D69 
 791      72726F72 
 791      5F737973 
 791      74656D5F 
 792              		.section	.rodata.ltpb__mirror_actuator_mapping__actuator_angle_pair__field_indices_by_name,"a",%pr
 793              		.align	2
 796              	ltpb__mirror_actuator_mapping__actuator_angle_pair__field_indices_by_name:
 797 0000 01000000 		.word	1
 798 0004 00000000 		.word	0
 799              		.section	.rodata.ltpb__mirror_actuator_mapping__descriptor,"a",%progbits
 800              		.align	2
 801              		.set	.LANCHOR9,. + 0
 804              	ltpb__mirror_actuator_mapping__descriptor:
 805 0000 F9EEAA28 		.word	682290937
 806 0004 00000000 		.word	.LC0
 807 0008 1B000000 		.word	.LC1
 808 000c 31000000 		.word	.LC2
 809 0010 4D000000 		.word	.LC3
 810 0014 40000000 		.word	64
 811 0018 0A000000 		.word	10
 812 001c 00000000 		.word	ltpb__mirror_actuator_mapping__field_descriptors
 813 0020 00000000 		.word	ltpb__mirror_actuator_mapping__field_indices_by_name
 814 0024 01000000 		.word	1
 815 0028 00000000 		.word	ltpb__mirror_actuator_mapping__number_ranges
 816 002c 00000000 		.word	ltpb__mirror_actuator_mapping__init
 817 0030 00000000 		.word	0
 818 0034 00000000 		.word	0
 819 0038 00000000 		.word	0
 820              		.section	.rodata.ltpb__mirror_actuator_mapping__quadratic_model__number_ranges,"a",%progbits
 821              		.align	2
 824              	ltpb__mirror_actuator_mapping__quadratic_model__number_ranges:
 825 0000 01000000 		.word	1
 826 0004 00000000 		.word	0
 827 0008 00000000 		.word	0
 828 000c 04000000 		.word	4
 829              		.section	.rodata.ltpb__mirror_actuator_mapping__quadratic_model__field_indices_by_name,"a",%progbi
 830              		.align	2
 833              	ltpb__mirror_actuator_mapping__quadratic_model__field_indices_by_name:
 834 0000 02000000 		.word	2
 835 0004 03000000 		.word	3
 836 0008 00000000 		.word	0
 837 000c 01000000 		.word	1
 838              		.section	.rodata.ltpb__mirror_actuator_mapping__field_descriptors,"a",%progbits
 839              		.align	2
 842              	ltpb__mirror_actuator_mapping__field_descriptors:
 843 0000 52000000 		.word	.LC4
 844 0004 01000000 		.word	1
 845 0008 00       		.byte	0
 846 0009 0D       		.byte	13
 847 000a 0000     		.space	2
 848 000c 00000000 		.word	0
 849 0010 0C000000 		.word	12
 850 0014 00000000 		.word	ltpb__mirror_actuator_mapping__transformation_type__descriptor
 851 0018 00000000 		.word	0
 852 001c 00000000 		.word	0
 853 0020 00000000 		.word	0
 854 0024 00000000 		.word	0
 855 0028 00000000 		.word	0
 856 002c 66000000 		.word	.LC5
 857 0030 02000000 		.word	2
 858 0034 00       		.byte	0
 859 0035 0A       		.byte	10
 860 0036 0000     		.space	2
 861 0038 00000000 		.word	0
 862 003c 10000000 		.word	16
 863 0040 00000000 		.word	0
 864 0044 00000000 		.word	0
 865 0048 00000000 		.word	0
 866 004c 00000000 		.word	0
 867 0050 00000000 		.word	0
 868 0054 00000000 		.word	0
 869 0058 7D000000 		.word	.LC6
 870 005c 03000000 		.word	3
 871 0060 00       		.byte	0
 872 0061 0A       		.byte	10
 873 0062 0000     		.space	2
 874 0064 00000000 		.word	0
 875 0068 14000000 		.word	20
 876 006c 00000000 		.word	0
 877 0070 00000000 		.word	0
 878 0074 00000000 		.word	0
 879 0078 00000000 		.word	0
 880 007c 00000000 		.word	0
 881 0080 00000000 		.word	0
 882 0084 93000000 		.word	.LC7
 883 0088 04000000 		.word	4
 884 008c 00       		.byte	0
 885 008d 0A       		.byte	10
 886 008e 0000     		.space	2
 887 0090 00000000 		.word	0
 888 0094 18000000 		.word	24
 889 0098 00000000 		.word	0
 890 009c 00000000 		.word	0
 891 00a0 00000000 		.word	0
 892 00a4 00000000 		.word	0
 893 00a8 00000000 		.word	0
 894 00ac 00000000 		.word	0
 895 00b0 A7000000 		.word	.LC8
 896 00b4 05000000 		.word	5
 897 00b8 00       		.byte	0
 898 00b9 0A       		.byte	10
 899 00ba 0000     		.space	2
 900 00bc 00000000 		.word	0
 901 00c0 1C000000 		.word	28
 902 00c4 00000000 		.word	0
 903 00c8 00000000 		.word	0
 904 00cc 00000000 		.word	0
 905 00d0 00000000 		.word	0
 906 00d4 00000000 		.word	0
 907 00d8 00000000 		.word	0
 908 00dc BA000000 		.word	.LC9
 909 00e0 06000000 		.word	6
 910 00e4 02       		.byte	2
 911 00e5 10       		.byte	16
 912 00e6 0000     		.space	2
 913 00e8 20000000 		.word	32
 914 00ec 24000000 		.word	36
 915 00f0 00000000 		.word	ltpb__mirror_actuator_mapping__actuator_angle_pair__descriptor
 916 00f4 00000000 		.word	0
 917 00f8 00000000 		.word	0
 918 00fc 00000000 		.word	0
 919 0100 00000000 		.word	0
 920 0104 00000000 		.word	0
 921 0108 D2000000 		.word	.LC10
 922 010c 07000000 		.word	7
 923 0110 00       		.byte	0
 924 0111 10       		.byte	16
 925 0112 0000     		.space	2
 926 0114 00000000 		.word	0
 927 0118 28000000 		.word	40
 928 011c 00000000 		.word	ltpb__mirror_actuator_mapping__quadratic_model__descriptor
 929 0120 00000000 		.word	0
 930 0124 00000000 		.word	0
 931 0128 00000000 		.word	0
 932 012c 00000000 		.word	0
 933 0130 00000000 		.word	0
 934 0134 E2000000 		.word	.LC11
 935 0138 08000000 		.word	8
 936 013c 01       		.byte	1
 937 013d 0A       		.byte	10
 938 013e 0000     		.space	2
 939 0140 2C000000 		.word	44
 940 0144 30000000 		.word	48
 941 0148 00000000 		.word	0
 942 014c 00000000 		.word	0
 943 0150 00000000 		.word	0
 944 0154 00000000 		.word	0
 945 0158 00000000 		.word	0
 946 015c 00000000 		.word	0
 947 0160 FB000000 		.word	.LC12
 948 0164 09000000 		.word	9
 949 0168 01       		.byte	1
 950 0169 0A       		.byte	10
 951 016a 0000     		.space	2
 952 016c 34000000 		.word	52
 953 0170 38000000 		.word	56
 954 0174 00000000 		.word	0
 955 0178 00000000 		.word	0
 956 017c 00000000 		.word	0
 957 0180 00000000 		.word	0
 958 0184 00000000 		.word	0
 959 0188 00000000 		.word	0
 960 018c 14010000 		.word	.LC13
 961 0190 0A000000 		.word	10
 962 0194 01       		.byte	1
 963 0195 10       		.byte	16
 964 0196 0000     		.space	2
 965 0198 00000000 		.word	0
 966 019c 3C000000 		.word	60
 967 01a0 00000000 		.word	ltpb__range2_f__descriptor
 968 01a4 00000000 		.word	0
 969 01a8 00000000 		.word	0
 970 01ac 00000000 		.word	0
 971 01b0 00000000 		.word	0
 972 01b4 00000000 		.word	0
 973              		.section	.rodata.ltpb__mirror_actuator_mapping__transformation_type__value_ranges,"a",%progbits
 974              		.align	2
 977              	ltpb__mirror_actuator_mapping__transformation_type__value_ranges:
 978 0000 00000000 		.word	0
 979 0004 00000000 		.word	0
 980 0008 00000000 		.word	0
 981 000c 02000000 		.word	2
 982              		.section	.rodata.__FUNCTION__.6628,"a",%progbits
 983              		.set	.LANCHOR10,. + 0
 986              	__FUNCTION__.6628:
 987 0000 6C747062 		.ascii	"ltpb__mirror_actuator_mapping__get_packed_size\000"
 987      5F5F6D69 
 987      72726F72 
 987      5F616374 
 987      7561746F 
 988              		.section	.rodata.__FUNCTION__.6633,"a",%progbits
 989              		.set	.LANCHOR11,. + 0
 992              	__FUNCTION__.6633:
 993 0000 6C747062 		.ascii	"ltpb__mirror_actuator_mapping__pack\000"
 993      5F5F6D69 
 993      72726F72 
 993      5F616374 
 993      7561746F 
 994              		.section	.rodata.init_value.6620,"a",%progbits
 995              		.align	2
 996              		.set	.LANCHOR2,. + 0
 999              	init_value.6620:
 1000 0000 00000000 		.word	ltpb__mirror_actuator_mapping__actuator_angle_pair__descriptor
 1001 0004 00000000 		.word	0
 1002 0008 00000000 		.word	0
 1003 000c 00000000 		.word	0
 1004 0010 00000000 		.word	0
 1005              		.section	.rodata.ltpb__mirror_actuator_mapping__actuator_angle_pair__number_ranges,"a",%progbits
 1006              		.align	2
 1009              	ltpb__mirror_actuator_mapping__actuator_angle_pair__number_ranges:
 1010 0000 01000000 		.word	1
 1011 0004 00000000 		.word	0
 1012 0008 00000000 		.word	0
 1013 000c 02000000 		.word	2
 1014              		.section	.rodata.__FUNCTION__.6597,"a",%progbits
 1015              		.set	.LANCHOR6,. + 0
 1018              	__FUNCTION__.6597:
 1019 0000 6C747062 		.ascii	"ltpb__mirror_system__pack\000"
 1019      5F5F6D69 
 1019      72726F72 
 1019      5F737973 
 1019      74656D5F 
 1020              		.section	.rodata.__FUNCTION__.6638,"a",%progbits
 1021              		.set	.LANCHOR12,. + 0
 1024              	__FUNCTION__.6638:
 1025 0000 6C747062 		.ascii	"ltpb__mirror_actuator_mapping__pack_to_buffer\000"
 1025      5F5F6D69 
 1025      72726F72 
 1025      5F616374 
 1025      7561746F 
 1026              		.section	.rodata.str1.1,"aMS",%progbits,1
 1027              	.LC0:
 1028 0000 6C747062 		.ascii	"ltpb.MirrorActuatorMapping\000"
 1028      2E4D6972 
 1028      726F7241 
 1028      63747561 
 1028      746F724D 
 1029              	.LC1:
 1030 001b 4D697272 		.ascii	"MirrorActuatorMapping\000"
 1030      6F724163 
 1030      74756174 
 1030      6F724D61 
 1030      7070696E 
 1031              	.LC2:
 1032 0031 4C747062 		.ascii	"Ltpb__MirrorActuatorMapping\000"
 1032      5F5F4D69 
 1032      72726F72 
 1032      41637475 
 1032      61746F72 
 1033              	.LC3:
 1034 004d 6C747062 		.ascii	"ltpb\000"
 1034      00
 1035              	.LC4:
 1036 0052 7472616E 		.ascii	"transformation_type\000"
 1036      73666F72 
 1036      6D617469 
 1036      6F6E5F74 
 1036      79706500 
 1037              	.LC5:
 1038 0066 61637475 		.ascii	"actuator_length_offset\000"
 1038      61746F72 
 1038      5F6C656E 
 1038      6774685F 
 1038      6F666673 
 1039              	.LC6:
 1040 007d 61637475 		.ascii	"actuator_length_scale\000"
 1040      61746F72 
 1040      5F6C656E 
 1040      6774685F 
 1040      7363616C 
 1041              	.LC7:
 1042 0093 6D697272 		.ascii	"mirror_angle_offset\000"
 1042      6F725F61 
 1042      6E676C65 
 1042      5F6F6666 
 1042      73657400 
 1043              	.LC8:
 1044 00a7 6D697272 		.ascii	"mirror_angle_scale\000"
 1044      6F725F61 
 1044      6E676C65 
 1044      5F736361 
 1044      6C6500
 1045              	.LC9:
 1046 00ba 61637475 		.ascii	"actuator_angle_pair_vec\000"
 1046      61746F72 
 1046      5F616E67 
 1046      6C655F70 
 1046      6169725F 
 1047              	.LC10:
 1048 00d2 71756164 		.ascii	"quadratic_model\000"
 1048      72617469 
 1048      635F6D6F 
 1048      64656C00 
 1049              	.LC11:
 1050 00e2 616E676C 		.ascii	"angle_to_hall_code_error\000"
 1050      655F746F 
 1050      5F68616C 
 1050      6C5F636F 
 1050      64655F65 
 1051              	.LC12:
 1052 00fb 68616C6C 		.ascii	"hall_code_to_angle_error\000"
 1052      5F636F64 
 1052      655F746F 
 1052      5F616E67 
 1052      6C655F65 
 1053              	.LC13:
 1054 0114 68616C6C 		.ascii	"hall_code_range\000"
 1054      5F636F64 
 1054      655F7261 
 1054      6E676500 
 1055              	.LC14:
 1056 0124 6C747062 		.ascii	"ltpb.MirrorActuatorMapping.TransformationType\000"
 1056      2E4D6972 
 1056      726F7241 
 1056      63747561 
 1056      746F724D 
 1057              	.LC15:
 1058 0152 5472616E 		.ascii	"TransformationType\000"
 1058      73666F72 
 1058      6D617469 
 1058      6F6E5479 
 1058      706500
 1059              	.LC16:
 1060 0165 4C747062 		.ascii	"Ltpb__MirrorActuatorMapping__TransformationType\000"
 1060      5F5F4D69 
 1060      72726F72 
 1060      41637475 
 1060      61746F72 
 1061              	.LC17:
 1062 0195 4D45414E 		.ascii	"MEAN_STD_NORMALIZE\000"
 1062      5F535444 
 1062      5F4E4F52 
 1062      4D414C49 
 1062      5A4500
 1063              	.LC18:
 1064 01a8 54414E5F 		.ascii	"TAN_HALF_THETA\000"
 1064      48414C46 
 1064      5F544845 
 1064      544100
 1065              	.LC19:
 1066 01b7 4C545042 		.ascii	"LTPB__MIRROR_ACTUATOR_MAPPING__TRANSFORMATION_TYPE_"
 1066      5F5F4D49 
 1066      52524F52 
 1066      5F414354 
 1066      5541544F 
 1067 01ea 5F4D4541 		.ascii	"_MEAN_STD_NORMALIZE\000"
 1067      4E5F5354 
 1067      445F4E4F 
 1067      524D414C 
 1067      495A4500 
 1068              	.LC20:
 1069 01fe 4C545042 		.ascii	"LTPB__MIRROR_ACTUATOR_MAPPING__TRANSFORMATION_TYPE_"
 1069      5F5F4D49 
 1069      52524F52 
 1069      5F414354 
 1069      5541544F 
 1070 0231 5F54414E 		.ascii	"_TAN_HALF_THETA\000"
 1070      5F48414C 
 1070      465F5448 
 1070      45544100 
 1071              	.LC21:
 1072 0241 6C747062 		.ascii	"ltpb.MirrorActuatorMapping.ActuatorAnglePair\000"
 1072      2E4D6972 
 1072      726F7241 
 1072      63747561 
 1072      746F724D 
 1073              	.LC22:
 1074 026e 41637475 		.ascii	"ActuatorAnglePair\000"
 1074      61746F72 
 1074      416E676C 
 1074      65506169 
 1074      7200
 1075              	.LC23:
 1076 0280 4C747062 		.ascii	"Ltpb__MirrorActuatorMapping__ActuatorAnglePair\000"
 1076      5F5F4D69 
 1076      72726F72 
 1076      41637475 
 1076      61746F72 
 1077              	.LC24:
 1078 02af 68616C6C 		.ascii	"hall_code\000"
 1078      5F636F64 
 1078      6500
 1079              	.LC25:
 1080 02b9 616E676C 		.ascii	"angle\000"
 1080      6500
 1081              	.LC26:
 1082 02bf 6C747062 		.ascii	"ltpb.MirrorActuatorMapping.QuadraticModel\000"
 1082      2E4D6972 
 1082      726F7241 
 1082      63747561 
 1082      746F724D 
 1083              	.LC27:
 1084 02e9 51756164 		.ascii	"QuadraticModel\000"
 1084      72617469 
 1084      634D6F64 
 1084      656C00
 1085              	.LC28:
 1086 02f8 4C747062 		.ascii	"Ltpb__MirrorActuatorMapping__QuadraticModel\000"
 1086      5F5F4D69 
 1086      72726F72 
 1086      41637475 
 1086      61746F72 
 1087              	.LC29:
 1088 0324 7573655F 		.ascii	"use_rplus_for_left_segment\000"
 1088      72706C75 
 1088      735F666F 
 1088      725F6C65 
 1088      66745F73 
 1089              	.LC30:
 1090 033f 7573655F 		.ascii	"use_rplus_for_right_segment\000"
 1090      72706C75 
 1090      735F666F 
 1090      725F7269 
 1090      6768745F 
 1091              	.LC31:
 1092 035b 696E666C 		.ascii	"inflection_value\000"
 1092      65637469 
 1092      6F6E5F76 
 1092      616C7565 
 1092      00
 1093              	.LC32:
 1094 036c 6D6F6465 		.ascii	"model_coeffs\000"
 1094      6C5F636F 
 1094      65666673 
 1094      00
 1095              	.LC33:
 1096 0379 6C747062 		.ascii	"ltpb.MirrorSystem\000"
 1096      2E4D6972 
 1096      726F7253 
 1096      79737465 
 1096      6D00
 1097              	.LC34:
 1098 038b 4D697272 		.ascii	"MirrorSystem\000"
 1098      6F725379 
 1098      7374656D 
 1098      00
 1099              	.LC35:
 1100 0398 4C747062 		.ascii	"Ltpb__MirrorSystem\000"
 1100      5F5F4D69 
 1100      72726F72 
 1100      53797374 
 1100      656D00
 1101              	.LC36:
 1102 03ab 7265616C 		.ascii	"real_camera_location\000"
 1102      5F63616D 
 1102      6572615F 
 1102      6C6F6361 
 1102      74696F6E 
 1103              	.LC37:
 1104 03c0 7265616C 		.ascii	"real_camera_orientation\000"
 1104      5F63616D 
 1104      6572615F 
 1104      6F726965 
 1104      6E746174 
 1105              	.LC38:
 1106 03d8 726F7461 		.ascii	"rotation_axis\000"
 1106      74696F6E 
 1106      5F617869 
 1106      7300
 1107              	.LC39:
 1108 03e6 706F696E 		.ascii	"point_on_rotation_axis\000"
 1108      745F6F6E 
 1108      5F726F74 
 1108      6174696F 
 1108      6E5F6178 
 1109              	.LC40:
 1110 03fd 64697374 		.ascii	"distance_mirror_plane_to_point_on_rotation_axis\000"
 1110      616E6365 
 1110      5F6D6972 
 1110      726F725F 
 1110      706C616E 
 1111              	.LC41:
 1112 042d 6D697272 		.ascii	"mirror_normal_at_zero_degrees\000"
 1112      6F725F6E 
 1112      6F726D61 
 1112      6C5F6174 
 1112      5F7A6572 
 1113              	.LC42:
 1114 044b 666C6970 		.ascii	"flip_img_around_x\000"
 1114      5F696D67 
 1114      5F61726F 
 1114      756E645F 
 1114      7800
 1115              	.LC43:
 1116 045d 6D697272 		.ascii	"mirror_angle_range\000"
 1116      6F725F61 
 1116      6E676C65 
 1116      5F72616E 
 1116      676500
 1117              	.LC44:
 1118 0470 72657072 		.ascii	"reprojection_error\000"
 1118      6F6A6563 
 1118      74696F6E 
 1118      5F657272 
 1118      6F7200
 1119              		.section	.rodata.ltpb__mirror_actuator_mapping__transformation_type__enum_values_by_number,"a",%pr
 1120              		.align	2
 1123              	ltpb__mirror_actuator_mapping__transformation_type__enum_values_by_number:
 1124 0000 95010000 		.word	.LC17
 1125 0004 B7010000 		.word	.LC19
 1126 0008 00000000 		.word	0
 1127 000c A8010000 		.word	.LC18
 1128 0010 FE010000 		.word	.LC20
 1129 0014 01000000 		.word	1
 1130              		.section	.rodata.init_value.6616,"a",%progbits
 1131              		.align	2
 1132              		.set	.LANCHOR1,. + 0
 1135              	init_value.6616:
 1136 0000 00000000 		.word	ltpb__mirror_actuator_mapping__quadratic_model__descriptor
 1137 0004 00000000 		.word	0
 1138 0008 00000000 		.word	0
 1139 000c 00000000 		.word	0
 1140 0010 00000000 		.word	0
 1141 0014 00000000 		.word	0
 1142 0018 00000000 		.word	0
 1143 001c 00000000 		.word	0
 1144              		.section	.rodata.init_value.6588,"a",%progbits
 1145              		.align	2
 1146              		.set	.LANCHOR0,. + 0
 1149              	init_value.6588:
 1150 0000 00000000 		.word	ltpb__mirror_system__descriptor
 1151 0004 00000000 		.word	0
 1152 0008 00000000 		.word	0
 1153 000c 00000000 		.word	0
 1154 0010 00000000 		.word	0
 1155 0014 00000000 		.word	0
 1156 0018 00000000 		.word	0
 1157 001c 00000000 		.word	0
 1158 0020 00000000 		.word	0
 1159 0024 00000000 		.word	0
 1160 0028 00000000 		.word	0
 1161 002c 00000000 		.word	0
 1162 0030 00000000 		.word	0
 1163              		.section	.rodata.__FUNCTION__.6648,"a",%progbits
 1164              		.set	.LANCHOR13,. + 0
 1167              	__FUNCTION__.6648:
 1168 0000 6C747062 		.ascii	"ltpb__mirror_actuator_mapping__free_unpacked\000"
 1168      5F5F6D69 
 1168      72726F72 
 1168      5F616374 
 1168      7561746F 
 1169              		.section	.rodata.__FUNCTION__.6592,"a",%progbits
 1170              		.set	.LANCHOR5,. + 0
 1173              	__FUNCTION__.6592:
 1174 0000 6C747062 		.ascii	"ltpb__mirror_system__get_packed_size\000"
 1174      5F5F6D69 
 1174      72726F72 
 1174      5F737973 
 1174      74656D5F 
 1175              		.section	.rodata.ltpb__mirror_actuator_mapping__number_ranges,"a",%progbits
 1176              		.align	2
 1179              	ltpb__mirror_actuator_mapping__number_ranges:
 1180 0000 01000000 		.word	1
 1181 0004 00000000 		.word	0
 1182 0008 00000000 		.word	0
 1183 000c 0A000000 		.word	10
 1184              		.section	.rodata.ltpb__mirror_system__field_descriptors,"a",%progbits
 1185              		.align	2
 1188              	ltpb__mirror_system__field_descriptors:
 1189 0000 AB030000 		.word	.LC36
 1190 0004 01000000 		.word	1
 1191 0008 00       		.byte	0
 1192 0009 10       		.byte	16
 1193 000a 0000     		.space	2
 1194 000c 00000000 		.word	0
 1195 0010 0C000000 		.word	12
 1196 0014 00000000 		.word	ltpb__point3_f__descriptor
 1197 0018 00000000 		.word	0
 1198 001c 00000000 		.word	0
 1199 0020 00000000 		.word	0
 1200 0024 00000000 		.word	0
 1201 0028 00000000 		.word	0
 1202 002c C0030000 		.word	.LC37
 1203 0030 02000000 		.word	2
 1204 0034 00       		.byte	0
 1205 0035 10       		.byte	16
 1206 0036 0000     		.space	2
 1207 0038 00000000 		.word	0
 1208 003c 10000000 		.word	16
 1209 0040 00000000 		.word	ltpb__matrix3x3_f__descriptor
 1210 0044 00000000 		.word	0
 1211 0048 00000000 		.word	0
 1212 004c 00000000 		.word	0
 1213 0050 00000000 		.word	0
 1214 0054 00000000 		.word	0
 1215 0058 D8030000 		.word	.LC38
 1216 005c 03000000 		.word	3
 1217 0060 00       		.byte	0
 1218 0061 10       		.byte	16
 1219 0062 0000     		.space	2
 1220 0064 00000000 		.word	0
 1221 0068 14000000 		.word	20
 1222 006c 00000000 		.word	ltpb__point3_f__descriptor
 1223 0070 00000000 		.word	0
 1224 0074 00000000 		.word	0
 1225 0078 00000000 		.word	0
 1226 007c 00000000 		.word	0
 1227 0080 00000000 		.word	0
 1228 0084 E6030000 		.word	.LC39
 1229 0088 04000000 		.word	4
 1230 008c 00       		.byte	0
 1231 008d 10       		.byte	16
 1232 008e 0000     		.space	2
 1233 0090 00000000 		.word	0
 1234 0094 18000000 		.word	24
 1235 0098 00000000 		.word	ltpb__point3_f__descriptor
 1236 009c 00000000 		.word	0
 1237 00a0 00000000 		.word	0
 1238 00a4 00000000 		.word	0
 1239 00a8 00000000 		.word	0
 1240 00ac 00000000 		.word	0
 1241 00b0 FD030000 		.word	.LC40
 1242 00b4 05000000 		.word	5
 1243 00b8 00       		.byte	0
 1244 00b9 0A       		.byte	10
 1245 00ba 0000     		.space	2
 1246 00bc 00000000 		.word	0
 1247 00c0 1C000000 		.word	28
 1248 00c4 00000000 		.word	0
 1249 00c8 00000000 		.word	0
 1250 00cc 00000000 		.word	0
 1251 00d0 00000000 		.word	0
 1252 00d4 00000000 		.word	0
 1253 00d8 00000000 		.word	0
 1254 00dc 2D040000 		.word	.LC41
 1255 00e0 06000000 		.word	6
 1256 00e4 00       		.byte	0
 1257 00e5 10       		.byte	16
 1258 00e6 0000     		.space	2
 1259 00e8 00000000 		.word	0
 1260 00ec 20000000 		.word	32
 1261 00f0 00000000 		.word	ltpb__point3_f__descriptor
 1262 00f4 00000000 		.word	0
 1263 00f8 00000000 		.word	0
 1264 00fc 00000000 		.word	0
 1265 0100 00000000 		.word	0
 1266 0104 00000000 		.word	0
 1267 0108 4B040000 		.word	.LC42
 1268 010c 07000000 		.word	7
 1269 0110 00       		.byte	0
 1270 0111 0C       		.byte	12
 1271 0112 0000     		.space	2
 1272 0114 00000000 		.word	0
 1273 0118 24000000 		.word	36
 1274 011c 00000000 		.word	0
 1275 0120 00000000 		.word	0
 1276 0124 00000000 		.word	0
 1277 0128 00000000 		.word	0
 1278 012c 00000000 		.word	0
 1279 0130 00000000 		.word	0
 1280 0134 5D040000 		.word	.LC43
 1281 0138 08000000 		.word	8
 1282 013c 00       		.byte	0
 1283 013d 10       		.byte	16
 1284 013e 0000     		.space	2
 1285 0140 00000000 		.word	0
 1286 0144 28000000 		.word	40
 1287 0148 00000000 		.word	ltpb__range2_f__descriptor
 1288 014c 00000000 		.word	0
 1289 0150 00000000 		.word	0
 1290 0154 00000000 		.word	0
 1291 0158 00000000 		.word	0
 1292 015c 00000000 		.word	0
 1293 0160 70040000 		.word	.LC44
 1294 0164 09000000 		.word	9
 1295 0168 01       		.byte	1
 1296 0169 0A       		.byte	10
 1297 016a 0000     		.space	2
 1298 016c 2C000000 		.word	44
 1299 0170 30000000 		.word	48
 1300 0174 00000000 		.word	0
 1301 0178 00000000 		.word	0
 1302 017c 00000000 		.word	0
 1303 0180 00000000 		.word	0
 1304 0184 00000000 		.word	0
 1305 0188 00000000 		.word	0
 1306              		.section	.rodata.ltpb__mirror_actuator_mapping__field_indices_by_name,"a",%progbits
 1307              		.align	2
 1310              	ltpb__mirror_actuator_mapping__field_indices_by_name:
 1311 0000 05000000 		.word	5
 1312 0004 01000000 		.word	1
 1313 0008 02000000 		.word	2
 1314 000c 07000000 		.word	7
 1315 0010 09000000 		.word	9
 1316 0014 08000000 		.word	8
 1317 0018 03000000 		.word	3
 1318 001c 04000000 		.word	4
 1319 0020 06000000 		.word	6
 1320 0024 00000000 		.word	0
 1321              		.section	.rodata.ltpb__mirror_system__number_ranges,"a",%progbits
 1322              		.align	2
 1325              	ltpb__mirror_system__number_ranges:
 1326 0000 01000000 		.word	1
 1327 0004 00000000 		.word	0
 1328 0008 00000000 		.word	0
 1329 000c 09000000 		.word	9
 1330              		.section	.rodata.ltpb__mirror_actuator_mapping__actuator_angle_pair__field_descriptors,"a",%progbi
 1331              		.align	2
 1334              	ltpb__mirror_actuator_mapping__actuator_angle_pair__field_descriptors:
 1335 0000 AF020000 		.word	.LC24
 1336 0004 01000000 		.word	1
 1337 0008 00       		.byte	0
 1338 0009 00       		.byte	0
 1339 000a 0000     		.space	2
 1340 000c 00000000 		.word	0
 1341 0010 0C000000 		.word	12
 1342 0014 00000000 		.word	0
 1343 0018 00000000 		.word	0
 1344 001c 00000000 		.word	0
 1345 0020 00000000 		.word	0
 1346 0024 00000000 		.word	0
 1347 0028 00000000 		.word	0
 1348 002c B9020000 		.word	.LC25
 1349 0030 02000000 		.word	2
 1350 0034 00       		.byte	0
 1351 0035 0A       		.byte	10
 1352 0036 0000     		.space	2
 1353 0038 00000000 		.word	0
 1354 003c 10000000 		.word	16
 1355 0040 00000000 		.word	0
 1356 0044 00000000 		.word	0
 1357 0048 00000000 		.word	0
 1358 004c 00000000 		.word	0
 1359 0050 00000000 		.word	0
 1360 0054 00000000 		.word	0
 1361              		.section	.rodata.ltpb__mirror_actuator_mapping__transformation_type__descriptor,"a",%progbits
 1362              		.align	2
 1365              	ltpb__mirror_actuator_mapping__transformation_type__descriptor:
 1366 0000 AF154311 		.word	289609135
 1367 0004 24010000 		.word	.LC14
 1368 0008 52010000 		.word	.LC15
 1369 000c 65010000 		.word	.LC16
 1370 0010 4D000000 		.word	.LC3
 1371 0014 02000000 		.word	2
 1372 0018 00000000 		.word	ltpb__mirror_actuator_mapping__transformation_type__enum_values_by_number
 1373 001c 02000000 		.word	2
 1374 0020 00000000 		.word	ltpb__mirror_actuator_mapping__transformation_type__enum_values_by_name
 1375 0024 01000000 		.word	1
 1376 0028 00000000 		.word	ltpb__mirror_actuator_mapping__transformation_type__value_ranges
 1377 002c 00000000 		.word	0
 1378 0030 00000000 		.word	0
 1379 0034 00000000 		.word	0
 1380 0038 00000000 		.word	0
 1381              		.section	.rodata.init_value.6624,"a",%progbits
 1382              		.align	2
 1383              		.set	.LANCHOR3,. + 0
 1386              	init_value.6624:
 1387 0000 00000000 		.word	ltpb__mirror_actuator_mapping__descriptor
 1388 0004 00000000 		.word	0
 1389 0008 00000000 		.word	0
 1390 000c 00000000 		.word	0
 1391 0010 00000000 		.word	0
 1392 0014 00000000 		.word	0
 1393 0018 00000000 		.word	0
 1394 001c 00000000 		.word	0
 1395 0020 00000000 		.word	0
 1396 0024 00000000 		.word	0
 1397 0028 00000000 		.word	0
 1398 002c 00000000 		.word	0
 1399 0030 00000000 		.word	0
 1400 0034 00000000 		.word	0
 1401 0038 00000000 		.word	0
 1402 003c 00000000 		.word	0
 1403              		.section	.rodata.ltpb__mirror_actuator_mapping__quadratic_model__field_descriptors,"a",%progbits
 1404              		.align	2
 1407              	ltpb__mirror_actuator_mapping__quadratic_model__field_descriptors:
 1408 0000 24030000 		.word	.LC29
 1409 0004 01000000 		.word	1
 1410 0008 00       		.byte	0
 1411 0009 0C       		.byte	12
 1412 000a 0000     		.space	2
 1413 000c 00000000 		.word	0
 1414 0010 0C000000 		.word	12
 1415 0014 00000000 		.word	0
 1416 0018 00000000 		.word	0
 1417 001c 00000000 		.word	0
 1418 0020 00000000 		.word	0
 1419 0024 00000000 		.word	0
 1420 0028 00000000 		.word	0
 1421 002c 3F030000 		.word	.LC30
 1422 0030 02000000 		.word	2
 1423 0034 00       		.byte	0
 1424 0035 0C       		.byte	12
 1425 0036 0000     		.space	2
 1426 0038 00000000 		.word	0
 1427 003c 10000000 		.word	16
 1428 0040 00000000 		.word	0
 1429 0044 00000000 		.word	0
 1430 0048 00000000 		.word	0
 1431 004c 00000000 		.word	0
 1432 0050 00000000 		.word	0
 1433 0054 00000000 		.word	0
 1434 0058 5B030000 		.word	.LC31
 1435 005c 03000000 		.word	3
 1436 0060 00       		.byte	0
 1437 0061 0A       		.byte	10
 1438 0062 0000     		.space	2
 1439 0064 00000000 		.word	0
 1440 0068 14000000 		.word	20
 1441 006c 00000000 		.word	0
 1442 0070 00000000 		.word	0
 1443 0074 00000000 		.word	0
 1444 0078 00000000 		.word	0
 1445 007c 00000000 		.word	0
 1446 0080 00000000 		.word	0
 1447 0084 6C030000 		.word	.LC32
 1448 0088 04000000 		.word	4
 1449 008c 02       		.byte	2
 1450 008d 0A       		.byte	10
 1451 008e 0000     		.space	2
 1452 0090 18000000 		.word	24
 1453 0094 1C000000 		.word	28
 1454 0098 00000000 		.word	0
 1455 009c 00000000 		.word	0
 1456 00a0 01000000 		.word	1
 1457 00a4 00000000 		.word	0
 1458 00a8 00000000 		.word	0
 1459 00ac 00000000 		.word	0
 1460              		.section	.rodata.ltpb__mirror_actuator_mapping__quadratic_model__descriptor,"a",%progbits
 1461              		.align	2
 1464              	ltpb__mirror_actuator_mapping__quadratic_model__descriptor:
 1465 0000 F9EEAA28 		.word	682290937
 1466 0004 BF020000 		.word	.LC26
 1467 0008 E9020000 		.word	.LC27
 1468 000c F8020000 		.word	.LC28
 1469 0010 4D000000 		.word	.LC3
 1470 0014 20000000 		.word	32
 1471 0018 04000000 		.word	4
 1472 001c 00000000 		.word	ltpb__mirror_actuator_mapping__quadratic_model__field_descriptors
 1473 0020 00000000 		.word	ltpb__mirror_actuator_mapping__quadratic_model__field_indices_by_name
 1474 0024 01000000 		.word	1
 1475 0028 00000000 		.word	ltpb__mirror_actuator_mapping__quadratic_model__number_ranges
 1476 002c 00000000 		.word	ltpb__mirror_actuator_mapping__quadratic_model__init
 1477 0030 00000000 		.word	0
 1478 0034 00000000 		.word	0
 1479 0038 00000000 		.word	0
 1480              		.section	.rodata.ltpb__mirror_actuator_mapping__actuator_angle_pair__descriptor,"a",%progbits
 1481              		.align	2
 1484              	ltpb__mirror_actuator_mapping__actuator_angle_pair__descriptor:
 1485 0000 F9EEAA28 		.word	682290937
 1486 0004 41020000 		.word	.LC21
 1487 0008 6E020000 		.word	.LC22
 1488 000c 80020000 		.word	.LC23
 1489 0010 4D000000 		.word	.LC3
 1490 0014 14000000 		.word	20
 1491 0018 02000000 		.word	2
 1492 001c 00000000 		.word	ltpb__mirror_actuator_mapping__actuator_angle_pair__field_descriptors
 1493 0020 00000000 		.word	ltpb__mirror_actuator_mapping__actuator_angle_pair__field_indices_by_name
 1494 0024 01000000 		.word	1
 1495 0028 00000000 		.word	ltpb__mirror_actuator_mapping__actuator_angle_pair__number_ranges
 1496 002c 00000000 		.word	ltpb__mirror_actuator_mapping__actuator_angle_pair__init
 1497 0030 00000000 		.word	0
 1498 0034 00000000 		.word	0
 1499 0038 00000000 		.word	0
 1500              		.text
 1501              	.Letext0:
 1502              		.file 2 "/opt/toolchains/gcc-arm-none-eabi-4_9-2015q1/arm-none-eabi/include/machine/_default_types
 1503              		.file 3 "/opt/toolchains/gcc-arm-none-eabi-4_9-2015q1/lib/gcc/arm-none-eabi/4.9.3/include/stddef.h
 1504              		.file 4 "/opt/toolchains/gcc-arm-none-eabi-4_9-2015q1/arm-none-eabi/include/stdint.h"
 1505              		.file 5 "/home/tienluong/workspace/atlantis_fw/platform/os/Source/portable/GCC/cortex-r4/portmacro
 1506              		.file 6 "/home/tienluong/workspace/atlantis_fw/platform/common/lightheader/include/protobuf-c/prot
 1507              		.file 7 "/home/tienluong/workspace/atlantis_fw/platform/common/lightheader/include/matrix3x3f.pb-c
 1508              		.file 8 "/home/tienluong/workspace/atlantis_fw/platform/common/lightheader/include/point3f.pb-c.h"
 1509              		.file 9 "/home/tienluong/workspace/atlantis_fw/platform/common/lightheader/include/range2f.pb-c.h"
 1510              		.file 10 "/home/tienluong/workspace/atlantis_fw/platform/common/lightheader/include/mirror_system.
DEFINED SYMBOLS
                            *ABS*:00000000 mirror_system.pb-c.c
     /tmp/ccBlC1zy.s:19     .text.ltpb__mirror_system__init:00000000 $t
     /tmp/ccBlC1zy.s:24     .text.ltpb__mirror_system__init:00000000 ltpb__mirror_system__init
     /tmp/ccBlC1zy.s:58     .text.ltpb__mirror_system__init:00000018 $d
     /tmp/ccBlC1zy.s:63     .text.ltpb__mirror_actuator_mapping__quadratic_model__init:00000000 $t
     /tmp/ccBlC1zy.s:68     .text.ltpb__mirror_actuator_mapping__quadratic_model__init:00000000 ltpb__mirror_actuator_mapping__quadratic_model__init
     /tmp/ccBlC1zy.s:95     .text.ltpb__mirror_actuator_mapping__quadratic_model__init:00000014 $d
     /tmp/ccBlC1zy.s:100    .text.ltpb__mirror_actuator_mapping__actuator_angle_pair__init:00000000 $t
     /tmp/ccBlC1zy.s:105    .text.ltpb__mirror_actuator_mapping__actuator_angle_pair__init:00000000 ltpb__mirror_actuator_mapping__actuator_angle_pair__init
     /tmp/ccBlC1zy.s:132    .text.ltpb__mirror_actuator_mapping__actuator_angle_pair__init:00000010 $d
     /tmp/ccBlC1zy.s:137    .text.ltpb__mirror_actuator_mapping__init:00000000 $t
     /tmp/ccBlC1zy.s:142    .text.ltpb__mirror_actuator_mapping__init:00000000 ltpb__mirror_actuator_mapping__init
     /tmp/ccBlC1zy.s:175    .text.ltpb__mirror_actuator_mapping__init:0000001c $d
     /tmp/ccBlC1zy.s:180    .text.ltpb__mirror_system__get_packed_size:00000000 $t
     /tmp/ccBlC1zy.s:185    .text.ltpb__mirror_system__get_packed_size:00000000 ltpb__mirror_system__get_packed_size
     /tmp/ccBlC1zy.s:226    .text.ltpb__mirror_system__get_packed_size:0000001c $d
     /tmp/ccBlC1zy.s:234    .text.ltpb__mirror_system__pack:00000000 $t
     /tmp/ccBlC1zy.s:239    .text.ltpb__mirror_system__pack:00000000 ltpb__mirror_system__pack
     /tmp/ccBlC1zy.s:285    .text.ltpb__mirror_system__pack:00000020 $d
     /tmp/ccBlC1zy.s:293    .text.ltpb__mirror_system__pack_to_buffer:00000000 $t
     /tmp/ccBlC1zy.s:298    .text.ltpb__mirror_system__pack_to_buffer:00000000 ltpb__mirror_system__pack_to_buffer
     /tmp/ccBlC1zy.s:344    .text.ltpb__mirror_system__pack_to_buffer:00000020 $d
     /tmp/ccBlC1zy.s:352    .text.ltpb__mirror_system__unpack:00000000 $t
     /tmp/ccBlC1zy.s:357    .text.ltpb__mirror_system__unpack:00000000 ltpb__mirror_system__unpack
     /tmp/ccBlC1zy.s:392    .text.ltpb__mirror_system__unpack:00000014 $d
     /tmp/ccBlC1zy.s:398    .text.ltpb__mirror_system__free_unpacked:00000000 $t
     /tmp/ccBlC1zy.s:403    .text.ltpb__mirror_system__free_unpacked:00000000 ltpb__mirror_system__free_unpacked
     /tmp/ccBlC1zy.s:448    .text.ltpb__mirror_system__free_unpacked:00000020 $d
     /tmp/ccBlC1zy.s:456    .text.ltpb__mirror_actuator_mapping__get_packed_size:00000000 $t
     /tmp/ccBlC1zy.s:461    .text.ltpb__mirror_actuator_mapping__get_packed_size:00000000 ltpb__mirror_actuator_mapping__get_packed_size
     /tmp/ccBlC1zy.s:502    .text.ltpb__mirror_actuator_mapping__get_packed_size:0000001c $d
     /tmp/ccBlC1zy.s:510    .text.ltpb__mirror_actuator_mapping__pack:00000000 $t
     /tmp/ccBlC1zy.s:515    .text.ltpb__mirror_actuator_mapping__pack:00000000 ltpb__mirror_actuator_mapping__pack
     /tmp/ccBlC1zy.s:561    .text.ltpb__mirror_actuator_mapping__pack:00000020 $d
     /tmp/ccBlC1zy.s:569    .text.ltpb__mirror_actuator_mapping__pack_to_buffer:00000000 $t
     /tmp/ccBlC1zy.s:574    .text.ltpb__mirror_actuator_mapping__pack_to_buffer:00000000 ltpb__mirror_actuator_mapping__pack_to_buffer
     /tmp/ccBlC1zy.s:620    .text.ltpb__mirror_actuator_mapping__pack_to_buffer:00000020 $d
     /tmp/ccBlC1zy.s:628    .text.ltpb__mirror_actuator_mapping__unpack:00000000 $t
     /tmp/ccBlC1zy.s:633    .text.ltpb__mirror_actuator_mapping__unpack:00000000 ltpb__mirror_actuator_mapping__unpack
     /tmp/ccBlC1zy.s:668    .text.ltpb__mirror_actuator_mapping__unpack:00000014 $d
     /tmp/ccBlC1zy.s:674    .text.ltpb__mirror_actuator_mapping__free_unpacked:00000000 $t
     /tmp/ccBlC1zy.s:679    .text.ltpb__mirror_actuator_mapping__free_unpacked:00000000 ltpb__mirror_actuator_mapping__free_unpacked
     /tmp/ccBlC1zy.s:724    .text.ltpb__mirror_actuator_mapping__free_unpacked:00000020 $d
     /tmp/ccBlC1zy.s:804    .rodata.ltpb__mirror_actuator_mapping__descriptor:00000000 ltpb__mirror_actuator_mapping__descriptor
     /tmp/ccBlC1zy.s:1365   .rodata.ltpb__mirror_actuator_mapping__transformation_type__descriptor:00000000 ltpb__mirror_actuator_mapping__transformation_type__descriptor
     /tmp/ccBlC1zy.s:1484   .rodata.ltpb__mirror_actuator_mapping__actuator_angle_pair__descriptor:00000000 ltpb__mirror_actuator_mapping__actuator_angle_pair__descriptor
     /tmp/ccBlC1zy.s:1464   .rodata.ltpb__mirror_actuator_mapping__quadratic_model__descriptor:00000000 ltpb__mirror_actuator_mapping__quadratic_model__descriptor
     /tmp/ccBlC1zy.s:770    .rodata.ltpb__mirror_system__descriptor:00000000 ltpb__mirror_system__descriptor
     /tmp/ccBlC1zy.s:740    .rodata.__FUNCTION__.6602:00000000 __FUNCTION__.6602
     /tmp/ccBlC1zy.s:743    .rodata.ltpb__mirror_system__field_indices_by_name:00000000 $d
     /tmp/ccBlC1zy.s:746    .rodata.ltpb__mirror_system__field_indices_by_name:00000000 ltpb__mirror_system__field_indices_by_name
     /tmp/ccBlC1zy.s:757    .rodata.ltpb__mirror_actuator_mapping__transformation_type__enum_values_by_name:00000000 $d
     /tmp/ccBlC1zy.s:760    .rodata.ltpb__mirror_actuator_mapping__transformation_type__enum_values_by_name:00000000 ltpb__mirror_actuator_mapping__transformation_type__enum_values_by_name
     /tmp/ccBlC1zy.s:766    .rodata.ltpb__mirror_system__descriptor:00000000 $d
     /tmp/ccBlC1zy.s:1188   .rodata.ltpb__mirror_system__field_descriptors:00000000 ltpb__mirror_system__field_descriptors
     /tmp/ccBlC1zy.s:1325   .rodata.ltpb__mirror_system__number_ranges:00000000 ltpb__mirror_system__number_ranges
     /tmp/ccBlC1zy.s:790    .rodata.__FUNCTION__.6612:00000000 __FUNCTION__.6612
     /tmp/ccBlC1zy.s:793    .rodata.ltpb__mirror_actuator_mapping__actuator_angle_pair__field_indices_by_name:00000000 $d
     /tmp/ccBlC1zy.s:796    .rodata.ltpb__mirror_actuator_mapping__actuator_angle_pair__field_indices_by_name:00000000 ltpb__mirror_actuator_mapping__actuator_angle_pair__field_indices_by_name
     /tmp/ccBlC1zy.s:800    .rodata.ltpb__mirror_actuator_mapping__descriptor:00000000 $d
     /tmp/ccBlC1zy.s:842    .rodata.ltpb__mirror_actuator_mapping__field_descriptors:00000000 ltpb__mirror_actuator_mapping__field_descriptors
     /tmp/ccBlC1zy.s:1310   .rodata.ltpb__mirror_actuator_mapping__field_indices_by_name:00000000 ltpb__mirror_actuator_mapping__field_indices_by_name
     /tmp/ccBlC1zy.s:1179   .rodata.ltpb__mirror_actuator_mapping__number_ranges:00000000 ltpb__mirror_actuator_mapping__number_ranges
     /tmp/ccBlC1zy.s:821    .rodata.ltpb__mirror_actuator_mapping__quadratic_model__number_ranges:00000000 $d
     /tmp/ccBlC1zy.s:824    .rodata.ltpb__mirror_actuator_mapping__quadratic_model__number_ranges:00000000 ltpb__mirror_actuator_mapping__quadratic_model__number_ranges
     /tmp/ccBlC1zy.s:830    .rodata.ltpb__mirror_actuator_mapping__quadratic_model__field_indices_by_name:00000000 $d
     /tmp/ccBlC1zy.s:833    .rodata.ltpb__mirror_actuator_mapping__quadratic_model__field_indices_by_name:00000000 ltpb__mirror_actuator_mapping__quadratic_model__field_indices_by_name
     /tmp/ccBlC1zy.s:839    .rodata.ltpb__mirror_actuator_mapping__field_descriptors:00000000 $d
     /tmp/ccBlC1zy.s:974    .rodata.ltpb__mirror_actuator_mapping__transformation_type__value_ranges:00000000 $d
     /tmp/ccBlC1zy.s:977    .rodata.ltpb__mirror_actuator_mapping__transformation_type__value_ranges:00000000 ltpb__mirror_actuator_mapping__transformation_type__value_ranges
     /tmp/ccBlC1zy.s:986    .rodata.__FUNCTION__.6628:00000000 __FUNCTION__.6628
     /tmp/ccBlC1zy.s:992    .rodata.__FUNCTION__.6633:00000000 __FUNCTION__.6633
     /tmp/ccBlC1zy.s:995    .rodata.init_value.6620:00000000 $d
     /tmp/ccBlC1zy.s:999    .rodata.init_value.6620:00000000 init_value.6620
     /tmp/ccBlC1zy.s:1006   .rodata.ltpb__mirror_actuator_mapping__actuator_angle_pair__number_ranges:00000000 $d
     /tmp/ccBlC1zy.s:1009   .rodata.ltpb__mirror_actuator_mapping__actuator_angle_pair__number_ranges:00000000 ltpb__mirror_actuator_mapping__actuator_angle_pair__number_ranges
     /tmp/ccBlC1zy.s:1018   .rodata.__FUNCTION__.6597:00000000 __FUNCTION__.6597
     /tmp/ccBlC1zy.s:1024   .rodata.__FUNCTION__.6638:00000000 __FUNCTION__.6638
     /tmp/ccBlC1zy.s:1120   .rodata.ltpb__mirror_actuator_mapping__transformation_type__enum_values_by_number:00000000 $d
     /tmp/ccBlC1zy.s:1123   .rodata.ltpb__mirror_actuator_mapping__transformation_type__enum_values_by_number:00000000 ltpb__mirror_actuator_mapping__transformation_type__enum_values_by_number
     /tmp/ccBlC1zy.s:1131   .rodata.init_value.6616:00000000 $d
     /tmp/ccBlC1zy.s:1135   .rodata.init_value.6616:00000000 init_value.6616
     /tmp/ccBlC1zy.s:1145   .rodata.init_value.6588:00000000 $d
     /tmp/ccBlC1zy.s:1149   .rodata.init_value.6588:00000000 init_value.6588
     /tmp/ccBlC1zy.s:1167   .rodata.__FUNCTION__.6648:00000000 __FUNCTION__.6648
     /tmp/ccBlC1zy.s:1173   .rodata.__FUNCTION__.6592:00000000 __FUNCTION__.6592
     /tmp/ccBlC1zy.s:1176   .rodata.ltpb__mirror_actuator_mapping__number_ranges:00000000 $d
     /tmp/ccBlC1zy.s:1185   .rodata.ltpb__mirror_system__field_descriptors:00000000 $d
     /tmp/ccBlC1zy.s:1307   .rodata.ltpb__mirror_actuator_mapping__field_indices_by_name:00000000 $d
     /tmp/ccBlC1zy.s:1322   .rodata.ltpb__mirror_system__number_ranges:00000000 $d
     /tmp/ccBlC1zy.s:1331   .rodata.ltpb__mirror_actuator_mapping__actuator_angle_pair__field_descriptors:00000000 $d
     /tmp/ccBlC1zy.s:1334   .rodata.ltpb__mirror_actuator_mapping__actuator_angle_pair__field_descriptors:00000000 ltpb__mirror_actuator_mapping__actuator_angle_pair__field_descriptors
     /tmp/ccBlC1zy.s:1362   .rodata.ltpb__mirror_actuator_mapping__transformation_type__descriptor:00000000 $d
     /tmp/ccBlC1zy.s:1382   .rodata.init_value.6624:00000000 $d
     /tmp/ccBlC1zy.s:1386   .rodata.init_value.6624:00000000 init_value.6624
     /tmp/ccBlC1zy.s:1404   .rodata.ltpb__mirror_actuator_mapping__quadratic_model__field_descriptors:00000000 $d
     /tmp/ccBlC1zy.s:1407   .rodata.ltpb__mirror_actuator_mapping__quadratic_model__field_descriptors:00000000 ltpb__mirror_actuator_mapping__quadratic_model__field_descriptors
     /tmp/ccBlC1zy.s:1461   .rodata.ltpb__mirror_actuator_mapping__quadratic_model__descriptor:00000000 $d
     /tmp/ccBlC1zy.s:1481   .rodata.ltpb__mirror_actuator_mapping__actuator_angle_pair__descriptor:00000000 $d
                     .debug_frame:00000010 $d

UNDEFINED SYMBOLS
assert_failed
protobuf_c_message_get_packed_size
protobuf_c_message_pack
protobuf_c_message_pack_to_buffer
protobuf_c_message_unpack
protobuf_c_message_free_unpacked
ltpb__range2_f__descriptor
ltpb__point3_f__descriptor
ltpb__matrix3x3_f__descriptor
