   1              		.syntax unified
   2              		.cpu cortex-r4
   3              		.fpu softvfp
   4              		.eabi_attribute 20, 1
   5              		.eabi_attribute 21, 1
   6              		.eabi_attribute 23, 3
   7              		.eabi_attribute 24, 1
   8              		.eabi_attribute 25, 1
   9              		.eabi_attribute 26, 1
  10              		.eabi_attribute 30, 4
  11              		.eabi_attribute 34, 1
  12              		.eabi_attribute 18, 4
  13              		.thumb
  14              		.file	"dead_pixel_map.pb-c.c"
  15              		.text
  16              	.Ltext0:
  17              		.cfi_sections	.debug_frame
  18              		.section	.text.ltpb__dead_pixel_map__init,"ax",%progbits
  19              		.align	1
  20              		.global	ltpb__dead_pixel_map__init
  21              		.thumb
  22              		.thumb_func
  24              	ltpb__dead_pixel_map__init:
  25              	.LFB1:
  26              		.file 1 "/home/tienluong/workspace/atlantis_fw/platform/common/lightheader/src/dead_pixel_map.pb-c
   1:/home/tienluong/workspace/atlantis_fw/platform/common/lightheader/src/dead_pixel_map.pb-c.c **** /* Generated by the protocol buffer compiler.  DO NOT EDIT! */
   2:/home/tienluong/workspace/atlantis_fw/platform/common/lightheader/src/dead_pixel_map.pb-c.c **** /* Generated from: dead_pixel_map.proto */
   3:/home/tienluong/workspace/atlantis_fw/platform/common/lightheader/src/dead_pixel_map.pb-c.c **** 
   4:/home/tienluong/workspace/atlantis_fw/platform/common/lightheader/src/dead_pixel_map.pb-c.c **** /* Do not generate deprecated warnings for self */
   5:/home/tienluong/workspace/atlantis_fw/platform/common/lightheader/src/dead_pixel_map.pb-c.c **** #ifndef PROTOBUF_C__NO_DEPRECATED
   6:/home/tienluong/workspace/atlantis_fw/platform/common/lightheader/src/dead_pixel_map.pb-c.c **** #define PROTOBUF_C__NO_DEPRECATED
   7:/home/tienluong/workspace/atlantis_fw/platform/common/lightheader/src/dead_pixel_map.pb-c.c **** #endif
   8:/home/tienluong/workspace/atlantis_fw/platform/common/lightheader/src/dead_pixel_map.pb-c.c **** #include "sections.h"
   9:/home/tienluong/workspace/atlantis_fw/platform/common/lightheader/src/dead_pixel_map.pb-c.c **** #include "dead_pixel_map.pb-c.h"
  10:/home/tienluong/workspace/atlantis_fw/platform/common/lightheader/src/dead_pixel_map.pb-c.c **** LIGHT_HEADER_FUNC void   ltpb__dead_pixel_map__init
  11:/home/tienluong/workspace/atlantis_fw/platform/common/lightheader/src/dead_pixel_map.pb-c.c ****                      (Ltpb__DeadPixelMap         *message)
  12:/home/tienluong/workspace/atlantis_fw/platform/common/lightheader/src/dead_pixel_map.pb-c.c **** {
  27              		.loc 1 12 0
  28              		.cfi_startproc
  29              		@ args = 0, pretend = 0, frame = 0
  30              		@ frame_needed = 0, uses_anonymous_args = 0
  31              	.LVL0:
  32 0000 30B5     		push	{r4, r5, lr}
  33              	.LCFI0:
  34              		.cfi_def_cfa_offset 12
  35              		.cfi_offset 4, -12
  36              		.cfi_offset 5, -8
  37              		.cfi_offset 14, -4
  13:/home/tienluong/workspace/atlantis_fw/platform/common/lightheader/src/dead_pixel_map.pb-c.c ****   LIGHT_HEADER_STATIC static Ltpb__DeadPixelMap init_value = LTPB__DEAD_PIXEL_MAP__INIT;
  14:/home/tienluong/workspace/atlantis_fw/platform/common/lightheader/src/dead_pixel_map.pb-c.c ****   *message = init_value;
  38              		.loc 1 14 0
  39 0002 054D     		ldr	r5, .L2
  40 0004 0446     		mov	r4, r0
  41 0006 0FCD     		ldmia	r5!, {r0, r1, r2, r3}
  42              	.LVL1:
  43 0008 0FC4     		stmia	r4!, {r0, r1, r2, r3}
  44              	.LVL2:
  45 000a 0FCD     		ldmia	r5!, {r0, r1, r2, r3}
  46 000c 0FC4     		stmia	r4!, {r0, r1, r2, r3}
  47              	.LVL3:
  48 000e 95E80300 		ldmia	r5, {r0, r1}
  49 0012 84E80300 		stmia	r4, {r0, r1}
  50 0016 30BD     		pop	{r4, r5, pc}
  51              	.LVL4:
  52              	.L3:
  53              		.align	2
  54              	.L2:
  55 0018 00000000 		.word	.LANCHOR0
  56              		.cfi_endproc
  57              	.LFE1:
  59              		.section	.text.ltpb__dead_pixel_map__get_packed_size,"ax",%progbits
  60              		.align	1
  61              		.global	ltpb__dead_pixel_map__get_packed_size
  62              		.thumb
  63              		.thumb_func
  65              	ltpb__dead_pixel_map__get_packed_size:
  66              	.LFB2:
  15:/home/tienluong/workspace/atlantis_fw/platform/common/lightheader/src/dead_pixel_map.pb-c.c **** }
  16:/home/tienluong/workspace/atlantis_fw/platform/common/lightheader/src/dead_pixel_map.pb-c.c **** LIGHT_HEADER_FUNC size_t ltpb__dead_pixel_map__get_packed_size
  17:/home/tienluong/workspace/atlantis_fw/platform/common/lightheader/src/dead_pixel_map.pb-c.c ****                      (const Ltpb__DeadPixelMap *message)
  18:/home/tienluong/workspace/atlantis_fw/platform/common/lightheader/src/dead_pixel_map.pb-c.c **** {
  67              		.loc 1 18 0
  68              		.cfi_startproc
  69              		@ args = 0, pretend = 0, frame = 0
  70              		@ frame_needed = 0, uses_anonymous_args = 0
  71              	.LVL5:
  19:/home/tienluong/workspace/atlantis_fw/platform/common/lightheader/src/dead_pixel_map.pb-c.c ****   assert(message->base.descriptor == &ltpb__dead_pixel_map__descriptor);
  72              		.loc 1 19 0
  73 0000 0268     		ldr	r2, [r0]
  74 0002 064B     		ldr	r3, .L7
  18:/home/tienluong/workspace/atlantis_fw/platform/common/lightheader/src/dead_pixel_map.pb-c.c ****   assert(message->base.descriptor == &ltpb__dead_pixel_map__descriptor);
  75              		.loc 1 18 0
  76 0004 10B5     		push	{r4, lr}
  77              	.LCFI1:
  78              		.cfi_def_cfa_offset 8
  79              		.cfi_offset 4, -8
  80              		.cfi_offset 14, -4
  81              		.loc 1 19 0
  82 0006 9A42     		cmp	r2, r3
  18:/home/tienluong/workspace/atlantis_fw/platform/common/lightheader/src/dead_pixel_map.pb-c.c ****   assert(message->base.descriptor == &ltpb__dead_pixel_map__descriptor);
  83              		.loc 1 18 0
  84 0008 0446     		mov	r4, r0
  85              		.loc 1 19 0
  86 000a 03D0     		beq	.L5
  87              		.loc 1 19 0 is_stmt 0 discriminator 1
  88 000c 0448     		ldr	r0, .L7+4
  89              	.LVL6:
  90 000e 1321     		movs	r1, #19
  91 0010 044B     		ldr	r3, .L7+8
  92 0012 9847     		blx	r3
  93              	.LVL7:
  94              	.L5:
  20:/home/tienluong/workspace/atlantis_fw/platform/common/lightheader/src/dead_pixel_map.pb-c.c ****   return protobuf_c_message_get_packed_size ((const ProtobufCMessage*)(message));
  95              		.loc 1 20 0 is_stmt 1
  96 0014 2046     		mov	r0, r4
  97 0016 044B     		ldr	r3, .L7+12
  98 0018 9847     		blx	r3
  99              	.LVL8:
  21:/home/tienluong/workspace/atlantis_fw/platform/common/lightheader/src/dead_pixel_map.pb-c.c **** }
 100              		.loc 1 21 0
 101 001a 10BD     		pop	{r4, pc}
 102              	.LVL9:
 103              	.L8:
 104              		.align	2
 105              	.L7:
 106 001c 00000000 		.word	.LANCHOR1
 107 0020 00000000 		.word	.LANCHOR2
 108 0024 00000000 		.word	assert_failed
 109 0028 00000000 		.word	protobuf_c_message_get_packed_size
 110              		.cfi_endproc
 111              	.LFE2:
 113              		.section	.text.ltpb__dead_pixel_map__pack,"ax",%progbits
 114              		.align	1
 115              		.global	ltpb__dead_pixel_map__pack
 116              		.thumb
 117              		.thumb_func
 119              	ltpb__dead_pixel_map__pack:
 120              	.LFB3:
  22:/home/tienluong/workspace/atlantis_fw/platform/common/lightheader/src/dead_pixel_map.pb-c.c **** LIGHT_HEADER_FUNC size_t ltpb__dead_pixel_map__pack
  23:/home/tienluong/workspace/atlantis_fw/platform/common/lightheader/src/dead_pixel_map.pb-c.c ****                      (const Ltpb__DeadPixelMap *message,
  24:/home/tienluong/workspace/atlantis_fw/platform/common/lightheader/src/dead_pixel_map.pb-c.c ****                       uint8_t       *out)
  25:/home/tienluong/workspace/atlantis_fw/platform/common/lightheader/src/dead_pixel_map.pb-c.c **** {
 121              		.loc 1 25 0
 122              		.cfi_startproc
 123              		@ args = 0, pretend = 0, frame = 0
 124              		@ frame_needed = 0, uses_anonymous_args = 0
 125              	.LVL10:
 126 0000 38B5     		push	{r3, r4, r5, lr}
 127              	.LCFI2:
 128              		.cfi_def_cfa_offset 16
 129              		.cfi_offset 3, -16
 130              		.cfi_offset 4, -12
 131              		.cfi_offset 5, -8
 132              		.cfi_offset 14, -4
  26:/home/tienluong/workspace/atlantis_fw/platform/common/lightheader/src/dead_pixel_map.pb-c.c ****   assert(message->base.descriptor == &ltpb__dead_pixel_map__descriptor);
 133              		.loc 1 26 0
 134 0002 0268     		ldr	r2, [r0]
  25:/home/tienluong/workspace/atlantis_fw/platform/common/lightheader/src/dead_pixel_map.pb-c.c ****   assert(message->base.descriptor == &ltpb__dead_pixel_map__descriptor);
 135              		.loc 1 25 0
 136 0004 0446     		mov	r4, r0
 137              		.loc 1 26 0
 138 0006 064B     		ldr	r3, .L11
  25:/home/tienluong/workspace/atlantis_fw/platform/common/lightheader/src/dead_pixel_map.pb-c.c ****   assert(message->base.descriptor == &ltpb__dead_pixel_map__descriptor);
 139              		.loc 1 25 0
 140 0008 0D46     		mov	r5, r1
 141              		.loc 1 26 0
 142 000a 9A42     		cmp	r2, r3
 143 000c 03D0     		beq	.L10
 144              		.loc 1 26 0 is_stmt 0 discriminator 1
 145 000e 0548     		ldr	r0, .L11+4
 146              	.LVL11:
 147 0010 1A21     		movs	r1, #26
 148              	.LVL12:
 149 0012 054B     		ldr	r3, .L11+8
 150 0014 9847     		blx	r3
 151              	.LVL13:
 152              	.L10:
  27:/home/tienluong/workspace/atlantis_fw/platform/common/lightheader/src/dead_pixel_map.pb-c.c ****   return protobuf_c_message_pack ((const ProtobufCMessage*)message, out);
 153              		.loc 1 27 0 is_stmt 1
 154 0016 2046     		mov	r0, r4
 155 0018 2946     		mov	r1, r5
 156 001a 044B     		ldr	r3, .L11+12
 157 001c 9847     		blx	r3
 158              	.LVL14:
  28:/home/tienluong/workspace/atlantis_fw/platform/common/lightheader/src/dead_pixel_map.pb-c.c **** }
 159              		.loc 1 28 0
 160 001e 38BD     		pop	{r3, r4, r5, pc}
 161              	.LVL15:
 162              	.L12:
 163              		.align	2
 164              	.L11:
 165 0020 00000000 		.word	.LANCHOR1
 166 0024 00000000 		.word	.LANCHOR3
 167 0028 00000000 		.word	assert_failed
 168 002c 00000000 		.word	protobuf_c_message_pack
 169              		.cfi_endproc
 170              	.LFE3:
 172              		.section	.text.ltpb__dead_pixel_map__pack_to_buffer,"ax",%progbits
 173              		.align	1
 174              		.global	ltpb__dead_pixel_map__pack_to_buffer
 175              		.thumb
 176              		.thumb_func
 178              	ltpb__dead_pixel_map__pack_to_buffer:
 179              	.LFB4:
  29:/home/tienluong/workspace/atlantis_fw/platform/common/lightheader/src/dead_pixel_map.pb-c.c **** LIGHT_HEADER_FUNC size_t ltpb__dead_pixel_map__pack_to_buffer
  30:/home/tienluong/workspace/atlantis_fw/platform/common/lightheader/src/dead_pixel_map.pb-c.c ****                      (const Ltpb__DeadPixelMap *message,
  31:/home/tienluong/workspace/atlantis_fw/platform/common/lightheader/src/dead_pixel_map.pb-c.c ****                       ProtobufCBuffer *buffer)
  32:/home/tienluong/workspace/atlantis_fw/platform/common/lightheader/src/dead_pixel_map.pb-c.c **** {
 180              		.loc 1 32 0
 181              		.cfi_startproc
 182              		@ args = 0, pretend = 0, frame = 0
 183              		@ frame_needed = 0, uses_anonymous_args = 0
 184              	.LVL16:
 185 0000 38B5     		push	{r3, r4, r5, lr}
 186              	.LCFI3:
 187              		.cfi_def_cfa_offset 16
 188              		.cfi_offset 3, -16
 189              		.cfi_offset 4, -12
 190              		.cfi_offset 5, -8
 191              		.cfi_offset 14, -4
  33:/home/tienluong/workspace/atlantis_fw/platform/common/lightheader/src/dead_pixel_map.pb-c.c ****   assert(message->base.descriptor == &ltpb__dead_pixel_map__descriptor);
 192              		.loc 1 33 0
 193 0002 0268     		ldr	r2, [r0]
  32:/home/tienluong/workspace/atlantis_fw/platform/common/lightheader/src/dead_pixel_map.pb-c.c ****   assert(message->base.descriptor == &ltpb__dead_pixel_map__descriptor);
 194              		.loc 1 32 0
 195 0004 0446     		mov	r4, r0
 196              		.loc 1 33 0
 197 0006 064B     		ldr	r3, .L15
  32:/home/tienluong/workspace/atlantis_fw/platform/common/lightheader/src/dead_pixel_map.pb-c.c ****   assert(message->base.descriptor == &ltpb__dead_pixel_map__descriptor);
 198              		.loc 1 32 0
 199 0008 0D46     		mov	r5, r1
 200              		.loc 1 33 0
 201 000a 9A42     		cmp	r2, r3
 202 000c 03D0     		beq	.L14
 203              		.loc 1 33 0 is_stmt 0 discriminator 1
 204 000e 0548     		ldr	r0, .L15+4
 205              	.LVL17:
 206 0010 2121     		movs	r1, #33
 207              	.LVL18:
 208 0012 054B     		ldr	r3, .L15+8
 209 0014 9847     		blx	r3
 210              	.LVL19:
 211              	.L14:
  34:/home/tienluong/workspace/atlantis_fw/platform/common/lightheader/src/dead_pixel_map.pb-c.c ****   return protobuf_c_message_pack_to_buffer ((const ProtobufCMessage*)message, buffer);
 212              		.loc 1 34 0 is_stmt 1
 213 0016 2046     		mov	r0, r4
 214 0018 2946     		mov	r1, r5
 215 001a 044B     		ldr	r3, .L15+12
 216 001c 9847     		blx	r3
 217              	.LVL20:
  35:/home/tienluong/workspace/atlantis_fw/platform/common/lightheader/src/dead_pixel_map.pb-c.c **** }
 218              		.loc 1 35 0
 219 001e 38BD     		pop	{r3, r4, r5, pc}
 220              	.LVL21:
 221              	.L16:
 222              		.align	2
 223              	.L15:
 224 0020 00000000 		.word	.LANCHOR1
 225 0024 00000000 		.word	.LANCHOR4
 226 0028 00000000 		.word	assert_failed
 227 002c 00000000 		.word	protobuf_c_message_pack_to_buffer
 228              		.cfi_endproc
 229              	.LFE4:
 231              		.section	.text.ltpb__dead_pixel_map__unpack,"ax",%progbits
 232              		.align	1
 233              		.global	ltpb__dead_pixel_map__unpack
 234              		.thumb
 235              		.thumb_func
 237              	ltpb__dead_pixel_map__unpack:
 238              	.LFB5:
  36:/home/tienluong/workspace/atlantis_fw/platform/common/lightheader/src/dead_pixel_map.pb-c.c **** LIGHT_HEADER_FUNC Ltpb__DeadPixelMap *
  37:/home/tienluong/workspace/atlantis_fw/platform/common/lightheader/src/dead_pixel_map.pb-c.c ****        ltpb__dead_pixel_map__unpack
  38:/home/tienluong/workspace/atlantis_fw/platform/common/lightheader/src/dead_pixel_map.pb-c.c ****                      (ProtobufCAllocator  *allocator,
  39:/home/tienluong/workspace/atlantis_fw/platform/common/lightheader/src/dead_pixel_map.pb-c.c ****                       size_t               len,
  40:/home/tienluong/workspace/atlantis_fw/platform/common/lightheader/src/dead_pixel_map.pb-c.c ****                       const uint8_t       *data)
  41:/home/tienluong/workspace/atlantis_fw/platform/common/lightheader/src/dead_pixel_map.pb-c.c **** {
 239              		.loc 1 41 0
 240              		.cfi_startproc
 241              		@ args = 0, pretend = 0, frame = 0
 242              		@ frame_needed = 0, uses_anonymous_args = 0
 243              	.LVL22:
 244 0000 38B5     		push	{r3, r4, r5, lr}
 245              	.LCFI4:
 246              		.cfi_def_cfa_offset 16
 247              		.cfi_offset 3, -16
 248              		.cfi_offset 4, -12
 249              		.cfi_offset 5, -8
 250              		.cfi_offset 14, -4
 251              		.loc 1 41 0
 252 0002 0546     		mov	r5, r0
 253 0004 0C46     		mov	r4, r1
 254 0006 1346     		mov	r3, r2
  42:/home/tienluong/workspace/atlantis_fw/platform/common/lightheader/src/dead_pixel_map.pb-c.c ****   return (Ltpb__DeadPixelMap *)
 255              		.loc 1 42 0
 256 0008 2946     		mov	r1, r5
 257              	.LVL23:
 258 000a 2246     		mov	r2, r4
 259              	.LVL24:
 260 000c 0148     		ldr	r0, .L18
 261              	.LVL25:
 262 000e 024C     		ldr	r4, .L18+4
 263              	.LVL26:
 264 0010 A047     		blx	r4
 265              	.LVL27:
  43:/home/tienluong/workspace/atlantis_fw/platform/common/lightheader/src/dead_pixel_map.pb-c.c ****      protobuf_c_message_unpack (&ltpb__dead_pixel_map__descriptor,
  44:/home/tienluong/workspace/atlantis_fw/platform/common/lightheader/src/dead_pixel_map.pb-c.c ****                                 allocator, len, data);
  45:/home/tienluong/workspace/atlantis_fw/platform/common/lightheader/src/dead_pixel_map.pb-c.c **** }
 266              		.loc 1 45 0
 267 0012 38BD     		pop	{r3, r4, r5, pc}
 268              	.LVL28:
 269              	.L19:
 270              		.align	2
 271              	.L18:
 272 0014 00000000 		.word	.LANCHOR1
 273 0018 00000000 		.word	protobuf_c_message_unpack
 274              		.cfi_endproc
 275              	.LFE5:
 277              		.section	.text.ltpb__dead_pixel_map__free_unpacked,"ax",%progbits
 278              		.align	1
 279              		.global	ltpb__dead_pixel_map__free_unpacked
 280              		.thumb
 281              		.thumb_func
 283              	ltpb__dead_pixel_map__free_unpacked:
 284              	.LFB6:
  46:/home/tienluong/workspace/atlantis_fw/platform/common/lightheader/src/dead_pixel_map.pb-c.c **** LIGHT_HEADER_FUNC void   ltpb__dead_pixel_map__free_unpacked
  47:/home/tienluong/workspace/atlantis_fw/platform/common/lightheader/src/dead_pixel_map.pb-c.c ****                      (Ltpb__DeadPixelMap *message,
  48:/home/tienluong/workspace/atlantis_fw/platform/common/lightheader/src/dead_pixel_map.pb-c.c ****                       ProtobufCAllocator *allocator)
  49:/home/tienluong/workspace/atlantis_fw/platform/common/lightheader/src/dead_pixel_map.pb-c.c **** {
 285              		.loc 1 49 0
 286              		.cfi_startproc
 287              		@ args = 0, pretend = 0, frame = 0
 288              		@ frame_needed = 0, uses_anonymous_args = 0
 289              	.LVL29:
 290 0000 38B5     		push	{r3, r4, r5, lr}
 291              	.LCFI5:
 292              		.cfi_def_cfa_offset 16
 293              		.cfi_offset 3, -16
 294              		.cfi_offset 4, -12
 295              		.cfi_offset 5, -8
 296              		.cfi_offset 14, -4
  50:/home/tienluong/workspace/atlantis_fw/platform/common/lightheader/src/dead_pixel_map.pb-c.c ****   assert(message->base.descriptor == &ltpb__dead_pixel_map__descriptor);
 297              		.loc 1 50 0
 298 0002 0268     		ldr	r2, [r0]
  49:/home/tienluong/workspace/atlantis_fw/platform/common/lightheader/src/dead_pixel_map.pb-c.c ****   assert(message->base.descriptor == &ltpb__dead_pixel_map__descriptor);
 299              		.loc 1 49 0
 300 0004 0446     		mov	r4, r0
 301              		.loc 1 50 0
 302 0006 064B     		ldr	r3, .L22
  49:/home/tienluong/workspace/atlantis_fw/platform/common/lightheader/src/dead_pixel_map.pb-c.c ****   assert(message->base.descriptor == &ltpb__dead_pixel_map__descriptor);
 303              		.loc 1 49 0
 304 0008 0D46     		mov	r5, r1
 305              		.loc 1 50 0
 306 000a 9A42     		cmp	r2, r3
 307 000c 03D0     		beq	.L21
 308              		.loc 1 50 0 is_stmt 0 discriminator 1
 309 000e 0548     		ldr	r0, .L22+4
 310              	.LVL30:
 311 0010 3221     		movs	r1, #50
 312              	.LVL31:
 313 0012 054B     		ldr	r3, .L22+8
 314 0014 9847     		blx	r3
 315              	.LVL32:
 316              	.L21:
  51:/home/tienluong/workspace/atlantis_fw/platform/common/lightheader/src/dead_pixel_map.pb-c.c ****   protobuf_c_message_free_unpacked ((ProtobufCMessage*)message, allocator);
 317              		.loc 1 51 0 is_stmt 1
 318 0016 2046     		mov	r0, r4
 319 0018 2946     		mov	r1, r5
 320 001a 044B     		ldr	r3, .L22+12
 321 001c 9847     		blx	r3
 322              	.LVL33:
 323 001e 38BD     		pop	{r3, r4, r5, pc}
 324              	.LVL34:
 325              	.L23:
 326              		.align	2
 327              	.L22:
 328 0020 00000000 		.word	.LANCHOR1
 329 0024 00000000 		.word	.LANCHOR5
 330 0028 00000000 		.word	assert_failed
 331 002c 00000000 		.word	protobuf_c_message_free_unpacked
 332              		.cfi_endproc
 333              	.LFE6:
 335              		.global	ltpb__dead_pixel_map__descriptor
 336              		.section	.rodata.ltpb__dead_pixel_map__field_descriptors,"a",%progbits
 337              		.align	2
 340              	ltpb__dead_pixel_map__field_descriptors:
 341 0000 37000000 		.word	.LC4
 342 0004 01000000 		.word	1
 343 0008 00       		.byte	0
 344 0009 08       		.byte	8
 345 000a 0000     		.space	2
 346 000c 00000000 		.word	0
 347 0010 10000000 		.word	16
 348 0014 00000000 		.word	0
 349 0018 00000000 		.word	0
 350 001c 00000000 		.word	0
 351 0020 00000000 		.word	0
 352 0024 00000000 		.word	0
 353 0028 00000000 		.word	0
 354 002c 43000000 		.word	.LC5
 355 0030 02000000 		.word	2
 356 0034 00       		.byte	0
 357 0035 06       		.byte	6
 358 0036 0000     		.space	2
 359 0038 00000000 		.word	0
 360 003c 18000000 		.word	24
 361 0040 00000000 		.word	0
 362 0044 00000000 		.word	0
 363 0048 00000000 		.word	0
 364 004c 00000000 		.word	0
 365 0050 00000000 		.word	0
 366 0054 00000000 		.word	0
 367 0058 4D000000 		.word	.LC6
 368 005c 03000000 		.word	3
 369 0060 01       		.byte	1
 370 0061 0A       		.byte	10
 371 0062 0000     		.space	2
 372 0064 1C000000 		.word	28
 373 0068 20000000 		.word	32
 374 006c 00000000 		.word	0
 375 0070 00000000 		.word	0
 376 0074 00000000 		.word	0
 377 0078 00000000 		.word	0
 378 007c 00000000 		.word	0
 379 0080 00000000 		.word	0
 380              		.section	.rodata.init_value.6428,"a",%progbits
 381              		.align	3
 382              		.set	.LANCHOR0,. + 0
 385              	init_value.6428:
 386 0000 00000000 		.word	ltpb__dead_pixel_map__descriptor
 387 0004 00000000 		.word	0
 388 0008 00000000 		.word	0
 389 000c 00000000 		.space	4
 390 0010 00000000 		.word	0
 391 0014 00000000 		.word	0
 392 0018 00000000 		.word	0
 393 001c 00000000 		.word	0
 394 0020 00000000 		.word	0
 395 0024 00000000 		.space	4
 396              		.section	.rodata.__FUNCTION__.6452,"a",%progbits
 397              		.set	.LANCHOR5,. + 0
 400              	__FUNCTION__.6452:
 401 0000 6C747062 		.ascii	"ltpb__dead_pixel_map__free_unpacked\000"
 401      5F5F6465 
 401      61645F70 
 401      6978656C 
 401      5F6D6170 
 402              		.section	.rodata.ltpb__dead_pixel_map__descriptor,"a",%progbits
 403              		.align	2
 404              		.set	.LANCHOR1,. + 0
 407              	ltpb__dead_pixel_map__descriptor:
 408 0000 F9EEAA28 		.word	682290937
 409 0004 00000000 		.word	.LC0
 410 0008 12000000 		.word	.LC1
 411 000c 1F000000 		.word	.LC2
 412 0010 32000000 		.word	.LC3
 413 0014 28000000 		.word	40
 414 0018 03000000 		.word	3
 415 001c 00000000 		.word	ltpb__dead_pixel_map__field_descriptors
 416 0020 00000000 		.word	ltpb__dead_pixel_map__field_indices_by_name
 417 0024 01000000 		.word	1
 418 0028 00000000 		.word	ltpb__dead_pixel_map__number_ranges
 419 002c 00000000 		.word	ltpb__dead_pixel_map__init
 420 0030 00000000 		.word	0
 421 0034 00000000 		.word	0
 422 0038 00000000 		.word	0
 423              		.section	.rodata.str1.1,"aMS",%progbits,1
 424              	.LC0:
 425 0000 6C747062 		.ascii	"ltpb.DeadPixelMap\000"
 425      2E446561 
 425      64506978 
 425      656C4D61 
 425      7000
 426              	.LC1:
 427 0012 44656164 		.ascii	"DeadPixelMap\000"
 427      50697865 
 427      6C4D6170 
 427      00
 428              	.LC2:
 429 001f 4C747062 		.ascii	"Ltpb__DeadPixelMap\000"
 429      5F5F4465 
 429      61645069 
 429      78656C4D 
 429      617000
 430              	.LC3:
 431 0032 6C747062 		.ascii	"ltpb\000"
 431      00
 432              	.LC4:
 433 0037 64617461 		.ascii	"data_offset\000"
 433      5F6F6666 
 433      73657400 
 434              	.LC5:
 435 0043 64617461 		.ascii	"data_size\000"
 435      5F73697A 
 435      6500
 436              	.LC6:
 437 004d 626C6163 		.ascii	"black_level_threshold\000"
 437      6B5F6C65 
 437      76656C5F 
 437      74687265 
 437      73686F6C 
 438              		.section	.rodata.__FUNCTION__.6432,"a",%progbits
 439              		.set	.LANCHOR2,. + 0
 442              	__FUNCTION__.6432:
 443 0000 6C747062 		.ascii	"ltpb__dead_pixel_map__get_packed_size\000"
 443      5F5F6465 
 443      61645F70 
 443      6978656C 
 443      5F6D6170 
 444              		.section	.rodata.ltpb__dead_pixel_map__field_indices_by_name,"a",%progbits
 445              		.align	2
 448              	ltpb__dead_pixel_map__field_indices_by_name:
 449 0000 02000000 		.word	2
 450 0004 00000000 		.word	0
 451 0008 01000000 		.word	1
 452              		.section	.rodata.__FUNCTION__.6437,"a",%progbits
 453              		.set	.LANCHOR3,. + 0
 456              	__FUNCTION__.6437:
 457 0000 6C747062 		.ascii	"ltpb__dead_pixel_map__pack\000"
 457      5F5F6465 
 457      61645F70 
 457      6978656C 
 457      5F6D6170 
 458              		.section	.rodata.__FUNCTION__.6442,"a",%progbits
 459              		.set	.LANCHOR4,. + 0
 462              	__FUNCTION__.6442:
 463 0000 6C747062 		.ascii	"ltpb__dead_pixel_map__pack_to_buffer\000"
 463      5F5F6465 
 463      61645F70 
 463      6978656C 
 463      5F6D6170 
 464              		.section	.rodata.ltpb__dead_pixel_map__number_ranges,"a",%progbits
 465              		.align	2
 468              	ltpb__dead_pixel_map__number_ranges:
 469 0000 01000000 		.word	1
 470 0004 00000000 		.word	0
 471 0008 00000000 		.word	0
 472 000c 03000000 		.word	3
 473              		.text
 474              	.Letext0:
 475              		.file 2 "/opt/toolchains/gcc-arm-none-eabi-4_9-2015q1/arm-none-eabi/include/machine/_default_types
 476              		.file 3 "/opt/toolchains/gcc-arm-none-eabi-4_9-2015q1/lib/gcc/arm-none-eabi/4.9.3/include/stddef.h
 477              		.file 4 "/opt/toolchains/gcc-arm-none-eabi-4_9-2015q1/arm-none-eabi/include/stdint.h"
 478              		.file 5 "/home/tienluong/workspace/atlantis_fw/platform/os/Source/portable/GCC/cortex-r4/portmacro
 479              		.file 6 "/home/tienluong/workspace/atlantis_fw/platform/common/lightheader/include/protobuf-c/prot
 480              		.file 7 "/home/tienluong/workspace/atlantis_fw/platform/common/lightheader/include/dead_pixel_map.
DEFINED SYMBOLS
                            *ABS*:00000000 dead_pixel_map.pb-c.c
     /tmp/cc9kFEyX.s:19     .text.ltpb__dead_pixel_map__init:00000000 $t
     /tmp/cc9kFEyX.s:24     .text.ltpb__dead_pixel_map__init:00000000 ltpb__dead_pixel_map__init
     /tmp/cc9kFEyX.s:55     .text.ltpb__dead_pixel_map__init:00000018 $d
     /tmp/cc9kFEyX.s:60     .text.ltpb__dead_pixel_map__get_packed_size:00000000 $t
     /tmp/cc9kFEyX.s:65     .text.ltpb__dead_pixel_map__get_packed_size:00000000 ltpb__dead_pixel_map__get_packed_size
     /tmp/cc9kFEyX.s:106    .text.ltpb__dead_pixel_map__get_packed_size:0000001c $d
     /tmp/cc9kFEyX.s:114    .text.ltpb__dead_pixel_map__pack:00000000 $t
     /tmp/cc9kFEyX.s:119    .text.ltpb__dead_pixel_map__pack:00000000 ltpb__dead_pixel_map__pack
     /tmp/cc9kFEyX.s:165    .text.ltpb__dead_pixel_map__pack:00000020 $d
     /tmp/cc9kFEyX.s:173    .text.ltpb__dead_pixel_map__pack_to_buffer:00000000 $t
     /tmp/cc9kFEyX.s:178    .text.ltpb__dead_pixel_map__pack_to_buffer:00000000 ltpb__dead_pixel_map__pack_to_buffer
     /tmp/cc9kFEyX.s:224    .text.ltpb__dead_pixel_map__pack_to_buffer:00000020 $d
     /tmp/cc9kFEyX.s:232    .text.ltpb__dead_pixel_map__unpack:00000000 $t
     /tmp/cc9kFEyX.s:237    .text.ltpb__dead_pixel_map__unpack:00000000 ltpb__dead_pixel_map__unpack
     /tmp/cc9kFEyX.s:272    .text.ltpb__dead_pixel_map__unpack:00000014 $d
     /tmp/cc9kFEyX.s:278    .text.ltpb__dead_pixel_map__free_unpacked:00000000 $t
     /tmp/cc9kFEyX.s:283    .text.ltpb__dead_pixel_map__free_unpacked:00000000 ltpb__dead_pixel_map__free_unpacked
     /tmp/cc9kFEyX.s:328    .text.ltpb__dead_pixel_map__free_unpacked:00000020 $d
     /tmp/cc9kFEyX.s:407    .rodata.ltpb__dead_pixel_map__descriptor:00000000 ltpb__dead_pixel_map__descriptor
     /tmp/cc9kFEyX.s:337    .rodata.ltpb__dead_pixel_map__field_descriptors:00000000 $d
     /tmp/cc9kFEyX.s:340    .rodata.ltpb__dead_pixel_map__field_descriptors:00000000 ltpb__dead_pixel_map__field_descriptors
     /tmp/cc9kFEyX.s:381    .rodata.init_value.6428:00000000 $d
     /tmp/cc9kFEyX.s:385    .rodata.init_value.6428:00000000 init_value.6428
     /tmp/cc9kFEyX.s:400    .rodata.__FUNCTION__.6452:00000000 __FUNCTION__.6452
     /tmp/cc9kFEyX.s:403    .rodata.ltpb__dead_pixel_map__descriptor:00000000 $d
     /tmp/cc9kFEyX.s:448    .rodata.ltpb__dead_pixel_map__field_indices_by_name:00000000 ltpb__dead_pixel_map__field_indices_by_name
     /tmp/cc9kFEyX.s:468    .rodata.ltpb__dead_pixel_map__number_ranges:00000000 ltpb__dead_pixel_map__number_ranges
     /tmp/cc9kFEyX.s:442    .rodata.__FUNCTION__.6432:00000000 __FUNCTION__.6432
     /tmp/cc9kFEyX.s:445    .rodata.ltpb__dead_pixel_map__field_indices_by_name:00000000 $d
     /tmp/cc9kFEyX.s:456    .rodata.__FUNCTION__.6437:00000000 __FUNCTION__.6437
     /tmp/cc9kFEyX.s:462    .rodata.__FUNCTION__.6442:00000000 __FUNCTION__.6442
     /tmp/cc9kFEyX.s:465    .rodata.ltpb__dead_pixel_map__number_ranges:00000000 $d
                     .debug_frame:00000010 $d

UNDEFINED SYMBOLS
assert_failed
protobuf_c_message_get_packed_size
protobuf_c_message_pack
protobuf_c_message_pack_to_buffer
protobuf_c_message_unpack
protobuf_c_message_free_unpacked
