   1              		.syntax unified
   2              		.cpu cortex-r4
   3              		.fpu softvfp
   4              		.eabi_attribute 20, 1
   5              		.eabi_attribute 21, 1
   6              		.eabi_attribute 23, 3
   7              		.eabi_attribute 24, 1
   8              		.eabi_attribute 25, 1
   9              		.eabi_attribute 26, 1
  10              		.eabi_attribute 30, 4
  11              		.eabi_attribute 34, 1
  12              		.eabi_attribute 18, 4
  13              		.thumb
  14              		.file	"device_temp.pb-c.c"
  15              		.text
  16              	.Ltext0:
  17              		.cfi_sections	.debug_frame
  18              		.section	.text.ltpb__device_temp__init,"ax",%progbits
  19              		.align	1
  20              		.global	ltpb__device_temp__init
  21              		.thumb
  22              		.thumb_func
  24              	ltpb__device_temp__init:
  25              	.LFB1:
  26              		.file 1 "/home/tienluong/workspace/atlantis_fw/platform/common/lightheader/src/device_temp.pb-c.c"
   1:/home/tienluong/workspace/atlantis_fw/platform/common/lightheader/src/device_temp.pb-c.c **** /* Generated by the protocol buffer compiler.  DO NOT EDIT! */
   2:/home/tienluong/workspace/atlantis_fw/platform/common/lightheader/src/device_temp.pb-c.c **** /* Generated from: device_temp.proto */
   3:/home/tienluong/workspace/atlantis_fw/platform/common/lightheader/src/device_temp.pb-c.c **** 
   4:/home/tienluong/workspace/atlantis_fw/platform/common/lightheader/src/device_temp.pb-c.c **** /* Do not generate deprecated warnings for self */
   5:/home/tienluong/workspace/atlantis_fw/platform/common/lightheader/src/device_temp.pb-c.c **** #ifndef PROTOBUF_C__NO_DEPRECATED
   6:/home/tienluong/workspace/atlantis_fw/platform/common/lightheader/src/device_temp.pb-c.c **** #define PROTOBUF_C__NO_DEPRECATED
   7:/home/tienluong/workspace/atlantis_fw/platform/common/lightheader/src/device_temp.pb-c.c **** #endif
   8:/home/tienluong/workspace/atlantis_fw/platform/common/lightheader/src/device_temp.pb-c.c **** #include "sections.h"
   9:/home/tienluong/workspace/atlantis_fw/platform/common/lightheader/src/device_temp.pb-c.c **** #include "device_temp.pb-c.h"
  10:/home/tienluong/workspace/atlantis_fw/platform/common/lightheader/src/device_temp.pb-c.c **** LIGHT_HEADER_FUNC void   ltpb__device_temp__init
  11:/home/tienluong/workspace/atlantis_fw/platform/common/lightheader/src/device_temp.pb-c.c ****                      (Ltpb__DeviceTemp         *message)
  12:/home/tienluong/workspace/atlantis_fw/platform/common/lightheader/src/device_temp.pb-c.c **** {
  27              		.loc 1 12 0
  28              		.cfi_startproc
  29              		@ args = 0, pretend = 0, frame = 0
  30              		@ frame_needed = 0, uses_anonymous_args = 0
  31              	.LVL0:
  32 0000 30B5     		push	{r4, r5, lr}
  33              	.LCFI0:
  34              		.cfi_def_cfa_offset 12
  35              		.cfi_offset 4, -12
  36              		.cfi_offset 5, -8
  37              		.cfi_offset 14, -4
  13:/home/tienluong/workspace/atlantis_fw/platform/common/lightheader/src/device_temp.pb-c.c ****   LIGHT_HEADER_STATIC static Ltpb__DeviceTemp init_value = LTPB__DEVICE_TEMP__INIT;
  14:/home/tienluong/workspace/atlantis_fw/platform/common/lightheader/src/device_temp.pb-c.c ****   *message = init_value;
  38              		.loc 1 14 0
  39 0002 044D     		ldr	r5, .L2
  40 0004 0446     		mov	r4, r0
  41 0006 0FCD     		ldmia	r5!, {r0, r1, r2, r3}
  42              	.LVL1:
  43 0008 0FC4     		stmia	r4!, {r0, r1, r2, r3}
  44              	.LVL2:
  45 000a 0FCD     		ldmia	r5!, {r0, r1, r2, r3}
  46 000c 0FC4     		stmia	r4!, {r0, r1, r2, r3}
  47              	.LVL3:
  48 000e 2B68     		ldr	r3, [r5]
  49 0010 2360     		str	r3, [r4]
  50 0012 30BD     		pop	{r4, r5, pc}
  51              	.LVL4:
  52              	.L3:
  53              		.align	2
  54              	.L2:
  55 0014 00000000 		.word	.LANCHOR0
  56              		.cfi_endproc
  57              	.LFE1:
  59              		.section	.text.ltpb__device_temp__get_packed_size,"ax",%progbits
  60              		.align	1
  61              		.global	ltpb__device_temp__get_packed_size
  62              		.thumb
  63              		.thumb_func
  65              	ltpb__device_temp__get_packed_size:
  66              	.LFB2:
  15:/home/tienluong/workspace/atlantis_fw/platform/common/lightheader/src/device_temp.pb-c.c **** }
  16:/home/tienluong/workspace/atlantis_fw/platform/common/lightheader/src/device_temp.pb-c.c **** LIGHT_HEADER_FUNC size_t ltpb__device_temp__get_packed_size
  17:/home/tienluong/workspace/atlantis_fw/platform/common/lightheader/src/device_temp.pb-c.c ****                      (const Ltpb__DeviceTemp *message)
  18:/home/tienluong/workspace/atlantis_fw/platform/common/lightheader/src/device_temp.pb-c.c **** {
  67              		.loc 1 18 0
  68              		.cfi_startproc
  69              		@ args = 0, pretend = 0, frame = 0
  70              		@ frame_needed = 0, uses_anonymous_args = 0
  71              	.LVL5:
  19:/home/tienluong/workspace/atlantis_fw/platform/common/lightheader/src/device_temp.pb-c.c ****   assert(message->base.descriptor == &ltpb__device_temp__descriptor);
  72              		.loc 1 19 0
  73 0000 0268     		ldr	r2, [r0]
  74 0002 064B     		ldr	r3, .L7
  18:/home/tienluong/workspace/atlantis_fw/platform/common/lightheader/src/device_temp.pb-c.c ****   assert(message->base.descriptor == &ltpb__device_temp__descriptor);
  75              		.loc 1 18 0
  76 0004 10B5     		push	{r4, lr}
  77              	.LCFI1:
  78              		.cfi_def_cfa_offset 8
  79              		.cfi_offset 4, -8
  80              		.cfi_offset 14, -4
  81              		.loc 1 19 0
  82 0006 9A42     		cmp	r2, r3
  18:/home/tienluong/workspace/atlantis_fw/platform/common/lightheader/src/device_temp.pb-c.c ****   assert(message->base.descriptor == &ltpb__device_temp__descriptor);
  83              		.loc 1 18 0
  84 0008 0446     		mov	r4, r0
  85              		.loc 1 19 0
  86 000a 03D0     		beq	.L5
  87              		.loc 1 19 0 is_stmt 0 discriminator 1
  88 000c 0448     		ldr	r0, .L7+4
  89              	.LVL6:
  90 000e 1321     		movs	r1, #19
  91 0010 044B     		ldr	r3, .L7+8
  92 0012 9847     		blx	r3
  93              	.LVL7:
  94              	.L5:
  20:/home/tienluong/workspace/atlantis_fw/platform/common/lightheader/src/device_temp.pb-c.c ****   return protobuf_c_message_get_packed_size ((const ProtobufCMessage*)(message));
  95              		.loc 1 20 0 is_stmt 1
  96 0014 2046     		mov	r0, r4
  97 0016 044B     		ldr	r3, .L7+12
  98 0018 9847     		blx	r3
  99              	.LVL8:
  21:/home/tienluong/workspace/atlantis_fw/platform/common/lightheader/src/device_temp.pb-c.c **** }
 100              		.loc 1 21 0
 101 001a 10BD     		pop	{r4, pc}
 102              	.LVL9:
 103              	.L8:
 104              		.align	2
 105              	.L7:
 106 001c 00000000 		.word	.LANCHOR1
 107 0020 00000000 		.word	.LANCHOR2
 108 0024 00000000 		.word	assert_failed
 109 0028 00000000 		.word	protobuf_c_message_get_packed_size
 110              		.cfi_endproc
 111              	.LFE2:
 113              		.section	.text.ltpb__device_temp__pack,"ax",%progbits
 114              		.align	1
 115              		.global	ltpb__device_temp__pack
 116              		.thumb
 117              		.thumb_func
 119              	ltpb__device_temp__pack:
 120              	.LFB3:
  22:/home/tienluong/workspace/atlantis_fw/platform/common/lightheader/src/device_temp.pb-c.c **** LIGHT_HEADER_FUNC size_t ltpb__device_temp__pack
  23:/home/tienluong/workspace/atlantis_fw/platform/common/lightheader/src/device_temp.pb-c.c ****                      (const Ltpb__DeviceTemp *message,
  24:/home/tienluong/workspace/atlantis_fw/platform/common/lightheader/src/device_temp.pb-c.c ****                       uint8_t       *out)
  25:/home/tienluong/workspace/atlantis_fw/platform/common/lightheader/src/device_temp.pb-c.c **** {
 121              		.loc 1 25 0
 122              		.cfi_startproc
 123              		@ args = 0, pretend = 0, frame = 0
 124              		@ frame_needed = 0, uses_anonymous_args = 0
 125              	.LVL10:
 126 0000 38B5     		push	{r3, r4, r5, lr}
 127              	.LCFI2:
 128              		.cfi_def_cfa_offset 16
 129              		.cfi_offset 3, -16
 130              		.cfi_offset 4, -12
 131              		.cfi_offset 5, -8
 132              		.cfi_offset 14, -4
  26:/home/tienluong/workspace/atlantis_fw/platform/common/lightheader/src/device_temp.pb-c.c ****   assert(message->base.descriptor == &ltpb__device_temp__descriptor);
 133              		.loc 1 26 0
 134 0002 0268     		ldr	r2, [r0]
  25:/home/tienluong/workspace/atlantis_fw/platform/common/lightheader/src/device_temp.pb-c.c ****   assert(message->base.descriptor == &ltpb__device_temp__descriptor);
 135              		.loc 1 25 0
 136 0004 0446     		mov	r4, r0
 137              		.loc 1 26 0
 138 0006 064B     		ldr	r3, .L11
  25:/home/tienluong/workspace/atlantis_fw/platform/common/lightheader/src/device_temp.pb-c.c ****   assert(message->base.descriptor == &ltpb__device_temp__descriptor);
 139              		.loc 1 25 0
 140 0008 0D46     		mov	r5, r1
 141              		.loc 1 26 0
 142 000a 9A42     		cmp	r2, r3
 143 000c 03D0     		beq	.L10
 144              		.loc 1 26 0 is_stmt 0 discriminator 1
 145 000e 0548     		ldr	r0, .L11+4
 146              	.LVL11:
 147 0010 1A21     		movs	r1, #26
 148              	.LVL12:
 149 0012 054B     		ldr	r3, .L11+8
 150 0014 9847     		blx	r3
 151              	.LVL13:
 152              	.L10:
  27:/home/tienluong/workspace/atlantis_fw/platform/common/lightheader/src/device_temp.pb-c.c ****   return protobuf_c_message_pack ((const ProtobufCMessage*)message, out);
 153              		.loc 1 27 0 is_stmt 1
 154 0016 2046     		mov	r0, r4
 155 0018 2946     		mov	r1, r5
 156 001a 044B     		ldr	r3, .L11+12
 157 001c 9847     		blx	r3
 158              	.LVL14:
  28:/home/tienluong/workspace/atlantis_fw/platform/common/lightheader/src/device_temp.pb-c.c **** }
 159              		.loc 1 28 0
 160 001e 38BD     		pop	{r3, r4, r5, pc}
 161              	.LVL15:
 162              	.L12:
 163              		.align	2
 164              	.L11:
 165 0020 00000000 		.word	.LANCHOR1
 166 0024 00000000 		.word	.LANCHOR3
 167 0028 00000000 		.word	assert_failed
 168 002c 00000000 		.word	protobuf_c_message_pack
 169              		.cfi_endproc
 170              	.LFE3:
 172              		.section	.text.ltpb__device_temp__pack_to_buffer,"ax",%progbits
 173              		.align	1
 174              		.global	ltpb__device_temp__pack_to_buffer
 175              		.thumb
 176              		.thumb_func
 178              	ltpb__device_temp__pack_to_buffer:
 179              	.LFB4:
  29:/home/tienluong/workspace/atlantis_fw/platform/common/lightheader/src/device_temp.pb-c.c **** LIGHT_HEADER_FUNC size_t ltpb__device_temp__pack_to_buffer
  30:/home/tienluong/workspace/atlantis_fw/platform/common/lightheader/src/device_temp.pb-c.c ****                      (const Ltpb__DeviceTemp *message,
  31:/home/tienluong/workspace/atlantis_fw/platform/common/lightheader/src/device_temp.pb-c.c ****                       ProtobufCBuffer *buffer)
  32:/home/tienluong/workspace/atlantis_fw/platform/common/lightheader/src/device_temp.pb-c.c **** {
 180              		.loc 1 32 0
 181              		.cfi_startproc
 182              		@ args = 0, pretend = 0, frame = 0
 183              		@ frame_needed = 0, uses_anonymous_args = 0
 184              	.LVL16:
 185 0000 38B5     		push	{r3, r4, r5, lr}
 186              	.LCFI3:
 187              		.cfi_def_cfa_offset 16
 188              		.cfi_offset 3, -16
 189              		.cfi_offset 4, -12
 190              		.cfi_offset 5, -8
 191              		.cfi_offset 14, -4
  33:/home/tienluong/workspace/atlantis_fw/platform/common/lightheader/src/device_temp.pb-c.c ****   assert(message->base.descriptor == &ltpb__device_temp__descriptor);
 192              		.loc 1 33 0
 193 0002 0268     		ldr	r2, [r0]
  32:/home/tienluong/workspace/atlantis_fw/platform/common/lightheader/src/device_temp.pb-c.c ****   assert(message->base.descriptor == &ltpb__device_temp__descriptor);
 194              		.loc 1 32 0
 195 0004 0446     		mov	r4, r0
 196              		.loc 1 33 0
 197 0006 064B     		ldr	r3, .L15
  32:/home/tienluong/workspace/atlantis_fw/platform/common/lightheader/src/device_temp.pb-c.c ****   assert(message->base.descriptor == &ltpb__device_temp__descriptor);
 198              		.loc 1 32 0
 199 0008 0D46     		mov	r5, r1
 200              		.loc 1 33 0
 201 000a 9A42     		cmp	r2, r3
 202 000c 03D0     		beq	.L14
 203              		.loc 1 33 0 is_stmt 0 discriminator 1
 204 000e 0548     		ldr	r0, .L15+4
 205              	.LVL17:
 206 0010 2121     		movs	r1, #33
 207              	.LVL18:
 208 0012 054B     		ldr	r3, .L15+8
 209 0014 9847     		blx	r3
 210              	.LVL19:
 211              	.L14:
  34:/home/tienluong/workspace/atlantis_fw/platform/common/lightheader/src/device_temp.pb-c.c ****   return protobuf_c_message_pack_to_buffer ((const ProtobufCMessage*)message, buffer);
 212              		.loc 1 34 0 is_stmt 1
 213 0016 2046     		mov	r0, r4
 214 0018 2946     		mov	r1, r5
 215 001a 044B     		ldr	r3, .L15+12
 216 001c 9847     		blx	r3
 217              	.LVL20:
  35:/home/tienluong/workspace/atlantis_fw/platform/common/lightheader/src/device_temp.pb-c.c **** }
 218              		.loc 1 35 0
 219 001e 38BD     		pop	{r3, r4, r5, pc}
 220              	.LVL21:
 221              	.L16:
 222              		.align	2
 223              	.L15:
 224 0020 00000000 		.word	.LANCHOR1
 225 0024 00000000 		.word	.LANCHOR4
 226 0028 00000000 		.word	assert_failed
 227 002c 00000000 		.word	protobuf_c_message_pack_to_buffer
 228              		.cfi_endproc
 229              	.LFE4:
 231              		.section	.text.ltpb__device_temp__unpack,"ax",%progbits
 232              		.align	1
 233              		.global	ltpb__device_temp__unpack
 234              		.thumb
 235              		.thumb_func
 237              	ltpb__device_temp__unpack:
 238              	.LFB5:
  36:/home/tienluong/workspace/atlantis_fw/platform/common/lightheader/src/device_temp.pb-c.c **** LIGHT_HEADER_FUNC Ltpb__DeviceTemp *
  37:/home/tienluong/workspace/atlantis_fw/platform/common/lightheader/src/device_temp.pb-c.c ****        ltpb__device_temp__unpack
  38:/home/tienluong/workspace/atlantis_fw/platform/common/lightheader/src/device_temp.pb-c.c ****                      (ProtobufCAllocator  *allocator,
  39:/home/tienluong/workspace/atlantis_fw/platform/common/lightheader/src/device_temp.pb-c.c ****                       size_t               len,
  40:/home/tienluong/workspace/atlantis_fw/platform/common/lightheader/src/device_temp.pb-c.c ****                       const uint8_t       *data)
  41:/home/tienluong/workspace/atlantis_fw/platform/common/lightheader/src/device_temp.pb-c.c **** {
 239              		.loc 1 41 0
 240              		.cfi_startproc
 241              		@ args = 0, pretend = 0, frame = 0
 242              		@ frame_needed = 0, uses_anonymous_args = 0
 243              	.LVL22:
 244 0000 38B5     		push	{r3, r4, r5, lr}
 245              	.LCFI4:
 246              		.cfi_def_cfa_offset 16
 247              		.cfi_offset 3, -16
 248              		.cfi_offset 4, -12
 249              		.cfi_offset 5, -8
 250              		.cfi_offset 14, -4
 251              		.loc 1 41 0
 252 0002 0546     		mov	r5, r0
 253 0004 0C46     		mov	r4, r1
 254 0006 1346     		mov	r3, r2
  42:/home/tienluong/workspace/atlantis_fw/platform/common/lightheader/src/device_temp.pb-c.c ****   return (Ltpb__DeviceTemp *)
 255              		.loc 1 42 0
 256 0008 2946     		mov	r1, r5
 257              	.LVL23:
 258 000a 2246     		mov	r2, r4
 259              	.LVL24:
 260 000c 0148     		ldr	r0, .L18
 261              	.LVL25:
 262 000e 024C     		ldr	r4, .L18+4
 263              	.LVL26:
 264 0010 A047     		blx	r4
 265              	.LVL27:
  43:/home/tienluong/workspace/atlantis_fw/platform/common/lightheader/src/device_temp.pb-c.c ****      protobuf_c_message_unpack (&ltpb__device_temp__descriptor,
  44:/home/tienluong/workspace/atlantis_fw/platform/common/lightheader/src/device_temp.pb-c.c ****                                 allocator, len, data);
  45:/home/tienluong/workspace/atlantis_fw/platform/common/lightheader/src/device_temp.pb-c.c **** }
 266              		.loc 1 45 0
 267 0012 38BD     		pop	{r3, r4, r5, pc}
 268              	.LVL28:
 269              	.L19:
 270              		.align	2
 271              	.L18:
 272 0014 00000000 		.word	.LANCHOR1
 273 0018 00000000 		.word	protobuf_c_message_unpack
 274              		.cfi_endproc
 275              	.LFE5:
 277              		.section	.text.ltpb__device_temp__free_unpacked,"ax",%progbits
 278              		.align	1
 279              		.global	ltpb__device_temp__free_unpacked
 280              		.thumb
 281              		.thumb_func
 283              	ltpb__device_temp__free_unpacked:
 284              	.LFB6:
  46:/home/tienluong/workspace/atlantis_fw/platform/common/lightheader/src/device_temp.pb-c.c **** LIGHT_HEADER_FUNC void   ltpb__device_temp__free_unpacked
  47:/home/tienluong/workspace/atlantis_fw/platform/common/lightheader/src/device_temp.pb-c.c ****                      (Ltpb__DeviceTemp *message,
  48:/home/tienluong/workspace/atlantis_fw/platform/common/lightheader/src/device_temp.pb-c.c ****                       ProtobufCAllocator *allocator)
  49:/home/tienluong/workspace/atlantis_fw/platform/common/lightheader/src/device_temp.pb-c.c **** {
 285              		.loc 1 49 0
 286              		.cfi_startproc
 287              		@ args = 0, pretend = 0, frame = 0
 288              		@ frame_needed = 0, uses_anonymous_args = 0
 289              	.LVL29:
 290 0000 38B5     		push	{r3, r4, r5, lr}
 291              	.LCFI5:
 292              		.cfi_def_cfa_offset 16
 293              		.cfi_offset 3, -16
 294              		.cfi_offset 4, -12
 295              		.cfi_offset 5, -8
 296              		.cfi_offset 14, -4
  50:/home/tienluong/workspace/atlantis_fw/platform/common/lightheader/src/device_temp.pb-c.c ****   assert(message->base.descriptor == &ltpb__device_temp__descriptor);
 297              		.loc 1 50 0
 298 0002 0268     		ldr	r2, [r0]
  49:/home/tienluong/workspace/atlantis_fw/platform/common/lightheader/src/device_temp.pb-c.c ****   assert(message->base.descriptor == &ltpb__device_temp__descriptor);
 299              		.loc 1 49 0
 300 0004 0446     		mov	r4, r0
 301              		.loc 1 50 0
 302 0006 064B     		ldr	r3, .L22
  49:/home/tienluong/workspace/atlantis_fw/platform/common/lightheader/src/device_temp.pb-c.c ****   assert(message->base.descriptor == &ltpb__device_temp__descriptor);
 303              		.loc 1 49 0
 304 0008 0D46     		mov	r5, r1
 305              		.loc 1 50 0
 306 000a 9A42     		cmp	r2, r3
 307 000c 03D0     		beq	.L21
 308              		.loc 1 50 0 is_stmt 0 discriminator 1
 309 000e 0548     		ldr	r0, .L22+4
 310              	.LVL30:
 311 0010 3221     		movs	r1, #50
 312              	.LVL31:
 313 0012 054B     		ldr	r3, .L22+8
 314 0014 9847     		blx	r3
 315              	.LVL32:
 316              	.L21:
  51:/home/tienluong/workspace/atlantis_fw/platform/common/lightheader/src/device_temp.pb-c.c ****   protobuf_c_message_free_unpacked ((ProtobufCMessage*)message, allocator);
 317              		.loc 1 51 0 is_stmt 1
 318 0016 2046     		mov	r0, r4
 319 0018 2946     		mov	r1, r5
 320 001a 044B     		ldr	r3, .L22+12
 321 001c 9847     		blx	r3
 322              	.LVL33:
 323 001e 38BD     		pop	{r3, r4, r5, pc}
 324              	.LVL34:
 325              	.L23:
 326              		.align	2
 327              	.L22:
 328 0020 00000000 		.word	.LANCHOR1
 329 0024 00000000 		.word	.LANCHOR5
 330 0028 00000000 		.word	assert_failed
 331 002c 00000000 		.word	protobuf_c_message_free_unpacked
 332              		.cfi_endproc
 333              	.LFE6:
 335              		.global	ltpb__device_temp__descriptor
 336              		.section	.rodata.__FUNCTION__.6444,"a",%progbits
 337              		.set	.LANCHOR4,. + 0
 340              	__FUNCTION__.6444:
 341 0000 6C747062 		.ascii	"ltpb__device_temp__pack_to_buffer\000"
 341      5F5F6465 
 341      76696365 
 341      5F74656D 
 341      705F5F70 
 342              		.section	.rodata.init_value.6430,"a",%progbits
 343              		.align	2
 344              		.set	.LANCHOR0,. + 0
 347              	init_value.6430:
 348 0000 00000000 		.word	ltpb__device_temp__descriptor
 349 0004 00000000 		.word	0
 350 0008 00000000 		.word	0
 351 000c 00000000 		.word	0
 352 0010 00000000 		.word	0
 353 0014 00000000 		.word	0
 354 0018 00000000 		.word	0
 355 001c 00000000 		.word	0
 356 0020 00000000 		.word	0
 357              		.section	.rodata.ltpb__device_temp__field_indices_by_name,"a",%progbits
 358              		.align	2
 361              	ltpb__device_temp__field_indices_by_name:
 362 0000 04000000 		.word	4
 363 0004 00000000 		.word	0
 364 0008 01000000 		.word	1
 365 000c 02000000 		.word	2
 366 0010 03000000 		.word	3
 367              		.section	.rodata.ltpb__device_temp__descriptor,"a",%progbits
 368              		.align	2
 369              		.set	.LANCHOR1,. + 0
 372              	ltpb__device_temp__descriptor:
 373 0000 F9EEAA28 		.word	682290937
 374 0004 00000000 		.word	.LC0
 375 0008 10000000 		.word	.LC1
 376 000c 1B000000 		.word	.LC2
 377 0010 2C000000 		.word	.LC3
 378 0014 24000000 		.word	36
 379 0018 05000000 		.word	5
 380 001c 00000000 		.word	ltpb__device_temp__field_descriptors
 381 0020 00000000 		.word	ltpb__device_temp__field_indices_by_name
 382 0024 01000000 		.word	1
 383 0028 00000000 		.word	ltpb__device_temp__number_ranges
 384 002c 00000000 		.word	ltpb__device_temp__init
 385 0030 00000000 		.word	0
 386 0034 00000000 		.word	0
 387 0038 00000000 		.word	0
 388              		.section	.rodata.str1.1,"aMS",%progbits,1
 389              	.LC0:
 390 0000 6C747062 		.ascii	"ltpb.DeviceTemp\000"
 390      2E446576 
 390      69636554 
 390      656D7000 
 391              	.LC1:
 392 0010 44657669 		.ascii	"DeviceTemp\000"
 392      63655465 
 392      6D7000
 393              	.LC2:
 394 001b 4C747062 		.ascii	"Ltpb__DeviceTemp\000"
 394      5F5F4465 
 394      76696365 
 394      54656D70 
 394      00
 395              	.LC3:
 396 002c 6C747062 		.ascii	"ltpb\000"
 396      00
 397              	.LC4:
 398 0031 73656E73 		.ascii	"sensor_1\000"
 398      6F725F31 
 398      00
 399              	.LC5:
 400 003a 73656E73 		.ascii	"sensor_2\000"
 400      6F725F32 
 400      00
 401              	.LC6:
 402 0043 73656E73 		.ascii	"sensor_3\000"
 402      6F725F33 
 402      00
 403              	.LC7:
 404 004c 73656E73 		.ascii	"sensor_4\000"
 404      6F725F34 
 404      00
 405              	.LC8:
 406 0055 666C6578 		.ascii	"flex_sensor_1\000"
 406      5F73656E 
 406      736F725F 
 406      3100
 407              		.section	.rodata.ltpb__device_temp__number_ranges,"a",%progbits
 408              		.align	2
 411              	ltpb__device_temp__number_ranges:
 412 0000 01000000 		.word	1
 413 0004 00000000 		.word	0
 414 0008 00000000 		.word	0
 415 000c 05000000 		.word	5
 416              		.section	.rodata.__FUNCTION__.6434,"a",%progbits
 417              		.set	.LANCHOR2,. + 0
 420              	__FUNCTION__.6434:
 421 0000 6C747062 		.ascii	"ltpb__device_temp__get_packed_size\000"
 421      5F5F6465 
 421      76696365 
 421      5F74656D 
 421      705F5F67 
 422              		.section	.rodata.ltpb__device_temp__field_descriptors,"a",%progbits
 423              		.align	2
 426              	ltpb__device_temp__field_descriptors:
 427 0000 31000000 		.word	.LC4
 428 0004 01000000 		.word	1
 429 0008 00       		.byte	0
 430 0009 01       		.byte	1
 431 000a 0000     		.space	2
 432 000c 00000000 		.word	0
 433 0010 0C000000 		.word	12
 434 0014 00000000 		.word	0
 435 0018 00000000 		.word	0
 436 001c 00000000 		.word	0
 437 0020 00000000 		.word	0
 438 0024 00000000 		.word	0
 439 0028 00000000 		.word	0
 440 002c 3A000000 		.word	.LC5
 441 0030 02000000 		.word	2
 442 0034 00       		.byte	0
 443 0035 01       		.byte	1
 444 0036 0000     		.space	2
 445 0038 00000000 		.word	0
 446 003c 10000000 		.word	16
 447 0040 00000000 		.word	0
 448 0044 00000000 		.word	0
 449 0048 00000000 		.word	0
 450 004c 00000000 		.word	0
 451 0050 00000000 		.word	0
 452 0054 00000000 		.word	0
 453 0058 43000000 		.word	.LC6
 454 005c 03000000 		.word	3
 455 0060 00       		.byte	0
 456 0061 01       		.byte	1
 457 0062 0000     		.space	2
 458 0064 00000000 		.word	0
 459 0068 14000000 		.word	20
 460 006c 00000000 		.word	0
 461 0070 00000000 		.word	0
 462 0074 00000000 		.word	0
 463 0078 00000000 		.word	0
 464 007c 00000000 		.word	0
 465 0080 00000000 		.word	0
 466 0084 4C000000 		.word	.LC7
 467 0088 04000000 		.word	4
 468 008c 00       		.byte	0
 469 008d 01       		.byte	1
 470 008e 0000     		.space	2
 471 0090 00000000 		.word	0
 472 0094 18000000 		.word	24
 473 0098 00000000 		.word	0
 474 009c 00000000 		.word	0
 475 00a0 00000000 		.word	0
 476 00a4 00000000 		.word	0
 477 00a8 00000000 		.word	0
 478 00ac 00000000 		.word	0
 479 00b0 55000000 		.word	.LC8
 480 00b4 05000000 		.word	5
 481 00b8 01       		.byte	1
 482 00b9 01       		.byte	1
 483 00ba 0000     		.space	2
 484 00bc 1C000000 		.word	28
 485 00c0 20000000 		.word	32
 486 00c4 00000000 		.word	0
 487 00c8 00000000 		.word	0
 488 00cc 00000000 		.word	0
 489 00d0 00000000 		.word	0
 490 00d4 00000000 		.word	0
 491 00d8 00000000 		.word	0
 492              		.section	.rodata.__FUNCTION__.6439,"a",%progbits
 493              		.set	.LANCHOR3,. + 0
 496              	__FUNCTION__.6439:
 497 0000 6C747062 		.ascii	"ltpb__device_temp__pack\000"
 497      5F5F6465 
 497      76696365 
 497      5F74656D 
 497      705F5F70 
 498              		.section	.rodata.__FUNCTION__.6454,"a",%progbits
 499              		.set	.LANCHOR5,. + 0
 502              	__FUNCTION__.6454:
 503 0000 6C747062 		.ascii	"ltpb__device_temp__free_unpacked\000"
 503      5F5F6465 
 503      76696365 
 503      5F74656D 
 503      705F5F66 
 504              		.text
 505              	.Letext0:
 506              		.file 2 "/opt/toolchains/gcc-arm-none-eabi-4_9-2015q1/arm-none-eabi/include/machine/_default_types
 507              		.file 3 "/opt/toolchains/gcc-arm-none-eabi-4_9-2015q1/lib/gcc/arm-none-eabi/4.9.3/include/stddef.h
 508              		.file 4 "/opt/toolchains/gcc-arm-none-eabi-4_9-2015q1/arm-none-eabi/include/stdint.h"
 509              		.file 5 "/home/tienluong/workspace/atlantis_fw/platform/os/Source/portable/GCC/cortex-r4/portmacro
 510              		.file 6 "/home/tienluong/workspace/atlantis_fw/platform/common/lightheader/include/protobuf-c/prot
 511              		.file 7 "/home/tienluong/workspace/atlantis_fw/platform/common/lightheader/include/device_temp.pb-
DEFINED SYMBOLS
                            *ABS*:00000000 device_temp.pb-c.c
     /tmp/cc0Kb0C8.s:19     .text.ltpb__device_temp__init:00000000 $t
     /tmp/cc0Kb0C8.s:24     .text.ltpb__device_temp__init:00000000 ltpb__device_temp__init
     /tmp/cc0Kb0C8.s:55     .text.ltpb__device_temp__init:00000014 $d
     /tmp/cc0Kb0C8.s:60     .text.ltpb__device_temp__get_packed_size:00000000 $t
     /tmp/cc0Kb0C8.s:65     .text.ltpb__device_temp__get_packed_size:00000000 ltpb__device_temp__get_packed_size
     /tmp/cc0Kb0C8.s:106    .text.ltpb__device_temp__get_packed_size:0000001c $d
     /tmp/cc0Kb0C8.s:114    .text.ltpb__device_temp__pack:00000000 $t
     /tmp/cc0Kb0C8.s:119    .text.ltpb__device_temp__pack:00000000 ltpb__device_temp__pack
     /tmp/cc0Kb0C8.s:165    .text.ltpb__device_temp__pack:00000020 $d
     /tmp/cc0Kb0C8.s:173    .text.ltpb__device_temp__pack_to_buffer:00000000 $t
     /tmp/cc0Kb0C8.s:178    .text.ltpb__device_temp__pack_to_buffer:00000000 ltpb__device_temp__pack_to_buffer
     /tmp/cc0Kb0C8.s:224    .text.ltpb__device_temp__pack_to_buffer:00000020 $d
     /tmp/cc0Kb0C8.s:232    .text.ltpb__device_temp__unpack:00000000 $t
     /tmp/cc0Kb0C8.s:237    .text.ltpb__device_temp__unpack:00000000 ltpb__device_temp__unpack
     /tmp/cc0Kb0C8.s:272    .text.ltpb__device_temp__unpack:00000014 $d
     /tmp/cc0Kb0C8.s:278    .text.ltpb__device_temp__free_unpacked:00000000 $t
     /tmp/cc0Kb0C8.s:283    .text.ltpb__device_temp__free_unpacked:00000000 ltpb__device_temp__free_unpacked
     /tmp/cc0Kb0C8.s:328    .text.ltpb__device_temp__free_unpacked:00000020 $d
     /tmp/cc0Kb0C8.s:372    .rodata.ltpb__device_temp__descriptor:00000000 ltpb__device_temp__descriptor
     /tmp/cc0Kb0C8.s:340    .rodata.__FUNCTION__.6444:00000000 __FUNCTION__.6444
     /tmp/cc0Kb0C8.s:343    .rodata.init_value.6430:00000000 $d
     /tmp/cc0Kb0C8.s:347    .rodata.init_value.6430:00000000 init_value.6430
     /tmp/cc0Kb0C8.s:358    .rodata.ltpb__device_temp__field_indices_by_name:00000000 $d
     /tmp/cc0Kb0C8.s:361    .rodata.ltpb__device_temp__field_indices_by_name:00000000 ltpb__device_temp__field_indices_by_name
     /tmp/cc0Kb0C8.s:368    .rodata.ltpb__device_temp__descriptor:00000000 $d
     /tmp/cc0Kb0C8.s:426    .rodata.ltpb__device_temp__field_descriptors:00000000 ltpb__device_temp__field_descriptors
     /tmp/cc0Kb0C8.s:411    .rodata.ltpb__device_temp__number_ranges:00000000 ltpb__device_temp__number_ranges
     /tmp/cc0Kb0C8.s:408    .rodata.ltpb__device_temp__number_ranges:00000000 $d
     /tmp/cc0Kb0C8.s:420    .rodata.__FUNCTION__.6434:00000000 __FUNCTION__.6434
     /tmp/cc0Kb0C8.s:423    .rodata.ltpb__device_temp__field_descriptors:00000000 $d
     /tmp/cc0Kb0C8.s:496    .rodata.__FUNCTION__.6439:00000000 __FUNCTION__.6439
     /tmp/cc0Kb0C8.s:502    .rodata.__FUNCTION__.6454:00000000 __FUNCTION__.6454
                     .debug_frame:00000010 $d

UNDEFINED SYMBOLS
assert_failed
protobuf_c_message_get_packed_size
protobuf_c_message_pack
protobuf_c_message_pack_to_buffer
protobuf_c_message_unpack
protobuf_c_message_free_unpacked
