   1              		.syntax unified
   2              		.cpu cortex-r4
   3              		.fpu softvfp
   4              		.eabi_attribute 20, 1
   5              		.eabi_attribute 21, 1
   6              		.eabi_attribute 23, 3
   7              		.eabi_attribute 24, 1
   8              		.eabi_attribute 25, 1
   9              		.eabi_attribute 26, 1
  10              		.eabi_attribute 30, 4
  11              		.eabi_attribute 34, 1
  12              		.eabi_attribute 18, 4
  13              		.thumb
  14              		.file	"hw_info.pb-c.c"
  15              		.text
  16              	.Ltext0:
  17              		.cfi_sections	.debug_frame
  18              		.section	.text.ltpb__camera_module_hw_info__init,"ax",%progbits
  19              		.align	1
  20              		.global	ltpb__camera_module_hw_info__init
  21              		.thumb
  22              		.thumb_func
  24              	ltpb__camera_module_hw_info__init:
  25              	.LFB1:
  26              		.file 1 "/home/tienluong/workspace/atlantis_fw/platform/common/lightheader/src/hw_info.pb-c.c"
   1:/home/tienluong/workspace/atlantis_fw/platform/common/lightheader/src/hw_info.pb-c.c **** /* Generated by the protocol buffer compiler.  DO NOT EDIT! */
   2:/home/tienluong/workspace/atlantis_fw/platform/common/lightheader/src/hw_info.pb-c.c **** /* Generated from: hw_info.proto */
   3:/home/tienluong/workspace/atlantis_fw/platform/common/lightheader/src/hw_info.pb-c.c **** 
   4:/home/tienluong/workspace/atlantis_fw/platform/common/lightheader/src/hw_info.pb-c.c **** /* Do not generate deprecated warnings for self */
   5:/home/tienluong/workspace/atlantis_fw/platform/common/lightheader/src/hw_info.pb-c.c **** #ifndef PROTOBUF_C__NO_DEPRECATED
   6:/home/tienluong/workspace/atlantis_fw/platform/common/lightheader/src/hw_info.pb-c.c **** #define PROTOBUF_C__NO_DEPRECATED
   7:/home/tienluong/workspace/atlantis_fw/platform/common/lightheader/src/hw_info.pb-c.c **** #endif
   8:/home/tienluong/workspace/atlantis_fw/platform/common/lightheader/src/hw_info.pb-c.c **** #include "sections.h"
   9:/home/tienluong/workspace/atlantis_fw/platform/common/lightheader/src/hw_info.pb-c.c **** #include "hw_info.pb-c.h"
  10:/home/tienluong/workspace/atlantis_fw/platform/common/lightheader/src/hw_info.pb-c.c **** LIGHT_HEADER_FUNC void   ltpb__camera_module_hw_info__init
  11:/home/tienluong/workspace/atlantis_fw/platform/common/lightheader/src/hw_info.pb-c.c ****                      (Ltpb__CameraModuleHwInfo         *message)
  12:/home/tienluong/workspace/atlantis_fw/platform/common/lightheader/src/hw_info.pb-c.c **** {
  27              		.loc 1 12 0
  28              		.cfi_startproc
  29              		@ args = 0, pretend = 0, frame = 0
  30              		@ frame_needed = 0, uses_anonymous_args = 0
  31              	.LVL0:
  32 0000 30B5     		push	{r4, r5, lr}
  33              	.LCFI0:
  34              		.cfi_def_cfa_offset 12
  35              		.cfi_offset 4, -12
  36              		.cfi_offset 5, -8
  37              		.cfi_offset 14, -4
  13:/home/tienluong/workspace/atlantis_fw/platform/common/lightheader/src/hw_info.pb-c.c ****   LIGHT_HEADER_STATIC static Ltpb__CameraModuleHwInfo init_value = LTPB__CAMERA_MODULE_HW_INFO__INI
  14:/home/tienluong/workspace/atlantis_fw/platform/common/lightheader/src/hw_info.pb-c.c ****   *message = init_value;
  38              		.loc 1 14 0
  39 0002 054D     		ldr	r5, .L2
  40 0004 0446     		mov	r4, r0
  41 0006 0FCD     		ldmia	r5!, {r0, r1, r2, r3}
  42              	.LVL1:
  43 0008 0FC4     		stmia	r4!, {r0, r1, r2, r3}
  44              	.LVL2:
  45 000a 0FCD     		ldmia	r5!, {r0, r1, r2, r3}
  46 000c 0FC4     		stmia	r4!, {r0, r1, r2, r3}
  47              	.LVL3:
  48 000e 95E80700 		ldmia	r5, {r0, r1, r2}
  49 0012 84E80700 		stmia	r4, {r0, r1, r2}
  50 0016 30BD     		pop	{r4, r5, pc}
  51              	.LVL4:
  52              	.L3:
  53              		.align	2
  54              	.L2:
  55 0018 00000000 		.word	.LANCHOR0
  56              		.cfi_endproc
  57              	.LFE1:
  59              		.section	.text.ltpb__hw_info__init,"ax",%progbits
  60              		.align	1
  61              		.global	ltpb__hw_info__init
  62              		.thumb
  63              		.thumb_func
  65              	ltpb__hw_info__init:
  66              	.LFB7:
  15:/home/tienluong/workspace/atlantis_fw/platform/common/lightheader/src/hw_info.pb-c.c **** }
  16:/home/tienluong/workspace/atlantis_fw/platform/common/lightheader/src/hw_info.pb-c.c **** LIGHT_HEADER_FUNC size_t ltpb__camera_module_hw_info__get_packed_size
  17:/home/tienluong/workspace/atlantis_fw/platform/common/lightheader/src/hw_info.pb-c.c ****                      (const Ltpb__CameraModuleHwInfo *message)
  18:/home/tienluong/workspace/atlantis_fw/platform/common/lightheader/src/hw_info.pb-c.c **** {
  19:/home/tienluong/workspace/atlantis_fw/platform/common/lightheader/src/hw_info.pb-c.c ****   assert(message->base.descriptor == &ltpb__camera_module_hw_info__descriptor);
  20:/home/tienluong/workspace/atlantis_fw/platform/common/lightheader/src/hw_info.pb-c.c ****   return protobuf_c_message_get_packed_size ((const ProtobufCMessage*)(message));
  21:/home/tienluong/workspace/atlantis_fw/platform/common/lightheader/src/hw_info.pb-c.c **** }
  22:/home/tienluong/workspace/atlantis_fw/platform/common/lightheader/src/hw_info.pb-c.c **** LIGHT_HEADER_FUNC size_t ltpb__camera_module_hw_info__pack
  23:/home/tienluong/workspace/atlantis_fw/platform/common/lightheader/src/hw_info.pb-c.c ****                      (const Ltpb__CameraModuleHwInfo *message,
  24:/home/tienluong/workspace/atlantis_fw/platform/common/lightheader/src/hw_info.pb-c.c ****                       uint8_t       *out)
  25:/home/tienluong/workspace/atlantis_fw/platform/common/lightheader/src/hw_info.pb-c.c **** {
  26:/home/tienluong/workspace/atlantis_fw/platform/common/lightheader/src/hw_info.pb-c.c ****   assert(message->base.descriptor == &ltpb__camera_module_hw_info__descriptor);
  27:/home/tienluong/workspace/atlantis_fw/platform/common/lightheader/src/hw_info.pb-c.c ****   return protobuf_c_message_pack ((const ProtobufCMessage*)message, out);
  28:/home/tienluong/workspace/atlantis_fw/platform/common/lightheader/src/hw_info.pb-c.c **** }
  29:/home/tienluong/workspace/atlantis_fw/platform/common/lightheader/src/hw_info.pb-c.c **** LIGHT_HEADER_FUNC size_t ltpb__camera_module_hw_info__pack_to_buffer
  30:/home/tienluong/workspace/atlantis_fw/platform/common/lightheader/src/hw_info.pb-c.c ****                      (const Ltpb__CameraModuleHwInfo *message,
  31:/home/tienluong/workspace/atlantis_fw/platform/common/lightheader/src/hw_info.pb-c.c ****                       ProtobufCBuffer *buffer)
  32:/home/tienluong/workspace/atlantis_fw/platform/common/lightheader/src/hw_info.pb-c.c **** {
  33:/home/tienluong/workspace/atlantis_fw/platform/common/lightheader/src/hw_info.pb-c.c ****   assert(message->base.descriptor == &ltpb__camera_module_hw_info__descriptor);
  34:/home/tienluong/workspace/atlantis_fw/platform/common/lightheader/src/hw_info.pb-c.c ****   return protobuf_c_message_pack_to_buffer ((const ProtobufCMessage*)message, buffer);
  35:/home/tienluong/workspace/atlantis_fw/platform/common/lightheader/src/hw_info.pb-c.c **** }
  36:/home/tienluong/workspace/atlantis_fw/platform/common/lightheader/src/hw_info.pb-c.c **** LIGHT_HEADER_FUNC Ltpb__CameraModuleHwInfo *
  37:/home/tienluong/workspace/atlantis_fw/platform/common/lightheader/src/hw_info.pb-c.c ****        ltpb__camera_module_hw_info__unpack
  38:/home/tienluong/workspace/atlantis_fw/platform/common/lightheader/src/hw_info.pb-c.c ****                      (ProtobufCAllocator  *allocator,
  39:/home/tienluong/workspace/atlantis_fw/platform/common/lightheader/src/hw_info.pb-c.c ****                       size_t               len,
  40:/home/tienluong/workspace/atlantis_fw/platform/common/lightheader/src/hw_info.pb-c.c ****                       const uint8_t       *data)
  41:/home/tienluong/workspace/atlantis_fw/platform/common/lightheader/src/hw_info.pb-c.c **** {
  42:/home/tienluong/workspace/atlantis_fw/platform/common/lightheader/src/hw_info.pb-c.c ****   return (Ltpb__CameraModuleHwInfo *)
  43:/home/tienluong/workspace/atlantis_fw/platform/common/lightheader/src/hw_info.pb-c.c ****      protobuf_c_message_unpack (&ltpb__camera_module_hw_info__descriptor,
  44:/home/tienluong/workspace/atlantis_fw/platform/common/lightheader/src/hw_info.pb-c.c ****                                 allocator, len, data);
  45:/home/tienluong/workspace/atlantis_fw/platform/common/lightheader/src/hw_info.pb-c.c **** }
  46:/home/tienluong/workspace/atlantis_fw/platform/common/lightheader/src/hw_info.pb-c.c **** LIGHT_HEADER_FUNC void   ltpb__camera_module_hw_info__free_unpacked
  47:/home/tienluong/workspace/atlantis_fw/platform/common/lightheader/src/hw_info.pb-c.c ****                      (Ltpb__CameraModuleHwInfo *message,
  48:/home/tienluong/workspace/atlantis_fw/platform/common/lightheader/src/hw_info.pb-c.c ****                       ProtobufCAllocator *allocator)
  49:/home/tienluong/workspace/atlantis_fw/platform/common/lightheader/src/hw_info.pb-c.c **** {
  50:/home/tienluong/workspace/atlantis_fw/platform/common/lightheader/src/hw_info.pb-c.c ****   assert(message->base.descriptor == &ltpb__camera_module_hw_info__descriptor);
  51:/home/tienluong/workspace/atlantis_fw/platform/common/lightheader/src/hw_info.pb-c.c ****   protobuf_c_message_free_unpacked ((ProtobufCMessage*)message, allocator);
  52:/home/tienluong/workspace/atlantis_fw/platform/common/lightheader/src/hw_info.pb-c.c **** }
  53:/home/tienluong/workspace/atlantis_fw/platform/common/lightheader/src/hw_info.pb-c.c **** LIGHT_HEADER_FUNC void   ltpb__hw_info__init
  54:/home/tienluong/workspace/atlantis_fw/platform/common/lightheader/src/hw_info.pb-c.c ****                      (Ltpb__HwInfo         *message)
  55:/home/tienluong/workspace/atlantis_fw/platform/common/lightheader/src/hw_info.pb-c.c **** {
  67              		.loc 1 55 0
  68              		.cfi_startproc
  69              		@ args = 0, pretend = 0, frame = 0
  70              		@ frame_needed = 0, uses_anonymous_args = 0
  71              	.LVL5:
  72 0000 30B5     		push	{r4, r5, lr}
  73              	.LCFI1:
  74              		.cfi_def_cfa_offset 12
  75              		.cfi_offset 4, -12
  76              		.cfi_offset 5, -8
  77              		.cfi_offset 14, -4
  56:/home/tienluong/workspace/atlantis_fw/platform/common/lightheader/src/hw_info.pb-c.c ****   LIGHT_HEADER_STATIC static Ltpb__HwInfo init_value = LTPB__HW_INFO__INIT;
  57:/home/tienluong/workspace/atlantis_fw/platform/common/lightheader/src/hw_info.pb-c.c ****   *message = init_value;
  78              		.loc 1 57 0
  79 0002 054D     		ldr	r5, .L5
  80 0004 0446     		mov	r4, r0
  81 0006 0FCD     		ldmia	r5!, {r0, r1, r2, r3}
  82              	.LVL6:
  83 0008 0FC4     		stmia	r4!, {r0, r1, r2, r3}
  84              	.LVL7:
  85 000a 0FCD     		ldmia	r5!, {r0, r1, r2, r3}
  86 000c 0FC4     		stmia	r4!, {r0, r1, r2, r3}
  87              	.LVL8:
  88 000e 95E80700 		ldmia	r5, {r0, r1, r2}
  89 0012 84E80700 		stmia	r4, {r0, r1, r2}
  90 0016 30BD     		pop	{r4, r5, pc}
  91              	.LVL9:
  92              	.L6:
  93              		.align	2
  94              	.L5:
  95 0018 00000000 		.word	.LANCHOR1
  96              		.cfi_endproc
  97              	.LFE7:
  99              		.section	.text.ltpb__camera_module_hw_info__get_packed_size,"ax",%progbits
 100              		.align	1
 101              		.global	ltpb__camera_module_hw_info__get_packed_size
 102              		.thumb
 103              		.thumb_func
 105              	ltpb__camera_module_hw_info__get_packed_size:
 106              	.LFB2:
  18:/home/tienluong/workspace/atlantis_fw/platform/common/lightheader/src/hw_info.pb-c.c ****   assert(message->base.descriptor == &ltpb__camera_module_hw_info__descriptor);
 107              		.loc 1 18 0
 108              		.cfi_startproc
 109              		@ args = 0, pretend = 0, frame = 0
 110              		@ frame_needed = 0, uses_anonymous_args = 0
 111              	.LVL10:
  19:/home/tienluong/workspace/atlantis_fw/platform/common/lightheader/src/hw_info.pb-c.c ****   return protobuf_c_message_get_packed_size ((const ProtobufCMessage*)(message));
 112              		.loc 1 19 0
 113 0000 0268     		ldr	r2, [r0]
 114 0002 064B     		ldr	r3, .L10
  18:/home/tienluong/workspace/atlantis_fw/platform/common/lightheader/src/hw_info.pb-c.c ****   assert(message->base.descriptor == &ltpb__camera_module_hw_info__descriptor);
 115              		.loc 1 18 0
 116 0004 10B5     		push	{r4, lr}
 117              	.LCFI2:
 118              		.cfi_def_cfa_offset 8
 119              		.cfi_offset 4, -8
 120              		.cfi_offset 14, -4
  19:/home/tienluong/workspace/atlantis_fw/platform/common/lightheader/src/hw_info.pb-c.c ****   return protobuf_c_message_get_packed_size ((const ProtobufCMessage*)(message));
 121              		.loc 1 19 0
 122 0006 9A42     		cmp	r2, r3
  18:/home/tienluong/workspace/atlantis_fw/platform/common/lightheader/src/hw_info.pb-c.c ****   assert(message->base.descriptor == &ltpb__camera_module_hw_info__descriptor);
 123              		.loc 1 18 0
 124 0008 0446     		mov	r4, r0
  19:/home/tienluong/workspace/atlantis_fw/platform/common/lightheader/src/hw_info.pb-c.c ****   return protobuf_c_message_get_packed_size ((const ProtobufCMessage*)(message));
 125              		.loc 1 19 0
 126 000a 03D0     		beq	.L8
  19:/home/tienluong/workspace/atlantis_fw/platform/common/lightheader/src/hw_info.pb-c.c ****   return protobuf_c_message_get_packed_size ((const ProtobufCMessage*)(message));
 127              		.loc 1 19 0 is_stmt 0 discriminator 1
 128 000c 0448     		ldr	r0, .L10+4
 129              	.LVL11:
 130 000e 1321     		movs	r1, #19
 131 0010 044B     		ldr	r3, .L10+8
 132 0012 9847     		blx	r3
 133              	.LVL12:
 134              	.L8:
  20:/home/tienluong/workspace/atlantis_fw/platform/common/lightheader/src/hw_info.pb-c.c **** }
 135              		.loc 1 20 0 is_stmt 1
 136 0014 2046     		mov	r0, r4
 137 0016 044B     		ldr	r3, .L10+12
 138 0018 9847     		blx	r3
 139              	.LVL13:
  21:/home/tienluong/workspace/atlantis_fw/platform/common/lightheader/src/hw_info.pb-c.c **** LIGHT_HEADER_FUNC size_t ltpb__camera_module_hw_info__pack
 140              		.loc 1 21 0
 141 001a 10BD     		pop	{r4, pc}
 142              	.LVL14:
 143              	.L11:
 144              		.align	2
 145              	.L10:
 146 001c 00000000 		.word	.LANCHOR2
 147 0020 00000000 		.word	.LANCHOR3
 148 0024 00000000 		.word	assert_failed
 149 0028 00000000 		.word	protobuf_c_message_get_packed_size
 150              		.cfi_endproc
 151              	.LFE2:
 153              		.section	.text.ltpb__camera_module_hw_info__pack,"ax",%progbits
 154              		.align	1
 155              		.global	ltpb__camera_module_hw_info__pack
 156              		.thumb
 157              		.thumb_func
 159              	ltpb__camera_module_hw_info__pack:
 160              	.LFB3:
  25:/home/tienluong/workspace/atlantis_fw/platform/common/lightheader/src/hw_info.pb-c.c ****   assert(message->base.descriptor == &ltpb__camera_module_hw_info__descriptor);
 161              		.loc 1 25 0
 162              		.cfi_startproc
 163              		@ args = 0, pretend = 0, frame = 0
 164              		@ frame_needed = 0, uses_anonymous_args = 0
 165              	.LVL15:
 166 0000 38B5     		push	{r3, r4, r5, lr}
 167              	.LCFI3:
 168              		.cfi_def_cfa_offset 16
 169              		.cfi_offset 3, -16
 170              		.cfi_offset 4, -12
 171              		.cfi_offset 5, -8
 172              		.cfi_offset 14, -4
  26:/home/tienluong/workspace/atlantis_fw/platform/common/lightheader/src/hw_info.pb-c.c ****   return protobuf_c_message_pack ((const ProtobufCMessage*)message, out);
 173              		.loc 1 26 0
 174 0002 0268     		ldr	r2, [r0]
  25:/home/tienluong/workspace/atlantis_fw/platform/common/lightheader/src/hw_info.pb-c.c ****   assert(message->base.descriptor == &ltpb__camera_module_hw_info__descriptor);
 175              		.loc 1 25 0
 176 0004 0446     		mov	r4, r0
  26:/home/tienluong/workspace/atlantis_fw/platform/common/lightheader/src/hw_info.pb-c.c ****   return protobuf_c_message_pack ((const ProtobufCMessage*)message, out);
 177              		.loc 1 26 0
 178 0006 064B     		ldr	r3, .L14
  25:/home/tienluong/workspace/atlantis_fw/platform/common/lightheader/src/hw_info.pb-c.c ****   assert(message->base.descriptor == &ltpb__camera_module_hw_info__descriptor);
 179              		.loc 1 25 0
 180 0008 0D46     		mov	r5, r1
  26:/home/tienluong/workspace/atlantis_fw/platform/common/lightheader/src/hw_info.pb-c.c ****   return protobuf_c_message_pack ((const ProtobufCMessage*)message, out);
 181              		.loc 1 26 0
 182 000a 9A42     		cmp	r2, r3
 183 000c 03D0     		beq	.L13
  26:/home/tienluong/workspace/atlantis_fw/platform/common/lightheader/src/hw_info.pb-c.c ****   return protobuf_c_message_pack ((const ProtobufCMessage*)message, out);
 184              		.loc 1 26 0 is_stmt 0 discriminator 1
 185 000e 0548     		ldr	r0, .L14+4
 186              	.LVL16:
 187 0010 1A21     		movs	r1, #26
 188              	.LVL17:
 189 0012 054B     		ldr	r3, .L14+8
 190 0014 9847     		blx	r3
 191              	.LVL18:
 192              	.L13:
  27:/home/tienluong/workspace/atlantis_fw/platform/common/lightheader/src/hw_info.pb-c.c **** }
 193              		.loc 1 27 0 is_stmt 1
 194 0016 2046     		mov	r0, r4
 195 0018 2946     		mov	r1, r5
 196 001a 044B     		ldr	r3, .L14+12
 197 001c 9847     		blx	r3
 198              	.LVL19:
  28:/home/tienluong/workspace/atlantis_fw/platform/common/lightheader/src/hw_info.pb-c.c **** LIGHT_HEADER_FUNC size_t ltpb__camera_module_hw_info__pack_to_buffer
 199              		.loc 1 28 0
 200 001e 38BD     		pop	{r3, r4, r5, pc}
 201              	.LVL20:
 202              	.L15:
 203              		.align	2
 204              	.L14:
 205 0020 00000000 		.word	.LANCHOR2
 206 0024 00000000 		.word	.LANCHOR4
 207 0028 00000000 		.word	assert_failed
 208 002c 00000000 		.word	protobuf_c_message_pack
 209              		.cfi_endproc
 210              	.LFE3:
 212              		.section	.text.ltpb__camera_module_hw_info__pack_to_buffer,"ax",%progbits
 213              		.align	1
 214              		.global	ltpb__camera_module_hw_info__pack_to_buffer
 215              		.thumb
 216              		.thumb_func
 218              	ltpb__camera_module_hw_info__pack_to_buffer:
 219              	.LFB4:
  32:/home/tienluong/workspace/atlantis_fw/platform/common/lightheader/src/hw_info.pb-c.c ****   assert(message->base.descriptor == &ltpb__camera_module_hw_info__descriptor);
 220              		.loc 1 32 0
 221              		.cfi_startproc
 222              		@ args = 0, pretend = 0, frame = 0
 223              		@ frame_needed = 0, uses_anonymous_args = 0
 224              	.LVL21:
 225 0000 38B5     		push	{r3, r4, r5, lr}
 226              	.LCFI4:
 227              		.cfi_def_cfa_offset 16
 228              		.cfi_offset 3, -16
 229              		.cfi_offset 4, -12
 230              		.cfi_offset 5, -8
 231              		.cfi_offset 14, -4
  33:/home/tienluong/workspace/atlantis_fw/platform/common/lightheader/src/hw_info.pb-c.c ****   return protobuf_c_message_pack_to_buffer ((const ProtobufCMessage*)message, buffer);
 232              		.loc 1 33 0
 233 0002 0268     		ldr	r2, [r0]
  32:/home/tienluong/workspace/atlantis_fw/platform/common/lightheader/src/hw_info.pb-c.c ****   assert(message->base.descriptor == &ltpb__camera_module_hw_info__descriptor);
 234              		.loc 1 32 0
 235 0004 0446     		mov	r4, r0
  33:/home/tienluong/workspace/atlantis_fw/platform/common/lightheader/src/hw_info.pb-c.c ****   return protobuf_c_message_pack_to_buffer ((const ProtobufCMessage*)message, buffer);
 236              		.loc 1 33 0
 237 0006 064B     		ldr	r3, .L18
  32:/home/tienluong/workspace/atlantis_fw/platform/common/lightheader/src/hw_info.pb-c.c ****   assert(message->base.descriptor == &ltpb__camera_module_hw_info__descriptor);
 238              		.loc 1 32 0
 239 0008 0D46     		mov	r5, r1
  33:/home/tienluong/workspace/atlantis_fw/platform/common/lightheader/src/hw_info.pb-c.c ****   return protobuf_c_message_pack_to_buffer ((const ProtobufCMessage*)message, buffer);
 240              		.loc 1 33 0
 241 000a 9A42     		cmp	r2, r3
 242 000c 03D0     		beq	.L17
  33:/home/tienluong/workspace/atlantis_fw/platform/common/lightheader/src/hw_info.pb-c.c ****   return protobuf_c_message_pack_to_buffer ((const ProtobufCMessage*)message, buffer);
 243              		.loc 1 33 0 is_stmt 0 discriminator 1
 244 000e 0548     		ldr	r0, .L18+4
 245              	.LVL22:
 246 0010 2121     		movs	r1, #33
 247              	.LVL23:
 248 0012 054B     		ldr	r3, .L18+8
 249 0014 9847     		blx	r3
 250              	.LVL24:
 251              	.L17:
  34:/home/tienluong/workspace/atlantis_fw/platform/common/lightheader/src/hw_info.pb-c.c **** }
 252              		.loc 1 34 0 is_stmt 1
 253 0016 2046     		mov	r0, r4
 254 0018 2946     		mov	r1, r5
 255 001a 044B     		ldr	r3, .L18+12
 256 001c 9847     		blx	r3
 257              	.LVL25:
  35:/home/tienluong/workspace/atlantis_fw/platform/common/lightheader/src/hw_info.pb-c.c **** LIGHT_HEADER_FUNC Ltpb__CameraModuleHwInfo *
 258              		.loc 1 35 0
 259 001e 38BD     		pop	{r3, r4, r5, pc}
 260              	.LVL26:
 261              	.L19:
 262              		.align	2
 263              	.L18:
 264 0020 00000000 		.word	.LANCHOR2
 265 0024 00000000 		.word	.LANCHOR5
 266 0028 00000000 		.word	assert_failed
 267 002c 00000000 		.word	protobuf_c_message_pack_to_buffer
 268              		.cfi_endproc
 269              	.LFE4:
 271              		.section	.text.ltpb__camera_module_hw_info__unpack,"ax",%progbits
 272              		.align	1
 273              		.global	ltpb__camera_module_hw_info__unpack
 274              		.thumb
 275              		.thumb_func
 277              	ltpb__camera_module_hw_info__unpack:
 278              	.LFB5:
  41:/home/tienluong/workspace/atlantis_fw/platform/common/lightheader/src/hw_info.pb-c.c ****   return (Ltpb__CameraModuleHwInfo *)
 279              		.loc 1 41 0
 280              		.cfi_startproc
 281              		@ args = 0, pretend = 0, frame = 0
 282              		@ frame_needed = 0, uses_anonymous_args = 0
 283              	.LVL27:
 284 0000 38B5     		push	{r3, r4, r5, lr}
 285              	.LCFI5:
 286              		.cfi_def_cfa_offset 16
 287              		.cfi_offset 3, -16
 288              		.cfi_offset 4, -12
 289              		.cfi_offset 5, -8
 290              		.cfi_offset 14, -4
  41:/home/tienluong/workspace/atlantis_fw/platform/common/lightheader/src/hw_info.pb-c.c ****   return (Ltpb__CameraModuleHwInfo *)
 291              		.loc 1 41 0
 292 0002 0546     		mov	r5, r0
 293 0004 0C46     		mov	r4, r1
 294 0006 1346     		mov	r3, r2
  42:/home/tienluong/workspace/atlantis_fw/platform/common/lightheader/src/hw_info.pb-c.c ****      protobuf_c_message_unpack (&ltpb__camera_module_hw_info__descriptor,
 295              		.loc 1 42 0
 296 0008 2946     		mov	r1, r5
 297              	.LVL28:
 298 000a 2246     		mov	r2, r4
 299              	.LVL29:
 300 000c 0148     		ldr	r0, .L21
 301              	.LVL30:
 302 000e 024C     		ldr	r4, .L21+4
 303              	.LVL31:
 304 0010 A047     		blx	r4
 305              	.LVL32:
  45:/home/tienluong/workspace/atlantis_fw/platform/common/lightheader/src/hw_info.pb-c.c **** LIGHT_HEADER_FUNC void   ltpb__camera_module_hw_info__free_unpacked
 306              		.loc 1 45 0
 307 0012 38BD     		pop	{r3, r4, r5, pc}
 308              	.LVL33:
 309              	.L22:
 310              		.align	2
 311              	.L21:
 312 0014 00000000 		.word	.LANCHOR2
 313 0018 00000000 		.word	protobuf_c_message_unpack
 314              		.cfi_endproc
 315              	.LFE5:
 317              		.section	.text.ltpb__camera_module_hw_info__free_unpacked,"ax",%progbits
 318              		.align	1
 319              		.global	ltpb__camera_module_hw_info__free_unpacked
 320              		.thumb
 321              		.thumb_func
 323              	ltpb__camera_module_hw_info__free_unpacked:
 324              	.LFB6:
  49:/home/tienluong/workspace/atlantis_fw/platform/common/lightheader/src/hw_info.pb-c.c ****   assert(message->base.descriptor == &ltpb__camera_module_hw_info__descriptor);
 325              		.loc 1 49 0
 326              		.cfi_startproc
 327              		@ args = 0, pretend = 0, frame = 0
 328              		@ frame_needed = 0, uses_anonymous_args = 0
 329              	.LVL34:
 330 0000 38B5     		push	{r3, r4, r5, lr}
 331              	.LCFI6:
 332              		.cfi_def_cfa_offset 16
 333              		.cfi_offset 3, -16
 334              		.cfi_offset 4, -12
 335              		.cfi_offset 5, -8
 336              		.cfi_offset 14, -4
  50:/home/tienluong/workspace/atlantis_fw/platform/common/lightheader/src/hw_info.pb-c.c ****   protobuf_c_message_free_unpacked ((ProtobufCMessage*)message, allocator);
 337              		.loc 1 50 0
 338 0002 0268     		ldr	r2, [r0]
  49:/home/tienluong/workspace/atlantis_fw/platform/common/lightheader/src/hw_info.pb-c.c ****   assert(message->base.descriptor == &ltpb__camera_module_hw_info__descriptor);
 339              		.loc 1 49 0
 340 0004 0446     		mov	r4, r0
  50:/home/tienluong/workspace/atlantis_fw/platform/common/lightheader/src/hw_info.pb-c.c ****   protobuf_c_message_free_unpacked ((ProtobufCMessage*)message, allocator);
 341              		.loc 1 50 0
 342 0006 064B     		ldr	r3, .L25
  49:/home/tienluong/workspace/atlantis_fw/platform/common/lightheader/src/hw_info.pb-c.c ****   assert(message->base.descriptor == &ltpb__camera_module_hw_info__descriptor);
 343              		.loc 1 49 0
 344 0008 0D46     		mov	r5, r1
  50:/home/tienluong/workspace/atlantis_fw/platform/common/lightheader/src/hw_info.pb-c.c ****   protobuf_c_message_free_unpacked ((ProtobufCMessage*)message, allocator);
 345              		.loc 1 50 0
 346 000a 9A42     		cmp	r2, r3
 347 000c 03D0     		beq	.L24
  50:/home/tienluong/workspace/atlantis_fw/platform/common/lightheader/src/hw_info.pb-c.c ****   protobuf_c_message_free_unpacked ((ProtobufCMessage*)message, allocator);
 348              		.loc 1 50 0 is_stmt 0 discriminator 1
 349 000e 0548     		ldr	r0, .L25+4
 350              	.LVL35:
 351 0010 3221     		movs	r1, #50
 352              	.LVL36:
 353 0012 054B     		ldr	r3, .L25+8
 354 0014 9847     		blx	r3
 355              	.LVL37:
 356              	.L24:
  51:/home/tienluong/workspace/atlantis_fw/platform/common/lightheader/src/hw_info.pb-c.c **** }
 357              		.loc 1 51 0 is_stmt 1
 358 0016 2046     		mov	r0, r4
 359 0018 2946     		mov	r1, r5
 360 001a 044B     		ldr	r3, .L25+12
 361 001c 9847     		blx	r3
 362              	.LVL38:
 363 001e 38BD     		pop	{r3, r4, r5, pc}
 364              	.LVL39:
 365              	.L26:
 366              		.align	2
 367              	.L25:
 368 0020 00000000 		.word	.LANCHOR2
 369 0024 00000000 		.word	.LANCHOR6
 370 0028 00000000 		.word	assert_failed
 371 002c 00000000 		.word	protobuf_c_message_free_unpacked
 372              		.cfi_endproc
 373              	.LFE6:
 375              		.section	.text.ltpb__hw_info__get_packed_size,"ax",%progbits
 376              		.align	1
 377              		.global	ltpb__hw_info__get_packed_size
 378              		.thumb
 379              		.thumb_func
 381              	ltpb__hw_info__get_packed_size:
 382              	.LFB8:
  58:/home/tienluong/workspace/atlantis_fw/platform/common/lightheader/src/hw_info.pb-c.c **** }
  59:/home/tienluong/workspace/atlantis_fw/platform/common/lightheader/src/hw_info.pb-c.c **** LIGHT_HEADER_FUNC size_t ltpb__hw_info__get_packed_size
  60:/home/tienluong/workspace/atlantis_fw/platform/common/lightheader/src/hw_info.pb-c.c ****                      (const Ltpb__HwInfo *message)
  61:/home/tienluong/workspace/atlantis_fw/platform/common/lightheader/src/hw_info.pb-c.c **** {
 383              		.loc 1 61 0
 384              		.cfi_startproc
 385              		@ args = 0, pretend = 0, frame = 0
 386              		@ frame_needed = 0, uses_anonymous_args = 0
 387              	.LVL40:
  62:/home/tienluong/workspace/atlantis_fw/platform/common/lightheader/src/hw_info.pb-c.c ****   assert(message->base.descriptor == &ltpb__hw_info__descriptor);
 388              		.loc 1 62 0
 389 0000 0268     		ldr	r2, [r0]
 390 0002 064B     		ldr	r3, .L29
  61:/home/tienluong/workspace/atlantis_fw/platform/common/lightheader/src/hw_info.pb-c.c ****   assert(message->base.descriptor == &ltpb__hw_info__descriptor);
 391              		.loc 1 61 0
 392 0004 10B5     		push	{r4, lr}
 393              	.LCFI7:
 394              		.cfi_def_cfa_offset 8
 395              		.cfi_offset 4, -8
 396              		.cfi_offset 14, -4
 397              		.loc 1 62 0
 398 0006 9A42     		cmp	r2, r3
  61:/home/tienluong/workspace/atlantis_fw/platform/common/lightheader/src/hw_info.pb-c.c ****   assert(message->base.descriptor == &ltpb__hw_info__descriptor);
 399              		.loc 1 61 0
 400 0008 0446     		mov	r4, r0
 401              		.loc 1 62 0
 402 000a 03D0     		beq	.L28
 403              		.loc 1 62 0 is_stmt 0 discriminator 1
 404 000c 0448     		ldr	r0, .L29+4
 405              	.LVL41:
 406 000e 3E21     		movs	r1, #62
 407 0010 044B     		ldr	r3, .L29+8
 408 0012 9847     		blx	r3
 409              	.LVL42:
 410              	.L28:
  63:/home/tienluong/workspace/atlantis_fw/platform/common/lightheader/src/hw_info.pb-c.c ****   return protobuf_c_message_get_packed_size ((const ProtobufCMessage*)(message));
 411              		.loc 1 63 0 is_stmt 1
 412 0014 2046     		mov	r0, r4
 413 0016 044B     		ldr	r3, .L29+12
 414 0018 9847     		blx	r3
 415              	.LVL43:
  64:/home/tienluong/workspace/atlantis_fw/platform/common/lightheader/src/hw_info.pb-c.c **** }
 416              		.loc 1 64 0
 417 001a 10BD     		pop	{r4, pc}
 418              	.LVL44:
 419              	.L30:
 420              		.align	2
 421              	.L29:
 422 001c 00000000 		.word	.LANCHOR7
 423 0020 00000000 		.word	.LANCHOR8
 424 0024 00000000 		.word	assert_failed
 425 0028 00000000 		.word	protobuf_c_message_get_packed_size
 426              		.cfi_endproc
 427              	.LFE8:
 429              		.section	.text.ltpb__hw_info__pack,"ax",%progbits
 430              		.align	1
 431              		.global	ltpb__hw_info__pack
 432              		.thumb
 433              		.thumb_func
 435              	ltpb__hw_info__pack:
 436              	.LFB9:
  65:/home/tienluong/workspace/atlantis_fw/platform/common/lightheader/src/hw_info.pb-c.c **** LIGHT_HEADER_FUNC size_t ltpb__hw_info__pack
  66:/home/tienluong/workspace/atlantis_fw/platform/common/lightheader/src/hw_info.pb-c.c ****                      (const Ltpb__HwInfo *message,
  67:/home/tienluong/workspace/atlantis_fw/platform/common/lightheader/src/hw_info.pb-c.c ****                       uint8_t       *out)
  68:/home/tienluong/workspace/atlantis_fw/platform/common/lightheader/src/hw_info.pb-c.c **** {
 437              		.loc 1 68 0
 438              		.cfi_startproc
 439              		@ args = 0, pretend = 0, frame = 0
 440              		@ frame_needed = 0, uses_anonymous_args = 0
 441              	.LVL45:
 442 0000 38B5     		push	{r3, r4, r5, lr}
 443              	.LCFI8:
 444              		.cfi_def_cfa_offset 16
 445              		.cfi_offset 3, -16
 446              		.cfi_offset 4, -12
 447              		.cfi_offset 5, -8
 448              		.cfi_offset 14, -4
  69:/home/tienluong/workspace/atlantis_fw/platform/common/lightheader/src/hw_info.pb-c.c ****   assert(message->base.descriptor == &ltpb__hw_info__descriptor);
 449              		.loc 1 69 0
 450 0002 0268     		ldr	r2, [r0]
  68:/home/tienluong/workspace/atlantis_fw/platform/common/lightheader/src/hw_info.pb-c.c ****   assert(message->base.descriptor == &ltpb__hw_info__descriptor);
 451              		.loc 1 68 0
 452 0004 0446     		mov	r4, r0
 453              		.loc 1 69 0
 454 0006 064B     		ldr	r3, .L33
  68:/home/tienluong/workspace/atlantis_fw/platform/common/lightheader/src/hw_info.pb-c.c ****   assert(message->base.descriptor == &ltpb__hw_info__descriptor);
 455              		.loc 1 68 0
 456 0008 0D46     		mov	r5, r1
 457              		.loc 1 69 0
 458 000a 9A42     		cmp	r2, r3
 459 000c 03D0     		beq	.L32
 460              		.loc 1 69 0 is_stmt 0 discriminator 1
 461 000e 0548     		ldr	r0, .L33+4
 462              	.LVL46:
 463 0010 4521     		movs	r1, #69
 464              	.LVL47:
 465 0012 054B     		ldr	r3, .L33+8
 466 0014 9847     		blx	r3
 467              	.LVL48:
 468              	.L32:
  70:/home/tienluong/workspace/atlantis_fw/platform/common/lightheader/src/hw_info.pb-c.c ****   return protobuf_c_message_pack ((const ProtobufCMessage*)message, out);
 469              		.loc 1 70 0 is_stmt 1
 470 0016 2046     		mov	r0, r4
 471 0018 2946     		mov	r1, r5
 472 001a 044B     		ldr	r3, .L33+12
 473 001c 9847     		blx	r3
 474              	.LVL49:
  71:/home/tienluong/workspace/atlantis_fw/platform/common/lightheader/src/hw_info.pb-c.c **** }
 475              		.loc 1 71 0
 476 001e 38BD     		pop	{r3, r4, r5, pc}
 477              	.LVL50:
 478              	.L34:
 479              		.align	2
 480              	.L33:
 481 0020 00000000 		.word	.LANCHOR7
 482 0024 00000000 		.word	.LANCHOR9
 483 0028 00000000 		.word	assert_failed
 484 002c 00000000 		.word	protobuf_c_message_pack
 485              		.cfi_endproc
 486              	.LFE9:
 488              		.section	.text.ltpb__hw_info__pack_to_buffer,"ax",%progbits
 489              		.align	1
 490              		.global	ltpb__hw_info__pack_to_buffer
 491              		.thumb
 492              		.thumb_func
 494              	ltpb__hw_info__pack_to_buffer:
 495              	.LFB10:
  72:/home/tienluong/workspace/atlantis_fw/platform/common/lightheader/src/hw_info.pb-c.c **** LIGHT_HEADER_FUNC size_t ltpb__hw_info__pack_to_buffer
  73:/home/tienluong/workspace/atlantis_fw/platform/common/lightheader/src/hw_info.pb-c.c ****                      (const Ltpb__HwInfo *message,
  74:/home/tienluong/workspace/atlantis_fw/platform/common/lightheader/src/hw_info.pb-c.c ****                       ProtobufCBuffer *buffer)
  75:/home/tienluong/workspace/atlantis_fw/platform/common/lightheader/src/hw_info.pb-c.c **** {
 496              		.loc 1 75 0
 497              		.cfi_startproc
 498              		@ args = 0, pretend = 0, frame = 0
 499              		@ frame_needed = 0, uses_anonymous_args = 0
 500              	.LVL51:
 501 0000 38B5     		push	{r3, r4, r5, lr}
 502              	.LCFI9:
 503              		.cfi_def_cfa_offset 16
 504              		.cfi_offset 3, -16
 505              		.cfi_offset 4, -12
 506              		.cfi_offset 5, -8
 507              		.cfi_offset 14, -4
  76:/home/tienluong/workspace/atlantis_fw/platform/common/lightheader/src/hw_info.pb-c.c ****   assert(message->base.descriptor == &ltpb__hw_info__descriptor);
 508              		.loc 1 76 0
 509 0002 0268     		ldr	r2, [r0]
  75:/home/tienluong/workspace/atlantis_fw/platform/common/lightheader/src/hw_info.pb-c.c ****   assert(message->base.descriptor == &ltpb__hw_info__descriptor);
 510              		.loc 1 75 0
 511 0004 0446     		mov	r4, r0
 512              		.loc 1 76 0
 513 0006 064B     		ldr	r3, .L37
  75:/home/tienluong/workspace/atlantis_fw/platform/common/lightheader/src/hw_info.pb-c.c ****   assert(message->base.descriptor == &ltpb__hw_info__descriptor);
 514              		.loc 1 75 0
 515 0008 0D46     		mov	r5, r1
 516              		.loc 1 76 0
 517 000a 9A42     		cmp	r2, r3
 518 000c 03D0     		beq	.L36
 519              		.loc 1 76 0 is_stmt 0 discriminator 1
 520 000e 0548     		ldr	r0, .L37+4
 521              	.LVL52:
 522 0010 4C21     		movs	r1, #76
 523              	.LVL53:
 524 0012 054B     		ldr	r3, .L37+8
 525 0014 9847     		blx	r3
 526              	.LVL54:
 527              	.L36:
  77:/home/tienluong/workspace/atlantis_fw/platform/common/lightheader/src/hw_info.pb-c.c ****   return protobuf_c_message_pack_to_buffer ((const ProtobufCMessage*)message, buffer);
 528              		.loc 1 77 0 is_stmt 1
 529 0016 2046     		mov	r0, r4
 530 0018 2946     		mov	r1, r5
 531 001a 044B     		ldr	r3, .L37+12
 532 001c 9847     		blx	r3
 533              	.LVL55:
  78:/home/tienluong/workspace/atlantis_fw/platform/common/lightheader/src/hw_info.pb-c.c **** }
 534              		.loc 1 78 0
 535 001e 38BD     		pop	{r3, r4, r5, pc}
 536              	.LVL56:
 537              	.L38:
 538              		.align	2
 539              	.L37:
 540 0020 00000000 		.word	.LANCHOR7
 541 0024 00000000 		.word	.LANCHOR10
 542 0028 00000000 		.word	assert_failed
 543 002c 00000000 		.word	protobuf_c_message_pack_to_buffer
 544              		.cfi_endproc
 545              	.LFE10:
 547              		.section	.text.ltpb__hw_info__unpack,"ax",%progbits
 548              		.align	1
 549              		.global	ltpb__hw_info__unpack
 550              		.thumb
 551              		.thumb_func
 553              	ltpb__hw_info__unpack:
 554              	.LFB11:
  79:/home/tienluong/workspace/atlantis_fw/platform/common/lightheader/src/hw_info.pb-c.c **** LIGHT_HEADER_FUNC Ltpb__HwInfo *
  80:/home/tienluong/workspace/atlantis_fw/platform/common/lightheader/src/hw_info.pb-c.c ****        ltpb__hw_info__unpack
  81:/home/tienluong/workspace/atlantis_fw/platform/common/lightheader/src/hw_info.pb-c.c ****                      (ProtobufCAllocator  *allocator,
  82:/home/tienluong/workspace/atlantis_fw/platform/common/lightheader/src/hw_info.pb-c.c ****                       size_t               len,
  83:/home/tienluong/workspace/atlantis_fw/platform/common/lightheader/src/hw_info.pb-c.c ****                       const uint8_t       *data)
  84:/home/tienluong/workspace/atlantis_fw/platform/common/lightheader/src/hw_info.pb-c.c **** {
 555              		.loc 1 84 0
 556              		.cfi_startproc
 557              		@ args = 0, pretend = 0, frame = 0
 558              		@ frame_needed = 0, uses_anonymous_args = 0
 559              	.LVL57:
 560 0000 38B5     		push	{r3, r4, r5, lr}
 561              	.LCFI10:
 562              		.cfi_def_cfa_offset 16
 563              		.cfi_offset 3, -16
 564              		.cfi_offset 4, -12
 565              		.cfi_offset 5, -8
 566              		.cfi_offset 14, -4
 567              		.loc 1 84 0
 568 0002 0546     		mov	r5, r0
 569 0004 0C46     		mov	r4, r1
 570 0006 1346     		mov	r3, r2
  85:/home/tienluong/workspace/atlantis_fw/platform/common/lightheader/src/hw_info.pb-c.c ****   return (Ltpb__HwInfo *)
 571              		.loc 1 85 0
 572 0008 2946     		mov	r1, r5
 573              	.LVL58:
 574 000a 2246     		mov	r2, r4
 575              	.LVL59:
 576 000c 0148     		ldr	r0, .L40
 577              	.LVL60:
 578 000e 024C     		ldr	r4, .L40+4
 579              	.LVL61:
 580 0010 A047     		blx	r4
 581              	.LVL62:
  86:/home/tienluong/workspace/atlantis_fw/platform/common/lightheader/src/hw_info.pb-c.c ****      protobuf_c_message_unpack (&ltpb__hw_info__descriptor,
  87:/home/tienluong/workspace/atlantis_fw/platform/common/lightheader/src/hw_info.pb-c.c ****                                 allocator, len, data);
  88:/home/tienluong/workspace/atlantis_fw/platform/common/lightheader/src/hw_info.pb-c.c **** }
 582              		.loc 1 88 0
 583 0012 38BD     		pop	{r3, r4, r5, pc}
 584              	.LVL63:
 585              	.L41:
 586              		.align	2
 587              	.L40:
 588 0014 00000000 		.word	.LANCHOR7
 589 0018 00000000 		.word	protobuf_c_message_unpack
 590              		.cfi_endproc
 591              	.LFE11:
 593              		.section	.text.ltpb__hw_info__free_unpacked,"ax",%progbits
 594              		.align	1
 595              		.global	ltpb__hw_info__free_unpacked
 596              		.thumb
 597              		.thumb_func
 599              	ltpb__hw_info__free_unpacked:
 600              	.LFB12:
  89:/home/tienluong/workspace/atlantis_fw/platform/common/lightheader/src/hw_info.pb-c.c **** LIGHT_HEADER_FUNC void   ltpb__hw_info__free_unpacked
  90:/home/tienluong/workspace/atlantis_fw/platform/common/lightheader/src/hw_info.pb-c.c ****                      (Ltpb__HwInfo *message,
  91:/home/tienluong/workspace/atlantis_fw/platform/common/lightheader/src/hw_info.pb-c.c ****                       ProtobufCAllocator *allocator)
  92:/home/tienluong/workspace/atlantis_fw/platform/common/lightheader/src/hw_info.pb-c.c **** {
 601              		.loc 1 92 0
 602              		.cfi_startproc
 603              		@ args = 0, pretend = 0, frame = 0
 604              		@ frame_needed = 0, uses_anonymous_args = 0
 605              	.LVL64:
 606 0000 38B5     		push	{r3, r4, r5, lr}
 607              	.LCFI11:
 608              		.cfi_def_cfa_offset 16
 609              		.cfi_offset 3, -16
 610              		.cfi_offset 4, -12
 611              		.cfi_offset 5, -8
 612              		.cfi_offset 14, -4
  93:/home/tienluong/workspace/atlantis_fw/platform/common/lightheader/src/hw_info.pb-c.c ****   assert(message->base.descriptor == &ltpb__hw_info__descriptor);
 613              		.loc 1 93 0
 614 0002 0268     		ldr	r2, [r0]
  92:/home/tienluong/workspace/atlantis_fw/platform/common/lightheader/src/hw_info.pb-c.c ****   assert(message->base.descriptor == &ltpb__hw_info__descriptor);
 615              		.loc 1 92 0
 616 0004 0446     		mov	r4, r0
 617              		.loc 1 93 0
 618 0006 064B     		ldr	r3, .L44
  92:/home/tienluong/workspace/atlantis_fw/platform/common/lightheader/src/hw_info.pb-c.c ****   assert(message->base.descriptor == &ltpb__hw_info__descriptor);
 619              		.loc 1 92 0
 620 0008 0D46     		mov	r5, r1
 621              		.loc 1 93 0
 622 000a 9A42     		cmp	r2, r3
 623 000c 03D0     		beq	.L43
 624              		.loc 1 93 0 is_stmt 0 discriminator 1
 625 000e 0548     		ldr	r0, .L44+4
 626              	.LVL65:
 627 0010 5D21     		movs	r1, #93
 628              	.LVL66:
 629 0012 054B     		ldr	r3, .L44+8
 630 0014 9847     		blx	r3
 631              	.LVL67:
 632              	.L43:
  94:/home/tienluong/workspace/atlantis_fw/platform/common/lightheader/src/hw_info.pb-c.c ****   protobuf_c_message_free_unpacked ((ProtobufCMessage*)message, allocator);
 633              		.loc 1 94 0 is_stmt 1
 634 0016 2046     		mov	r0, r4
 635 0018 2946     		mov	r1, r5
 636 001a 044B     		ldr	r3, .L44+12
 637 001c 9847     		blx	r3
 638              	.LVL68:
 639 001e 38BD     		pop	{r3, r4, r5, pc}
 640              	.LVL69:
 641              	.L45:
 642              		.align	2
 643              	.L44:
 644 0020 00000000 		.word	.LANCHOR7
 645 0024 00000000 		.word	.LANCHOR11
 646 0028 00000000 		.word	assert_failed
 647 002c 00000000 		.word	protobuf_c_message_free_unpacked
 648              		.cfi_endproc
 649              	.LFE12:
 651              		.global	ltpb__hw_info__descriptor
 652              		.global	ltpb__hw_info__model_type__descriptor
 653              		.global	ltpb__hw_info__to_ftype__descriptor
 654              		.global	ltpb__hw_info__flash_type__descriptor
 655              		.global	ltpb__camera_module_hw_info__descriptor
 656              		.global	ltpb__camera_module_hw_info__mirror_type__descriptor
 657              		.global	ltpb__camera_module_hw_info__mirror_actuator_type__descriptor
 658              		.global	ltpb__camera_module_hw_info__lens_actuator_type__descriptor
 659              		.global	ltpb__camera_module_hw_info__lens_type__descriptor
 660              		.section	.rodata.init_value.6539,"a",%progbits
 661              		.align	2
 662              		.set	.LANCHOR0,. + 0
 665              	init_value.6539:
 666 0000 00000000 		.word	ltpb__camera_module_hw_info__descriptor
 667 0004 00000000 		.word	0
 668 0008 00000000 		.word	0
 669 000c 00000000 		.word	0
 670 0010 00000000 		.word	0
 671 0014 00000000 		.word	0
 672 0018 00000000 		.word	0
 673 001c 00000000 		.word	0
 674 0020 00000000 		.word	0
 675 0024 00000000 		.word	0
 676 0028 00000000 		.word	0
 677              		.section	.rodata.ltpb__hw_info__model_type__value_ranges,"a",%progbits
 678              		.align	2
 681              	ltpb__hw_info__model_type__value_ranges:
 682 0000 00000000 		.word	0
 683 0004 00000000 		.word	0
 684 0008 00000000 		.word	0
 685 000c 03000000 		.word	3
 686              		.section	.rodata.ltpb__camera_module_hw_info__lens_type__value_ranges,"a",%progbits
 687              		.align	2
 690              	ltpb__camera_module_hw_info__lens_type__value_ranges:
 691 0000 00000000 		.word	0
 692 0004 00000000 		.word	0
 693 0008 00000000 		.word	0
 694 000c 04000000 		.word	4
 695              		.section	.rodata.ltpb__hw_info__flash_type__enum_values_by_name,"a",%progbits
 696              		.align	2
 699              	ltpb__hw_info__flash_type__enum_values_by_name:
 700 0000 D9010000 		.word	.LC27
 701 0004 01000000 		.word	1
 702 0008 EC010000 		.word	.LC28
 703 000c 00000000 		.word	0
 704              		.section	.rodata.ltpb__camera_module_hw_info__mirror_type__enum_values_by_name,"a",%progbits
 705              		.align	2
 708              	ltpb__camera_module_hw_info__mirror_type__enum_values_by_name:
 709 0000 0E030000 		.word	.LC42
 710 0004 01000000 		.word	1
 711 0008 24030000 		.word	.LC43
 712 000c 02000000 		.word	2
 713 0010 39030000 		.word	.LC44
 714 0014 00000000 		.word	0
 715              		.section	.rodata.ltpb__hw_info__descriptor,"a",%progbits
 716              		.align	2
 717              		.set	.LANCHOR7,. + 0
 720              	ltpb__hw_info__descriptor:
 721 0000 F9EEAA28 		.word	682290937
 722 0004 00000000 		.word	.LC0
 723 0008 0C000000 		.word	.LC1
 724 000c 13000000 		.word	.LC2
 725 0010 20000000 		.word	.LC3
 726 0014 2C000000 		.word	44
 727 0018 04000000 		.word	4
 728 001c 00000000 		.word	ltpb__hw_info__field_descriptors
 729 0020 00000000 		.word	ltpb__hw_info__field_indices_by_name
 730 0024 01000000 		.word	1
 731 0028 00000000 		.word	ltpb__hw_info__number_ranges
 732 002c 00000000 		.word	ltpb__hw_info__init
 733 0030 00000000 		.word	0
 734 0034 00000000 		.word	0
 735 0038 00000000 		.word	0
 736              		.section	.rodata.ltpb__hw_info__flash__default_value,"a",%progbits
 737              		.align	2
 740              	ltpb__hw_info__flash__default_value:
 741 0000 00000000 		.space	4
 742              		.section	.rodata.ltpb__camera_module_hw_info__lens_actuator_type__enum_values_by_name,"a",%progbit
 743              		.align	2
 746              	ltpb__camera_module_hw_info__lens_actuator_type__enum_values_by_name:
 747 0000 8E050000 		.word	.LC58
 748 0004 02000000 		.word	2
 749 0008 A0050000 		.word	.LC59
 750 000c 01000000 		.word	1
 751 0010 B5050000 		.word	.LC60
 752 0014 00000000 		.word	0
 753              		.section	.rodata.ltpb__hw_info__number_ranges,"a",%progbits
 754              		.align	2
 757              	ltpb__hw_info__number_ranges:
 758 0000 01000000 		.word	1
 759 0004 00000000 		.word	0
 760 0008 00000000 		.word	0
 761 000c 04000000 		.word	4
 762              		.section	.rodata.ltpb__hw_info__to_ftype__descriptor,"a",%progbits
 763              		.align	2
 766              	ltpb__hw_info__to_ftype__descriptor:
 767 0000 AF154311 		.word	289609135
 768 0004 FF000000 		.word	.LC17
 769 0008 13010000 		.word	.LC18
 770 000c 1B010000 		.word	.LC19
 771 0010 20000000 		.word	.LC3
 772 0014 02000000 		.word	2
 773 0018 00000000 		.word	ltpb__hw_info__to_ftype__enum_values_by_number
 774 001c 02000000 		.word	2
 775 0020 00000000 		.word	ltpb__hw_info__to_ftype__enum_values_by_name
 776 0024 01000000 		.word	1
 777 0028 00000000 		.word	ltpb__hw_info__to_ftype__value_ranges
 778 002c 00000000 		.word	0
 779 0030 00000000 		.word	0
 780 0034 00000000 		.word	0
 781 0038 00000000 		.word	0
 782              		.section	.rodata.ltpb__camera_module_hw_info__mirror_type__enum_values_by_number,"a",%progbits
 783              		.align	2
 786              	ltpb__camera_module_hw_info__mirror_type__enum_values_by_number:
 787 0000 39030000 		.word	.LC44
 788 0004 48030000 		.word	.LC45
 789 0008 00000000 		.word	0
 790 000c 0E030000 		.word	.LC42
 791 0010 81030000 		.word	.LC46
 792 0014 01000000 		.word	1
 793 0018 24030000 		.word	.LC43
 794 001c C1030000 		.word	.LC47
 795 0020 02000000 		.word	2
 796              		.section	.rodata.ltpb__hw_info__tof__default_value,"a",%progbits
 797              		.align	2
 800              	ltpb__hw_info__tof__default_value:
 801 0000 00000000 		.space	4
 802              		.section	.rodata.ltpb__hw_info__to_ftype__enum_values_by_name,"a",%progbits
 803              		.align	2
 806              	ltpb__hw_info__to_ftype__enum_values_by_name:
 807 0000 31010000 		.word	.LC20
 808 0004 01000000 		.word	1
 809 0008 44010000 		.word	.LC21
 810 000c 00000000 		.word	0
 811              		.section	.rodata.ltpb__camera_module_hw_info__mirror_type__value_ranges,"a",%progbits
 812              		.align	2
 815              	ltpb__camera_module_hw_info__mirror_type__value_ranges:
 816 0000 00000000 		.word	0
 817 0004 00000000 		.word	0
 818 0008 00000000 		.word	0
 819 000c 03000000 		.word	3
 820              		.section	.rodata.ltpb__camera_module_hw_info__mirror_actuator_type__value_ranges,"a",%progbits
 821              		.align	2
 824              	ltpb__camera_module_hw_info__mirror_actuator_type__value_ranges:
 825 0000 00000000 		.word	0
 826 0004 00000000 		.word	0
 827 0008 00000000 		.word	0
 828 000c 02000000 		.word	2
 829              		.section	.rodata.ltpb__camera_module_hw_info__lens_actuator_type__enum_values_by_number,"a",%progb
 830              		.align	2
 833              	ltpb__camera_module_hw_info__lens_actuator_type__enum_values_by_number:
 834 0000 B5050000 		.word	.LC60
 835 0004 CB050000 		.word	.LC61
 836 0008 00000000 		.word	0
 837 000c A0050000 		.word	.LC59
 838 0010 12060000 		.word	.LC62
 839 0014 01000000 		.word	1
 840 0018 8E050000 		.word	.LC58
 841 001c 58060000 		.word	.LC63
 842 0020 02000000 		.word	2
 843              		.section	.rodata.ltpb__camera_module_hw_info__lens_actuator_type__value_ranges,"a",%progbits
 844              		.align	2
 847              	ltpb__camera_module_hw_info__lens_actuator_type__value_ranges:
 848 0000 00000000 		.word	0
 849 0004 00000000 		.word	0
 850 0008 00000000 		.word	0
 851 000c 03000000 		.word	3
 852              		.section	.rodata.__FUNCTION__.6543,"a",%progbits
 853              		.set	.LANCHOR3,. + 0
 856              	__FUNCTION__.6543:
 857 0000 6C747062 		.ascii	"ltpb__camera_module_hw_info__get_packed_size\000"
 857      5F5F6361 
 857      6D657261 
 857      5F6D6F64 
 857      756C655F 
 858              		.section	.rodata.__FUNCTION__.6548,"a",%progbits
 859              		.set	.LANCHOR4,. + 0
 862              	__FUNCTION__.6548:
 863 0000 6C747062 		.ascii	"ltpb__camera_module_hw_info__pack\000"
 863      5F5F6361 
 863      6D657261 
 863      5F6D6F64 
 863      756C655F 
 864              		.section	.rodata.__FUNCTION__.6563,"a",%progbits
 865              		.set	.LANCHOR6,. + 0
 868              	__FUNCTION__.6563:
 869 0000 6C747062 		.ascii	"ltpb__camera_module_hw_info__free_unpacked\000"
 869      5F5F6361 
 869      6D657261 
 869      5F6D6F64 
 869      756C655F 
 870              		.section	.rodata.ltpb__camera_module_hw_info__descriptor,"a",%progbits
 871              		.align	2
 872              		.set	.LANCHOR2,. + 0
 875              	ltpb__camera_module_hw_info__descriptor:
 876 0000 F9EEAA28 		.word	682290937
 877 0004 51020000 		.word	.LC31
 878 0008 69020000 		.word	.LC32
 879 000c 7C020000 		.word	.LC33
 880 0010 20000000 		.word	.LC3
 881 0014 2C000000 		.word	44
 882 0018 05000000 		.word	5
 883 001c 00000000 		.word	ltpb__camera_module_hw_info__field_descriptors
 884 0020 00000000 		.word	ltpb__camera_module_hw_info__field_indices_by_name
 885 0024 01000000 		.word	1
 886 0028 00000000 		.word	ltpb__camera_module_hw_info__number_ranges
 887 002c 00000000 		.word	ltpb__camera_module_hw_info__init
 888 0030 00000000 		.word	0
 889 0034 00000000 		.word	0
 890 0038 00000000 		.word	0
 891              		.section	.rodata.ltpb__camera_module_hw_info__field_descriptors,"a",%progbits
 892              		.align	2
 895              	ltpb__camera_module_hw_info__field_descriptors:
 896 0000 95020000 		.word	.LC34
 897 0004 01000000 		.word	1
 898 0008 00       		.byte	0
 899 0009 0D       		.byte	13
 900 000a 0000     		.space	2
 901 000c 00000000 		.word	0
 902 0010 0C000000 		.word	12
 903 0014 00000000 		.word	ltpb__camera_id__descriptor
 904 0018 00000000 		.word	0
 905 001c 00000000 		.word	0
 906 0020 00000000 		.word	0
 907 0024 00000000 		.word	0
 908 0028 00000000 		.word	0
 909 002c 98020000 		.word	.LC35
 910 0030 02000000 		.word	2
 911 0034 00       		.byte	0
 912 0035 0D       		.byte	13
 913 0036 0000     		.space	2
 914 0038 00000000 		.word	0
 915 003c 10000000 		.word	16
 916 0040 00000000 		.word	ltpb__sensor_type__descriptor
 917 0044 00000000 		.word	0
 918 0048 00000000 		.word	0
 919 004c 00000000 		.word	0
 920 0050 00000000 		.word	0
 921 0054 00000000 		.word	0
 922 0058 9F020000 		.word	.LC36
 923 005c 03000000 		.word	3
 924 0060 01       		.byte	1
 925 0061 0D       		.byte	13
 926 0062 0000     		.space	2
 927 0064 14000000 		.word	20
 928 0068 18000000 		.word	24
 929 006c 00000000 		.word	ltpb__camera_module_hw_info__lens_type__descriptor
 930 0070 00000000 		.word	ltpb__camera_module_hw_info__lens__default_value
 931 0074 00000000 		.word	0
 932 0078 00000000 		.word	0
 933 007c 00000000 		.word	0
 934 0080 00000000 		.word	0
 935 0084 A4020000 		.word	.LC37
 936 0088 04000000 		.word	4
 937 008c 01       		.byte	1
 938 008d 0D       		.byte	13
 939 008e 0000     		.space	2
 940 0090 1C000000 		.word	28
 941 0094 20000000 		.word	32
 942 0098 00000000 		.word	ltpb__camera_module_hw_info__mirror_actuator_type__descriptor
 943 009c 00000000 		.word	ltpb__camera_module_hw_info__mirror_actuator__default_value
 944 00a0 00000000 		.word	0
 945 00a4 00000000 		.word	0
 946 00a8 00000000 		.word	0
 947 00ac 00000000 		.word	0
 948 00b0 B4020000 		.word	.LC38
 949 00b4 05000000 		.word	5
 950 00b8 01       		.byte	1
 951 00b9 0D       		.byte	13
 952 00ba 0000     		.space	2
 953 00bc 24000000 		.word	36
 954 00c0 28000000 		.word	40
 955 00c4 00000000 		.word	ltpb__camera_module_hw_info__mirror_type__descriptor
 956 00c8 00000000 		.word	ltpb__camera_module_hw_info__mirror__default_value
 957 00cc 00000000 		.word	0
 958 00d0 00000000 		.word	0
 959 00d4 00000000 		.word	0
 960 00d8 00000000 		.word	0
 961              		.section	.rodata.ltpb__camera_module_hw_info__mirror__default_value,"a",%progbits
 962              		.align	2
 965              	ltpb__camera_module_hw_info__mirror__default_value:
 966 0000 00000000 		.space	4
 967              		.section	.rodata.ltpb__hw_info__field_descriptors,"a",%progbits
 968              		.align	2
 971              	ltpb__hw_info__field_descriptors:
 972 0000 25000000 		.word	.LC4
 973 0004 01000000 		.word	1
 974 0008 02       		.byte	2
 975 0009 10       		.byte	16
 976 000a 0000     		.space	2
 977 000c 0C000000 		.word	12
 978 0010 10000000 		.word	16
 979 0014 00000000 		.word	ltpb__camera_module_hw_info__descriptor
 980 0018 00000000 		.word	0
 981 001c 00000000 		.word	0
 982 0020 00000000 		.word	0
 983 0024 00000000 		.word	0
 984 0028 00000000 		.word	0
 985 002c 2C000000 		.word	.LC5
 986 0030 02000000 		.word	2
 987 0034 01       		.byte	1
 988 0035 0D       		.byte	13
 989 0036 0000     		.space	2
 990 0038 14000000 		.word	20
 991 003c 18000000 		.word	24
 992 0040 00000000 		.word	ltpb__hw_info__flash_type__descriptor
 993 0044 00000000 		.word	ltpb__hw_info__flash__default_value
 994 0048 00000000 		.word	0
 995 004c 00000000 		.word	0
 996 0050 00000000 		.word	0
 997 0054 00000000 		.word	0
 998 0058 32000000 		.word	.LC6
 999 005c 03000000 		.word	3
 1000 0060 01       		.byte	1
 1001 0061 0D       		.byte	13
 1002 0062 0000     		.space	2
 1003 0064 1C000000 		.word	28
 1004 0068 20000000 		.word	32
 1005 006c 00000000 		.word	ltpb__hw_info__to_ftype__descriptor
 1006 0070 00000000 		.word	ltpb__hw_info__tof__default_value
 1007 0074 00000000 		.word	0
 1008 0078 00000000 		.word	0
 1009 007c 00000000 		.word	0
 1010 0080 00000000 		.word	0
 1011 0084 36000000 		.word	.LC7
 1012 0088 04000000 		.word	4
 1013 008c 01       		.byte	1
 1014 008d 0D       		.byte	13
 1015 008e 0000     		.space	2
 1016 0090 24000000 		.word	36
 1017 0094 28000000 		.word	40
 1018 0098 00000000 		.word	ltpb__hw_info__model_type__descriptor
 1019 009c 00000000 		.word	0
 1020 00a0 00000000 		.word	0
 1021 00a4 00000000 		.word	0
 1022 00a8 00000000 		.word	0
 1023 00ac 00000000 		.word	0
 1024              		.section	.rodata.ltpb__hw_info__flash_type__descriptor,"a",%progbits
 1025              		.align	2
 1028              	ltpb__hw_info__flash_type__descriptor:
 1029 0000 AF154311 		.word	289609135
 1030 0004 A1010000 		.word	.LC24
 1031 0008 B7010000 		.word	.LC25
 1032 000c C1010000 		.word	.LC26
 1033 0010 20000000 		.word	.LC3
 1034 0014 02000000 		.word	2
 1035 0018 00000000 		.word	ltpb__hw_info__flash_type__enum_values_by_number
 1036 001c 02000000 		.word	2
 1037 0020 00000000 		.word	ltpb__hw_info__flash_type__enum_values_by_name
 1038 0024 01000000 		.word	1
 1039 0028 00000000 		.word	ltpb__hw_info__flash_type__value_ranges
 1040 002c 00000000 		.word	0
 1041 0030 00000000 		.word	0
 1042 0034 00000000 		.word	0
 1043 0038 00000000 		.word	0
 1044              		.section	.rodata.ltpb__camera_module_hw_info__mirror_actuator__default_value,"a",%progbits
 1045              		.align	2
 1048              	ltpb__camera_module_hw_info__mirror_actuator__default_value:
 1049 0000 00000000 		.space	4
 1050              		.section	.rodata.ltpb__hw_info__model_type__enum_values_by_name,"a",%progbits
 1051              		.align	2
 1054              	ltpb__hw_info__model_type__enum_values_by_name:
 1055 0000 74000000 		.word	.LC11
 1056 0004 00000000 		.word	0
 1057 0008 7D000000 		.word	.LC12
 1058 000c 01000000 		.word	1
 1059 0010 88000000 		.word	.LC13
 1060 0014 02000000 		.word	2
 1061              		.section	.rodata.ltpb__camera_module_hw_info__mirror_actuator_type__enum_values_by_number,"a",%pro
 1062              		.align	2
 1065              	ltpb__camera_module_hw_info__mirror_actuator_type__enum_values_by_number:
 1066 0000 7F040000 		.word	.LC52
 1067 0004 97040000 		.word	.LC53
 1068 0008 00000000 		.word	0
 1069 000c 6B040000 		.word	.LC51
 1070 0010 E2040000 		.word	.LC54
 1071 0014 01000000 		.word	1
 1072              		.section	.rodata.ltpb__camera_module_hw_info__lens_type__descriptor,"a",%progbits
 1073              		.align	2
 1076              	ltpb__camera_module_hw_info__lens_type__descriptor:
 1077 0000 AF154311 		.word	289609135
 1078 0004 9B060000 		.word	.LC64
 1079 0008 BC060000 		.word	.LC65
 1080 000c C5060000 		.word	.LC66
 1081 0010 20000000 		.word	.LC3
 1082 0014 04000000 		.word	4
 1083 0018 00000000 		.word	ltpb__camera_module_hw_info__lens_type__enum_values_by_number
 1084 001c 04000000 		.word	4
 1085 0020 00000000 		.word	ltpb__camera_module_hw_info__lens_type__enum_values_by_name
 1086 0024 01000000 		.word	1
 1087 0028 00000000 		.word	ltpb__camera_module_hw_info__lens_type__value_ranges
 1088 002c 00000000 		.word	0
 1089 0030 00000000 		.word	0
 1090 0034 00000000 		.word	0
 1091 0038 00000000 		.word	0
 1092              		.section	.rodata.ltpb__camera_module_hw_info__lens_type__enum_values_by_number,"a",%progbits
 1093              		.align	2
 1096              	ltpb__camera_module_hw_info__lens_type__enum_values_by_number:
 1097 0000 0B070000 		.word	.LC70
 1098 0004 18070000 		.word	.LC71
 1099 0008 00000000 		.word	0
 1100 000c F4060000 		.word	.LC68
 1101 0010 4D070000 		.word	.LC72
 1102 0014 01000000 		.word	1
 1103 0018 E8060000 		.word	.LC67
 1104 001c 81070000 		.word	.LC73
 1105 0020 02000000 		.word	2
 1106 0024 00070000 		.word	.LC69
 1107 0028 B5070000 		.word	.LC74
 1108 002c 03000000 		.word	3
 1109              		.section	.rodata.ltpb__camera_module_hw_info__mirror_actuator_type__enum_values_by_name,"a",%progb
 1110              		.align	2
 1113              	ltpb__camera_module_hw_info__mirror_actuator_type__enum_values_by_name:
 1114 0000 6B040000 		.word	.LC51
 1115 0004 01000000 		.word	1
 1116 0008 7F040000 		.word	.LC52
 1117 000c 00000000 		.word	0
 1118              		.section	.rodata.init_value.6567,"a",%progbits
 1119              		.align	2
 1120              		.set	.LANCHOR1,. + 0
 1123              	init_value.6567:
 1124 0000 00000000 		.word	ltpb__hw_info__descriptor
 1125 0004 00000000 		.word	0
 1126 0008 00000000 		.word	0
 1127 000c 00000000 		.word	0
 1128 0010 00000000 		.word	0
 1129 0014 00000000 		.word	0
 1130 0018 00000000 		.word	0
 1131 001c 00000000 		.word	0
 1132 0020 00000000 		.word	0
 1133 0024 00000000 		.word	0
 1134 0028 00000000 		.word	0
 1135              		.section	.rodata.ltpb__camera_module_hw_info__number_ranges,"a",%progbits
 1136              		.align	2
 1139              	ltpb__camera_module_hw_info__number_ranges:
 1140 0000 01000000 		.word	1
 1141 0004 00000000 		.word	0
 1142 0008 00000000 		.word	0
 1143 000c 05000000 		.word	5
 1144              		.section	.rodata.ltpb__camera_module_hw_info__lens_type__enum_values_by_name,"a",%progbits
 1145              		.align	2
 1148              	ltpb__camera_module_hw_info__lens_type__enum_values_by_name:
 1149 0000 E8060000 		.word	.LC67
 1150 0004 02000000 		.word	2
 1151 0008 F4060000 		.word	.LC68
 1152 000c 01000000 		.word	1
 1153 0010 00070000 		.word	.LC69
 1154 0014 03000000 		.word	3
 1155 0018 0B070000 		.word	.LC70
 1156 001c 00000000 		.word	0
 1157              		.section	.rodata.ltpb__camera_module_hw_info__lens_actuator_type__descriptor,"a",%progbits
 1158              		.align	2
 1161              	ltpb__camera_module_hw_info__lens_actuator_type__descriptor:
 1162 0000 AF154311 		.word	289609135
 1163 0004 29050000 		.word	.LC55
 1164 0008 52050000 		.word	.LC56
 1165 000c 63050000 		.word	.LC57
 1166 0010 20000000 		.word	.LC3
 1167 0014 03000000 		.word	3
 1168 0018 00000000 		.word	ltpb__camera_module_hw_info__lens_actuator_type__enum_values_by_number
 1169 001c 03000000 		.word	3
 1170 0020 00000000 		.word	ltpb__camera_module_hw_info__lens_actuator_type__enum_values_by_name
 1171 0024 01000000 		.word	1
 1172 0028 00000000 		.word	ltpb__camera_module_hw_info__lens_actuator_type__value_ranges
 1173 002c 00000000 		.word	0
 1174 0030 00000000 		.word	0
 1175 0034 00000000 		.word	0
 1176 0038 00000000 		.word	0
 1177              		.section	.rodata.ltpb__hw_info__to_ftype__enum_values_by_number,"a",%progbits
 1178              		.align	2
 1181              	ltpb__hw_info__to_ftype__enum_values_by_number:
 1182 0000 44010000 		.word	.LC21
 1183 0004 50010000 		.word	.LC22
 1184 0008 00000000 		.word	0
 1185 000c 31010000 		.word	.LC20
 1186 0010 75010000 		.word	.LC23
 1187 0014 01000000 		.word	1
 1188              		.section	.rodata.ltpb__hw_info__field_indices_by_name,"a",%progbits
 1189              		.align	2
 1192              	ltpb__hw_info__field_indices_by_name:
 1193 0000 00000000 		.word	0
 1194 0004 01000000 		.word	1
 1195 0008 03000000 		.word	3
 1196 000c 02000000 		.word	2
 1197              		.section	.rodata.ltpb__hw_info__flash_type__enum_values_by_number,"a",%progbits
 1198              		.align	2
 1201              	ltpb__hw_info__flash_type__enum_values_by_number:
 1202 0000 EC010000 		.word	.LC28
 1203 0004 FA010000 		.word	.LC29
 1204 0008 00000000 		.word	0
 1205 000c D9010000 		.word	.LC27
 1206 0010 23020000 		.word	.LC30
 1207 0014 01000000 		.word	1
 1208              		.section	.rodata.ltpb__hw_info__to_ftype__value_ranges,"a",%progbits
 1209              		.align	2
 1212              	ltpb__hw_info__to_ftype__value_ranges:
 1213 0000 00000000 		.word	0
 1214 0004 00000000 		.word	0
 1215 0008 00000000 		.word	0
 1216 000c 02000000 		.word	2
 1217              		.section	.rodata.ltpb__hw_info__flash_type__value_ranges,"a",%progbits
 1218              		.align	2
 1221              	ltpb__hw_info__flash_type__value_ranges:
 1222 0000 00000000 		.word	0
 1223 0004 00000000 		.word	0
 1224 0008 00000000 		.word	0
 1225 000c 02000000 		.word	2
 1226              		.section	.rodata.__FUNCTION__.6581,"a",%progbits
 1227              		.set	.LANCHOR10,. + 0
 1230              	__FUNCTION__.6581:
 1231 0000 6C747062 		.ascii	"ltpb__hw_info__pack_to_buffer\000"
 1231      5F5F6877 
 1231      5F696E66 
 1231      6F5F5F70 
 1231      61636B5F 
 1232              		.section	.rodata.__FUNCTION__.6553,"a",%progbits
 1233              		.set	.LANCHOR5,. + 0
 1236              	__FUNCTION__.6553:
 1237 0000 6C747062 		.ascii	"ltpb__camera_module_hw_info__pack_to_buffer\000"
 1237      5F5F6361 
 1237      6D657261 
 1237      5F6D6F64 
 1237      756C655F 
 1238              		.section	.rodata.ltpb__camera_module_hw_info__field_indices_by_name,"a",%progbits
 1239              		.align	2
 1242              	ltpb__camera_module_hw_info__field_indices_by_name:
 1243 0000 00000000 		.word	0
 1244 0004 02000000 		.word	2
 1245 0008 04000000 		.word	4
 1246 000c 03000000 		.word	3
 1247 0010 01000000 		.word	1
 1248              		.section	.rodata.__FUNCTION__.6571,"a",%progbits
 1249              		.set	.LANCHOR8,. + 0
 1252              	__FUNCTION__.6571:
 1253 0000 6C747062 		.ascii	"ltpb__hw_info__get_packed_size\000"
 1253      5F5F6877 
 1253      5F696E66 
 1253      6F5F5F67 
 1253      65745F70 
 1254              		.section	.rodata.ltpb__hw_info__model_type__enum_values_by_number,"a",%progbits
 1255              		.align	2
 1258              	ltpb__hw_info__model_type__enum_values_by_number:
 1259 0000 74000000 		.word	.LC11
 1260 0004 91000000 		.word	.LC14
 1261 0008 00000000 		.word	0
 1262 000c 7D000000 		.word	.LC12
 1263 0010 B5000000 		.word	.LC15
 1264 0014 01000000 		.word	1
 1265 0018 88000000 		.word	.LC13
 1266 001c DB000000 		.word	.LC16
 1267 0020 02000000 		.word	2
 1268              		.section	.rodata.__FUNCTION__.6576,"a",%progbits
 1269              		.set	.LANCHOR9,. + 0
 1272              	__FUNCTION__.6576:
 1273 0000 6C747062 		.ascii	"ltpb__hw_info__pack\000"
 1273      5F5F6877 
 1273      5F696E66 
 1273      6F5F5F70 
 1273      61636B00 
 1274              		.section	.rodata.ltpb__camera_module_hw_info__mirror_actuator_type__descriptor,"a",%progbits
 1275              		.align	2
 1278              	ltpb__camera_module_hw_info__mirror_actuator_type__descriptor:
 1279 0000 AF154311 		.word	289609135
 1280 0004 00040000 		.word	.LC48
 1281 0008 2B040000 		.word	.LC49
 1282 000c 3E040000 		.word	.LC50
 1283 0010 20000000 		.word	.LC3
 1284 0014 02000000 		.word	2
 1285 0018 00000000 		.word	ltpb__camera_module_hw_info__mirror_actuator_type__enum_values_by_number
 1286 001c 02000000 		.word	2
 1287 0020 00000000 		.word	ltpb__camera_module_hw_info__mirror_actuator_type__enum_values_by_name
 1288 0024 01000000 		.word	1
 1289 0028 00000000 		.word	ltpb__camera_module_hw_info__mirror_actuator_type__value_ranges
 1290 002c 00000000 		.word	0
 1291 0030 00000000 		.word	0
 1292 0034 00000000 		.word	0
 1293 0038 00000000 		.word	0
 1294              		.section	.rodata.__FUNCTION__.6591,"a",%progbits
 1295              		.set	.LANCHOR11,. + 0
 1298              	__FUNCTION__.6591:
 1299 0000 6C747062 		.ascii	"ltpb__hw_info__free_unpacked\000"
 1299      5F5F6877 
 1299      5F696E66 
 1299      6F5F5F66 
 1299      7265655F 
 1300              		.section	.rodata.str1.1,"aMS",%progbits,1
 1301              	.LC0:
 1302 0000 6C747062 		.ascii	"ltpb.HwInfo\000"
 1302      2E487749 
 1302      6E666F00 
 1303              	.LC1:
 1304 000c 4877496E 		.ascii	"HwInfo\000"
 1304      666F00
 1305              	.LC2:
 1306 0013 4C747062 		.ascii	"Ltpb__HwInfo\000"
 1306      5F5F4877 
 1306      496E666F 
 1306      00
 1307              	.LC3:
 1308 0020 6C747062 		.ascii	"ltpb\000"
 1308      00
 1309              	.LC4:
 1310 0025 63616D65 		.ascii	"camera\000"
 1310      726100
 1311              	.LC5:
 1312 002c 666C6173 		.ascii	"flash\000"
 1312      6800
 1313              	.LC6:
 1314 0032 746F6600 		.ascii	"tof\000"
 1315              	.LC7:
 1316 0036 6D6F6465 		.ascii	"model\000"
 1316      6C00
 1317              	.LC8:
 1318 003c 6C747062 		.ascii	"ltpb.HwInfo.ModelType\000"
 1318      2E487749 
 1318      6E666F2E 
 1318      4D6F6465 
 1318      6C547970 
 1319              	.LC9:
 1320 0052 4D6F6465 		.ascii	"ModelType\000"
 1320      6C547970 
 1320      6500
 1321              	.LC10:
 1322 005c 4C747062 		.ascii	"Ltpb__HwInfo__ModelType\000"
 1322      5F5F4877 
 1322      496E666F 
 1322      5F5F4D6F 
 1322      64656C54 
 1323              	.LC11:
 1324 0074 4D4F4445 		.ascii	"MODEL_P1\000"
 1324      4C5F5031 
 1324      00
 1325              	.LC12:
 1326 007d 4D4F4445 		.ascii	"MODEL_P1_1\000"
 1326      4C5F5031 
 1326      5F3100
 1327              	.LC13:
 1328 0088 4D4F4445 		.ascii	"MODEL_P2\000"
 1328      4C5F5032 
 1328      00
 1329              	.LC14:
 1330 0091 4C545042 		.ascii	"LTPB__HW_INFO__MODEL_TYPE__MODEL_P1\000"
 1330      5F5F4857 
 1330      5F494E46 
 1330      4F5F5F4D 
 1330      4F44454C 
 1331              	.LC15:
 1332 00b5 4C545042 		.ascii	"LTPB__HW_INFO__MODEL_TYPE__MODEL_P1_1\000"
 1332      5F5F4857 
 1332      5F494E46 
 1332      4F5F5F4D 
 1332      4F44454C 
 1333              	.LC16:
 1334 00db 4C545042 		.ascii	"LTPB__HW_INFO__MODEL_TYPE__MODEL_P2\000"
 1334      5F5F4857 
 1334      5F494E46 
 1334      4F5F5F4D 
 1334      4F44454C 
 1335              	.LC17:
 1336 00ff 6C747062 		.ascii	"ltpb.HwInfo.ToFType\000"
 1336      2E487749 
 1336      6E666F2E 
 1336      546F4654 
 1336      79706500 
 1337              	.LC18:
 1338 0113 546F4654 		.ascii	"ToFType\000"
 1338      79706500 
 1339              	.LC19:
 1340 011b 4C747062 		.ascii	"Ltpb__HwInfo__ToFType\000"
 1340      5F5F4877 
 1340      496E666F 
 1340      5F5F546F 
 1340      46547970 
 1341              	.LC20:
 1342 0131 544F465F 		.ascii	"TOF_STMICRO_VL53L0\000"
 1342      53544D49 
 1342      43524F5F 
 1342      564C3533 
 1342      4C3000
 1343              	.LC21:
 1344 0144 544F465F 		.ascii	"TOF_UNKNOWN\000"
 1344      554E4B4E 
 1344      4F574E00 
 1345              	.LC22:
 1346 0150 4C545042 		.ascii	"LTPB__HW_INFO__TO_FTYPE__TOF_UNKNOWN\000"
 1346      5F5F4857 
 1346      5F494E46 
 1346      4F5F5F54 
 1346      4F5F4654 
 1347              	.LC23:
 1348 0175 4C545042 		.ascii	"LTPB__HW_INFO__TO_FTYPE__TOF_STMICRO_VL53L0\000"
 1348      5F5F4857 
 1348      5F494E46 
 1348      4F5F5F54 
 1348      4F5F4654 
 1349              	.LC24:
 1350 01a1 6C747062 		.ascii	"ltpb.HwInfo.FlashType\000"
 1350      2E487749 
 1350      6E666F2E 
 1350      466C6173 
 1350      68547970 
 1351              	.LC25:
 1352 01b7 466C6173 		.ascii	"FlashType\000"
 1352      68547970 
 1352      6500
 1353              	.LC26:
 1354 01c1 4C747062 		.ascii	"Ltpb__HwInfo__FlashType\000"
 1354      5F5F4877 
 1354      496E666F 
 1354      5F5F466C 
 1354      61736854 
 1355              	.LC27:
 1356 01d9 464C4153 		.ascii	"FLASH_OSRAM_CBLPM1\000"
 1356      485F4F53 
 1356      52414D5F 
 1356      43424C50 
 1356      4D3100
 1357              	.LC28:
 1358 01ec 464C4153 		.ascii	"FLASH_UNKNOWN\000"
 1358      485F554E 
 1358      4B4E4F57 
 1358      4E00
 1359              	.LC29:
 1360 01fa 4C545042 		.ascii	"LTPB__HW_INFO__FLASH_TYPE__FLASH_UNKNOWN\000"
 1360      5F5F4857 
 1360      5F494E46 
 1360      4F5F5F46 
 1360      4C415348 
 1361              	.LC30:
 1362 0223 4C545042 		.ascii	"LTPB__HW_INFO__FLASH_TYPE__FLASH_OSRAM_CBLPM1\000"
 1362      5F5F4857 
 1362      5F494E46 
 1362      4F5F5F46 
 1362      4C415348 
 1363              	.LC31:
 1364 0251 6C747062 		.ascii	"ltpb.CameraModuleHwInfo\000"
 1364      2E43616D 
 1364      6572614D 
 1364      6F64756C 
 1364      65487749 
 1365              	.LC32:
 1366 0269 43616D65 		.ascii	"CameraModuleHwInfo\000"
 1366      72614D6F 
 1366      64756C65 
 1366      4877496E 
 1366      666F00
 1367              	.LC33:
 1368 027c 4C747062 		.ascii	"Ltpb__CameraModuleHwInfo\000"
 1368      5F5F4361 
 1368      6D657261 
 1368      4D6F6475 
 1368      6C654877 
 1369              	.LC34:
 1370 0295 696400   		.ascii	"id\000"
 1371              	.LC35:
 1372 0298 73656E73 		.ascii	"sensor\000"
 1372      6F7200
 1373              	.LC36:
 1374 029f 6C656E73 		.ascii	"lens\000"
 1374      00
 1375              	.LC37:
 1376 02a4 6D697272 		.ascii	"mirror_actuator\000"
 1376      6F725F61 
 1376      63747561 
 1376      746F7200 
 1377              	.LC38:
 1378 02b4 6D697272 		.ascii	"mirror\000"
 1378      6F7200
 1379              	.LC39:
 1380 02bb 6C747062 		.ascii	"ltpb.CameraModuleHwInfo.MirrorType\000"
 1380      2E43616D 
 1380      6572614D 
 1380      6F64756C 
 1380      65487749 
 1381              	.LC40:
 1382 02de 4D697272 		.ascii	"MirrorType\000"
 1382      6F725479 
 1382      706500
 1383              	.LC41:
 1384 02e9 4C747062 		.ascii	"Ltpb__CameraModuleHwInfo__MirrorType\000"
 1384      5F5F4361 
 1384      6D657261 
 1384      4D6F6475 
 1384      6C654877 
 1385              	.LC42:
 1386 030e 4D495252 		.ascii	"MIRROR_DIELECTRIC_SNX\000"
 1386      4F525F44 
 1386      49454C45 
 1386      43545249 
 1386      435F534E 
 1387              	.LC43:
 1388 0324 4D495252 		.ascii	"MIRROR_SILVER_ZUISHO\000"
 1388      4F525F53 
 1388      494C5645 
 1388      525F5A55 
 1388      4953484F 
 1389              	.LC44:
 1390 0339 4D495252 		.ascii	"MIRROR_UNKNOWN\000"
 1390      4F525F55 
 1390      4E4B4E4F 
 1390      574E00
 1391              	.LC45:
 1392 0348 4C545042 		.ascii	"LTPB__CAMERA_MODULE_HW_INFO__MIRROR_TYPE__MIRROR_UN"
 1392      5F5F4341 
 1392      4D455241 
 1392      5F4D4F44 
 1392      554C455F 
 1393 037b 4B4E4F57 		.ascii	"KNOWN\000"
 1393      4E00
 1394              	.LC46:
 1395 0381 4C545042 		.ascii	"LTPB__CAMERA_MODULE_HW_INFO__MIRROR_TYPE__MIRROR_DI"
 1395      5F5F4341 
 1395      4D455241 
 1395      5F4D4F44 
 1395      554C455F 
 1396 03b4 454C4543 		.ascii	"ELECTRIC_SNX\000"
 1396      54524943 
 1396      5F534E58 
 1396      00
 1397              	.LC47:
 1398 03c1 4C545042 		.ascii	"LTPB__CAMERA_MODULE_HW_INFO__MIRROR_TYPE__MIRROR_SI"
 1398      5F5F4341 
 1398      4D455241 
 1398      5F4D4F44 
 1398      554C455F 
 1399 03f4 4C564552 		.ascii	"LVER_ZUISHO\000"
 1399      5F5A5549 
 1399      53484F00 
 1400              	.LC48:
 1401 0400 6C747062 		.ascii	"ltpb.CameraModuleHwInfo.MirrorActuatorType\000"
 1401      2E43616D 
 1401      6572614D 
 1401      6F64756C 
 1401      65487749 
 1402              	.LC49:
 1403 042b 4D697272 		.ascii	"MirrorActuatorType\000"
 1403      6F724163 
 1403      74756174 
 1403      6F725479 
 1403      706500
 1404              	.LC50:
 1405 043e 4C747062 		.ascii	"Ltpb__CameraModuleHwInfo__MirrorActuatorType\000"
 1405      5F5F4361 
 1405      6D657261 
 1405      4D6F6475 
 1405      6C654877 
 1406              	.LC51:
 1407 046b 4D495252 		.ascii	"MIRROR_ACTUATOR_PZT\000"
 1407      4F525F41 
 1407      43545541 
 1407      544F525F 
 1407      505A5400 
 1408              	.LC52:
 1409 047f 4D495252 		.ascii	"MIRROR_ACTUATOR_UNKNOWN\000"
 1409      4F525F41 
 1409      43545541 
 1409      544F525F 
 1409      554E4B4E 
 1410              	.LC53:
 1411 0497 4C545042 		.ascii	"LTPB__CAMERA_MODULE_HW_INFO__MIRROR_ACTUATOR_TYPE__"
 1411      5F5F4341 
 1411      4D455241 
 1411      5F4D4F44 
 1411      554C455F 
 1412 04ca 4D495252 		.ascii	"MIRROR_ACTUATOR_UNKNOWN\000"
 1412      4F525F41 
 1412      43545541 
 1412      544F525F 
 1412      554E4B4E 
 1413              	.LC54:
 1414 04e2 4C545042 		.ascii	"LTPB__CAMERA_MODULE_HW_INFO__MIRROR_ACTUATOR_TYPE__"
 1414      5F5F4341 
 1414      4D455241 
 1414      5F4D4F44 
 1414      554C455F 
 1415 0515 4D495252 		.ascii	"MIRROR_ACTUATOR_PZT\000"
 1415      4F525F41 
 1415      43545541 
 1415      544F525F 
 1415      505A5400 
 1416              	.LC55:
 1417 0529 6C747062 		.ascii	"ltpb.CameraModuleHwInfo.LensActuatorType\000"
 1417      2E43616D 
 1417      6572614D 
 1417      6F64756C 
 1417      65487749 
 1418              	.LC56:
 1419 0552 4C656E73 		.ascii	"LensActuatorType\000"
 1419      41637475 
 1419      61746F72 
 1419      54797065 
 1419      00
 1420              	.LC57:
 1421 0563 4C747062 		.ascii	"Ltpb__CameraModuleHwInfo__LensActuatorType\000"
 1421      5F5F4361 
 1421      6D657261 
 1421      4D6F6475 
 1421      6C654877 
 1422              	.LC58:
 1423 058e 4C454E53 		.ascii	"LENS_ACTUATOR_PZT\000"
 1423      5F414354 
 1423      5541544F 
 1423      525F505A 
 1423      5400
 1424              	.LC59:
 1425 05a0 4C454E53 		.ascii	"LENS_ACTUATOR_SHICOH\000"
 1425      5F414354 
 1425      5541544F 
 1425      525F5348 
 1425      49434F48 
 1426              	.LC60:
 1427 05b5 4C454E53 		.ascii	"LENS_ACTUATOR_UNKNOWN\000"
 1427      5F414354 
 1427      5541544F 
 1427      525F554E 
 1427      4B4E4F57 
 1428              	.LC61:
 1429 05cb 4C545042 		.ascii	"LTPB__CAMERA_MODULE_HW_INFO__LENS_ACTUATOR_TYPE__LE"
 1429      5F5F4341 
 1429      4D455241 
 1429      5F4D4F44 
 1429      554C455F 
 1430 05fe 4E535F41 		.ascii	"NS_ACTUATOR_UNKNOWN\000"
 1430      43545541 
 1430      544F525F 
 1430      554E4B4E 
 1430      4F574E00 
 1431              	.LC62:
 1432 0612 4C545042 		.ascii	"LTPB__CAMERA_MODULE_HW_INFO__LENS_ACTUATOR_TYPE__LE"
 1432      5F5F4341 
 1432      4D455241 
 1432      5F4D4F44 
 1432      554C455F 
 1433 0645 4E535F41 		.ascii	"NS_ACTUATOR_SHICOH\000"
 1433      43545541 
 1433      544F525F 
 1433      53484943 
 1433      4F4800
 1434              	.LC63:
 1435 0658 4C545042 		.ascii	"LTPB__CAMERA_MODULE_HW_INFO__LENS_ACTUATOR_TYPE__LE"
 1435      5F5F4341 
 1435      4D455241 
 1435      5F4D4F44 
 1435      554C455F 
 1436 068b 4E535F41 		.ascii	"NS_ACTUATOR_PZT\000"
 1436      43545541 
 1436      544F525F 
 1436      505A5400 
 1437              	.LC64:
 1438 069b 6C747062 		.ascii	"ltpb.CameraModuleHwInfo.LensType\000"
 1438      2E43616D 
 1438      6572614D 
 1438      6F64756C 
 1438      65487749 
 1439              	.LC65:
 1440 06bc 4C656E73 		.ascii	"LensType\000"
 1440      54797065 
 1440      00
 1441              	.LC66:
 1442 06c5 4C747062 		.ascii	"Ltpb__CameraModuleHwInfo__LensType\000"
 1442      5F5F4361 
 1442      6D657261 
 1442      4D6F6475 
 1442      6C654877 
 1443              	.LC67:
 1444 06e8 4C454E53 		.ascii	"LENS_LARGAN\000"
 1444      5F4C4152 
 1444      47414E00 
 1445              	.LC68:
 1446 06f4 4C454E53 		.ascii	"LENS_SHOWIN\000"
 1446      5F53484F 
 1446      57494E00 
 1447              	.LC69:
 1448 0700 4C454E53 		.ascii	"LENS_SUNNY\000"
 1448      5F53554E 
 1448      4E5900
 1449              	.LC70:
 1450 070b 4C454E53 		.ascii	"LENS_UNKNOWN\000"
 1450      5F554E4B 
 1450      4E4F574E 
 1450      00
 1451              	.LC71:
 1452 0718 4C545042 		.ascii	"LTPB__CAMERA_MODULE_HW_INFO__LENS_TYPE__LENS_UNKNOW"
 1452      5F5F4341 
 1452      4D455241 
 1452      5F4D4F44 
 1452      554C455F 
 1453 074b 4E00     		.ascii	"N\000"
 1454              	.LC72:
 1455 074d 4C545042 		.ascii	"LTPB__CAMERA_MODULE_HW_INFO__LENS_TYPE__LENS_SHOWIN"
 1455      5F5F4341 
 1455      4D455241 
 1455      5F4D4F44 
 1455      554C455F 
 1456 0780 00       		.ascii	"\000"
 1457              	.LC73:
 1458 0781 4C545042 		.ascii	"LTPB__CAMERA_MODULE_HW_INFO__LENS_TYPE__LENS_LARGAN"
 1458      5F5F4341 
 1458      4D455241 
 1458      5F4D4F44 
 1458      554C455F 
 1459 07b4 00       		.ascii	"\000"
 1460              	.LC74:
 1461 07b5 4C545042 		.ascii	"LTPB__CAMERA_MODULE_HW_INFO__LENS_TYPE__LENS_SUNNY\000"
 1461      5F5F4341 
 1461      4D455241 
 1461      5F4D4F44 
 1461      554C455F 
 1462              		.section	.rodata.ltpb__camera_module_hw_info__lens__default_value,"a",%progbits
 1463              		.align	2
 1466              	ltpb__camera_module_hw_info__lens__default_value:
 1467 0000 00000000 		.space	4
 1468              		.section	.rodata.ltpb__hw_info__model_type__descriptor,"a",%progbits
 1469              		.align	2
 1472              	ltpb__hw_info__model_type__descriptor:
 1473 0000 AF154311 		.word	289609135
 1474 0004 3C000000 		.word	.LC8
 1475 0008 52000000 		.word	.LC9
 1476 000c 5C000000 		.word	.LC10
 1477 0010 20000000 		.word	.LC3
 1478 0014 03000000 		.word	3
 1479 0018 00000000 		.word	ltpb__hw_info__model_type__enum_values_by_number
 1480 001c 03000000 		.word	3
 1481 0020 00000000 		.word	ltpb__hw_info__model_type__enum_values_by_name
 1482 0024 01000000 		.word	1
 1483 0028 00000000 		.word	ltpb__hw_info__model_type__value_ranges
 1484 002c 00000000 		.word	0
 1485 0030 00000000 		.word	0
 1486 0034 00000000 		.word	0
 1487 0038 00000000 		.word	0
 1488              		.section	.rodata.ltpb__camera_module_hw_info__mirror_type__descriptor,"a",%progbits
 1489              		.align	2
 1492              	ltpb__camera_module_hw_info__mirror_type__descriptor:
 1493 0000 AF154311 		.word	289609135
 1494 0004 BB020000 		.word	.LC39
 1495 0008 DE020000 		.word	.LC40
 1496 000c E9020000 		.word	.LC41
 1497 0010 20000000 		.word	.LC3
 1498 0014 03000000 		.word	3
 1499 0018 00000000 		.word	ltpb__camera_module_hw_info__mirror_type__enum_values_by_number
 1500 001c 03000000 		.word	3
 1501 0020 00000000 		.word	ltpb__camera_module_hw_info__mirror_type__enum_values_by_name
 1502 0024 01000000 		.word	1
 1503 0028 00000000 		.word	ltpb__camera_module_hw_info__mirror_type__value_ranges
 1504 002c 00000000 		.word	0
 1505 0030 00000000 		.word	0
 1506 0034 00000000 		.word	0
 1507 0038 00000000 		.word	0
 1508              		.text
 1509              	.Letext0:
 1510              		.file 2 "/opt/toolchains/gcc-arm-none-eabi-4_9-2015q1/arm-none-eabi/include/machine/_default_types
 1511              		.file 3 "/opt/toolchains/gcc-arm-none-eabi-4_9-2015q1/lib/gcc/arm-none-eabi/4.9.3/include/stddef.h
 1512              		.file 4 "/opt/toolchains/gcc-arm-none-eabi-4_9-2015q1/arm-none-eabi/include/stdint.h"
 1513              		.file 5 "/home/tienluong/workspace/atlantis_fw/platform/os/Source/portable/GCC/cortex-r4/portmacro
 1514              		.file 6 "/home/tienluong/workspace/atlantis_fw/platform/common/lightheader/include/protobuf-c/prot
 1515              		.file 7 "/home/tienluong/workspace/atlantis_fw/platform/common/lightheader/include/sensor_type.pb-
 1516              		.file 8 "/home/tienluong/workspace/atlantis_fw/platform/common/lightheader/include/camera_id.pb-c.
 1517              		.file 9 "/home/tienluong/workspace/atlantis_fw/platform/common/lightheader/include/hw_info.pb-c.h"
DEFINED SYMBOLS
                            *ABS*:00000000 hw_info.pb-c.c
     /tmp/ccLS9xJe.s:19     .text.ltpb__camera_module_hw_info__init:00000000 $t
     /tmp/ccLS9xJe.s:24     .text.ltpb__camera_module_hw_info__init:00000000 ltpb__camera_module_hw_info__init
     /tmp/ccLS9xJe.s:55     .text.ltpb__camera_module_hw_info__init:00000018 $d
     /tmp/ccLS9xJe.s:60     .text.ltpb__hw_info__init:00000000 $t
     /tmp/ccLS9xJe.s:65     .text.ltpb__hw_info__init:00000000 ltpb__hw_info__init
     /tmp/ccLS9xJe.s:95     .text.ltpb__hw_info__init:00000018 $d
     /tmp/ccLS9xJe.s:100    .text.ltpb__camera_module_hw_info__get_packed_size:00000000 $t
     /tmp/ccLS9xJe.s:105    .text.ltpb__camera_module_hw_info__get_packed_size:00000000 ltpb__camera_module_hw_info__get_packed_size
     /tmp/ccLS9xJe.s:146    .text.ltpb__camera_module_hw_info__get_packed_size:0000001c $d
     /tmp/ccLS9xJe.s:154    .text.ltpb__camera_module_hw_info__pack:00000000 $t
     /tmp/ccLS9xJe.s:159    .text.ltpb__camera_module_hw_info__pack:00000000 ltpb__camera_module_hw_info__pack
     /tmp/ccLS9xJe.s:205    .text.ltpb__camera_module_hw_info__pack:00000020 $d
     /tmp/ccLS9xJe.s:213    .text.ltpb__camera_module_hw_info__pack_to_buffer:00000000 $t
     /tmp/ccLS9xJe.s:218    .text.ltpb__camera_module_hw_info__pack_to_buffer:00000000 ltpb__camera_module_hw_info__pack_to_buffer
     /tmp/ccLS9xJe.s:264    .text.ltpb__camera_module_hw_info__pack_to_buffer:00000020 $d
     /tmp/ccLS9xJe.s:272    .text.ltpb__camera_module_hw_info__unpack:00000000 $t
     /tmp/ccLS9xJe.s:277    .text.ltpb__camera_module_hw_info__unpack:00000000 ltpb__camera_module_hw_info__unpack
     /tmp/ccLS9xJe.s:312    .text.ltpb__camera_module_hw_info__unpack:00000014 $d
     /tmp/ccLS9xJe.s:318    .text.ltpb__camera_module_hw_info__free_unpacked:00000000 $t
     /tmp/ccLS9xJe.s:323    .text.ltpb__camera_module_hw_info__free_unpacked:00000000 ltpb__camera_module_hw_info__free_unpacked
     /tmp/ccLS9xJe.s:368    .text.ltpb__camera_module_hw_info__free_unpacked:00000020 $d
     /tmp/ccLS9xJe.s:376    .text.ltpb__hw_info__get_packed_size:00000000 $t
     /tmp/ccLS9xJe.s:381    .text.ltpb__hw_info__get_packed_size:00000000 ltpb__hw_info__get_packed_size
     /tmp/ccLS9xJe.s:422    .text.ltpb__hw_info__get_packed_size:0000001c $d
     /tmp/ccLS9xJe.s:430    .text.ltpb__hw_info__pack:00000000 $t
     /tmp/ccLS9xJe.s:435    .text.ltpb__hw_info__pack:00000000 ltpb__hw_info__pack
     /tmp/ccLS9xJe.s:481    .text.ltpb__hw_info__pack:00000020 $d
     /tmp/ccLS9xJe.s:489    .text.ltpb__hw_info__pack_to_buffer:00000000 $t
     /tmp/ccLS9xJe.s:494    .text.ltpb__hw_info__pack_to_buffer:00000000 ltpb__hw_info__pack_to_buffer
     /tmp/ccLS9xJe.s:540    .text.ltpb__hw_info__pack_to_buffer:00000020 $d
     /tmp/ccLS9xJe.s:548    .text.ltpb__hw_info__unpack:00000000 $t
     /tmp/ccLS9xJe.s:553    .text.ltpb__hw_info__unpack:00000000 ltpb__hw_info__unpack
     /tmp/ccLS9xJe.s:588    .text.ltpb__hw_info__unpack:00000014 $d
     /tmp/ccLS9xJe.s:594    .text.ltpb__hw_info__free_unpacked:00000000 $t
     /tmp/ccLS9xJe.s:599    .text.ltpb__hw_info__free_unpacked:00000000 ltpb__hw_info__free_unpacked
     /tmp/ccLS9xJe.s:644    .text.ltpb__hw_info__free_unpacked:00000020 $d
     /tmp/ccLS9xJe.s:720    .rodata.ltpb__hw_info__descriptor:00000000 ltpb__hw_info__descriptor
     /tmp/ccLS9xJe.s:1472   .rodata.ltpb__hw_info__model_type__descriptor:00000000 ltpb__hw_info__model_type__descriptor
     /tmp/ccLS9xJe.s:766    .rodata.ltpb__hw_info__to_ftype__descriptor:00000000 ltpb__hw_info__to_ftype__descriptor
     /tmp/ccLS9xJe.s:1028   .rodata.ltpb__hw_info__flash_type__descriptor:00000000 ltpb__hw_info__flash_type__descriptor
     /tmp/ccLS9xJe.s:875    .rodata.ltpb__camera_module_hw_info__descriptor:00000000 ltpb__camera_module_hw_info__descriptor
     /tmp/ccLS9xJe.s:1492   .rodata.ltpb__camera_module_hw_info__mirror_type__descriptor:00000000 ltpb__camera_module_hw_info__mirror_type__descriptor
     /tmp/ccLS9xJe.s:1278   .rodata.ltpb__camera_module_hw_info__mirror_actuator_type__descriptor:00000000 ltpb__camera_module_hw_info__mirror_actuator_type__descriptor
     /tmp/ccLS9xJe.s:1161   .rodata.ltpb__camera_module_hw_info__lens_actuator_type__descriptor:00000000 ltpb__camera_module_hw_info__lens_actuator_type__descriptor
     /tmp/ccLS9xJe.s:1076   .rodata.ltpb__camera_module_hw_info__lens_type__descriptor:00000000 ltpb__camera_module_hw_info__lens_type__descriptor
     /tmp/ccLS9xJe.s:661    .rodata.init_value.6539:00000000 $d
     /tmp/ccLS9xJe.s:665    .rodata.init_value.6539:00000000 init_value.6539
     /tmp/ccLS9xJe.s:678    .rodata.ltpb__hw_info__model_type__value_ranges:00000000 $d
     /tmp/ccLS9xJe.s:681    .rodata.ltpb__hw_info__model_type__value_ranges:00000000 ltpb__hw_info__model_type__value_ranges
     /tmp/ccLS9xJe.s:687    .rodata.ltpb__camera_module_hw_info__lens_type__value_ranges:00000000 $d
     /tmp/ccLS9xJe.s:690    .rodata.ltpb__camera_module_hw_info__lens_type__value_ranges:00000000 ltpb__camera_module_hw_info__lens_type__value_ranges
     /tmp/ccLS9xJe.s:696    .rodata.ltpb__hw_info__flash_type__enum_values_by_name:00000000 $d
     /tmp/ccLS9xJe.s:699    .rodata.ltpb__hw_info__flash_type__enum_values_by_name:00000000 ltpb__hw_info__flash_type__enum_values_by_name
     /tmp/ccLS9xJe.s:705    .rodata.ltpb__camera_module_hw_info__mirror_type__enum_values_by_name:00000000 $d
     /tmp/ccLS9xJe.s:708    .rodata.ltpb__camera_module_hw_info__mirror_type__enum_values_by_name:00000000 ltpb__camera_module_hw_info__mirror_type__enum_values_by_name
     /tmp/ccLS9xJe.s:716    .rodata.ltpb__hw_info__descriptor:00000000 $d
     /tmp/ccLS9xJe.s:971    .rodata.ltpb__hw_info__field_descriptors:00000000 ltpb__hw_info__field_descriptors
     /tmp/ccLS9xJe.s:1192   .rodata.ltpb__hw_info__field_indices_by_name:00000000 ltpb__hw_info__field_indices_by_name
     /tmp/ccLS9xJe.s:757    .rodata.ltpb__hw_info__number_ranges:00000000 ltpb__hw_info__number_ranges
     /tmp/ccLS9xJe.s:737    .rodata.ltpb__hw_info__flash__default_value:00000000 $d
     /tmp/ccLS9xJe.s:740    .rodata.ltpb__hw_info__flash__default_value:00000000 ltpb__hw_info__flash__default_value
     /tmp/ccLS9xJe.s:743    .rodata.ltpb__camera_module_hw_info__lens_actuator_type__enum_values_by_name:00000000 $d
     /tmp/ccLS9xJe.s:746    .rodata.ltpb__camera_module_hw_info__lens_actuator_type__enum_values_by_name:00000000 ltpb__camera_module_hw_info__lens_actuator_type__enum_values_by_name
     /tmp/ccLS9xJe.s:754    .rodata.ltpb__hw_info__number_ranges:00000000 $d
     /tmp/ccLS9xJe.s:763    .rodata.ltpb__hw_info__to_ftype__descriptor:00000000 $d
     /tmp/ccLS9xJe.s:1181   .rodata.ltpb__hw_info__to_ftype__enum_values_by_number:00000000 ltpb__hw_info__to_ftype__enum_values_by_number
     /tmp/ccLS9xJe.s:806    .rodata.ltpb__hw_info__to_ftype__enum_values_by_name:00000000 ltpb__hw_info__to_ftype__enum_values_by_name
     /tmp/ccLS9xJe.s:1212   .rodata.ltpb__hw_info__to_ftype__value_ranges:00000000 ltpb__hw_info__to_ftype__value_ranges
     /tmp/ccLS9xJe.s:783    .rodata.ltpb__camera_module_hw_info__mirror_type__enum_values_by_number:00000000 $d
     /tmp/ccLS9xJe.s:786    .rodata.ltpb__camera_module_hw_info__mirror_type__enum_values_by_number:00000000 ltpb__camera_module_hw_info__mirror_type__enum_values_by_number
     /tmp/ccLS9xJe.s:797    .rodata.ltpb__hw_info__tof__default_value:00000000 $d
     /tmp/ccLS9xJe.s:800    .rodata.ltpb__hw_info__tof__default_value:00000000 ltpb__hw_info__tof__default_value
     /tmp/ccLS9xJe.s:803    .rodata.ltpb__hw_info__to_ftype__enum_values_by_name:00000000 $d
     /tmp/ccLS9xJe.s:812    .rodata.ltpb__camera_module_hw_info__mirror_type__value_ranges:00000000 $d
     /tmp/ccLS9xJe.s:815    .rodata.ltpb__camera_module_hw_info__mirror_type__value_ranges:00000000 ltpb__camera_module_hw_info__mirror_type__value_ranges
     /tmp/ccLS9xJe.s:821    .rodata.ltpb__camera_module_hw_info__mirror_actuator_type__value_ranges:00000000 $d
     /tmp/ccLS9xJe.s:824    .rodata.ltpb__camera_module_hw_info__mirror_actuator_type__value_ranges:00000000 ltpb__camera_module_hw_info__mirror_actuator_type__value_ranges
     /tmp/ccLS9xJe.s:830    .rodata.ltpb__camera_module_hw_info__lens_actuator_type__enum_values_by_number:00000000 $d
     /tmp/ccLS9xJe.s:833    .rodata.ltpb__camera_module_hw_info__lens_actuator_type__enum_values_by_number:00000000 ltpb__camera_module_hw_info__lens_actuator_type__enum_values_by_number
     /tmp/ccLS9xJe.s:844    .rodata.ltpb__camera_module_hw_info__lens_actuator_type__value_ranges:00000000 $d
     /tmp/ccLS9xJe.s:847    .rodata.ltpb__camera_module_hw_info__lens_actuator_type__value_ranges:00000000 ltpb__camera_module_hw_info__lens_actuator_type__value_ranges
     /tmp/ccLS9xJe.s:856    .rodata.__FUNCTION__.6543:00000000 __FUNCTION__.6543
     /tmp/ccLS9xJe.s:862    .rodata.__FUNCTION__.6548:00000000 __FUNCTION__.6548
     /tmp/ccLS9xJe.s:868    .rodata.__FUNCTION__.6563:00000000 __FUNCTION__.6563
     /tmp/ccLS9xJe.s:871    .rodata.ltpb__camera_module_hw_info__descriptor:00000000 $d
     /tmp/ccLS9xJe.s:895    .rodata.ltpb__camera_module_hw_info__field_descriptors:00000000 ltpb__camera_module_hw_info__field_descriptors
     /tmp/ccLS9xJe.s:1242   .rodata.ltpb__camera_module_hw_info__field_indices_by_name:00000000 ltpb__camera_module_hw_info__field_indices_by_name
     /tmp/ccLS9xJe.s:1139   .rodata.ltpb__camera_module_hw_info__number_ranges:00000000 ltpb__camera_module_hw_info__number_ranges
     /tmp/ccLS9xJe.s:892    .rodata.ltpb__camera_module_hw_info__field_descriptors:00000000 $d
     /tmp/ccLS9xJe.s:1466   .rodata.ltpb__camera_module_hw_info__lens__default_value:00000000 ltpb__camera_module_hw_info__lens__default_value
     /tmp/ccLS9xJe.s:1048   .rodata.ltpb__camera_module_hw_info__mirror_actuator__default_value:00000000 ltpb__camera_module_hw_info__mirror_actuator__default_value
     /tmp/ccLS9xJe.s:965    .rodata.ltpb__camera_module_hw_info__mirror__default_value:00000000 ltpb__camera_module_hw_info__mirror__default_value
     /tmp/ccLS9xJe.s:962    .rodata.ltpb__camera_module_hw_info__mirror__default_value:00000000 $d
     /tmp/ccLS9xJe.s:968    .rodata.ltpb__hw_info__field_descriptors:00000000 $d
     /tmp/ccLS9xJe.s:1025   .rodata.ltpb__hw_info__flash_type__descriptor:00000000 $d
     /tmp/ccLS9xJe.s:1201   .rodata.ltpb__hw_info__flash_type__enum_values_by_number:00000000 ltpb__hw_info__flash_type__enum_values_by_number
     /tmp/ccLS9xJe.s:1221   .rodata.ltpb__hw_info__flash_type__value_ranges:00000000 ltpb__hw_info__flash_type__value_ranges
     /tmp/ccLS9xJe.s:1045   .rodata.ltpb__camera_module_hw_info__mirror_actuator__default_value:00000000 $d
     /tmp/ccLS9xJe.s:1051   .rodata.ltpb__hw_info__model_type__enum_values_by_name:00000000 $d
     /tmp/ccLS9xJe.s:1054   .rodata.ltpb__hw_info__model_type__enum_values_by_name:00000000 ltpb__hw_info__model_type__enum_values_by_name
     /tmp/ccLS9xJe.s:1062   .rodata.ltpb__camera_module_hw_info__mirror_actuator_type__enum_values_by_number:00000000 $d
     /tmp/ccLS9xJe.s:1065   .rodata.ltpb__camera_module_hw_info__mirror_actuator_type__enum_values_by_number:00000000 ltpb__camera_module_hw_info__mirror_actuator_type__enum_values_by_number
     /tmp/ccLS9xJe.s:1073   .rodata.ltpb__camera_module_hw_info__lens_type__descriptor:00000000 $d
     /tmp/ccLS9xJe.s:1096   .rodata.ltpb__camera_module_hw_info__lens_type__enum_values_by_number:00000000 ltpb__camera_module_hw_info__lens_type__enum_values_by_number
     /tmp/ccLS9xJe.s:1148   .rodata.ltpb__camera_module_hw_info__lens_type__enum_values_by_name:00000000 ltpb__camera_module_hw_info__lens_type__enum_values_by_name
     /tmp/ccLS9xJe.s:1093   .rodata.ltpb__camera_module_hw_info__lens_type__enum_values_by_number:00000000 $d
     /tmp/ccLS9xJe.s:1110   .rodata.ltpb__camera_module_hw_info__mirror_actuator_type__enum_values_by_name:00000000 $d
     /tmp/ccLS9xJe.s:1113   .rodata.ltpb__camera_module_hw_info__mirror_actuator_type__enum_values_by_name:00000000 ltpb__camera_module_hw_info__mirror_actuator_type__enum_values_by_name
     /tmp/ccLS9xJe.s:1119   .rodata.init_value.6567:00000000 $d
     /tmp/ccLS9xJe.s:1123   .rodata.init_value.6567:00000000 init_value.6567
     /tmp/ccLS9xJe.s:1136   .rodata.ltpb__camera_module_hw_info__number_ranges:00000000 $d
     /tmp/ccLS9xJe.s:1145   .rodata.ltpb__camera_module_hw_info__lens_type__enum_values_by_name:00000000 $d
     /tmp/ccLS9xJe.s:1158   .rodata.ltpb__camera_module_hw_info__lens_actuator_type__descriptor:00000000 $d
     /tmp/ccLS9xJe.s:1178   .rodata.ltpb__hw_info__to_ftype__enum_values_by_number:00000000 $d
     /tmp/ccLS9xJe.s:1189   .rodata.ltpb__hw_info__field_indices_by_name:00000000 $d
     /tmp/ccLS9xJe.s:1198   .rodata.ltpb__hw_info__flash_type__enum_values_by_number:00000000 $d
     /tmp/ccLS9xJe.s:1209   .rodata.ltpb__hw_info__to_ftype__value_ranges:00000000 $d
     /tmp/ccLS9xJe.s:1218   .rodata.ltpb__hw_info__flash_type__value_ranges:00000000 $d
     /tmp/ccLS9xJe.s:1230   .rodata.__FUNCTION__.6581:00000000 __FUNCTION__.6581
     /tmp/ccLS9xJe.s:1236   .rodata.__FUNCTION__.6553:00000000 __FUNCTION__.6553
     /tmp/ccLS9xJe.s:1239   .rodata.ltpb__camera_module_hw_info__field_indices_by_name:00000000 $d
     /tmp/ccLS9xJe.s:1252   .rodata.__FUNCTION__.6571:00000000 __FUNCTION__.6571
     /tmp/ccLS9xJe.s:1255   .rodata.ltpb__hw_info__model_type__enum_values_by_number:00000000 $d
     /tmp/ccLS9xJe.s:1258   .rodata.ltpb__hw_info__model_type__enum_values_by_number:00000000 ltpb__hw_info__model_type__enum_values_by_number
     /tmp/ccLS9xJe.s:1272   .rodata.__FUNCTION__.6576:00000000 __FUNCTION__.6576
     /tmp/ccLS9xJe.s:1275   .rodata.ltpb__camera_module_hw_info__mirror_actuator_type__descriptor:00000000 $d
     /tmp/ccLS9xJe.s:1298   .rodata.__FUNCTION__.6591:00000000 __FUNCTION__.6591
     /tmp/ccLS9xJe.s:1463   .rodata.ltpb__camera_module_hw_info__lens__default_value:00000000 $d
     /tmp/ccLS9xJe.s:1469   .rodata.ltpb__hw_info__model_type__descriptor:00000000 $d
     /tmp/ccLS9xJe.s:1489   .rodata.ltpb__camera_module_hw_info__mirror_type__descriptor:00000000 $d
                     .debug_frame:00000010 $d

UNDEFINED SYMBOLS
assert_failed
protobuf_c_message_get_packed_size
protobuf_c_message_pack
protobuf_c_message_pack_to_buffer
protobuf_c_message_unpack
protobuf_c_message_free_unpacked
ltpb__camera_id__descriptor
ltpb__sensor_type__descriptor
