   1              		.syntax unified
   2              		.cpu cortex-r4
   3              		.fpu softvfp
   4              		.eabi_attribute 20, 1
   5              		.eabi_attribute 21, 1
   6              		.eabi_attribute 23, 3
   7              		.eabi_attribute 24, 1
   8              		.eabi_attribute 25, 1
   9              		.eabi_attribute 26, 1
  10              		.eabi_attribute 30, 4
  11              		.eabi_attribute 34, 1
  12              		.eabi_attribute 18, 4
  13              		.thumb
  14              		.file	"af_lens_calib.c"
  15              		.text
  16              	.Ltext0:
  17              		.cfi_sections	.debug_frame
  18              		.global	__aeabi_ui2f
  19              		.global	__aeabi_fmul
  20              		.global	__aeabi_fsub
  21              		.global	__aeabi_fdiv
  22              		.global	__aeabi_i2f
  23              		.global	__aeabi_fadd
  24              		.global	__aeabi_fcmpgt
  25              		.global	__aeabi_fcmplt
  26              		.global	__aeabi_f2iz
  27              		.section	.text.object_distance_to_hallcode,"ax",%progbits
  28              		.align	1
  29              		.global	object_distance_to_hallcode
  30              		.thumb
  31              		.thumb_func
  33              	object_distance_to_hallcode:
  34              	.LFB3:
  35              		.file 1 "/home/tienluong/workspace/atlantis_fw/AsicFwS2/src/af_lens_calib.c"
   1:/home/tienluong/workspace/atlantis_fw/AsicFwS2/src/af_lens_calib.c **** /*******************************************************************************
   2:/home/tienluong/workspace/atlantis_fw/AsicFwS2/src/af_lens_calib.c ****  * Copyright (c) 2016, The LightCo
   3:/home/tienluong/workspace/atlantis_fw/AsicFwS2/src/af_lens_calib.c ****  * All rights reserved.
   4:/home/tienluong/workspace/atlantis_fw/AsicFwS2/src/af_lens_calib.c ****  * Redistribution and use in source and binary forms, with or without
   5:/home/tienluong/workspace/atlantis_fw/AsicFwS2/src/af_lens_calib.c ****  * modification, are strictly prohibited without prior permission of
   6:/home/tienluong/workspace/atlantis_fw/AsicFwS2/src/af_lens_calib.c ****  * The LightCo.
   7:/home/tienluong/workspace/atlantis_fw/AsicFwS2/src/af_lens_calib.c ****  *
   8:/home/tienluong/workspace/atlantis_fw/AsicFwS2/src/af_lens_calib.c ****  * @file    af_lens_calib.c
   9:/home/tienluong/workspace/atlantis_fw/AsicFwS2/src/af_lens_calib.c ****  * @author  The LightCo
  10:/home/tienluong/workspace/atlantis_fw/AsicFwS2/src/af_lens_calib.c ****  * @version V1.0.0
  11:/home/tienluong/workspace/atlantis_fw/AsicFwS2/src/af_lens_calib.c ****  * @date    Oct-1-2016
  12:/home/tienluong/workspace/atlantis_fw/AsicFwS2/src/af_lens_calib.c ****  * @brief   Lens position calibration for auto-focus
  13:/home/tienluong/workspace/atlantis_fw/AsicFwS2/src/af_lens_calib.c ****  *
  14:/home/tienluong/workspace/atlantis_fw/AsicFwS2/src/af_lens_calib.c ****  ******************************************************************************/
  15:/home/tienluong/workspace/atlantis_fw/AsicFwS2/src/af_lens_calib.c **** 
  16:/home/tienluong/workspace/atlantis_fw/AsicFwS2/src/af_lens_calib.c **** #include <stdbool.h>
  17:/home/tienluong/workspace/atlantis_fw/AsicFwS2/src/af_lens_calib.c **** #include "af_lens_calib.h"
  18:/home/tienluong/workspace/atlantis_fw/AsicFwS2/src/af_lens_calib.c **** 
  19:/home/tienluong/workspace/atlantis_fw/AsicFwS2/src/af_lens_calib.c **** static const int16_t HC_MAX = 32767;
  20:/home/tienluong/workspace/atlantis_fw/AsicFwS2/src/af_lens_calib.c **** static const int16_t HC_MIN = -32767;
  21:/home/tienluong/workspace/atlantis_fw/AsicFwS2/src/af_lens_calib.c **** static const uint16_t MAX_OBJECT_DISTANCE_MM = 65535;
  22:/home/tienluong/workspace/atlantis_fw/AsicFwS2/src/af_lens_calib.c **** 
  23:/home/tienluong/workspace/atlantis_fw/AsicFwS2/src/af_lens_calib.c **** static float object_distance_to_lens_distance(float focal_length, float object_distance)
  24:/home/tienluong/workspace/atlantis_fw/AsicFwS2/src/af_lens_calib.c **** {
  25:/home/tienluong/workspace/atlantis_fw/AsicFwS2/src/af_lens_calib.c ****     return focal_length * object_distance / (object_distance - focal_length);
  26:/home/tienluong/workspace/atlantis_fw/AsicFwS2/src/af_lens_calib.c **** }
  27:/home/tienluong/workspace/atlantis_fw/AsicFwS2/src/af_lens_calib.c **** 
  28:/home/tienluong/workspace/atlantis_fw/AsicFwS2/src/af_lens_calib.c **** static float lens_distance_to_object_distance(float focal_length, float lens_distance)
  29:/home/tienluong/workspace/atlantis_fw/AsicFwS2/src/af_lens_calib.c **** {
  30:/home/tienluong/workspace/atlantis_fw/AsicFwS2/src/af_lens_calib.c ****     return object_distance_to_lens_distance(focal_length, lens_distance);
  31:/home/tienluong/workspace/atlantis_fw/AsicFwS2/src/af_lens_calib.c **** }
  32:/home/tienluong/workspace/atlantis_fw/AsicFwS2/src/af_lens_calib.c **** 
  33:/home/tienluong/workspace/atlantis_fw/AsicFwS2/src/af_lens_calib.c **** static int16_t interpolate_hallcode(const af_calib_t* calib, uint8_t i, uint16_t object_distance_mm
  34:/home/tienluong/workspace/atlantis_fw/AsicFwS2/src/af_lens_calib.c **** {
  35:/home/tienluong/workspace/atlantis_fw/AsicFwS2/src/af_lens_calib.c ****     const af_calib_point_t* cp1 = &calib->calib_point_arr[i-1];
  36:/home/tienluong/workspace/atlantis_fw/AsicFwS2/src/af_lens_calib.c ****     const af_calib_point_t* cp2 = &calib->calib_point_arr[i];
  37:/home/tienluong/workspace/atlantis_fw/AsicFwS2/src/af_lens_calib.c ****     float lp1 = object_distance_to_lens_distance(calib->focal_length_mm, cp1->object_distance_mm);
  38:/home/tienluong/workspace/atlantis_fw/AsicFwS2/src/af_lens_calib.c ****     float lp2 = object_distance_to_lens_distance(calib->focal_length_mm, cp2->object_distance_mm);
  39:/home/tienluong/workspace/atlantis_fw/AsicFwS2/src/af_lens_calib.c ****     float l = object_distance_to_lens_distance(calib->focal_length_mm, object_distance_mm);
  40:/home/tienluong/workspace/atlantis_fw/AsicFwS2/src/af_lens_calib.c ****     float hc = (cp1->hallcode * (lp2 - l) + cp2->hallcode * (l - lp1)) / (lp2 - lp1);
  41:/home/tienluong/workspace/atlantis_fw/AsicFwS2/src/af_lens_calib.c ****     if (hc > HC_MAX)
  42:/home/tienluong/workspace/atlantis_fw/AsicFwS2/src/af_lens_calib.c ****         hc = HC_MAX;
  43:/home/tienluong/workspace/atlantis_fw/AsicFwS2/src/af_lens_calib.c ****     else if (hc < HC_MIN)
  44:/home/tienluong/workspace/atlantis_fw/AsicFwS2/src/af_lens_calib.c ****         hc = HC_MIN;
  45:/home/tienluong/workspace/atlantis_fw/AsicFwS2/src/af_lens_calib.c ****     return (int16_t)hc;
  46:/home/tienluong/workspace/atlantis_fw/AsicFwS2/src/af_lens_calib.c **** }
  47:/home/tienluong/workspace/atlantis_fw/AsicFwS2/src/af_lens_calib.c **** 
  48:/home/tienluong/workspace/atlantis_fw/AsicFwS2/src/af_lens_calib.c **** int16_t object_distance_to_hallcode(const af_calib_t* af_calib, uint16_t object_distance_mm)
  49:/home/tienluong/workspace/atlantis_fw/AsicFwS2/src/af_lens_calib.c **** {
  36              		.loc 1 49 0
  37              		.cfi_startproc
  38              		@ args = 0, pretend = 0, frame = 16
  39              		@ frame_needed = 0, uses_anonymous_args = 0
  40              	.LVL0:
  41 0000 2DE9F04F 		push	{r4, r5, r6, r7, r8, r9, r10, fp, lr}
  42              	.LCFI0:
  43              		.cfi_def_cfa_offset 36
  44              		.cfi_offset 4, -36
  45              		.cfi_offset 5, -32
  46              		.cfi_offset 6, -28
  47              		.cfi_offset 7, -24
  48              		.cfi_offset 8, -20
  49              		.cfi_offset 9, -16
  50              		.cfi_offset 10, -12
  51              		.cfi_offset 11, -8
  52              		.cfi_offset 14, -4
  50:/home/tienluong/workspace/atlantis_fw/AsicFwS2/src/af_lens_calib.c ****     uint8_t i;
  51:/home/tienluong/workspace/atlantis_fw/AsicFwS2/src/af_lens_calib.c ****     for (i = 0; i < af_calib->num_calib_points; ++i)
  53              		.loc 1 51 0
  54 0004 0479     		ldrb	r4, [r0, #4]	@ zero_extendqisi2
  49:/home/tienluong/workspace/atlantis_fw/AsicFwS2/src/af_lens_calib.c ****     uint8_t i;
  55              		.loc 1 49 0
  56 0006 85B0     		sub	sp, sp, #20
  57              	.LCFI1:
  58              		.cfi_def_cfa_offset 56
  49:/home/tienluong/workspace/atlantis_fw/AsicFwS2/src/af_lens_calib.c ****     uint8_t i;
  59              		.loc 1 49 0
  60 0008 8B46     		mov	fp, r1
  61              		.loc 1 51 0
  62 000a 0022     		movs	r2, #0
  63              	.LVL1:
  64              	.L2:
  65 000c D3B2     		uxtb	r3, r2
  66              	.LVL2:
  67              		.loc 1 51 0 is_stmt 0 discriminator 1
  68 000e A342     		cmp	r3, r4
  69 0010 D0F800C0 		ldr	ip, [r0]
  70 0014 05D2     		bcs	.L14
  52:/home/tienluong/workspace/atlantis_fw/AsicFwS2/src/af_lens_calib.c ****     {
  53:/home/tienluong/workspace/atlantis_fw/AsicFwS2/src/af_lens_calib.c ****         if (af_calib->calib_point_arr[i].object_distance_mm >= object_distance_mm)
  71              		.loc 1 53 0 is_stmt 1
  72 0016 3CF82210 		ldrh	r1, [ip, r2, lsl #2]
  73 001a 5945     		cmp	r1, fp
  74 001c 02F10102 		add	r2, r2, #1
  75 0020 F4D3     		bcc	.L2
  76              	.L14:
  77 0022 1946     		mov	r1, r3
  54:/home/tienluong/workspace/atlantis_fw/AsicFwS2/src/af_lens_calib.c ****             break;
  55:/home/tienluong/workspace/atlantis_fw/AsicFwS2/src/af_lens_calib.c ****     }
  56:/home/tienluong/workspace/atlantis_fw/AsicFwS2/src/af_lens_calib.c ****     if (i == 0)
  78              		.loc 1 56 0
  79 0024 23B1     		cbz	r3, .L16
  57:/home/tienluong/workspace/atlantis_fw/AsicFwS2/src/af_lens_calib.c ****         i = 1;
  58:/home/tienluong/workspace/atlantis_fw/AsicFwS2/src/af_lens_calib.c ****     else if (i == af_calib->num_calib_points)
  80              		.loc 1 58 0
  81 0026 A342     		cmp	r3, r4
  82 0028 03D1     		bne	.L3
  59:/home/tienluong/workspace/atlantis_fw/AsicFwS2/src/af_lens_calib.c ****         i = af_calib->num_calib_points - 1;
  83              		.loc 1 59 0
  84 002a 591E     		subs	r1, r3, #1
  85 002c C9B2     		uxtb	r1, r1
  86              	.LVL3:
  87 002e 00E0     		b	.L3
  88              	.LVL4:
  89              	.L16:
  57:/home/tienluong/workspace/atlantis_fw/AsicFwS2/src/af_lens_calib.c ****         i = 1;
  90              		.loc 1 57 0
  91 0030 0121     		movs	r1, #1
  92              	.LVL5:
  93              	.L3:
  94              	.LBB26:
  95              	.LBB27:
  35:/home/tienluong/workspace/atlantis_fw/AsicFwS2/src/af_lens_calib.c ****     const af_calib_point_t* cp2 = &calib->calib_point_arr[i];
  96              		.loc 1 35 0
  97 0032 01F18041 		add	r1, r1, #1073741824
  98              	.LVL6:
  99 0036 0139     		subs	r1, r1, #1
  37:/home/tienluong/workspace/atlantis_fw/AsicFwS2/src/af_lens_calib.c ****     float lp2 = object_distance_to_lens_distance(calib->focal_length_mm, cp2->object_distance_mm);
 100              		.loc 1 37 0
 101 0038 8568     		ldr	r5, [r0, #8]	@ float
 102 003a 3CF82100 		ldrh	r0, [ip, r1, lsl #2]
 103              	.LVL7:
  35:/home/tienluong/workspace/atlantis_fw/AsicFwS2/src/af_lens_calib.c ****     const af_calib_point_t* cp2 = &calib->calib_point_arr[i];
 104              		.loc 1 35 0
 105 003e 8F00     		lsls	r7, r1, #2
 106 0040 0CEB0702 		add	r2, ip, r7
  36:/home/tienluong/workspace/atlantis_fw/AsicFwS2/src/af_lens_calib.c ****     float lp1 = object_distance_to_lens_distance(calib->focal_length_mm, cp1->object_distance_mm);
 107              		.loc 1 36 0
 108 0044 0437     		adds	r7, r7, #4
 109 0046 0CEB0703 		add	r3, ip, r7
  35:/home/tienluong/workspace/atlantis_fw/AsicFwS2/src/af_lens_calib.c ****     const af_calib_point_t* cp2 = &calib->calib_point_arr[i];
 110              		.loc 1 35 0
 111 004a 0392     		str	r2, [sp, #12]
 112              	.LVL8:
  36:/home/tienluong/workspace/atlantis_fw/AsicFwS2/src/af_lens_calib.c ****     float lp1 = object_distance_to_lens_distance(calib->focal_length_mm, cp1->object_distance_mm);
 113              		.loc 1 36 0
 114 004c 0293     		str	r3, [sp, #8]
 115              	.LVL9:
  37:/home/tienluong/workspace/atlantis_fw/AsicFwS2/src/af_lens_calib.c ****     float lp2 = object_distance_to_lens_distance(calib->focal_length_mm, cp2->object_distance_mm);
 116              		.loc 1 37 0
 117 004e CDF804C0 		str	ip, [sp, #4]
 118 0052 DFF8F890 		ldr	r9, .L17+32
 119 0056 C847     		blx	r9
 120              	.LVL10:
 121              	.LBB28:
 122              	.LBB29:
  25:/home/tienluong/workspace/atlantis_fw/AsicFwS2/src/af_lens_calib.c **** }
 123              		.loc 1 25 0
 124 0058 344E     		ldr	r6, .L17
 125 005a 354C     		ldr	r4, .L17+4
 126              	.LBE29:
 127              	.LBE28:
  37:/home/tienluong/workspace/atlantis_fw/AsicFwS2/src/af_lens_calib.c ****     float lp2 = object_distance_to_lens_distance(calib->focal_length_mm, cp2->object_distance_mm);
 128              		.loc 1 37 0
 129 005c 8046     		mov	r8, r0
 130              	.LVL11:
 131              	.LBB32:
 132              	.LBB30:
  25:/home/tienluong/workspace/atlantis_fw/AsicFwS2/src/af_lens_calib.c **** }
 133              		.loc 1 25 0
 134 005e 2846     		mov	r0, r5
 135              	.LVL12:
 136 0060 4146     		mov	r1, r8
 137 0062 B047     		blx	r6
 138              	.LVL13:
 139 0064 2946     		mov	r1, r5
 140 0066 8246     		mov	r10, r0
 141 0068 4046     		mov	r0, r8
 142 006a A047     		blx	r4
 143              	.LVL14:
 144 006c DFF8E080 		ldr	r8, .L17+36
 145              	.LVL15:
 146 0070 0146     		mov	r1, r0
 147 0072 5046     		mov	r0, r10
 148 0074 C047     		blx	r8
 149              	.LVL16:
 150              	.LBE30:
 151              	.LBE32:
  38:/home/tienluong/workspace/atlantis_fw/AsicFwS2/src/af_lens_calib.c ****     float l = object_distance_to_lens_distance(calib->focal_length_mm, object_distance_mm);
 152              		.loc 1 38 0
 153 0076 DDF804C0 		ldr	ip, [sp, #4]
 154              	.LBB33:
 155              	.LBB31:
  25:/home/tienluong/workspace/atlantis_fw/AsicFwS2/src/af_lens_calib.c **** }
 156              		.loc 1 25 0
 157 007a 8246     		mov	r10, r0
 158              	.LBE31:
 159              	.LBE33:
  38:/home/tienluong/workspace/atlantis_fw/AsicFwS2/src/af_lens_calib.c ****     float l = object_distance_to_lens_distance(calib->focal_length_mm, object_distance_mm);
 160              		.loc 1 38 0
 161 007c 3CF80700 		ldrh	r0, [ip, r7]
 162 0080 C847     		blx	r9
 163              	.LVL17:
 164 0082 0746     		mov	r7, r0
 165              	.LVL18:
 166              	.LBB34:
 167              	.LBB35:
  25:/home/tienluong/workspace/atlantis_fw/AsicFwS2/src/af_lens_calib.c **** }
 168              		.loc 1 25 0
 169 0084 2846     		mov	r0, r5
 170              	.LVL19:
 171 0086 3946     		mov	r1, r7
 172 0088 B047     		blx	r6
 173              	.LVL20:
 174 008a 2946     		mov	r1, r5
 175 008c 0190     		str	r0, [sp, #4]
 176 008e 3846     		mov	r0, r7
 177 0090 A047     		blx	r4
 178              	.LVL21:
 179 0092 DDF804C0 		ldr	ip, [sp, #4]
 180 0096 0146     		mov	r1, r0
 181 0098 6046     		mov	r0, ip
 182 009a C047     		blx	r8
 183              	.LVL22:
 184 009c 0746     		mov	r7, r0
 185              	.LVL23:
 186              	.LBE35:
 187              	.LBE34:
  39:/home/tienluong/workspace/atlantis_fw/AsicFwS2/src/af_lens_calib.c ****     float hc = (cp1->hallcode * (lp2 - l) + cp2->hallcode * (l - lp1)) / (lp2 - lp1);
 188              		.loc 1 39 0
 189 009e 5846     		mov	r0, fp
 190 00a0 C847     		blx	r9
 191              	.LVL24:
 192 00a2 8146     		mov	r9, r0
 193              	.LVL25:
 194              	.LBB36:
 195              	.LBB37:
  25:/home/tienluong/workspace/atlantis_fw/AsicFwS2/src/af_lens_calib.c **** }
 196              		.loc 1 25 0
 197 00a4 2846     		mov	r0, r5
 198              	.LVL26:
 199 00a6 4946     		mov	r1, r9
 200 00a8 B047     		blx	r6
 201              	.LVL27:
 202 00aa 2946     		mov	r1, r5
 203 00ac 8346     		mov	fp, r0
 204              	.LVL28:
 205 00ae 4846     		mov	r0, r9
 206 00b0 A047     		blx	r4
 207              	.LVL29:
 208              	.LBE37:
 209              	.LBE36:
  40:/home/tienluong/workspace/atlantis_fw/AsicFwS2/src/af_lens_calib.c ****     if (hc > HC_MAX)
 210              		.loc 1 40 0
 211 00b2 DFF8A090 		ldr	r9, .L17+40
 212              	.LVL30:
 213              	.LBB40:
 214              	.LBB38:
  25:/home/tienluong/workspace/atlantis_fw/AsicFwS2/src/af_lens_calib.c **** }
 215              		.loc 1 25 0
 216 00b6 0146     		mov	r1, r0
 217 00b8 5846     		mov	r0, fp
 218 00ba C047     		blx	r8
 219              	.LVL31:
 220              	.LBE38:
 221              	.LBE40:
  40:/home/tienluong/workspace/atlantis_fw/AsicFwS2/src/af_lens_calib.c ****     if (hc > HC_MAX)
 222              		.loc 1 40 0
 223 00bc 039A     		ldr	r2, [sp, #12]
 224              	.LBB41:
 225              	.LBB39:
  25:/home/tienluong/workspace/atlantis_fw/AsicFwS2/src/af_lens_calib.c **** }
 226              		.loc 1 25 0
 227 00be 0546     		mov	r5, r0
 228              	.LVL32:
 229              	.LBE39:
 230              	.LBE41:
  40:/home/tienluong/workspace/atlantis_fw/AsicFwS2/src/af_lens_calib.c ****     if (hc > HC_MAX)
 231              		.loc 1 40 0
 232 00c0 B2F90200 		ldrsh	r0, [r2, #2]
 233 00c4 C847     		blx	r9
 234              	.LVL33:
 235 00c6 2946     		mov	r1, r5
 236 00c8 8346     		mov	fp, r0
 237 00ca 3846     		mov	r0, r7
 238 00cc A047     		blx	r4
 239              	.LVL34:
 240 00ce 0146     		mov	r1, r0
 241 00d0 5846     		mov	r0, fp
 242 00d2 B047     		blx	r6
 243              	.LVL35:
 244 00d4 029B     		ldr	r3, [sp, #8]
 245 00d6 8346     		mov	fp, r0
 246 00d8 B3F90200 		ldrsh	r0, [r3, #2]
 247 00dc C847     		blx	r9
 248              	.LVL36:
 249 00de 5146     		mov	r1, r10
 250 00e0 8146     		mov	r9, r0
 251 00e2 2846     		mov	r0, r5
 252 00e4 A047     		blx	r4
 253              	.LVL37:
 254 00e6 0146     		mov	r1, r0
 255 00e8 4846     		mov	r0, r9
 256 00ea B047     		blx	r6
 257              	.LVL38:
 258 00ec 114B     		ldr	r3, .L17+8
 259 00ee 0146     		mov	r1, r0
 260 00f0 5846     		mov	r0, fp
 261 00f2 9847     		blx	r3
 262              	.LVL39:
 263 00f4 5146     		mov	r1, r10
 264 00f6 0546     		mov	r5, r0
 265 00f8 3846     		mov	r0, r7
 266 00fa A047     		blx	r4
 267              	.LVL40:
 268 00fc 0146     		mov	r1, r0
 269 00fe 2846     		mov	r0, r5
 270 0100 C047     		blx	r8
 271              	.LVL41:
  41:/home/tienluong/workspace/atlantis_fw/AsicFwS2/src/af_lens_calib.c ****         hc = HC_MAX;
 272              		.loc 1 41 0
 273 0102 0D49     		ldr	r1, .L17+12
 274 0104 0D4B     		ldr	r3, .L17+16
  40:/home/tienluong/workspace/atlantis_fw/AsicFwS2/src/af_lens_calib.c ****     if (hc > HC_MAX)
 275              		.loc 1 40 0
 276 0106 0446     		mov	r4, r0
 277              	.LVL42:
  41:/home/tienluong/workspace/atlantis_fw/AsicFwS2/src/af_lens_calib.c ****         hc = HC_MAX;
 278              		.loc 1 41 0
 279 0108 9847     		blx	r3
 280              	.LVL43:
 281 010a 30B9     		cbnz	r0, .L10
  43:/home/tienluong/workspace/atlantis_fw/AsicFwS2/src/af_lens_calib.c ****         hc = HC_MIN;
 282              		.loc 1 43 0
 283 010c 2046     		mov	r0, r4
 284 010e 0C49     		ldr	r1, .L17+20
 285 0110 0C4B     		ldr	r3, .L17+24
 286 0112 9847     		blx	r3
 287              	.LVL44:
 288 0114 10B1     		cbz	r0, .L7
  44:/home/tienluong/workspace/atlantis_fw/AsicFwS2/src/af_lens_calib.c ****     return (int16_t)hc;
 289              		.loc 1 44 0
 290 0116 0A4C     		ldr	r4, .L17+20
 291              	.LVL45:
 292 0118 00E0     		b	.L7
 293              	.LVL46:
 294              	.L10:
  42:/home/tienluong/workspace/atlantis_fw/AsicFwS2/src/af_lens_calib.c ****     else if (hc < HC_MIN)
 295              		.loc 1 42 0
 296 011a 074C     		ldr	r4, .L17+12
 297              	.LVL47:
 298              	.L7:
  45:/home/tienluong/workspace/atlantis_fw/AsicFwS2/src/af_lens_calib.c **** }
 299              		.loc 1 45 0
 300 011c 2046     		mov	r0, r4
 301 011e 0A4B     		ldr	r3, .L17+28
 302 0120 9847     		blx	r3
 303              	.LVL48:
 304              	.LBE27:
 305              	.LBE26:
  60:/home/tienluong/workspace/atlantis_fw/AsicFwS2/src/af_lens_calib.c ****     return interpolate_hallcode(af_calib, i, object_distance_mm);
  61:/home/tienluong/workspace/atlantis_fw/AsicFwS2/src/af_lens_calib.c **** }
 306              		.loc 1 61 0
 307 0122 00B2     		sxth	r0, r0
 308 0124 05B0     		add	sp, sp, #20
 309              	.LCFI2:
 310              		.cfi_def_cfa_offset 36
 311              		@ sp needed
 312 0126 BDE8F08F 		pop	{r4, r5, r6, r7, r8, r9, r10, fp, pc}
 313              	.LVL49:
 314              	.L18:
 315 012a 00BF     		.align	2
 316              	.L17:
 317 012c 00000000 		.word	__aeabi_fmul
 318 0130 00000000 		.word	__aeabi_fsub
 319 0134 00000000 		.word	__aeabi_fadd
 320 0138 00FEFF46 		.word	1191181824
 321 013c 00000000 		.word	__aeabi_fcmpgt
 322 0140 00FEFFC6 		.word	-956301824
 323 0144 00000000 		.word	__aeabi_fcmplt
 324 0148 00000000 		.word	__aeabi_f2iz
 325 014c 00000000 		.word	__aeabi_ui2f
 326 0150 00000000 		.word	__aeabi_fdiv
 327 0154 00000000 		.word	__aeabi_i2f
 328              		.cfi_endproc
 329              	.LFE3:
 331              		.global	__aeabi_f2uiz
 332              		.section	.text.hallcode_to_object_distance,"ax",%progbits
 333              		.align	1
 334              		.global	hallcode_to_object_distance
 335              		.thumb
 336              		.thumb_func
 338              	hallcode_to_object_distance:
 339              	.LFB5:
  62:/home/tienluong/workspace/atlantis_fw/AsicFwS2/src/af_lens_calib.c **** 
  63:/home/tienluong/workspace/atlantis_fw/AsicFwS2/src/af_lens_calib.c **** static uint16_t interpolate_object_distance(const af_calib_t* calib, uint8_t i, int16_t hallcode)
  64:/home/tienluong/workspace/atlantis_fw/AsicFwS2/src/af_lens_calib.c **** {
  65:/home/tienluong/workspace/atlantis_fw/AsicFwS2/src/af_lens_calib.c ****     const af_calib_point_t* cp1 = &calib->calib_point_arr[i-1];
  66:/home/tienluong/workspace/atlantis_fw/AsicFwS2/src/af_lens_calib.c ****     const af_calib_point_t* cp2 = &calib->calib_point_arr[i];
  67:/home/tienluong/workspace/atlantis_fw/AsicFwS2/src/af_lens_calib.c ****     float lp1 = object_distance_to_lens_distance(calib->focal_length_mm, cp1->object_distance_mm);
  68:/home/tienluong/workspace/atlantis_fw/AsicFwS2/src/af_lens_calib.c ****     float lp2 = object_distance_to_lens_distance(calib->focal_length_mm, cp2->object_distance_mm);
  69:/home/tienluong/workspace/atlantis_fw/AsicFwS2/src/af_lens_calib.c ****     float l = (lp1 * (cp2->hallcode - hallcode) + lp2 * (hallcode - cp1->hallcode)) / (cp2->hallcod
  70:/home/tienluong/workspace/atlantis_fw/AsicFwS2/src/af_lens_calib.c ****     float object_d = MAX_OBJECT_DISTANCE_MM;
  71:/home/tienluong/workspace/atlantis_fw/AsicFwS2/src/af_lens_calib.c ****     if (l > calib->focal_length_mm) {
  72:/home/tienluong/workspace/atlantis_fw/AsicFwS2/src/af_lens_calib.c ****         object_d = lens_distance_to_object_distance(calib->focal_length_mm, l);
  73:/home/tienluong/workspace/atlantis_fw/AsicFwS2/src/af_lens_calib.c ****         if (object_d > MAX_OBJECT_DISTANCE_MM)
  74:/home/tienluong/workspace/atlantis_fw/AsicFwS2/src/af_lens_calib.c ****             object_d = MAX_OBJECT_DISTANCE_MM;
  75:/home/tienluong/workspace/atlantis_fw/AsicFwS2/src/af_lens_calib.c ****     }
  76:/home/tienluong/workspace/atlantis_fw/AsicFwS2/src/af_lens_calib.c ****     return (uint16_t)object_d;
  77:/home/tienluong/workspace/atlantis_fw/AsicFwS2/src/af_lens_calib.c **** }
  78:/home/tienluong/workspace/atlantis_fw/AsicFwS2/src/af_lens_calib.c **** 
  79:/home/tienluong/workspace/atlantis_fw/AsicFwS2/src/af_lens_calib.c **** uint16_t hallcode_to_object_distance(const af_calib_t* af_calib, int16_t hallcode)
  80:/home/tienluong/workspace/atlantis_fw/AsicFwS2/src/af_lens_calib.c **** {
 340              		.loc 1 80 0
 341              		.cfi_startproc
 342              		@ args = 0, pretend = 0, frame = 16
 343              		@ frame_needed = 0, uses_anonymous_args = 0
 344              	.LVL50:
 345 0000 2DE9F04F 		push	{r4, r5, r6, r7, r8, r9, r10, fp, lr}
 346              	.LCFI3:
 347              		.cfi_def_cfa_offset 36
 348              		.cfi_offset 4, -36
 349              		.cfi_offset 5, -32
 350              		.cfi_offset 6, -28
 351              		.cfi_offset 7, -24
 352              		.cfi_offset 8, -20
 353              		.cfi_offset 9, -16
 354              		.cfi_offset 10, -12
 355              		.cfi_offset 11, -8
 356              		.cfi_offset 14, -4
  81:/home/tienluong/workspace/atlantis_fw/AsicFwS2/src/af_lens_calib.c ****     bool is_hc_increasing = (af_calib->calib_point_arr[0].hallcode < af_calib->calib_point_arr[1].h
  82:/home/tienluong/workspace/atlantis_fw/AsicFwS2/src/af_lens_calib.c ****     uint8_t i;
  83:/home/tienluong/workspace/atlantis_fw/AsicFwS2/src/af_lens_calib.c ****     for (i = 0; i < af_calib->num_calib_points; ++i)
 357              		.loc 1 83 0
 358 0004 0479     		ldrb	r4, [r0, #4]	@ zero_extendqisi2
  81:/home/tienluong/workspace/atlantis_fw/AsicFwS2/src/af_lens_calib.c ****     bool is_hc_increasing = (af_calib->calib_point_arr[0].hallcode < af_calib->calib_point_arr[1].h
 359              		.loc 1 81 0
 360 0006 0568     		ldr	r5, [r0]
  80:/home/tienluong/workspace/atlantis_fw/AsicFwS2/src/af_lens_calib.c ****     bool is_hc_increasing = (af_calib->calib_point_arr[0].hallcode < af_calib->calib_point_arr[1].h
 361              		.loc 1 80 0
 362 0008 0F46     		mov	r7, r1
  81:/home/tienluong/workspace/atlantis_fw/AsicFwS2/src/af_lens_calib.c ****     bool is_hc_increasing = (af_calib->calib_point_arr[0].hallcode < af_calib->calib_point_arr[1].h
 363              		.loc 1 81 0
 364 000a B5F90230 		ldrsh	r3, [r5, #2]
 365 000e B5F90610 		ldrsh	r1, [r5, #6]
 366              	.LVL51:
 367 0012 8B42     		cmp	r3, r1
  80:/home/tienluong/workspace/atlantis_fw/AsicFwS2/src/af_lens_calib.c ****     bool is_hc_increasing = (af_calib->calib_point_arr[0].hallcode < af_calib->calib_point_arr[1].h
 368              		.loc 1 80 0
 369 0014 85B0     		sub	sp, sp, #20
 370              	.LCFI4:
 371              		.cfi_def_cfa_offset 56
  81:/home/tienluong/workspace/atlantis_fw/AsicFwS2/src/af_lens_calib.c ****     bool is_hc_increasing = (af_calib->calib_point_arr[0].hallcode < af_calib->calib_point_arr[1].h
 372              		.loc 1 81 0
 373 0016 ACBF     		ite	ge
 374 0018 0021     		movge	r1, #0
 375 001a 0121     		movlt	r1, #1
 376              	.LVL52:
 377              		.loc 1 83 0
 378 001c 0023     		movs	r3, #0
 379              	.LVL53:
 380              	.L20:
 381 001e DAB2     		uxtb	r2, r3
 382              	.LVL54:
 383              		.loc 1 83 0 is_stmt 0 discriminator 1
 384 0020 A242     		cmp	r2, r4
 385 0022 06D2     		bcs	.L31
 386              	.LVL55:
 387 0024 05EB8306 		add	r6, r5, r3, lsl #2
 388              	.LBB52:
  84:/home/tienluong/workspace/atlantis_fw/AsicFwS2/src/af_lens_calib.c ****     {
  85:/home/tienluong/workspace/atlantis_fw/AsicFwS2/src/af_lens_calib.c ****         bool is_gt = (af_calib->calib_point_arr[i].hallcode >= hallcode);
  86:/home/tienluong/workspace/atlantis_fw/AsicFwS2/src/af_lens_calib.c ****         if ((is_gt && is_hc_increasing) || !(is_gt || is_hc_increasing))
 389              		.loc 1 86 0 is_stmt 1
 390 0028 B6F90260 		ldrsh	r6, [r6, #2]
 391 002c BE42     		cmp	r6, r7
 392 002e 03DB     		blt	.L21
 393              		.loc 1 86 0 is_stmt 0 discriminator 1
 394 0030 21B1     		cbz	r1, .L22
 395              	.LVL56:
 396              	.L31:
 397              	.LBE52:
 398 0032 1346     		mov	r3, r2
  87:/home/tienluong/workspace/atlantis_fw/AsicFwS2/src/af_lens_calib.c ****             break;
  88:/home/tienluong/workspace/atlantis_fw/AsicFwS2/src/af_lens_calib.c ****     }
  89:/home/tienluong/workspace/atlantis_fw/AsicFwS2/src/af_lens_calib.c ****     if (i == 0)
 399              		.loc 1 89 0 is_stmt 1
 400 0034 22B9     		cbnz	r2, .L38
 401 0036 08E0     		b	.L40
 402              	.LVL57:
 403              	.L21:
 404              	.LBB53:
  86:/home/tienluong/workspace/atlantis_fw/AsicFwS2/src/af_lens_calib.c ****             break;
 405              		.loc 1 86 0 discriminator 4
 406 0038 0029     		cmp	r1, #0
 407 003a FAD0     		beq	.L31
 408              	.L22:
 409              	.LVL58:
 410 003c 0133     		adds	r3, r3, #1
 411              	.LVL59:
 412 003e EEE7     		b	.L20
 413              	.LVL60:
 414              	.L38:
 415              	.LBE53:
  90:/home/tienluong/workspace/atlantis_fw/AsicFwS2/src/af_lens_calib.c ****         i = 1;
  91:/home/tienluong/workspace/atlantis_fw/AsicFwS2/src/af_lens_calib.c ****     else if (i == af_calib->num_calib_points)
 416              		.loc 1 91 0
 417 0040 A242     		cmp	r2, r4
 418 0042 03D1     		bne	.L23
  92:/home/tienluong/workspace/atlantis_fw/AsicFwS2/src/af_lens_calib.c ****         i = af_calib->num_calib_points - 1;
 419              		.loc 1 92 0
 420 0044 531E     		subs	r3, r2, #1
 421 0046 DBB2     		uxtb	r3, r3
 422              	.LVL61:
 423 0048 00E0     		b	.L23
 424              	.LVL62:
 425              	.L40:
  90:/home/tienluong/workspace/atlantis_fw/AsicFwS2/src/af_lens_calib.c ****         i = 1;
 426              		.loc 1 90 0
 427 004a 0123     		movs	r3, #1
 428              	.LVL63:
 429              	.L23:
 430              	.LBB54:
 431              	.LBB55:
  65:/home/tienluong/workspace/atlantis_fw/AsicFwS2/src/af_lens_calib.c ****     const af_calib_point_t* cp2 = &calib->calib_point_arr[i];
 432              		.loc 1 65 0
 433 004c 03F18043 		add	r3, r3, #1073741824
 434              	.LVL64:
 435 0050 013B     		subs	r3, r3, #1
  67:/home/tienluong/workspace/atlantis_fw/AsicFwS2/src/af_lens_calib.c ****     float lp2 = object_distance_to_lens_distance(calib->focal_length_mm, cp2->object_distance_mm);
 436              		.loc 1 67 0
 437 0052 8468     		ldr	r4, [r0, #8]	@ float
 438 0054 35F82300 		ldrh	r0, [r5, r3, lsl #2]
 439              	.LVL65:
  65:/home/tienluong/workspace/atlantis_fw/AsicFwS2/src/af_lens_calib.c ****     const af_calib_point_t* cp2 = &calib->calib_point_arr[i];
 440              		.loc 1 65 0
 441 0058 9E00     		lsls	r6, r3, #2
 442 005a AA19     		adds	r2, r5, r6
  67:/home/tienluong/workspace/atlantis_fw/AsicFwS2/src/af_lens_calib.c ****     float lp2 = object_distance_to_lens_distance(calib->focal_length_mm, cp2->object_distance_mm);
 443              		.loc 1 67 0
 444 005c DFF8E080 		ldr	r8, .L41+24
  66:/home/tienluong/workspace/atlantis_fw/AsicFwS2/src/af_lens_calib.c ****     float lp1 = object_distance_to_lens_distance(calib->focal_length_mm, cp1->object_distance_mm);
 445              		.loc 1 66 0
 446 0060 0436     		adds	r6, r6, #4
  65:/home/tienluong/workspace/atlantis_fw/AsicFwS2/src/af_lens_calib.c ****     const af_calib_point_t* cp2 = &calib->calib_point_arr[i];
 447              		.loc 1 65 0
 448 0062 0192     		str	r2, [sp, #4]
 449              	.LVL66:
  66:/home/tienluong/workspace/atlantis_fw/AsicFwS2/src/af_lens_calib.c ****     float lp1 = object_distance_to_lens_distance(calib->focal_length_mm, cp1->object_distance_mm);
 450              		.loc 1 66 0
 451 0064 05EB060A 		add	r10, r5, r6
 452              	.LVL67:
  67:/home/tienluong/workspace/atlantis_fw/AsicFwS2/src/af_lens_calib.c ****     float lp2 = object_distance_to_lens_distance(calib->focal_length_mm, cp2->object_distance_mm);
 453              		.loc 1 67 0
 454 0068 C047     		blx	r8
 455              	.LVL68:
 456 006a 8146     		mov	r9, r0
 457              	.LVL69:
  68:/home/tienluong/workspace/atlantis_fw/AsicFwS2/src/af_lens_calib.c ****     float l = (lp1 * (cp2->hallcode - hallcode) + lp2 * (hallcode - cp1->hallcode)) / (cp2->hallcod
 458              		.loc 1 68 0
 459 006c A85B     		ldrh	r0, [r5, r6]
 460              	.LVL70:
 461 006e C047     		blx	r8
 462              	.LVL71:
 463              	.LBB56:
 464              	.LBB57:
  25:/home/tienluong/workspace/atlantis_fw/AsicFwS2/src/af_lens_calib.c **** }
 465              		.loc 1 25 0
 466 0070 2D4D     		ldr	r5, .L41
 467              	.LBE57:
 468              	.LBE56:
  69:/home/tienluong/workspace/atlantis_fw/AsicFwS2/src/af_lens_calib.c ****     float object_d = MAX_OBJECT_DISTANCE_MM;
 469              		.loc 1 69 0
 470 0072 019A     		ldr	r2, [sp, #4]
 471              	.LBB62:
 472              	.LBB58:
  25:/home/tienluong/workspace/atlantis_fw/AsicFwS2/src/af_lens_calib.c **** }
 473              		.loc 1 25 0
 474 0074 4946     		mov	r1, r9
 475              	.LBE58:
 476              	.LBE62:
  69:/home/tienluong/workspace/atlantis_fw/AsicFwS2/src/af_lens_calib.c ****     float object_d = MAX_OBJECT_DISTANCE_MM;
 477              		.loc 1 69 0
 478 0076 B2F90230 		ldrsh	r3, [r2, #2]
 479 007a 0193     		str	r3, [sp, #4]
 480              	.LVL72:
 481              	.LBB63:
 482              	.LBB59:
  25:/home/tienluong/workspace/atlantis_fw/AsicFwS2/src/af_lens_calib.c **** }
 483              		.loc 1 25 0
 484 007c 2B4E     		ldr	r6, .L41+4
 485              	.LBE59:
 486              	.LBE63:
  69:/home/tienluong/workspace/atlantis_fw/AsicFwS2/src/af_lens_calib.c ****     float object_d = MAX_OBJECT_DISTANCE_MM;
 487              		.loc 1 69 0
 488 007e BAF902A0 		ldrsh	r10, [r10, #2]
 489              	.LVL73:
  68:/home/tienluong/workspace/atlantis_fw/AsicFwS2/src/af_lens_calib.c ****     float l = (lp1 * (cp2->hallcode - hallcode) + lp2 * (hallcode - cp1->hallcode)) / (cp2->hallcod
 490              		.loc 1 68 0
 491 0082 8346     		mov	fp, r0
 492              	.LVL74:
 493              	.LBB64:
 494              	.LBB60:
  25:/home/tienluong/workspace/atlantis_fw/AsicFwS2/src/af_lens_calib.c **** }
 495              		.loc 1 25 0
 496 0084 2046     		mov	r0, r4
 497              	.LVL75:
 498 0086 A847     		blx	r5
 499              	.LVL76:
 500 0088 2146     		mov	r1, r4
 501 008a 8046     		mov	r8, r0
 502 008c 4846     		mov	r0, r9
 503 008e B047     		blx	r6
 504              	.LVL77:
 505 0090 DFF8B090 		ldr	r9, .L41+28
 506              	.LVL78:
 507 0094 0146     		mov	r1, r0
 508 0096 4046     		mov	r0, r8
 509 0098 C847     		blx	r9
 510              	.LVL79:
 511              	.LBE60:
 512              	.LBE64:
  69:/home/tienluong/workspace/atlantis_fw/AsicFwS2/src/af_lens_calib.c ****     float object_d = MAX_OBJECT_DISTANCE_MM;
 513              		.loc 1 69 0
 514 009a DFF8AC80 		ldr	r8, .L41+32
 515              	.LBB65:
 516              	.LBB61:
  25:/home/tienluong/workspace/atlantis_fw/AsicFwS2/src/af_lens_calib.c **** }
 517              		.loc 1 25 0
 518 009e 0290     		str	r0, [sp, #8]
 519              	.LBE61:
 520              	.LBE65:
  69:/home/tienluong/workspace/atlantis_fw/AsicFwS2/src/af_lens_calib.c ****     float object_d = MAX_OBJECT_DISTANCE_MM;
 521              		.loc 1 69 0
 522 00a0 C7EB0A00 		rsb	r0, r7, r10
 523 00a4 C047     		blx	r8
 524              	.LVL80:
 525 00a6 029A     		ldr	r2, [sp, #8]
 526 00a8 0146     		mov	r1, r0
 527 00aa 1046     		mov	r0, r2
 528 00ac A847     		blx	r5
 529              	.LVL81:
 530              	.LBB66:
 531              	.LBB67:
  25:/home/tienluong/workspace/atlantis_fw/AsicFwS2/src/af_lens_calib.c **** }
 532              		.loc 1 25 0
 533 00ae 5946     		mov	r1, fp
 534              	.LBE67:
 535              	.LBE66:
  69:/home/tienluong/workspace/atlantis_fw/AsicFwS2/src/af_lens_calib.c ****     float object_d = MAX_OBJECT_DISTANCE_MM;
 536              		.loc 1 69 0
 537 00b0 0390     		str	r0, [sp, #12]
 538              	.LBB70:
 539              	.LBB68:
  25:/home/tienluong/workspace/atlantis_fw/AsicFwS2/src/af_lens_calib.c **** }
 540              		.loc 1 25 0
 541 00b2 2046     		mov	r0, r4
 542 00b4 A847     		blx	r5
 543              	.LVL82:
 544 00b6 2146     		mov	r1, r4
 545 00b8 0290     		str	r0, [sp, #8]
 546 00ba 5846     		mov	r0, fp
 547 00bc B047     		blx	r6
 548              	.LVL83:
 549 00be DDF808C0 		ldr	ip, [sp, #8]
 550 00c2 0146     		mov	r1, r0
 551 00c4 6046     		mov	r0, ip
 552 00c6 C847     		blx	r9
 553              	.LVL84:
 554              	.LBE68:
 555              	.LBE70:
  69:/home/tienluong/workspace/atlantis_fw/AsicFwS2/src/af_lens_calib.c ****     float object_d = MAX_OBJECT_DISTANCE_MM;
 556              		.loc 1 69 0
 557 00c8 019B     		ldr	r3, [sp, #4]
 558              	.LBB71:
 559              	.LBB69:
  25:/home/tienluong/workspace/atlantis_fw/AsicFwS2/src/af_lens_calib.c **** }
 560              		.loc 1 25 0
 561 00ca 8346     		mov	fp, r0
 562              	.LVL85:
 563              	.LBE69:
 564              	.LBE71:
  69:/home/tienluong/workspace/atlantis_fw/AsicFwS2/src/af_lens_calib.c ****     float object_d = MAX_OBJECT_DISTANCE_MM;
 565              		.loc 1 69 0
 566 00cc F81A     		subs	r0, r7, r3
 567 00ce C047     		blx	r8
 568              	.LVL86:
 569 00d0 0146     		mov	r1, r0
 570 00d2 5846     		mov	r0, fp
 571 00d4 A847     		blx	r5
 572              	.LVL87:
 573 00d6 039A     		ldr	r2, [sp, #12]
 574 00d8 0146     		mov	r1, r0
 575 00da 1046     		mov	r0, r2
 576 00dc 144A     		ldr	r2, .L41+8
 577 00de 9047     		blx	r2
 578              	.LVL88:
 579 00e0 019B     		ldr	r3, [sp, #4]
 580 00e2 0746     		mov	r7, r0
 581              	.LVL89:
 582 00e4 C3EB0A00 		rsb	r0, r3, r10
 583 00e8 C047     		blx	r8
 584              	.LVL90:
 585 00ea 0146     		mov	r1, r0
 586 00ec 3846     		mov	r0, r7
 587 00ee C847     		blx	r9
 588              	.LVL91:
  71:/home/tienluong/workspace/atlantis_fw/AsicFwS2/src/af_lens_calib.c ****         object_d = lens_distance_to_object_distance(calib->focal_length_mm, l);
 589              		.loc 1 71 0
 590 00f0 104F     		ldr	r7, .L41+12
 591 00f2 2146     		mov	r1, r4
  69:/home/tienluong/workspace/atlantis_fw/AsicFwS2/src/af_lens_calib.c ****     float object_d = MAX_OBJECT_DISTANCE_MM;
 592              		.loc 1 69 0
 593 00f4 8046     		mov	r8, r0
 594              	.LVL92:
  71:/home/tienluong/workspace/atlantis_fw/AsicFwS2/src/af_lens_calib.c ****         object_d = lens_distance_to_object_distance(calib->focal_length_mm, l);
 595              		.loc 1 71 0
 596 00f6 B847     		blx	r7
 597              	.LVL93:
 598 00f8 68B1     		cbz	r0, .L39
 599              	.LVL94:
 600              	.LBB72:
 601              	.LBB73:
 602              	.LBB74:
  25:/home/tienluong/workspace/atlantis_fw/AsicFwS2/src/af_lens_calib.c **** }
 603              		.loc 1 25 0
 604 00fa 2046     		mov	r0, r4
 605 00fc 4146     		mov	r1, r8
 606 00fe A847     		blx	r5
 607              	.LVL95:
 608 0100 2146     		mov	r1, r4
 609 0102 0546     		mov	r5, r0
 610 0104 4046     		mov	r0, r8
 611 0106 B047     		blx	r6
 612              	.LVL96:
 613 0108 0146     		mov	r1, r0
 614 010a 2846     		mov	r0, r5
 615 010c C847     		blx	r9
 616              	.LVL97:
 617              	.LBE74:
 618              	.LBE73:
 619              	.LBE72:
  73:/home/tienluong/workspace/atlantis_fw/AsicFwS2/src/af_lens_calib.c ****             object_d = MAX_OBJECT_DISTANCE_MM;
 620              		.loc 1 73 0
 621 010e 0A49     		ldr	r1, .L41+16
 622              	.LBB77:
 623              	.LBB76:
 624              	.LBB75:
  25:/home/tienluong/workspace/atlantis_fw/AsicFwS2/src/af_lens_calib.c **** }
 625              		.loc 1 25 0
 626 0110 0446     		mov	r4, r0
 627              	.LVL98:
 628              	.LBE75:
 629              	.LBE76:
 630              	.LBE77:
  73:/home/tienluong/workspace/atlantis_fw/AsicFwS2/src/af_lens_calib.c ****             object_d = MAX_OBJECT_DISTANCE_MM;
 631              		.loc 1 73 0
 632 0112 B847     		blx	r7
 633              	.LVL99:
 634 0114 00B1     		cbz	r0, .L27
 635              	.LVL100:
 636              	.L39:
  70:/home/tienluong/workspace/atlantis_fw/AsicFwS2/src/af_lens_calib.c ****     if (l > calib->focal_length_mm) {
 637              		.loc 1 70 0
 638 0116 084C     		ldr	r4, .L41+16
 639              	.L27:
 640              	.LVL101:
  76:/home/tienluong/workspace/atlantis_fw/AsicFwS2/src/af_lens_calib.c **** }
 641              		.loc 1 76 0
 642 0118 2046     		mov	r0, r4
 643 011a 084B     		ldr	r3, .L41+20
 644 011c 9847     		blx	r3
 645              	.LVL102:
 646              	.LBE55:
 647              	.LBE54:
  93:/home/tienluong/workspace/atlantis_fw/AsicFwS2/src/af_lens_calib.c ****     return interpolate_object_distance(af_calib, i, hallcode);
  94:/home/tienluong/workspace/atlantis_fw/AsicFwS2/src/af_lens_calib.c **** }
 648              		.loc 1 94 0
 649 011e 80B2     		uxth	r0, r0
 650 0120 05B0     		add	sp, sp, #20
 651              	.LCFI5:
 652              		.cfi_def_cfa_offset 36
 653              		@ sp needed
 654 0122 BDE8F08F 		pop	{r4, r5, r6, r7, r8, r9, r10, fp, pc}
 655              	.LVL103:
 656              	.L42:
 657 0126 00BF     		.align	2
 658              	.L41:
 659 0128 00000000 		.word	__aeabi_fmul
 660 012c 00000000 		.word	__aeabi_fsub
 661 0130 00000000 		.word	__aeabi_fadd
 662 0134 00000000 		.word	__aeabi_fcmpgt
 663 0138 00FF7F47 		.word	1199570688
 664 013c 00000000 		.word	__aeabi_f2uiz
 665 0140 00000000 		.word	__aeabi_ui2f
 666 0144 00000000 		.word	__aeabi_fdiv
 667 0148 00000000 		.word	__aeabi_i2f
 668              		.cfi_endproc
 669              	.LFE5:
 671              		.text
 672              	.Letext0:
 673              		.file 2 "/opt/toolchains/gcc-arm-none-eabi-4_9-2015q1/arm-none-eabi/include/machine/_default_types
 674              		.file 3 "/opt/toolchains/gcc-arm-none-eabi-4_9-2015q1/arm-none-eabi/include/stdint.h"
 675              		.file 4 "/home/tienluong/workspace/atlantis_fw/AsicFwS2/include/af_lens_calib.h"
DEFINED SYMBOLS
                            *ABS*:00000000 af_lens_calib.c
     /tmp/ccNJXHe9.s:28     .text.object_distance_to_hallcode:00000000 $t
     /tmp/ccNJXHe9.s:33     .text.object_distance_to_hallcode:00000000 object_distance_to_hallcode
     /tmp/ccNJXHe9.s:317    .text.object_distance_to_hallcode:0000012c $d
     /tmp/ccNJXHe9.s:333    .text.hallcode_to_object_distance:00000000 $t
     /tmp/ccNJXHe9.s:338    .text.hallcode_to_object_distance:00000000 hallcode_to_object_distance
     /tmp/ccNJXHe9.s:659    .text.hallcode_to_object_distance:00000128 $d
                     .debug_frame:00000010 $d

UNDEFINED SYMBOLS
__aeabi_ui2f
__aeabi_fmul
__aeabi_fsub
__aeabi_fdiv
__aeabi_i2f
__aeabi_fadd
__aeabi_fcmpgt
__aeabi_fcmplt
__aeabi_f2iz
__aeabi_f2uiz
