   1              		.syntax unified
   2              		.cpu cortex-r4
   3              		.fpu softvfp
   4              		.eabi_attribute 20, 1
   5              		.eabi_attribute 21, 1
   6              		.eabi_attribute 23, 3
   7              		.eabi_attribute 24, 1
   8              		.eabi_attribute 25, 1
   9              		.eabi_attribute 26, 1
  10              		.eabi_attribute 30, 4
  11              		.eabi_attribute 34, 1
  12              		.eabi_attribute 18, 4
  13              		.thumb
  14              		.file	"matrix4x4f.pb-c.c"
  15              		.text
  16              	.Ltext0:
  17              		.cfi_sections	.debug_frame
  18              		.section	.text.ltpb__matrix4x4_f__init,"ax",%progbits
  19              		.align	1
  20              		.global	ltpb__matrix4x4_f__init
  21              		.thumb
  22              		.thumb_func
  24              	ltpb__matrix4x4_f__init:
  25              	.LFB1:
  26              		.file 1 "/home/tienluong/workspace/atlantis_fw/platform/common/lightheader/src/matrix4x4f.pb-c.c"
   1:/home/tienluong/workspace/atlantis_fw/platform/common/lightheader/src/matrix4x4f.pb-c.c **** /* Generated by the protocol buffer compiler.  DO NOT EDIT! */
   2:/home/tienluong/workspace/atlantis_fw/platform/common/lightheader/src/matrix4x4f.pb-c.c **** /* Generated from: matrix4x4f.proto */
   3:/home/tienluong/workspace/atlantis_fw/platform/common/lightheader/src/matrix4x4f.pb-c.c **** 
   4:/home/tienluong/workspace/atlantis_fw/platform/common/lightheader/src/matrix4x4f.pb-c.c **** /* Do not generate deprecated warnings for self */
   5:/home/tienluong/workspace/atlantis_fw/platform/common/lightheader/src/matrix4x4f.pb-c.c **** #ifndef PROTOBUF_C__NO_DEPRECATED
   6:/home/tienluong/workspace/atlantis_fw/platform/common/lightheader/src/matrix4x4f.pb-c.c **** #define PROTOBUF_C__NO_DEPRECATED
   7:/home/tienluong/workspace/atlantis_fw/platform/common/lightheader/src/matrix4x4f.pb-c.c **** #endif
   8:/home/tienluong/workspace/atlantis_fw/platform/common/lightheader/src/matrix4x4f.pb-c.c **** #include "sections.h"
   9:/home/tienluong/workspace/atlantis_fw/platform/common/lightheader/src/matrix4x4f.pb-c.c **** #include "matrix4x4f.pb-c.h"
  10:/home/tienluong/workspace/atlantis_fw/platform/common/lightheader/src/matrix4x4f.pb-c.c **** LIGHT_HEADER_FUNC void   ltpb__matrix4x4_f__init
  11:/home/tienluong/workspace/atlantis_fw/platform/common/lightheader/src/matrix4x4f.pb-c.c ****                      (Ltpb__Matrix4x4F         *message)
  12:/home/tienluong/workspace/atlantis_fw/platform/common/lightheader/src/matrix4x4f.pb-c.c **** {
  27              		.loc 1 12 0
  28              		.cfi_startproc
  29              		@ args = 0, pretend = 0, frame = 0
  30              		@ frame_needed = 0, uses_anonymous_args = 0
  31              	.LVL0:
  32 0000 08B5     		push	{r3, lr}
  33              	.LCFI0:
  34              		.cfi_def_cfa_offset 8
  35              		.cfi_offset 3, -8
  36              		.cfi_offset 14, -4
  13:/home/tienluong/workspace/atlantis_fw/platform/common/lightheader/src/matrix4x4f.pb-c.c ****   LIGHT_HEADER_STATIC static Ltpb__Matrix4x4F init_value = LTPB__MATRIX4X4_F__INIT;
  14:/home/tienluong/workspace/atlantis_fw/platform/common/lightheader/src/matrix4x4f.pb-c.c ****   *message = init_value;
  37              		.loc 1 14 0
  38 0002 0249     		ldr	r1, .L2
  39 0004 4C22     		movs	r2, #76
  40 0006 024B     		ldr	r3, .L2+4
  41 0008 9847     		blx	r3
  42              	.LVL1:
  43 000a 08BD     		pop	{r3, pc}
  44              	.L3:
  45              		.align	2
  46              	.L2:
  47 000c 00000000 		.word	.LANCHOR0
  48 0010 00000000 		.word	memcpy
  49              		.cfi_endproc
  50              	.LFE1:
  52              		.section	.text.ltpb__matrix4x4_f__get_packed_size,"ax",%progbits
  53              		.align	1
  54              		.global	ltpb__matrix4x4_f__get_packed_size
  55              		.thumb
  56              		.thumb_func
  58              	ltpb__matrix4x4_f__get_packed_size:
  59              	.LFB2:
  15:/home/tienluong/workspace/atlantis_fw/platform/common/lightheader/src/matrix4x4f.pb-c.c **** }
  16:/home/tienluong/workspace/atlantis_fw/platform/common/lightheader/src/matrix4x4f.pb-c.c **** LIGHT_HEADER_FUNC size_t ltpb__matrix4x4_f__get_packed_size
  17:/home/tienluong/workspace/atlantis_fw/platform/common/lightheader/src/matrix4x4f.pb-c.c ****                      (const Ltpb__Matrix4x4F *message)
  18:/home/tienluong/workspace/atlantis_fw/platform/common/lightheader/src/matrix4x4f.pb-c.c **** {
  60              		.loc 1 18 0
  61              		.cfi_startproc
  62              		@ args = 0, pretend = 0, frame = 0
  63              		@ frame_needed = 0, uses_anonymous_args = 0
  64              	.LVL2:
  19:/home/tienluong/workspace/atlantis_fw/platform/common/lightheader/src/matrix4x4f.pb-c.c ****   assert(message->base.descriptor == &ltpb__matrix4x4_f__descriptor);
  65              		.loc 1 19 0
  66 0000 0268     		ldr	r2, [r0]
  67 0002 064B     		ldr	r3, .L7
  18:/home/tienluong/workspace/atlantis_fw/platform/common/lightheader/src/matrix4x4f.pb-c.c ****   assert(message->base.descriptor == &ltpb__matrix4x4_f__descriptor);
  68              		.loc 1 18 0
  69 0004 10B5     		push	{r4, lr}
  70              	.LCFI1:
  71              		.cfi_def_cfa_offset 8
  72              		.cfi_offset 4, -8
  73              		.cfi_offset 14, -4
  74              		.loc 1 19 0
  75 0006 9A42     		cmp	r2, r3
  18:/home/tienluong/workspace/atlantis_fw/platform/common/lightheader/src/matrix4x4f.pb-c.c ****   assert(message->base.descriptor == &ltpb__matrix4x4_f__descriptor);
  76              		.loc 1 18 0
  77 0008 0446     		mov	r4, r0
  78              		.loc 1 19 0
  79 000a 03D0     		beq	.L5
  80              		.loc 1 19 0 is_stmt 0 discriminator 1
  81 000c 0448     		ldr	r0, .L7+4
  82              	.LVL3:
  83 000e 1321     		movs	r1, #19
  84 0010 044B     		ldr	r3, .L7+8
  85 0012 9847     		blx	r3
  86              	.LVL4:
  87              	.L5:
  20:/home/tienluong/workspace/atlantis_fw/platform/common/lightheader/src/matrix4x4f.pb-c.c ****   return protobuf_c_message_get_packed_size ((const ProtobufCMessage*)(message));
  88              		.loc 1 20 0 is_stmt 1
  89 0014 2046     		mov	r0, r4
  90 0016 044B     		ldr	r3, .L7+12
  91 0018 9847     		blx	r3
  92              	.LVL5:
  21:/home/tienluong/workspace/atlantis_fw/platform/common/lightheader/src/matrix4x4f.pb-c.c **** }
  93              		.loc 1 21 0
  94 001a 10BD     		pop	{r4, pc}
  95              	.LVL6:
  96              	.L8:
  97              		.align	2
  98              	.L7:
  99 001c 00000000 		.word	.LANCHOR1
 100 0020 00000000 		.word	.LANCHOR2
 101 0024 00000000 		.word	assert_failed
 102 0028 00000000 		.word	protobuf_c_message_get_packed_size
 103              		.cfi_endproc
 104              	.LFE2:
 106              		.section	.text.ltpb__matrix4x4_f__pack,"ax",%progbits
 107              		.align	1
 108              		.global	ltpb__matrix4x4_f__pack
 109              		.thumb
 110              		.thumb_func
 112              	ltpb__matrix4x4_f__pack:
 113              	.LFB3:
  22:/home/tienluong/workspace/atlantis_fw/platform/common/lightheader/src/matrix4x4f.pb-c.c **** LIGHT_HEADER_FUNC size_t ltpb__matrix4x4_f__pack
  23:/home/tienluong/workspace/atlantis_fw/platform/common/lightheader/src/matrix4x4f.pb-c.c ****                      (const Ltpb__Matrix4x4F *message,
  24:/home/tienluong/workspace/atlantis_fw/platform/common/lightheader/src/matrix4x4f.pb-c.c ****                       uint8_t       *out)
  25:/home/tienluong/workspace/atlantis_fw/platform/common/lightheader/src/matrix4x4f.pb-c.c **** {
 114              		.loc 1 25 0
 115              		.cfi_startproc
 116              		@ args = 0, pretend = 0, frame = 0
 117              		@ frame_needed = 0, uses_anonymous_args = 0
 118              	.LVL7:
 119 0000 38B5     		push	{r3, r4, r5, lr}
 120              	.LCFI2:
 121              		.cfi_def_cfa_offset 16
 122              		.cfi_offset 3, -16
 123              		.cfi_offset 4, -12
 124              		.cfi_offset 5, -8
 125              		.cfi_offset 14, -4
  26:/home/tienluong/workspace/atlantis_fw/platform/common/lightheader/src/matrix4x4f.pb-c.c ****   assert(message->base.descriptor == &ltpb__matrix4x4_f__descriptor);
 126              		.loc 1 26 0
 127 0002 0268     		ldr	r2, [r0]
  25:/home/tienluong/workspace/atlantis_fw/platform/common/lightheader/src/matrix4x4f.pb-c.c ****   assert(message->base.descriptor == &ltpb__matrix4x4_f__descriptor);
 128              		.loc 1 25 0
 129 0004 0446     		mov	r4, r0
 130              		.loc 1 26 0
 131 0006 064B     		ldr	r3, .L11
  25:/home/tienluong/workspace/atlantis_fw/platform/common/lightheader/src/matrix4x4f.pb-c.c ****   assert(message->base.descriptor == &ltpb__matrix4x4_f__descriptor);
 132              		.loc 1 25 0
 133 0008 0D46     		mov	r5, r1
 134              		.loc 1 26 0
 135 000a 9A42     		cmp	r2, r3
 136 000c 03D0     		beq	.L10
 137              		.loc 1 26 0 is_stmt 0 discriminator 1
 138 000e 0548     		ldr	r0, .L11+4
 139              	.LVL8:
 140 0010 1A21     		movs	r1, #26
 141              	.LVL9:
 142 0012 054B     		ldr	r3, .L11+8
 143 0014 9847     		blx	r3
 144              	.LVL10:
 145              	.L10:
  27:/home/tienluong/workspace/atlantis_fw/platform/common/lightheader/src/matrix4x4f.pb-c.c ****   return protobuf_c_message_pack ((const ProtobufCMessage*)message, out);
 146              		.loc 1 27 0 is_stmt 1
 147 0016 2046     		mov	r0, r4
 148 0018 2946     		mov	r1, r5
 149 001a 044B     		ldr	r3, .L11+12
 150 001c 9847     		blx	r3
 151              	.LVL11:
  28:/home/tienluong/workspace/atlantis_fw/platform/common/lightheader/src/matrix4x4f.pb-c.c **** }
 152              		.loc 1 28 0
 153 001e 38BD     		pop	{r3, r4, r5, pc}
 154              	.LVL12:
 155              	.L12:
 156              		.align	2
 157              	.L11:
 158 0020 00000000 		.word	.LANCHOR1
 159 0024 00000000 		.word	.LANCHOR3
 160 0028 00000000 		.word	assert_failed
 161 002c 00000000 		.word	protobuf_c_message_pack
 162              		.cfi_endproc
 163              	.LFE3:
 165              		.section	.text.ltpb__matrix4x4_f__pack_to_buffer,"ax",%progbits
 166              		.align	1
 167              		.global	ltpb__matrix4x4_f__pack_to_buffer
 168              		.thumb
 169              		.thumb_func
 171              	ltpb__matrix4x4_f__pack_to_buffer:
 172              	.LFB4:
  29:/home/tienluong/workspace/atlantis_fw/platform/common/lightheader/src/matrix4x4f.pb-c.c **** LIGHT_HEADER_FUNC size_t ltpb__matrix4x4_f__pack_to_buffer
  30:/home/tienluong/workspace/atlantis_fw/platform/common/lightheader/src/matrix4x4f.pb-c.c ****                      (const Ltpb__Matrix4x4F *message,
  31:/home/tienluong/workspace/atlantis_fw/platform/common/lightheader/src/matrix4x4f.pb-c.c ****                       ProtobufCBuffer *buffer)
  32:/home/tienluong/workspace/atlantis_fw/platform/common/lightheader/src/matrix4x4f.pb-c.c **** {
 173              		.loc 1 32 0
 174              		.cfi_startproc
 175              		@ args = 0, pretend = 0, frame = 0
 176              		@ frame_needed = 0, uses_anonymous_args = 0
 177              	.LVL13:
 178 0000 38B5     		push	{r3, r4, r5, lr}
 179              	.LCFI3:
 180              		.cfi_def_cfa_offset 16
 181              		.cfi_offset 3, -16
 182              		.cfi_offset 4, -12
 183              		.cfi_offset 5, -8
 184              		.cfi_offset 14, -4
  33:/home/tienluong/workspace/atlantis_fw/platform/common/lightheader/src/matrix4x4f.pb-c.c ****   assert(message->base.descriptor == &ltpb__matrix4x4_f__descriptor);
 185              		.loc 1 33 0
 186 0002 0268     		ldr	r2, [r0]
  32:/home/tienluong/workspace/atlantis_fw/platform/common/lightheader/src/matrix4x4f.pb-c.c ****   assert(message->base.descriptor == &ltpb__matrix4x4_f__descriptor);
 187              		.loc 1 32 0
 188 0004 0446     		mov	r4, r0
 189              		.loc 1 33 0
 190 0006 064B     		ldr	r3, .L15
  32:/home/tienluong/workspace/atlantis_fw/platform/common/lightheader/src/matrix4x4f.pb-c.c ****   assert(message->base.descriptor == &ltpb__matrix4x4_f__descriptor);
 191              		.loc 1 32 0
 192 0008 0D46     		mov	r5, r1
 193              		.loc 1 33 0
 194 000a 9A42     		cmp	r2, r3
 195 000c 03D0     		beq	.L14
 196              		.loc 1 33 0 is_stmt 0 discriminator 1
 197 000e 0548     		ldr	r0, .L15+4
 198              	.LVL14:
 199 0010 2121     		movs	r1, #33
 200              	.LVL15:
 201 0012 054B     		ldr	r3, .L15+8
 202 0014 9847     		blx	r3
 203              	.LVL16:
 204              	.L14:
  34:/home/tienluong/workspace/atlantis_fw/platform/common/lightheader/src/matrix4x4f.pb-c.c ****   return protobuf_c_message_pack_to_buffer ((const ProtobufCMessage*)message, buffer);
 205              		.loc 1 34 0 is_stmt 1
 206 0016 2046     		mov	r0, r4
 207 0018 2946     		mov	r1, r5
 208 001a 044B     		ldr	r3, .L15+12
 209 001c 9847     		blx	r3
 210              	.LVL17:
  35:/home/tienluong/workspace/atlantis_fw/platform/common/lightheader/src/matrix4x4f.pb-c.c **** }
 211              		.loc 1 35 0
 212 001e 38BD     		pop	{r3, r4, r5, pc}
 213              	.LVL18:
 214              	.L16:
 215              		.align	2
 216              	.L15:
 217 0020 00000000 		.word	.LANCHOR1
 218 0024 00000000 		.word	.LANCHOR4
 219 0028 00000000 		.word	assert_failed
 220 002c 00000000 		.word	protobuf_c_message_pack_to_buffer
 221              		.cfi_endproc
 222              	.LFE4:
 224              		.section	.text.ltpb__matrix4x4_f__unpack,"ax",%progbits
 225              		.align	1
 226              		.global	ltpb__matrix4x4_f__unpack
 227              		.thumb
 228              		.thumb_func
 230              	ltpb__matrix4x4_f__unpack:
 231              	.LFB5:
  36:/home/tienluong/workspace/atlantis_fw/platform/common/lightheader/src/matrix4x4f.pb-c.c **** LIGHT_HEADER_FUNC Ltpb__Matrix4x4F *
  37:/home/tienluong/workspace/atlantis_fw/platform/common/lightheader/src/matrix4x4f.pb-c.c ****        ltpb__matrix4x4_f__unpack
  38:/home/tienluong/workspace/atlantis_fw/platform/common/lightheader/src/matrix4x4f.pb-c.c ****                      (ProtobufCAllocator  *allocator,
  39:/home/tienluong/workspace/atlantis_fw/platform/common/lightheader/src/matrix4x4f.pb-c.c ****                       size_t               len,
  40:/home/tienluong/workspace/atlantis_fw/platform/common/lightheader/src/matrix4x4f.pb-c.c ****                       const uint8_t       *data)
  41:/home/tienluong/workspace/atlantis_fw/platform/common/lightheader/src/matrix4x4f.pb-c.c **** {
 232              		.loc 1 41 0
 233              		.cfi_startproc
 234              		@ args = 0, pretend = 0, frame = 0
 235              		@ frame_needed = 0, uses_anonymous_args = 0
 236              	.LVL19:
 237 0000 38B5     		push	{r3, r4, r5, lr}
 238              	.LCFI4:
 239              		.cfi_def_cfa_offset 16
 240              		.cfi_offset 3, -16
 241              		.cfi_offset 4, -12
 242              		.cfi_offset 5, -8
 243              		.cfi_offset 14, -4
 244              		.loc 1 41 0
 245 0002 0546     		mov	r5, r0
 246 0004 0C46     		mov	r4, r1
 247 0006 1346     		mov	r3, r2
  42:/home/tienluong/workspace/atlantis_fw/platform/common/lightheader/src/matrix4x4f.pb-c.c ****   return (Ltpb__Matrix4x4F *)
 248              		.loc 1 42 0
 249 0008 2946     		mov	r1, r5
 250              	.LVL20:
 251 000a 2246     		mov	r2, r4
 252              	.LVL21:
 253 000c 0148     		ldr	r0, .L18
 254              	.LVL22:
 255 000e 024C     		ldr	r4, .L18+4
 256              	.LVL23:
 257 0010 A047     		blx	r4
 258              	.LVL24:
  43:/home/tienluong/workspace/atlantis_fw/platform/common/lightheader/src/matrix4x4f.pb-c.c ****      protobuf_c_message_unpack (&ltpb__matrix4x4_f__descriptor,
  44:/home/tienluong/workspace/atlantis_fw/platform/common/lightheader/src/matrix4x4f.pb-c.c ****                                 allocator, len, data);
  45:/home/tienluong/workspace/atlantis_fw/platform/common/lightheader/src/matrix4x4f.pb-c.c **** }
 259              		.loc 1 45 0
 260 0012 38BD     		pop	{r3, r4, r5, pc}
 261              	.LVL25:
 262              	.L19:
 263              		.align	2
 264              	.L18:
 265 0014 00000000 		.word	.LANCHOR1
 266 0018 00000000 		.word	protobuf_c_message_unpack
 267              		.cfi_endproc
 268              	.LFE5:
 270              		.section	.text.ltpb__matrix4x4_f__free_unpacked,"ax",%progbits
 271              		.align	1
 272              		.global	ltpb__matrix4x4_f__free_unpacked
 273              		.thumb
 274              		.thumb_func
 276              	ltpb__matrix4x4_f__free_unpacked:
 277              	.LFB6:
  46:/home/tienluong/workspace/atlantis_fw/platform/common/lightheader/src/matrix4x4f.pb-c.c **** LIGHT_HEADER_FUNC void   ltpb__matrix4x4_f__free_unpacked
  47:/home/tienluong/workspace/atlantis_fw/platform/common/lightheader/src/matrix4x4f.pb-c.c ****                      (Ltpb__Matrix4x4F *message,
  48:/home/tienluong/workspace/atlantis_fw/platform/common/lightheader/src/matrix4x4f.pb-c.c ****                       ProtobufCAllocator *allocator)
  49:/home/tienluong/workspace/atlantis_fw/platform/common/lightheader/src/matrix4x4f.pb-c.c **** {
 278              		.loc 1 49 0
 279              		.cfi_startproc
 280              		@ args = 0, pretend = 0, frame = 0
 281              		@ frame_needed = 0, uses_anonymous_args = 0
 282              	.LVL26:
 283 0000 38B5     		push	{r3, r4, r5, lr}
 284              	.LCFI5:
 285              		.cfi_def_cfa_offset 16
 286              		.cfi_offset 3, -16
 287              		.cfi_offset 4, -12
 288              		.cfi_offset 5, -8
 289              		.cfi_offset 14, -4
  50:/home/tienluong/workspace/atlantis_fw/platform/common/lightheader/src/matrix4x4f.pb-c.c ****   assert(message->base.descriptor == &ltpb__matrix4x4_f__descriptor);
 290              		.loc 1 50 0
 291 0002 0268     		ldr	r2, [r0]
  49:/home/tienluong/workspace/atlantis_fw/platform/common/lightheader/src/matrix4x4f.pb-c.c ****   assert(message->base.descriptor == &ltpb__matrix4x4_f__descriptor);
 292              		.loc 1 49 0
 293 0004 0446     		mov	r4, r0
 294              		.loc 1 50 0
 295 0006 064B     		ldr	r3, .L22
  49:/home/tienluong/workspace/atlantis_fw/platform/common/lightheader/src/matrix4x4f.pb-c.c ****   assert(message->base.descriptor == &ltpb__matrix4x4_f__descriptor);
 296              		.loc 1 49 0
 297 0008 0D46     		mov	r5, r1
 298              		.loc 1 50 0
 299 000a 9A42     		cmp	r2, r3
 300 000c 03D0     		beq	.L21
 301              		.loc 1 50 0 is_stmt 0 discriminator 1
 302 000e 0548     		ldr	r0, .L22+4
 303              	.LVL27:
 304 0010 3221     		movs	r1, #50
 305              	.LVL28:
 306 0012 054B     		ldr	r3, .L22+8
 307 0014 9847     		blx	r3
 308              	.LVL29:
 309              	.L21:
  51:/home/tienluong/workspace/atlantis_fw/platform/common/lightheader/src/matrix4x4f.pb-c.c ****   protobuf_c_message_free_unpacked ((ProtobufCMessage*)message, allocator);
 310              		.loc 1 51 0 is_stmt 1
 311 0016 2046     		mov	r0, r4
 312 0018 2946     		mov	r1, r5
 313 001a 044B     		ldr	r3, .L22+12
 314 001c 9847     		blx	r3
 315              	.LVL30:
 316 001e 38BD     		pop	{r3, r4, r5, pc}
 317              	.LVL31:
 318              	.L23:
 319              		.align	2
 320              	.L22:
 321 0020 00000000 		.word	.LANCHOR1
 322 0024 00000000 		.word	.LANCHOR5
 323 0028 00000000 		.word	assert_failed
 324 002c 00000000 		.word	protobuf_c_message_free_unpacked
 325              		.cfi_endproc
 326              	.LFE6:
 328              		.global	ltpb__matrix4x4_f__descriptor
 329              		.section	.rodata.__FUNCTION__.6464,"a",%progbits
 330              		.set	.LANCHOR5,. + 0
 333              	__FUNCTION__.6464:
 334 0000 6C747062 		.ascii	"ltpb__matrix4x4_f__free_unpacked\000"
 334      5F5F6D61 
 334      74726978 
 334      3478345F 
 334      665F5F66 
 335              		.section	.rodata.ltpb__matrix4x4_f__descriptor,"a",%progbits
 336              		.align	2
 337              		.set	.LANCHOR1,. + 0
 340              	ltpb__matrix4x4_f__descriptor:
 341 0000 F9EEAA28 		.word	682290937
 342 0004 00000000 		.word	.LC0
 343 0008 10000000 		.word	.LC1
 344 000c 1B000000 		.word	.LC2
 345 0010 2C000000 		.word	.LC3
 346 0014 4C000000 		.word	76
 347 0018 10000000 		.word	16
 348 001c 00000000 		.word	ltpb__matrix4x4_f__field_descriptors
 349 0020 00000000 		.word	ltpb__matrix4x4_f__field_indices_by_name
 350 0024 01000000 		.word	1
 351 0028 00000000 		.word	ltpb__matrix4x4_f__number_ranges
 352 002c 00000000 		.word	ltpb__matrix4x4_f__init
 353 0030 00000000 		.word	0
 354 0034 00000000 		.word	0
 355 0038 00000000 		.word	0
 356              		.section	.rodata.init_value.6440,"a",%progbits
 357              		.align	2
 358              		.set	.LANCHOR0,. + 0
 361              	init_value.6440:
 362 0000 00000000 		.word	ltpb__matrix4x4_f__descriptor
 363 0004 00000000 		.word	0
 364 0008 00000000 		.word	0
 365 000c 00000000 		.word	0
 366 0010 00000000 		.word	0
 367 0014 00000000 		.word	0
 368 0018 00000000 		.word	0
 369 001c 00000000 		.word	0
 370 0020 00000000 		.word	0
 371 0024 00000000 		.word	0
 372 0028 00000000 		.word	0
 373 002c 00000000 		.word	0
 374 0030 00000000 		.word	0
 375 0034 00000000 		.word	0
 376 0038 00000000 		.word	0
 377 003c 00000000 		.word	0
 378 0040 00000000 		.word	0
 379 0044 00000000 		.word	0
 380 0048 00000000 		.word	0
 381              		.section	.rodata.__FUNCTION__.6454,"a",%progbits
 382              		.set	.LANCHOR4,. + 0
 385              	__FUNCTION__.6454:
 386 0000 6C747062 		.ascii	"ltpb__matrix4x4_f__pack_to_buffer\000"
 386      5F5F6D61 
 386      74726978 
 386      3478345F 
 386      665F5F70 
 387              		.section	.rodata.str1.1,"aMS",%progbits,1
 388              	.LC0:
 389 0000 6C747062 		.ascii	"ltpb.Matrix4x4F\000"
 389      2E4D6174 
 389      72697834 
 389      78344600 
 390              	.LC1:
 391 0010 4D617472 		.ascii	"Matrix4x4F\000"
 391      69783478 
 391      344600
 392              	.LC2:
 393 001b 4C747062 		.ascii	"Ltpb__Matrix4x4F\000"
 393      5F5F4D61 
 393      74726978 
 393      34783446 
 393      00
 394              	.LC3:
 395 002c 6C747062 		.ascii	"ltpb\000"
 395      00
 396              	.LC4:
 397 0031 78303000 		.ascii	"x00\000"
 398              	.LC5:
 399 0035 78303100 		.ascii	"x01\000"
 400              	.LC6:
 401 0039 78303200 		.ascii	"x02\000"
 402              	.LC7:
 403 003d 78303300 		.ascii	"x03\000"
 404              	.LC8:
 405 0041 78313000 		.ascii	"x10\000"
 406              	.LC9:
 407 0045 78313100 		.ascii	"x11\000"
 408              	.LC10:
 409 0049 78313200 		.ascii	"x12\000"
 410              	.LC11:
 411 004d 78313300 		.ascii	"x13\000"
 412              	.LC12:
 413 0051 78323000 		.ascii	"x20\000"
 414              	.LC13:
 415 0055 78323100 		.ascii	"x21\000"
 416              	.LC14:
 417 0059 78323200 		.ascii	"x22\000"
 418              	.LC15:
 419 005d 78323300 		.ascii	"x23\000"
 420              	.LC16:
 421 0061 78333000 		.ascii	"x30\000"
 422              	.LC17:
 423 0065 78333100 		.ascii	"x31\000"
 424              	.LC18:
 425 0069 78333200 		.ascii	"x32\000"
 426              	.LC19:
 427 006d 78333300 		.ascii	"x33\000"
 428              		.section	.rodata.ltpb__matrix4x4_f__number_ranges,"a",%progbits
 429              		.align	2
 432              	ltpb__matrix4x4_f__number_ranges:
 433 0000 01000000 		.word	1
 434 0004 00000000 		.word	0
 435 0008 00000000 		.word	0
 436 000c 10000000 		.word	16
 437              		.section	.rodata.ltpb__matrix4x4_f__field_descriptors,"a",%progbits
 438              		.align	2
 441              	ltpb__matrix4x4_f__field_descriptors:
 442 0000 31000000 		.word	.LC4
 443 0004 01000000 		.word	1
 444 0008 00       		.byte	0
 445 0009 0A       		.byte	10
 446 000a 0000     		.space	2
 447 000c 00000000 		.word	0
 448 0010 0C000000 		.word	12
 449 0014 00000000 		.word	0
 450 0018 00000000 		.word	0
 451 001c 00000000 		.word	0
 452 0020 00000000 		.word	0
 453 0024 00000000 		.word	0
 454 0028 00000000 		.word	0
 455 002c 35000000 		.word	.LC5
 456 0030 02000000 		.word	2
 457 0034 00       		.byte	0
 458 0035 0A       		.byte	10
 459 0036 0000     		.space	2
 460 0038 00000000 		.word	0
 461 003c 10000000 		.word	16
 462 0040 00000000 		.word	0
 463 0044 00000000 		.word	0
 464 0048 00000000 		.word	0
 465 004c 00000000 		.word	0
 466 0050 00000000 		.word	0
 467 0054 00000000 		.word	0
 468 0058 39000000 		.word	.LC6
 469 005c 03000000 		.word	3
 470 0060 00       		.byte	0
 471 0061 0A       		.byte	10
 472 0062 0000     		.space	2
 473 0064 00000000 		.word	0
 474 0068 14000000 		.word	20
 475 006c 00000000 		.word	0
 476 0070 00000000 		.word	0
 477 0074 00000000 		.word	0
 478 0078 00000000 		.word	0
 479 007c 00000000 		.word	0
 480 0080 00000000 		.word	0
 481 0084 3D000000 		.word	.LC7
 482 0088 04000000 		.word	4
 483 008c 00       		.byte	0
 484 008d 0A       		.byte	10
 485 008e 0000     		.space	2
 486 0090 00000000 		.word	0
 487 0094 18000000 		.word	24
 488 0098 00000000 		.word	0
 489 009c 00000000 		.word	0
 490 00a0 00000000 		.word	0
 491 00a4 00000000 		.word	0
 492 00a8 00000000 		.word	0
 493 00ac 00000000 		.word	0
 494 00b0 41000000 		.word	.LC8
 495 00b4 05000000 		.word	5
 496 00b8 00       		.byte	0
 497 00b9 0A       		.byte	10
 498 00ba 0000     		.space	2
 499 00bc 00000000 		.word	0
 500 00c0 1C000000 		.word	28
 501 00c4 00000000 		.word	0
 502 00c8 00000000 		.word	0
 503 00cc 00000000 		.word	0
 504 00d0 00000000 		.word	0
 505 00d4 00000000 		.word	0
 506 00d8 00000000 		.word	0
 507 00dc 45000000 		.word	.LC9
 508 00e0 06000000 		.word	6
 509 00e4 00       		.byte	0
 510 00e5 0A       		.byte	10
 511 00e6 0000     		.space	2
 512 00e8 00000000 		.word	0
 513 00ec 20000000 		.word	32
 514 00f0 00000000 		.word	0
 515 00f4 00000000 		.word	0
 516 00f8 00000000 		.word	0
 517 00fc 00000000 		.word	0
 518 0100 00000000 		.word	0
 519 0104 00000000 		.word	0
 520 0108 49000000 		.word	.LC10
 521 010c 07000000 		.word	7
 522 0110 00       		.byte	0
 523 0111 0A       		.byte	10
 524 0112 0000     		.space	2
 525 0114 00000000 		.word	0
 526 0118 24000000 		.word	36
 527 011c 00000000 		.word	0
 528 0120 00000000 		.word	0
 529 0124 00000000 		.word	0
 530 0128 00000000 		.word	0
 531 012c 00000000 		.word	0
 532 0130 00000000 		.word	0
 533 0134 4D000000 		.word	.LC11
 534 0138 08000000 		.word	8
 535 013c 00       		.byte	0
 536 013d 0A       		.byte	10
 537 013e 0000     		.space	2
 538 0140 00000000 		.word	0
 539 0144 28000000 		.word	40
 540 0148 00000000 		.word	0
 541 014c 00000000 		.word	0
 542 0150 00000000 		.word	0
 543 0154 00000000 		.word	0
 544 0158 00000000 		.word	0
 545 015c 00000000 		.word	0
 546 0160 51000000 		.word	.LC12
 547 0164 09000000 		.word	9
 548 0168 00       		.byte	0
 549 0169 0A       		.byte	10
 550 016a 0000     		.space	2
 551 016c 00000000 		.word	0
 552 0170 2C000000 		.word	44
 553 0174 00000000 		.word	0
 554 0178 00000000 		.word	0
 555 017c 00000000 		.word	0
 556 0180 00000000 		.word	0
 557 0184 00000000 		.word	0
 558 0188 00000000 		.word	0
 559 018c 55000000 		.word	.LC13
 560 0190 0A000000 		.word	10
 561 0194 00       		.byte	0
 562 0195 0A       		.byte	10
 563 0196 0000     		.space	2
 564 0198 00000000 		.word	0
 565 019c 30000000 		.word	48
 566 01a0 00000000 		.word	0
 567 01a4 00000000 		.word	0
 568 01a8 00000000 		.word	0
 569 01ac 00000000 		.word	0
 570 01b0 00000000 		.word	0
 571 01b4 00000000 		.word	0
 572 01b8 59000000 		.word	.LC14
 573 01bc 0B000000 		.word	11
 574 01c0 00       		.byte	0
 575 01c1 0A       		.byte	10
 576 01c2 0000     		.space	2
 577 01c4 00000000 		.word	0
 578 01c8 34000000 		.word	52
 579 01cc 00000000 		.word	0
 580 01d0 00000000 		.word	0
 581 01d4 00000000 		.word	0
 582 01d8 00000000 		.word	0
 583 01dc 00000000 		.word	0
 584 01e0 00000000 		.word	0
 585 01e4 5D000000 		.word	.LC15
 586 01e8 0C000000 		.word	12
 587 01ec 00       		.byte	0
 588 01ed 0A       		.byte	10
 589 01ee 0000     		.space	2
 590 01f0 00000000 		.word	0
 591 01f4 38000000 		.word	56
 592 01f8 00000000 		.word	0
 593 01fc 00000000 		.word	0
 594 0200 00000000 		.word	0
 595 0204 00000000 		.word	0
 596 0208 00000000 		.word	0
 597 020c 00000000 		.word	0
 598 0210 61000000 		.word	.LC16
 599 0214 0D000000 		.word	13
 600 0218 00       		.byte	0
 601 0219 0A       		.byte	10
 602 021a 0000     		.space	2
 603 021c 00000000 		.word	0
 604 0220 3C000000 		.word	60
 605 0224 00000000 		.word	0
 606 0228 00000000 		.word	0
 607 022c 00000000 		.word	0
 608 0230 00000000 		.word	0
 609 0234 00000000 		.word	0
 610 0238 00000000 		.word	0
 611 023c 65000000 		.word	.LC17
 612 0240 0E000000 		.word	14
 613 0244 00       		.byte	0
 614 0245 0A       		.byte	10
 615 0246 0000     		.space	2
 616 0248 00000000 		.word	0
 617 024c 40000000 		.word	64
 618 0250 00000000 		.word	0
 619 0254 00000000 		.word	0
 620 0258 00000000 		.word	0
 621 025c 00000000 		.word	0
 622 0260 00000000 		.word	0
 623 0264 00000000 		.word	0
 624 0268 69000000 		.word	.LC18
 625 026c 0F000000 		.word	15
 626 0270 00       		.byte	0
 627 0271 0A       		.byte	10
 628 0272 0000     		.space	2
 629 0274 00000000 		.word	0
 630 0278 44000000 		.word	68
 631 027c 00000000 		.word	0
 632 0280 00000000 		.word	0
 633 0284 00000000 		.word	0
 634 0288 00000000 		.word	0
 635 028c 00000000 		.word	0
 636 0290 00000000 		.word	0
 637 0294 6D000000 		.word	.LC19
 638 0298 10000000 		.word	16
 639 029c 00       		.byte	0
 640 029d 0A       		.byte	10
 641 029e 0000     		.space	2
 642 02a0 00000000 		.word	0
 643 02a4 48000000 		.word	72
 644 02a8 00000000 		.word	0
 645 02ac 00000000 		.word	0
 646 02b0 00000000 		.word	0
 647 02b4 00000000 		.word	0
 648 02b8 00000000 		.word	0
 649 02bc 00000000 		.word	0
 650              		.section	.rodata.__FUNCTION__.6444,"a",%progbits
 651              		.set	.LANCHOR2,. + 0
 654              	__FUNCTION__.6444:
 655 0000 6C747062 		.ascii	"ltpb__matrix4x4_f__get_packed_size\000"
 655      5F5F6D61 
 655      74726978 
 655      3478345F 
 655      665F5F67 
 656              		.section	.rodata.ltpb__matrix4x4_f__field_indices_by_name,"a",%progbits
 657              		.align	2
 660              	ltpb__matrix4x4_f__field_indices_by_name:
 661 0000 00000000 		.word	0
 662 0004 01000000 		.word	1
 663 0008 02000000 		.word	2
 664 000c 03000000 		.word	3
 665 0010 04000000 		.word	4
 666 0014 05000000 		.word	5
 667 0018 06000000 		.word	6
 668 001c 07000000 		.word	7
 669 0020 08000000 		.word	8
 670 0024 09000000 		.word	9
 671 0028 0A000000 		.word	10
 672 002c 0B000000 		.word	11
 673 0030 0C000000 		.word	12
 674 0034 0D000000 		.word	13
 675 0038 0E000000 		.word	14
 676 003c 0F000000 		.word	15
 677              		.section	.rodata.__FUNCTION__.6449,"a",%progbits
 678              		.set	.LANCHOR3,. + 0
 681              	__FUNCTION__.6449:
 682 0000 6C747062 		.ascii	"ltpb__matrix4x4_f__pack\000"
 682      5F5F6D61 
 682      74726978 
 682      3478345F 
 682      665F5F70 
 683              		.text
 684              	.Letext0:
 685              		.file 2 "/opt/toolchains/gcc-arm-none-eabi-4_9-2015q1/arm-none-eabi/include/machine/_default_types
 686              		.file 3 "/opt/toolchains/gcc-arm-none-eabi-4_9-2015q1/lib/gcc/arm-none-eabi/4.9.3/include/stddef.h
 687              		.file 4 "/opt/toolchains/gcc-arm-none-eabi-4_9-2015q1/arm-none-eabi/include/stdint.h"
 688              		.file 5 "/home/tienluong/workspace/atlantis_fw/platform/os/Source/portable/GCC/cortex-r4/portmacro
 689              		.file 6 "/home/tienluong/workspace/atlantis_fw/platform/common/lightheader/include/protobuf-c/prot
 690              		.file 7 "/home/tienluong/workspace/atlantis_fw/platform/common/lightheader/include/matrix4x4f.pb-c
DEFINED SYMBOLS
                            *ABS*:00000000 matrix4x4f.pb-c.c
     /tmp/ccd9NgvZ.s:19     .text.ltpb__matrix4x4_f__init:00000000 $t
     /tmp/ccd9NgvZ.s:24     .text.ltpb__matrix4x4_f__init:00000000 ltpb__matrix4x4_f__init
     /tmp/ccd9NgvZ.s:47     .text.ltpb__matrix4x4_f__init:0000000c $d
     /tmp/ccd9NgvZ.s:53     .text.ltpb__matrix4x4_f__get_packed_size:00000000 $t
     /tmp/ccd9NgvZ.s:58     .text.ltpb__matrix4x4_f__get_packed_size:00000000 ltpb__matrix4x4_f__get_packed_size
     /tmp/ccd9NgvZ.s:99     .text.ltpb__matrix4x4_f__get_packed_size:0000001c $d
     /tmp/ccd9NgvZ.s:107    .text.ltpb__matrix4x4_f__pack:00000000 $t
     /tmp/ccd9NgvZ.s:112    .text.ltpb__matrix4x4_f__pack:00000000 ltpb__matrix4x4_f__pack
     /tmp/ccd9NgvZ.s:158    .text.ltpb__matrix4x4_f__pack:00000020 $d
     /tmp/ccd9NgvZ.s:166    .text.ltpb__matrix4x4_f__pack_to_buffer:00000000 $t
     /tmp/ccd9NgvZ.s:171    .text.ltpb__matrix4x4_f__pack_to_buffer:00000000 ltpb__matrix4x4_f__pack_to_buffer
     /tmp/ccd9NgvZ.s:217    .text.ltpb__matrix4x4_f__pack_to_buffer:00000020 $d
     /tmp/ccd9NgvZ.s:225    .text.ltpb__matrix4x4_f__unpack:00000000 $t
     /tmp/ccd9NgvZ.s:230    .text.ltpb__matrix4x4_f__unpack:00000000 ltpb__matrix4x4_f__unpack
     /tmp/ccd9NgvZ.s:265    .text.ltpb__matrix4x4_f__unpack:00000014 $d
     /tmp/ccd9NgvZ.s:271    .text.ltpb__matrix4x4_f__free_unpacked:00000000 $t
     /tmp/ccd9NgvZ.s:276    .text.ltpb__matrix4x4_f__free_unpacked:00000000 ltpb__matrix4x4_f__free_unpacked
     /tmp/ccd9NgvZ.s:321    .text.ltpb__matrix4x4_f__free_unpacked:00000020 $d
     /tmp/ccd9NgvZ.s:340    .rodata.ltpb__matrix4x4_f__descriptor:00000000 ltpb__matrix4x4_f__descriptor
     /tmp/ccd9NgvZ.s:333    .rodata.__FUNCTION__.6464:00000000 __FUNCTION__.6464
     /tmp/ccd9NgvZ.s:336    .rodata.ltpb__matrix4x4_f__descriptor:00000000 $d
     /tmp/ccd9NgvZ.s:441    .rodata.ltpb__matrix4x4_f__field_descriptors:00000000 ltpb__matrix4x4_f__field_descriptors
     /tmp/ccd9NgvZ.s:660    .rodata.ltpb__matrix4x4_f__field_indices_by_name:00000000 ltpb__matrix4x4_f__field_indices_by_name
     /tmp/ccd9NgvZ.s:432    .rodata.ltpb__matrix4x4_f__number_ranges:00000000 ltpb__matrix4x4_f__number_ranges
     /tmp/ccd9NgvZ.s:357    .rodata.init_value.6440:00000000 $d
     /tmp/ccd9NgvZ.s:361    .rodata.init_value.6440:00000000 init_value.6440
     /tmp/ccd9NgvZ.s:385    .rodata.__FUNCTION__.6454:00000000 __FUNCTION__.6454
     /tmp/ccd9NgvZ.s:429    .rodata.ltpb__matrix4x4_f__number_ranges:00000000 $d
     /tmp/ccd9NgvZ.s:438    .rodata.ltpb__matrix4x4_f__field_descriptors:00000000 $d
     /tmp/ccd9NgvZ.s:654    .rodata.__FUNCTION__.6444:00000000 __FUNCTION__.6444
     /tmp/ccd9NgvZ.s:657    .rodata.ltpb__matrix4x4_f__field_indices_by_name:00000000 $d
     /tmp/ccd9NgvZ.s:681    .rodata.__FUNCTION__.6449:00000000 __FUNCTION__.6449
                     .debug_frame:00000010 $d

UNDEFINED SYMBOLS
memcpy
assert_failed
protobuf_c_message_get_packed_size
protobuf_c_message_pack
protobuf_c_message_pack_to_buffer
protobuf_c_message_unpack
protobuf_c_message_free_unpacked
