   1              		.syntax unified
   2              		.cpu cortex-r4
   3              		.fpu softvfp
   4              		.eabi_attribute 20, 1
   5              		.eabi_attribute 21, 1
   6              		.eabi_attribute 23, 3
   7              		.eabi_attribute 24, 1
   8              		.eabi_attribute 25, 1
   9              		.eabi_attribute 26, 1
  10              		.eabi_attribute 30, 4
  11              		.eabi_attribute 34, 1
  12              		.eabi_attribute 18, 4
  13              		.thumb
  14              		.file	"sensor_characterization.pb-c.c"
  15              		.text
  16              	.Ltext0:
  17              		.cfi_sections	.debug_frame
  18              		.section	.text.ltpb__sensor_characterization__vst_noise_model__vst_model__init,"ax",%progbits
  19              		.align	1
  20              		.global	ltpb__sensor_characterization__vst_noise_model__vst_model__init
  21              		.thumb
  22              		.thumb_func
  24              	ltpb__sensor_characterization__vst_noise_model__vst_model__init:
  25              	.LFB1:
  26              		.file 1 "/home/tienluong/workspace/atlantis_fw/platform/common/lightheader/src/sensor_characteriza
   1:/home/tienluong/workspace/atlantis_fw/platform/common/lightheader/src/sensor_characterization.pb-c.c **** /* Generated by the protocol buffer compiler.  DO NOT EDIT! */
   2:/home/tienluong/workspace/atlantis_fw/platform/common/lightheader/src/sensor_characterization.pb-c.c **** /* Generated from: sensor_characterization.proto */
   3:/home/tienluong/workspace/atlantis_fw/platform/common/lightheader/src/sensor_characterization.pb-c.c **** 
   4:/home/tienluong/workspace/atlantis_fw/platform/common/lightheader/src/sensor_characterization.pb-c.c **** /* Do not generate deprecated warnings for self */
   5:/home/tienluong/workspace/atlantis_fw/platform/common/lightheader/src/sensor_characterization.pb-c.c **** #ifndef PROTOBUF_C__NO_DEPRECATED
   6:/home/tienluong/workspace/atlantis_fw/platform/common/lightheader/src/sensor_characterization.pb-c.c **** #define PROTOBUF_C__NO_DEPRECATED
   7:/home/tienluong/workspace/atlantis_fw/platform/common/lightheader/src/sensor_characterization.pb-c.c **** #endif
   8:/home/tienluong/workspace/atlantis_fw/platform/common/lightheader/src/sensor_characterization.pb-c.c **** #include "sections.h"
   9:/home/tienluong/workspace/atlantis_fw/platform/common/lightheader/src/sensor_characterization.pb-c.c **** #include "sensor_characterization.pb-c.h"
  10:/home/tienluong/workspace/atlantis_fw/platform/common/lightheader/src/sensor_characterization.pb-c.c **** LIGHT_HEADER_FUNC void   ltpb__sensor_characterization__vst_noise_model__vst_model__init
  11:/home/tienluong/workspace/atlantis_fw/platform/common/lightheader/src/sensor_characterization.pb-c.c ****                      (Ltpb__SensorCharacterization__VstNoiseModel__VstModel         *message)
  12:/home/tienluong/workspace/atlantis_fw/platform/common/lightheader/src/sensor_characterization.pb-c.c **** {
  27              		.loc 1 12 0
  28              		.cfi_startproc
  29              		@ args = 0, pretend = 0, frame = 0
  30              		@ frame_needed = 0, uses_anonymous_args = 0
  31              	.LVL0:
  32 0000 30B5     		push	{r4, r5, lr}
  33              	.LCFI0:
  34              		.cfi_def_cfa_offset 12
  35              		.cfi_offset 4, -12
  36              		.cfi_offset 5, -8
  37              		.cfi_offset 14, -4
  13:/home/tienluong/workspace/atlantis_fw/platform/common/lightheader/src/sensor_characterization.pb-c.c ****   LIGHT_HEADER_STATIC static Ltpb__SensorCharacterization__VstNoiseModel__VstModel init_value = LTP
  14:/home/tienluong/workspace/atlantis_fw/platform/common/lightheader/src/sensor_characterization.pb-c.c ****   *message = init_value;
  38              		.loc 1 14 0
  39 0002 034D     		ldr	r5, .L2
  40 0004 0446     		mov	r4, r0
  41 0006 0FCD     		ldmia	r5!, {r0, r1, r2, r3}
  42              	.LVL1:
  43 0008 0FC4     		stmia	r4!, {r0, r1, r2, r3}
  44              	.LVL2:
  45 000a 2B68     		ldr	r3, [r5]
  46 000c 2360     		str	r3, [r4]
  47 000e 30BD     		pop	{r4, r5, pc}
  48              	.LVL3:
  49              	.L3:
  50              		.align	2
  51              	.L2:
  52 0010 00000000 		.word	.LANCHOR0
  53              		.cfi_endproc
  54              	.LFE1:
  56              		.section	.text.ltpb__sensor_characterization__vst_noise_model__init,"ax",%progbits
  57              		.align	1
  58              		.global	ltpb__sensor_characterization__vst_noise_model__init
  59              		.thumb
  60              		.thumb_func
  62              	ltpb__sensor_characterization__vst_noise_model__init:
  63              	.LFB2:
  15:/home/tienluong/workspace/atlantis_fw/platform/common/lightheader/src/sensor_characterization.pb-c.c **** }
  16:/home/tienluong/workspace/atlantis_fw/platform/common/lightheader/src/sensor_characterization.pb-c.c **** LIGHT_HEADER_FUNC void   ltpb__sensor_characterization__vst_noise_model__init
  17:/home/tienluong/workspace/atlantis_fw/platform/common/lightheader/src/sensor_characterization.pb-c.c ****                      (Ltpb__SensorCharacterization__VstNoiseModel         *message)
  18:/home/tienluong/workspace/atlantis_fw/platform/common/lightheader/src/sensor_characterization.pb-c.c **** {
  64              		.loc 1 18 0
  65              		.cfi_startproc
  66              		@ args = 0, pretend = 0, frame = 0
  67              		@ frame_needed = 0, uses_anonymous_args = 0
  68              	.LVL4:
  69 0000 30B5     		push	{r4, r5, lr}
  70              	.LCFI1:
  71              		.cfi_def_cfa_offset 12
  72              		.cfi_offset 4, -12
  73              		.cfi_offset 5, -8
  74              		.cfi_offset 14, -4
  19:/home/tienluong/workspace/atlantis_fw/platform/common/lightheader/src/sensor_characterization.pb-c.c ****   LIGHT_HEADER_STATIC static Ltpb__SensorCharacterization__VstNoiseModel init_value = LTPB__SENSOR_
  20:/home/tienluong/workspace/atlantis_fw/platform/common/lightheader/src/sensor_characterization.pb-c.c ****   *message = init_value;
  75              		.loc 1 20 0
  76 0002 054D     		ldr	r5, .L5
  77 0004 0446     		mov	r4, r0
  78 0006 0FCD     		ldmia	r5!, {r0, r1, r2, r3}
  79              	.LVL5:
  80 0008 0FC4     		stmia	r4!, {r0, r1, r2, r3}
  81              	.LVL6:
  82 000a 0FCD     		ldmia	r5!, {r0, r1, r2, r3}
  83 000c 0FC4     		stmia	r4!, {r0, r1, r2, r3}
  84              	.LVL7:
  85 000e 95E80300 		ldmia	r5, {r0, r1}
  86 0012 84E80300 		stmia	r4, {r0, r1}
  87 0016 30BD     		pop	{r4, r5, pc}
  88              	.LVL8:
  89              	.L6:
  90              		.align	2
  91              	.L5:
  92 0018 00000000 		.word	.LANCHOR1
  93              		.cfi_endproc
  94              	.LFE2:
  96              		.section	.text.ltpb__sensor_characterization__init,"ax",%progbits
  97              		.align	1
  98              		.global	ltpb__sensor_characterization__init
  99              		.thumb
 100              		.thumb_func
 102              	ltpb__sensor_characterization__init:
 103              	.LFB3:
  21:/home/tienluong/workspace/atlantis_fw/platform/common/lightheader/src/sensor_characterization.pb-c.c **** }
  22:/home/tienluong/workspace/atlantis_fw/platform/common/lightheader/src/sensor_characterization.pb-c.c **** LIGHT_HEADER_FUNC void   ltpb__sensor_characterization__init
  23:/home/tienluong/workspace/atlantis_fw/platform/common/lightheader/src/sensor_characterization.pb-c.c ****                      (Ltpb__SensorCharacterization         *message)
  24:/home/tienluong/workspace/atlantis_fw/platform/common/lightheader/src/sensor_characterization.pb-c.c **** {
 104              		.loc 1 24 0
 105              		.cfi_startproc
 106              		@ args = 0, pretend = 0, frame = 0
 107              		@ frame_needed = 0, uses_anonymous_args = 0
 108              	.LVL9:
 109 0000 30B5     		push	{r4, r5, lr}
 110              	.LCFI2:
 111              		.cfi_def_cfa_offset 12
 112              		.cfi_offset 4, -12
 113              		.cfi_offset 5, -8
 114              		.cfi_offset 14, -4
  25:/home/tienluong/workspace/atlantis_fw/platform/common/lightheader/src/sensor_characterization.pb-c.c ****   LIGHT_HEADER_STATIC static Ltpb__SensorCharacterization init_value = LTPB__SENSOR_CHARACTERIZATIO
  26:/home/tienluong/workspace/atlantis_fw/platform/common/lightheader/src/sensor_characterization.pb-c.c ****   *message = init_value;
 115              		.loc 1 26 0
 116 0002 044D     		ldr	r5, .L8
 117 0004 0446     		mov	r4, r0
 118 0006 0FCD     		ldmia	r5!, {r0, r1, r2, r3}
 119              	.LVL10:
 120 0008 0FC4     		stmia	r4!, {r0, r1, r2, r3}
 121              	.LVL11:
 122 000a 0FCD     		ldmia	r5!, {r0, r1, r2, r3}
 123 000c 0FC4     		stmia	r4!, {r0, r1, r2, r3}
 124              	.LVL12:
 125 000e 2B68     		ldr	r3, [r5]
 126 0010 2360     		str	r3, [r4]
 127 0012 30BD     		pop	{r4, r5, pc}
 128              	.LVL13:
 129              	.L9:
 130              		.align	2
 131              	.L8:
 132 0014 00000000 		.word	.LANCHOR2
 133              		.cfi_endproc
 134              	.LFE3:
 136              		.section	.text.ltpb__sensor_characterization__get_packed_size,"ax",%progbits
 137              		.align	1
 138              		.global	ltpb__sensor_characterization__get_packed_size
 139              		.thumb
 140              		.thumb_func
 142              	ltpb__sensor_characterization__get_packed_size:
 143              	.LFB4:
  27:/home/tienluong/workspace/atlantis_fw/platform/common/lightheader/src/sensor_characterization.pb-c.c **** }
  28:/home/tienluong/workspace/atlantis_fw/platform/common/lightheader/src/sensor_characterization.pb-c.c **** LIGHT_HEADER_FUNC size_t ltpb__sensor_characterization__get_packed_size
  29:/home/tienluong/workspace/atlantis_fw/platform/common/lightheader/src/sensor_characterization.pb-c.c ****                      (const Ltpb__SensorCharacterization *message)
  30:/home/tienluong/workspace/atlantis_fw/platform/common/lightheader/src/sensor_characterization.pb-c.c **** {
 144              		.loc 1 30 0
 145              		.cfi_startproc
 146              		@ args = 0, pretend = 0, frame = 0
 147              		@ frame_needed = 0, uses_anonymous_args = 0
 148              	.LVL14:
  31:/home/tienluong/workspace/atlantis_fw/platform/common/lightheader/src/sensor_characterization.pb-c.c ****   assert(message->base.descriptor == &ltpb__sensor_characterization__descriptor);
 149              		.loc 1 31 0
 150 0000 0268     		ldr	r2, [r0]
 151 0002 064B     		ldr	r3, .L13
  30:/home/tienluong/workspace/atlantis_fw/platform/common/lightheader/src/sensor_characterization.pb-c.c ****   assert(message->base.descriptor == &ltpb__sensor_characterization__descriptor);
 152              		.loc 1 30 0
 153 0004 10B5     		push	{r4, lr}
 154              	.LCFI3:
 155              		.cfi_def_cfa_offset 8
 156              		.cfi_offset 4, -8
 157              		.cfi_offset 14, -4
 158              		.loc 1 31 0
 159 0006 9A42     		cmp	r2, r3
  30:/home/tienluong/workspace/atlantis_fw/platform/common/lightheader/src/sensor_characterization.pb-c.c ****   assert(message->base.descriptor == &ltpb__sensor_characterization__descriptor);
 160              		.loc 1 30 0
 161 0008 0446     		mov	r4, r0
 162              		.loc 1 31 0
 163 000a 03D0     		beq	.L11
 164              		.loc 1 31 0 is_stmt 0 discriminator 1
 165 000c 0448     		ldr	r0, .L13+4
 166              	.LVL15:
 167 000e 1F21     		movs	r1, #31
 168 0010 044B     		ldr	r3, .L13+8
 169 0012 9847     		blx	r3
 170              	.LVL16:
 171              	.L11:
  32:/home/tienluong/workspace/atlantis_fw/platform/common/lightheader/src/sensor_characterization.pb-c.c ****   return protobuf_c_message_get_packed_size ((const ProtobufCMessage*)(message));
 172              		.loc 1 32 0 is_stmt 1
 173 0014 2046     		mov	r0, r4
 174 0016 044B     		ldr	r3, .L13+12
 175 0018 9847     		blx	r3
 176              	.LVL17:
  33:/home/tienluong/workspace/atlantis_fw/platform/common/lightheader/src/sensor_characterization.pb-c.c **** }
 177              		.loc 1 33 0
 178 001a 10BD     		pop	{r4, pc}
 179              	.LVL18:
 180              	.L14:
 181              		.align	2
 182              	.L13:
 183 001c 00000000 		.word	.LANCHOR3
 184 0020 00000000 		.word	.LANCHOR4
 185 0024 00000000 		.word	assert_failed
 186 0028 00000000 		.word	protobuf_c_message_get_packed_size
 187              		.cfi_endproc
 188              	.LFE4:
 190              		.section	.text.ltpb__sensor_characterization__pack,"ax",%progbits
 191              		.align	1
 192              		.global	ltpb__sensor_characterization__pack
 193              		.thumb
 194              		.thumb_func
 196              	ltpb__sensor_characterization__pack:
 197              	.LFB5:
  34:/home/tienluong/workspace/atlantis_fw/platform/common/lightheader/src/sensor_characterization.pb-c.c **** LIGHT_HEADER_FUNC size_t ltpb__sensor_characterization__pack
  35:/home/tienluong/workspace/atlantis_fw/platform/common/lightheader/src/sensor_characterization.pb-c.c ****                      (const Ltpb__SensorCharacterization *message,
  36:/home/tienluong/workspace/atlantis_fw/platform/common/lightheader/src/sensor_characterization.pb-c.c ****                       uint8_t       *out)
  37:/home/tienluong/workspace/atlantis_fw/platform/common/lightheader/src/sensor_characterization.pb-c.c **** {
 198              		.loc 1 37 0
 199              		.cfi_startproc
 200              		@ args = 0, pretend = 0, frame = 0
 201              		@ frame_needed = 0, uses_anonymous_args = 0
 202              	.LVL19:
 203 0000 38B5     		push	{r3, r4, r5, lr}
 204              	.LCFI4:
 205              		.cfi_def_cfa_offset 16
 206              		.cfi_offset 3, -16
 207              		.cfi_offset 4, -12
 208              		.cfi_offset 5, -8
 209              		.cfi_offset 14, -4
  38:/home/tienluong/workspace/atlantis_fw/platform/common/lightheader/src/sensor_characterization.pb-c.c ****   assert(message->base.descriptor == &ltpb__sensor_characterization__descriptor);
 210              		.loc 1 38 0
 211 0002 0268     		ldr	r2, [r0]
  37:/home/tienluong/workspace/atlantis_fw/platform/common/lightheader/src/sensor_characterization.pb-c.c ****   assert(message->base.descriptor == &ltpb__sensor_characterization__descriptor);
 212              		.loc 1 37 0
 213 0004 0446     		mov	r4, r0
 214              		.loc 1 38 0
 215 0006 064B     		ldr	r3, .L17
  37:/home/tienluong/workspace/atlantis_fw/platform/common/lightheader/src/sensor_characterization.pb-c.c ****   assert(message->base.descriptor == &ltpb__sensor_characterization__descriptor);
 216              		.loc 1 37 0
 217 0008 0D46     		mov	r5, r1
 218              		.loc 1 38 0
 219 000a 9A42     		cmp	r2, r3
 220 000c 03D0     		beq	.L16
 221              		.loc 1 38 0 is_stmt 0 discriminator 1
 222 000e 0548     		ldr	r0, .L17+4
 223              	.LVL20:
 224 0010 2621     		movs	r1, #38
 225              	.LVL21:
 226 0012 054B     		ldr	r3, .L17+8
 227 0014 9847     		blx	r3
 228              	.LVL22:
 229              	.L16:
  39:/home/tienluong/workspace/atlantis_fw/platform/common/lightheader/src/sensor_characterization.pb-c.c ****   return protobuf_c_message_pack ((const ProtobufCMessage*)message, out);
 230              		.loc 1 39 0 is_stmt 1
 231 0016 2046     		mov	r0, r4
 232 0018 2946     		mov	r1, r5
 233 001a 044B     		ldr	r3, .L17+12
 234 001c 9847     		blx	r3
 235              	.LVL23:
  40:/home/tienluong/workspace/atlantis_fw/platform/common/lightheader/src/sensor_characterization.pb-c.c **** }
 236              		.loc 1 40 0
 237 001e 38BD     		pop	{r3, r4, r5, pc}
 238              	.LVL24:
 239              	.L18:
 240              		.align	2
 241              	.L17:
 242 0020 00000000 		.word	.LANCHOR3
 243 0024 00000000 		.word	.LANCHOR5
 244 0028 00000000 		.word	assert_failed
 245 002c 00000000 		.word	protobuf_c_message_pack
 246              		.cfi_endproc
 247              	.LFE5:
 249              		.section	.text.ltpb__sensor_characterization__pack_to_buffer,"ax",%progbits
 250              		.align	1
 251              		.global	ltpb__sensor_characterization__pack_to_buffer
 252              		.thumb
 253              		.thumb_func
 255              	ltpb__sensor_characterization__pack_to_buffer:
 256              	.LFB6:
  41:/home/tienluong/workspace/atlantis_fw/platform/common/lightheader/src/sensor_characterization.pb-c.c **** LIGHT_HEADER_FUNC size_t ltpb__sensor_characterization__pack_to_buffer
  42:/home/tienluong/workspace/atlantis_fw/platform/common/lightheader/src/sensor_characterization.pb-c.c ****                      (const Ltpb__SensorCharacterization *message,
  43:/home/tienluong/workspace/atlantis_fw/platform/common/lightheader/src/sensor_characterization.pb-c.c ****                       ProtobufCBuffer *buffer)
  44:/home/tienluong/workspace/atlantis_fw/platform/common/lightheader/src/sensor_characterization.pb-c.c **** {
 257              		.loc 1 44 0
 258              		.cfi_startproc
 259              		@ args = 0, pretend = 0, frame = 0
 260              		@ frame_needed = 0, uses_anonymous_args = 0
 261              	.LVL25:
 262 0000 38B5     		push	{r3, r4, r5, lr}
 263              	.LCFI5:
 264              		.cfi_def_cfa_offset 16
 265              		.cfi_offset 3, -16
 266              		.cfi_offset 4, -12
 267              		.cfi_offset 5, -8
 268              		.cfi_offset 14, -4
  45:/home/tienluong/workspace/atlantis_fw/platform/common/lightheader/src/sensor_characterization.pb-c.c ****   assert(message->base.descriptor == &ltpb__sensor_characterization__descriptor);
 269              		.loc 1 45 0
 270 0002 0268     		ldr	r2, [r0]
  44:/home/tienluong/workspace/atlantis_fw/platform/common/lightheader/src/sensor_characterization.pb-c.c ****   assert(message->base.descriptor == &ltpb__sensor_characterization__descriptor);
 271              		.loc 1 44 0
 272 0004 0446     		mov	r4, r0
 273              		.loc 1 45 0
 274 0006 064B     		ldr	r3, .L21
  44:/home/tienluong/workspace/atlantis_fw/platform/common/lightheader/src/sensor_characterization.pb-c.c ****   assert(message->base.descriptor == &ltpb__sensor_characterization__descriptor);
 275              		.loc 1 44 0
 276 0008 0D46     		mov	r5, r1
 277              		.loc 1 45 0
 278 000a 9A42     		cmp	r2, r3
 279 000c 03D0     		beq	.L20
 280              		.loc 1 45 0 is_stmt 0 discriminator 1
 281 000e 0548     		ldr	r0, .L21+4
 282              	.LVL26:
 283 0010 2D21     		movs	r1, #45
 284              	.LVL27:
 285 0012 054B     		ldr	r3, .L21+8
 286 0014 9847     		blx	r3
 287              	.LVL28:
 288              	.L20:
  46:/home/tienluong/workspace/atlantis_fw/platform/common/lightheader/src/sensor_characterization.pb-c.c ****   return protobuf_c_message_pack_to_buffer ((const ProtobufCMessage*)message, buffer);
 289              		.loc 1 46 0 is_stmt 1
 290 0016 2046     		mov	r0, r4
 291 0018 2946     		mov	r1, r5
 292 001a 044B     		ldr	r3, .L21+12
 293 001c 9847     		blx	r3
 294              	.LVL29:
  47:/home/tienluong/workspace/atlantis_fw/platform/common/lightheader/src/sensor_characterization.pb-c.c **** }
 295              		.loc 1 47 0
 296 001e 38BD     		pop	{r3, r4, r5, pc}
 297              	.LVL30:
 298              	.L22:
 299              		.align	2
 300              	.L21:
 301 0020 00000000 		.word	.LANCHOR3
 302 0024 00000000 		.word	.LANCHOR6
 303 0028 00000000 		.word	assert_failed
 304 002c 00000000 		.word	protobuf_c_message_pack_to_buffer
 305              		.cfi_endproc
 306              	.LFE6:
 308              		.section	.text.ltpb__sensor_characterization__unpack,"ax",%progbits
 309              		.align	1
 310              		.global	ltpb__sensor_characterization__unpack
 311              		.thumb
 312              		.thumb_func
 314              	ltpb__sensor_characterization__unpack:
 315              	.LFB7:
  48:/home/tienluong/workspace/atlantis_fw/platform/common/lightheader/src/sensor_characterization.pb-c.c **** LIGHT_HEADER_FUNC Ltpb__SensorCharacterization *
  49:/home/tienluong/workspace/atlantis_fw/platform/common/lightheader/src/sensor_characterization.pb-c.c ****        ltpb__sensor_characterization__unpack
  50:/home/tienluong/workspace/atlantis_fw/platform/common/lightheader/src/sensor_characterization.pb-c.c ****                      (ProtobufCAllocator  *allocator,
  51:/home/tienluong/workspace/atlantis_fw/platform/common/lightheader/src/sensor_characterization.pb-c.c ****                       size_t               len,
  52:/home/tienluong/workspace/atlantis_fw/platform/common/lightheader/src/sensor_characterization.pb-c.c ****                       const uint8_t       *data)
  53:/home/tienluong/workspace/atlantis_fw/platform/common/lightheader/src/sensor_characterization.pb-c.c **** {
 316              		.loc 1 53 0
 317              		.cfi_startproc
 318              		@ args = 0, pretend = 0, frame = 0
 319              		@ frame_needed = 0, uses_anonymous_args = 0
 320              	.LVL31:
 321 0000 38B5     		push	{r3, r4, r5, lr}
 322              	.LCFI6:
 323              		.cfi_def_cfa_offset 16
 324              		.cfi_offset 3, -16
 325              		.cfi_offset 4, -12
 326              		.cfi_offset 5, -8
 327              		.cfi_offset 14, -4
 328              		.loc 1 53 0
 329 0002 0546     		mov	r5, r0
 330 0004 0C46     		mov	r4, r1
 331 0006 1346     		mov	r3, r2
  54:/home/tienluong/workspace/atlantis_fw/platform/common/lightheader/src/sensor_characterization.pb-c.c ****   return (Ltpb__SensorCharacterization *)
 332              		.loc 1 54 0
 333 0008 2946     		mov	r1, r5
 334              	.LVL32:
 335 000a 2246     		mov	r2, r4
 336              	.LVL33:
 337 000c 0148     		ldr	r0, .L24
 338              	.LVL34:
 339 000e 024C     		ldr	r4, .L24+4
 340              	.LVL35:
 341 0010 A047     		blx	r4
 342              	.LVL36:
  55:/home/tienluong/workspace/atlantis_fw/platform/common/lightheader/src/sensor_characterization.pb-c.c ****      protobuf_c_message_unpack (&ltpb__sensor_characterization__descriptor,
  56:/home/tienluong/workspace/atlantis_fw/platform/common/lightheader/src/sensor_characterization.pb-c.c ****                                 allocator, len, data);
  57:/home/tienluong/workspace/atlantis_fw/platform/common/lightheader/src/sensor_characterization.pb-c.c **** }
 343              		.loc 1 57 0
 344 0012 38BD     		pop	{r3, r4, r5, pc}
 345              	.LVL37:
 346              	.L25:
 347              		.align	2
 348              	.L24:
 349 0014 00000000 		.word	.LANCHOR3
 350 0018 00000000 		.word	protobuf_c_message_unpack
 351              		.cfi_endproc
 352              	.LFE7:
 354              		.section	.text.ltpb__sensor_characterization__free_unpacked,"ax",%progbits
 355              		.align	1
 356              		.global	ltpb__sensor_characterization__free_unpacked
 357              		.thumb
 358              		.thumb_func
 360              	ltpb__sensor_characterization__free_unpacked:
 361              	.LFB8:
  58:/home/tienluong/workspace/atlantis_fw/platform/common/lightheader/src/sensor_characterization.pb-c.c **** LIGHT_HEADER_FUNC void   ltpb__sensor_characterization__free_unpacked
  59:/home/tienluong/workspace/atlantis_fw/platform/common/lightheader/src/sensor_characterization.pb-c.c ****                      (Ltpb__SensorCharacterization *message,
  60:/home/tienluong/workspace/atlantis_fw/platform/common/lightheader/src/sensor_characterization.pb-c.c ****                       ProtobufCAllocator *allocator)
  61:/home/tienluong/workspace/atlantis_fw/platform/common/lightheader/src/sensor_characterization.pb-c.c **** {
 362              		.loc 1 61 0
 363              		.cfi_startproc
 364              		@ args = 0, pretend = 0, frame = 0
 365              		@ frame_needed = 0, uses_anonymous_args = 0
 366              	.LVL38:
 367 0000 38B5     		push	{r3, r4, r5, lr}
 368              	.LCFI7:
 369              		.cfi_def_cfa_offset 16
 370              		.cfi_offset 3, -16
 371              		.cfi_offset 4, -12
 372              		.cfi_offset 5, -8
 373              		.cfi_offset 14, -4
  62:/home/tienluong/workspace/atlantis_fw/platform/common/lightheader/src/sensor_characterization.pb-c.c ****   assert(message->base.descriptor == &ltpb__sensor_characterization__descriptor);
 374              		.loc 1 62 0
 375 0002 0268     		ldr	r2, [r0]
  61:/home/tienluong/workspace/atlantis_fw/platform/common/lightheader/src/sensor_characterization.pb-c.c ****   assert(message->base.descriptor == &ltpb__sensor_characterization__descriptor);
 376              		.loc 1 61 0
 377 0004 0446     		mov	r4, r0
 378              		.loc 1 62 0
 379 0006 064B     		ldr	r3, .L28
  61:/home/tienluong/workspace/atlantis_fw/platform/common/lightheader/src/sensor_characterization.pb-c.c ****   assert(message->base.descriptor == &ltpb__sensor_characterization__descriptor);
 380              		.loc 1 61 0
 381 0008 0D46     		mov	r5, r1
 382              		.loc 1 62 0
 383 000a 9A42     		cmp	r2, r3
 384 000c 03D0     		beq	.L27
 385              		.loc 1 62 0 is_stmt 0 discriminator 1
 386 000e 0548     		ldr	r0, .L28+4
 387              	.LVL39:
 388 0010 3E21     		movs	r1, #62
 389              	.LVL40:
 390 0012 054B     		ldr	r3, .L28+8
 391 0014 9847     		blx	r3
 392              	.LVL41:
 393              	.L27:
  63:/home/tienluong/workspace/atlantis_fw/platform/common/lightheader/src/sensor_characterization.pb-c.c ****   protobuf_c_message_free_unpacked ((ProtobufCMessage*)message, allocator);
 394              		.loc 1 63 0 is_stmt 1
 395 0016 2046     		mov	r0, r4
 396 0018 2946     		mov	r1, r5
 397 001a 044B     		ldr	r3, .L28+12
 398 001c 9847     		blx	r3
 399              	.LVL42:
 400 001e 38BD     		pop	{r3, r4, r5, pc}
 401              	.LVL43:
 402              	.L29:
 403              		.align	2
 404              	.L28:
 405 0020 00000000 		.word	.LANCHOR3
 406 0024 00000000 		.word	.LANCHOR7
 407 0028 00000000 		.word	assert_failed
 408 002c 00000000 		.word	protobuf_c_message_free_unpacked
 409              		.cfi_endproc
 410              	.LFE8:
 412              		.global	ltpb__sensor_characterization__descriptor
 413              		.global	ltpb__sensor_characterization__vst_noise_model__descriptor
 414              		.global	ltpb__sensor_characterization__vst_noise_model__vst_model__descriptor
 415              		.section	.rodata.ltpb__sensor_characterization__vst_noise_model__vst_model__number_ranges,"a",%pro
 416              		.align	2
 419              	ltpb__sensor_characterization__vst_noise_model__vst_model__number_ranges:
 420 0000 01000000 		.word	1
 421 0004 00000000 		.word	0
 422 0008 00000000 		.word	0
 423 000c 02000000 		.word	2
 424              		.section	.rodata.ltpb__sensor_characterization__vst_noise_model__vst_model__field_indices_by_name,
 425              		.align	2
 428              	ltpb__sensor_characterization__vst_noise_model__vst_model__field_indices_by_name:
 429 0000 00000000 		.word	0
 430 0004 01000000 		.word	1
 431              		.section	.rodata.ltpb__sensor_characterization__number_ranges,"a",%progbits
 432              		.align	2
 435              	ltpb__sensor_characterization__number_ranges:
 436 0000 01000000 		.word	1
 437 0004 00000000 		.word	0
 438 0008 00000000 		.word	0
 439 000c 04000000 		.word	4
 440              		.section	.rodata.ltpb__sensor_characterization__vst_noise_model__vst_model__descriptor,"a",%progbi
 441              		.align	2
 444              	ltpb__sensor_characterization__vst_noise_model__vst_model__descriptor:
 445 0000 F9EEAA28 		.word	682290937
 446 0004 18010000 		.word	.LC18
 447 0008 4B010000 		.word	.LC19
 448 000c 54010000 		.word	.LC20
 449 0010 50000000 		.word	.LC3
 450 0014 14000000 		.word	20
 451 0018 02000000 		.word	2
 452 001c 00000000 		.word	ltpb__sensor_characterization__vst_noise_model__vst_model__field_descriptors
 453 0020 00000000 		.word	ltpb__sensor_characterization__vst_noise_model__vst_model__field_indices_by_name
 454 0024 01000000 		.word	1
 455 0028 00000000 		.word	ltpb__sensor_characterization__vst_noise_model__vst_model__number_ranges
 456 002c 00000000 		.word	ltpb__sensor_characterization__vst_noise_model__vst_model__init
 457 0030 00000000 		.word	0
 458 0034 00000000 		.word	0
 459 0038 00000000 		.word	0
 460              		.section	.rodata.__FUNCTION__.6469,"a",%progbits
 461              		.set	.LANCHOR4,. + 0
 464              	__FUNCTION__.6469:
 465 0000 6C747062 		.ascii	"ltpb__sensor_characterization__get_packed_size\000"
 465      5F5F7365 
 465      6E736F72 
 465      5F636861 
 465      72616374 
 466              		.section	.rodata.ltpb__sensor_characterization__field_indices_by_name,"a",%progbits
 467              		.align	2
 470              	ltpb__sensor_characterization__field_indices_by_name:
 471 0000 00000000 		.word	0
 472 0004 02000000 		.word	2
 473 0008 03000000 		.word	3
 474 000c 01000000 		.word	1
 475              		.section	.rodata.ltpb__sensor_characterization__vst_noise_model__descriptor,"a",%progbits
 476              		.align	2
 479              	ltpb__sensor_characterization__vst_noise_model__descriptor:
 480 0000 F9EEAA28 		.word	682290937
 481 0004 83000000 		.word	.LC8
 482 0008 AD000000 		.word	.LC9
 483 000c BB000000 		.word	.LC10
 484 0010 50000000 		.word	.LC3
 485 0014 28000000 		.word	40
 486 0018 07000000 		.word	7
 487 001c 00000000 		.word	ltpb__sensor_characterization__vst_noise_model__field_descriptors
 488 0020 00000000 		.word	ltpb__sensor_characterization__vst_noise_model__field_indices_by_name
 489 0024 01000000 		.word	1
 490 0028 00000000 		.word	ltpb__sensor_characterization__vst_noise_model__number_ranges
 491 002c 00000000 		.word	ltpb__sensor_characterization__vst_noise_model__init
 492 0030 00000000 		.word	0
 493 0034 00000000 		.word	0
 494 0038 00000000 		.word	0
 495              		.section	.rodata.__FUNCTION__.6474,"a",%progbits
 496              		.set	.LANCHOR5,. + 0
 499              	__FUNCTION__.6474:
 500 0000 6C747062 		.ascii	"ltpb__sensor_characterization__pack\000"
 500      5F5F7365 
 500      6E736F72 
 500      5F636861 
 500      72616374 
 501              		.section	.rodata.str1.1,"aMS",%progbits,1
 502              	.LC0:
 503 0000 6C747062 		.ascii	"ltpb.SensorCharacterization\000"
 503      2E53656E 
 503      736F7243 
 503      68617261 
 503      63746572 
 504              	.LC1:
 505 001c 53656E73 		.ascii	"SensorCharacterization\000"
 505      6F724368 
 505      61726163 
 505      74657269 
 505      7A617469 
 506              	.LC2:
 507 0033 4C747062 		.ascii	"Ltpb__SensorCharacterization\000"
 507      5F5F5365 
 507      6E736F72 
 507      43686172 
 507      61637465 
 508              	.LC3:
 509 0050 6C747062 		.ascii	"ltpb\000"
 509      00
 510              	.LC4:
 511 0055 626C6163 		.ascii	"black_level\000"
 511      6B5F6C65 
 511      76656C00 
 512              	.LC5:
 513 0061 77686974 		.ascii	"white_level\000"
 513      655F6C65 
 513      76656C00 
 514              	.LC6:
 515 006d 636C6966 		.ascii	"cliff_slope\000"
 515      665F736C 
 515      6F706500 
 516              	.LC7:
 517 0079 7673745F 		.ascii	"vst_model\000"
 517      6D6F6465 
 517      6C00
 518              	.LC8:
 519 0083 6C747062 		.ascii	"ltpb.SensorCharacterization.VstNoiseModel\000"
 519      2E53656E 
 519      736F7243 
 519      68617261 
 519      63746572 
 520              	.LC9:
 521 00ad 5673744E 		.ascii	"VstNoiseModel\000"
 521      6F697365 
 521      4D6F6465 
 521      6C00
 522              	.LC10:
 523 00bb 4C747062 		.ascii	"Ltpb__SensorCharacterization__VstNoiseModel\000"
 523      5F5F5365 
 523      6E736F72 
 523      43686172 
 523      61637465 
 524              	.LC11:
 525 00e7 6761696E 		.ascii	"gain\000"
 525      00
 526              	.LC12:
 527 00ec 74687265 		.ascii	"threshold\000"
 527      73686F6C 
 527      6400
 528              	.LC13:
 529 00f6 7363616C 		.ascii	"scale\000"
 529      6500
 530              	.LC14:
 531 00fc 72656400 		.ascii	"red\000"
 532              	.LC15:
 533 0100 67726565 		.ascii	"green\000"
 533      6E00
 534              	.LC16:
 535 0106 626C7565 		.ascii	"blue\000"
 535      00
 536              	.LC17:
 537 010b 70616E63 		.ascii	"panchromatic\000"
 537      68726F6D 
 537      61746963 
 537      00
 538              	.LC18:
 539 0118 6C747062 		.ascii	"ltpb.SensorCharacterization.VstNoiseModel.VstModel\000"
 539      2E53656E 
 539      736F7243 
 539      68617261 
 539      63746572 
 540              	.LC19:
 541 014b 5673744D 		.ascii	"VstModel\000"
 541      6F64656C 
 541      00
 542              	.LC20:
 543 0154 4C747062 		.ascii	"Ltpb__SensorCharacterization__VstNoiseModel__VstMod"
 543      5F5F5365 
 543      6E736F72 
 543      43686172 
 543      61637465 
 544 0187 656C00   		.ascii	"el\000"
 545              	.LC21:
 546 018a 6100     		.ascii	"a\000"
 547              	.LC22:
 548 018c 6200     		.ascii	"b\000"
 549              		.section	.rodata.ltpb__sensor_characterization__descriptor,"a",%progbits
 550              		.align	2
 551              		.set	.LANCHOR3,. + 0
 554              	ltpb__sensor_characterization__descriptor:
 555 0000 F9EEAA28 		.word	682290937
 556 0004 00000000 		.word	.LC0
 557 0008 1C000000 		.word	.LC1
 558 000c 33000000 		.word	.LC2
 559 0010 50000000 		.word	.LC3
 560 0014 24000000 		.word	36
 561 0018 04000000 		.word	4
 562 001c 00000000 		.word	ltpb__sensor_characterization__field_descriptors
 563 0020 00000000 		.word	ltpb__sensor_characterization__field_indices_by_name
 564 0024 01000000 		.word	1
 565 0028 00000000 		.word	ltpb__sensor_characterization__number_ranges
 566 002c 00000000 		.word	ltpb__sensor_characterization__init
 567 0030 00000000 		.word	0
 568 0034 00000000 		.word	0
 569 0038 00000000 		.word	0
 570              		.section	.rodata.ltpb__sensor_characterization__vst_noise_model__field_indices_by_name,"a",%progbi
 571              		.align	2
 574              	ltpb__sensor_characterization__vst_noise_model__field_indices_by_name:
 575 0000 05000000 		.word	5
 576 0004 00000000 		.word	0
 577 0008 04000000 		.word	4
 578 000c 06000000 		.word	6
 579 0010 03000000 		.word	3
 580 0014 02000000 		.word	2
 581 0018 01000000 		.word	1
 582              		.section	.rodata.ltpb__sensor_characterization__vst_noise_model__field_descriptors,"a",%progbits
 583              		.align	2
 586              	ltpb__sensor_characterization__vst_noise_model__field_descriptors:
 587 0000 E7000000 		.word	.LC11
 588 0004 01000000 		.word	1
 589 0008 00       		.byte	0
 590 0009 06       		.byte	6
 591 000a 0000     		.space	2
 592 000c 00000000 		.word	0
 593 0010 0C000000 		.word	12
 594 0014 00000000 		.word	0
 595 0018 00000000 		.word	0
 596 001c 00000000 		.word	0
 597 0020 00000000 		.word	0
 598 0024 00000000 		.word	0
 599 0028 00000000 		.word	0
 600 002c EC000000 		.word	.LC12
 601 0030 02000000 		.word	2
 602 0034 00       		.byte	0
 603 0035 0A       		.byte	10
 604 0036 0000     		.space	2
 605 0038 00000000 		.word	0
 606 003c 10000000 		.word	16
 607 0040 00000000 		.word	0
 608 0044 00000000 		.word	0
 609 0048 00000000 		.word	0
 610 004c 00000000 		.word	0
 611 0050 00000000 		.word	0
 612 0054 00000000 		.word	0
 613 0058 F6000000 		.word	.LC13
 614 005c 03000000 		.word	3
 615 0060 00       		.byte	0
 616 0061 0A       		.byte	10
 617 0062 0000     		.space	2
 618 0064 00000000 		.word	0
 619 0068 14000000 		.word	20
 620 006c 00000000 		.word	0
 621 0070 00000000 		.word	0
 622 0074 00000000 		.word	0
 623 0078 00000000 		.word	0
 624 007c 00000000 		.word	0
 625 0080 00000000 		.word	0
 626 0084 FC000000 		.word	.LC14
 627 0088 04000000 		.word	4
 628 008c 00       		.byte	0
 629 008d 10       		.byte	16
 630 008e 0000     		.space	2
 631 0090 00000000 		.word	0
 632 0094 18000000 		.word	24
 633 0098 00000000 		.word	ltpb__sensor_characterization__vst_noise_model__vst_model__descriptor
 634 009c 00000000 		.word	0
 635 00a0 00000000 		.word	0
 636 00a4 00000000 		.word	0
 637 00a8 00000000 		.word	0
 638 00ac 00000000 		.word	0
 639 00b0 00010000 		.word	.LC15
 640 00b4 05000000 		.word	5
 641 00b8 00       		.byte	0
 642 00b9 10       		.byte	16
 643 00ba 0000     		.space	2
 644 00bc 00000000 		.word	0
 645 00c0 1C000000 		.word	28
 646 00c4 00000000 		.word	ltpb__sensor_characterization__vst_noise_model__vst_model__descriptor
 647 00c8 00000000 		.word	0
 648 00cc 00000000 		.word	0
 649 00d0 00000000 		.word	0
 650 00d4 00000000 		.word	0
 651 00d8 00000000 		.word	0
 652 00dc 06010000 		.word	.LC16
 653 00e0 06000000 		.word	6
 654 00e4 00       		.byte	0
 655 00e5 10       		.byte	16
 656 00e6 0000     		.space	2
 657 00e8 00000000 		.word	0
 658 00ec 20000000 		.word	32
 659 00f0 00000000 		.word	ltpb__sensor_characterization__vst_noise_model__vst_model__descriptor
 660 00f4 00000000 		.word	0
 661 00f8 00000000 		.word	0
 662 00fc 00000000 		.word	0
 663 0100 00000000 		.word	0
 664 0104 00000000 		.word	0
 665 0108 0B010000 		.word	.LC17
 666 010c 07000000 		.word	7
 667 0110 01       		.byte	1
 668 0111 10       		.byte	16
 669 0112 0000     		.space	2
 670 0114 00000000 		.word	0
 671 0118 24000000 		.word	36
 672 011c 00000000 		.word	ltpb__sensor_characterization__vst_noise_model__vst_model__descriptor
 673 0120 00000000 		.word	0
 674 0124 00000000 		.word	0
 675 0128 00000000 		.word	0
 676 012c 00000000 		.word	0
 677 0130 00000000 		.word	0
 678              		.section	.rodata.__FUNCTION__.6489,"a",%progbits
 679              		.set	.LANCHOR7,. + 0
 682              	__FUNCTION__.6489:
 683 0000 6C747062 		.ascii	"ltpb__sensor_characterization__free_unpacked\000"
 683      5F5F7365 
 683      6E736F72 
 683      5F636861 
 683      72616374 
 684              		.section	.rodata.ltpb__sensor_characterization__vst_noise_model__number_ranges,"a",%progbits
 685              		.align	2
 688              	ltpb__sensor_characterization__vst_noise_model__number_ranges:
 689 0000 01000000 		.word	1
 690 0004 00000000 		.word	0
 691 0008 00000000 		.word	0
 692 000c 07000000 		.word	7
 693              		.section	.rodata.init_value.6461,"a",%progbits
 694              		.align	2
 695              		.set	.LANCHOR1,. + 0
 698              	init_value.6461:
 699 0000 00000000 		.word	ltpb__sensor_characterization__vst_noise_model__descriptor
 700 0004 00000000 		.word	0
 701 0008 00000000 		.word	0
 702 000c 00000000 		.word	0
 703 0010 00000000 		.word	0
 704 0014 00000000 		.word	0
 705 0018 00000000 		.word	0
 706 001c 00000000 		.word	0
 707 0020 00000000 		.word	0
 708 0024 00000000 		.word	0
 709              		.section	.rodata.init_value.6457,"a",%progbits
 710              		.align	2
 711              		.set	.LANCHOR0,. + 0
 714              	init_value.6457:
 715 0000 00000000 		.word	ltpb__sensor_characterization__vst_noise_model__vst_model__descriptor
 716 0004 00000000 		.word	0
 717 0008 00000000 		.word	0
 718 000c 00000000 		.word	0
 719 0010 00000000 		.word	0
 720              		.section	.rodata.__FUNCTION__.6479,"a",%progbits
 721              		.set	.LANCHOR6,. + 0
 724              	__FUNCTION__.6479:
 725 0000 6C747062 		.ascii	"ltpb__sensor_characterization__pack_to_buffer\000"
 725      5F5F7365 
 725      6E736F72 
 725      5F636861 
 725      72616374 
 726              		.section	.rodata.init_value.6465,"a",%progbits
 727              		.align	2
 728              		.set	.LANCHOR2,. + 0
 731              	init_value.6465:
 732 0000 00000000 		.word	ltpb__sensor_characterization__descriptor
 733 0004 00000000 		.word	0
 734 0008 00000000 		.word	0
 735 000c 00000000 		.word	0
 736 0010 00000000 		.word	0
 737 0014 00000000 		.word	0
 738 0018 00000000 		.word	0
 739 001c 00000000 		.word	0
 740 0020 00000000 		.word	0
 741              		.section	.rodata.ltpb__sensor_characterization__field_descriptors,"a",%progbits
 742              		.align	2
 745              	ltpb__sensor_characterization__field_descriptors:
 746 0000 55000000 		.word	.LC4
 747 0004 01000000 		.word	1
 748 0008 00       		.byte	0
 749 0009 0A       		.byte	10
 750 000a 0000     		.space	2
 751 000c 00000000 		.word	0
 752 0010 0C000000 		.word	12
 753 0014 00000000 		.word	0
 754 0018 00000000 		.word	0
 755 001c 00000000 		.word	0
 756 0020 00000000 		.word	0
 757 0024 00000000 		.word	0
 758 0028 00000000 		.word	0
 759 002c 61000000 		.word	.LC5
 760 0030 02000000 		.word	2
 761 0034 00       		.byte	0
 762 0035 0A       		.byte	10
 763 0036 0000     		.space	2
 764 0038 00000000 		.word	0
 765 003c 10000000 		.word	16
 766 0040 00000000 		.word	0
 767 0044 00000000 		.word	0
 768 0048 00000000 		.word	0
 769 004c 00000000 		.word	0
 770 0050 00000000 		.word	0
 771 0054 00000000 		.word	0
 772 0058 6D000000 		.word	.LC6
 773 005c 03000000 		.word	3
 774 0060 01       		.byte	1
 775 0061 0A       		.byte	10
 776 0062 0000     		.space	2
 777 0064 14000000 		.word	20
 778 0068 18000000 		.word	24
 779 006c 00000000 		.word	0
 780 0070 00000000 		.word	0
 781 0074 00000000 		.word	0
 782 0078 00000000 		.word	0
 783 007c 00000000 		.word	0
 784 0080 00000000 		.word	0
 785 0084 79000000 		.word	.LC7
 786 0088 04000000 		.word	4
 787 008c 02       		.byte	2
 788 008d 10       		.byte	16
 789 008e 0000     		.space	2
 790 0090 1C000000 		.word	28
 791 0094 20000000 		.word	32
 792 0098 00000000 		.word	ltpb__sensor_characterization__vst_noise_model__descriptor
 793 009c 00000000 		.word	0
 794 00a0 00000000 		.word	0
 795 00a4 00000000 		.word	0
 796 00a8 00000000 		.word	0
 797 00ac 00000000 		.word	0
 798              		.section	.rodata.ltpb__sensor_characterization__vst_noise_model__vst_model__field_descriptors,"a",
 799              		.align	2
 802              	ltpb__sensor_characterization__vst_noise_model__vst_model__field_descriptors:
 803 0000 8A010000 		.word	.LC21
 804 0004 01000000 		.word	1
 805 0008 00       		.byte	0
 806 0009 0A       		.byte	10
 807 000a 0000     		.space	2
 808 000c 00000000 		.word	0
 809 0010 0C000000 		.word	12
 810 0014 00000000 		.word	0
 811 0018 00000000 		.word	0
 812 001c 00000000 		.word	0
 813 0020 00000000 		.word	0
 814 0024 00000000 		.word	0
 815 0028 00000000 		.word	0
 816 002c 8C010000 		.word	.LC22
 817 0030 02000000 		.word	2
 818 0034 00       		.byte	0
 819 0035 0A       		.byte	10
 820 0036 0000     		.space	2
 821 0038 00000000 		.word	0
 822 003c 10000000 		.word	16
 823 0040 00000000 		.word	0
 824 0044 00000000 		.word	0
 825 0048 00000000 		.word	0
 826 004c 00000000 		.word	0
 827 0050 00000000 		.word	0
 828 0054 00000000 		.word	0
 829              		.text
 830              	.Letext0:
 831              		.file 2 "/opt/toolchains/gcc-arm-none-eabi-4_9-2015q1/arm-none-eabi/include/machine/_default_types
 832              		.file 3 "/opt/toolchains/gcc-arm-none-eabi-4_9-2015q1/lib/gcc/arm-none-eabi/4.9.3/include/stddef.h
 833              		.file 4 "/opt/toolchains/gcc-arm-none-eabi-4_9-2015q1/arm-none-eabi/include/stdint.h"
 834              		.file 5 "/home/tienluong/workspace/atlantis_fw/platform/os/Source/portable/GCC/cortex-r4/portmacro
 835              		.file 6 "/home/tienluong/workspace/atlantis_fw/platform/common/lightheader/include/protobuf-c/prot
 836              		.file 7 "/home/tienluong/workspace/atlantis_fw/platform/common/lightheader/include/sensor_characte
DEFINED SYMBOLS
                            *ABS*:00000000 sensor_characterization.pb-c.c
     /tmp/ccVNWmch.s:19     .text.ltpb__sensor_characterization__vst_noise_model__vst_model__init:00000000 $t
     /tmp/ccVNWmch.s:24     .text.ltpb__sensor_characterization__vst_noise_model__vst_model__init:00000000 ltpb__sensor_characterization__vst_noise_model__vst_model__init
     /tmp/ccVNWmch.s:52     .text.ltpb__sensor_characterization__vst_noise_model__vst_model__init:00000010 $d
     /tmp/ccVNWmch.s:57     .text.ltpb__sensor_characterization__vst_noise_model__init:00000000 $t
     /tmp/ccVNWmch.s:62     .text.ltpb__sensor_characterization__vst_noise_model__init:00000000 ltpb__sensor_characterization__vst_noise_model__init
     /tmp/ccVNWmch.s:92     .text.ltpb__sensor_characterization__vst_noise_model__init:00000018 $d
     /tmp/ccVNWmch.s:97     .text.ltpb__sensor_characterization__init:00000000 $t
     /tmp/ccVNWmch.s:102    .text.ltpb__sensor_characterization__init:00000000 ltpb__sensor_characterization__init
     /tmp/ccVNWmch.s:132    .text.ltpb__sensor_characterization__init:00000014 $d
     /tmp/ccVNWmch.s:137    .text.ltpb__sensor_characterization__get_packed_size:00000000 $t
     /tmp/ccVNWmch.s:142    .text.ltpb__sensor_characterization__get_packed_size:00000000 ltpb__sensor_characterization__get_packed_size
     /tmp/ccVNWmch.s:183    .text.ltpb__sensor_characterization__get_packed_size:0000001c $d
     /tmp/ccVNWmch.s:191    .text.ltpb__sensor_characterization__pack:00000000 $t
     /tmp/ccVNWmch.s:196    .text.ltpb__sensor_characterization__pack:00000000 ltpb__sensor_characterization__pack
     /tmp/ccVNWmch.s:242    .text.ltpb__sensor_characterization__pack:00000020 $d
     /tmp/ccVNWmch.s:250    .text.ltpb__sensor_characterization__pack_to_buffer:00000000 $t
     /tmp/ccVNWmch.s:255    .text.ltpb__sensor_characterization__pack_to_buffer:00000000 ltpb__sensor_characterization__pack_to_buffer
     /tmp/ccVNWmch.s:301    .text.ltpb__sensor_characterization__pack_to_buffer:00000020 $d
     /tmp/ccVNWmch.s:309    .text.ltpb__sensor_characterization__unpack:00000000 $t
     /tmp/ccVNWmch.s:314    .text.ltpb__sensor_characterization__unpack:00000000 ltpb__sensor_characterization__unpack
     /tmp/ccVNWmch.s:349    .text.ltpb__sensor_characterization__unpack:00000014 $d
     /tmp/ccVNWmch.s:355    .text.ltpb__sensor_characterization__free_unpacked:00000000 $t
     /tmp/ccVNWmch.s:360    .text.ltpb__sensor_characterization__free_unpacked:00000000 ltpb__sensor_characterization__free_unpacked
     /tmp/ccVNWmch.s:405    .text.ltpb__sensor_characterization__free_unpacked:00000020 $d
     /tmp/ccVNWmch.s:554    .rodata.ltpb__sensor_characterization__descriptor:00000000 ltpb__sensor_characterization__descriptor
     /tmp/ccVNWmch.s:479    .rodata.ltpb__sensor_characterization__vst_noise_model__descriptor:00000000 ltpb__sensor_characterization__vst_noise_model__descriptor
     /tmp/ccVNWmch.s:444    .rodata.ltpb__sensor_characterization__vst_noise_model__vst_model__descriptor:00000000 ltpb__sensor_characterization__vst_noise_model__vst_model__descriptor
     /tmp/ccVNWmch.s:416    .rodata.ltpb__sensor_characterization__vst_noise_model__vst_model__number_ranges:00000000 $d
     /tmp/ccVNWmch.s:419    .rodata.ltpb__sensor_characterization__vst_noise_model__vst_model__number_ranges:00000000 ltpb__sensor_characterization__vst_noise_model__vst_model__number_ranges
     /tmp/ccVNWmch.s:425    .rodata.ltpb__sensor_characterization__vst_noise_model__vst_model__field_indices_by_name:00000000 $d
     /tmp/ccVNWmch.s:428    .rodata.ltpb__sensor_characterization__vst_noise_model__vst_model__field_indices_by_name:00000000 ltpb__sensor_characterization__vst_noise_model__vst_model__field_indices_by_name
     /tmp/ccVNWmch.s:432    .rodata.ltpb__sensor_characterization__number_ranges:00000000 $d
     /tmp/ccVNWmch.s:435    .rodata.ltpb__sensor_characterization__number_ranges:00000000 ltpb__sensor_characterization__number_ranges
     /tmp/ccVNWmch.s:441    .rodata.ltpb__sensor_characterization__vst_noise_model__vst_model__descriptor:00000000 $d
     /tmp/ccVNWmch.s:802    .rodata.ltpb__sensor_characterization__vst_noise_model__vst_model__field_descriptors:00000000 ltpb__sensor_characterization__vst_noise_model__vst_model__field_descriptors
     /tmp/ccVNWmch.s:464    .rodata.__FUNCTION__.6469:00000000 __FUNCTION__.6469
     /tmp/ccVNWmch.s:467    .rodata.ltpb__sensor_characterization__field_indices_by_name:00000000 $d
     /tmp/ccVNWmch.s:470    .rodata.ltpb__sensor_characterization__field_indices_by_name:00000000 ltpb__sensor_characterization__field_indices_by_name
     /tmp/ccVNWmch.s:476    .rodata.ltpb__sensor_characterization__vst_noise_model__descriptor:00000000 $d
     /tmp/ccVNWmch.s:586    .rodata.ltpb__sensor_characterization__vst_noise_model__field_descriptors:00000000 ltpb__sensor_characterization__vst_noise_model__field_descriptors
     /tmp/ccVNWmch.s:574    .rodata.ltpb__sensor_characterization__vst_noise_model__field_indices_by_name:00000000 ltpb__sensor_characterization__vst_noise_model__field_indices_by_name
     /tmp/ccVNWmch.s:688    .rodata.ltpb__sensor_characterization__vst_noise_model__number_ranges:00000000 ltpb__sensor_characterization__vst_noise_model__number_ranges
     /tmp/ccVNWmch.s:499    .rodata.__FUNCTION__.6474:00000000 __FUNCTION__.6474
     /tmp/ccVNWmch.s:550    .rodata.ltpb__sensor_characterization__descriptor:00000000 $d
     /tmp/ccVNWmch.s:745    .rodata.ltpb__sensor_characterization__field_descriptors:00000000 ltpb__sensor_characterization__field_descriptors
     /tmp/ccVNWmch.s:571    .rodata.ltpb__sensor_characterization__vst_noise_model__field_indices_by_name:00000000 $d
     /tmp/ccVNWmch.s:583    .rodata.ltpb__sensor_characterization__vst_noise_model__field_descriptors:00000000 $d
     /tmp/ccVNWmch.s:682    .rodata.__FUNCTION__.6489:00000000 __FUNCTION__.6489
     /tmp/ccVNWmch.s:685    .rodata.ltpb__sensor_characterization__vst_noise_model__number_ranges:00000000 $d
     /tmp/ccVNWmch.s:694    .rodata.init_value.6461:00000000 $d
     /tmp/ccVNWmch.s:698    .rodata.init_value.6461:00000000 init_value.6461
     /tmp/ccVNWmch.s:710    .rodata.init_value.6457:00000000 $d
     /tmp/ccVNWmch.s:714    .rodata.init_value.6457:00000000 init_value.6457
     /tmp/ccVNWmch.s:724    .rodata.__FUNCTION__.6479:00000000 __FUNCTION__.6479
     /tmp/ccVNWmch.s:727    .rodata.init_value.6465:00000000 $d
     /tmp/ccVNWmch.s:731    .rodata.init_value.6465:00000000 init_value.6465
     /tmp/ccVNWmch.s:742    .rodata.ltpb__sensor_characterization__field_descriptors:00000000 $d
     /tmp/ccVNWmch.s:799    .rodata.ltpb__sensor_characterization__vst_noise_model__vst_model__field_descriptors:00000000 $d
                     .debug_frame:00000010 $d

UNDEFINED SYMBOLS
assert_failed
protobuf_c_message_get_packed_size
protobuf_c_message_pack
protobuf_c_message_pack_to_buffer
protobuf_c_message_unpack
protobuf_c_message_free_unpacked
