   1              		.syntax unified
   2              		.cpu cortex-r4
   3              		.fpu softvfp
   4              		.eabi_attribute 20, 1
   5              		.eabi_attribute 21, 1
   6              		.eabi_attribute 23, 3
   7              		.eabi_attribute 24, 1
   8              		.eabi_attribute 25, 1
   9              		.eabi_attribute 26, 1
  10              		.eabi_attribute 30, 4
  11              		.eabi_attribute 34, 1
  12              		.eabi_attribute 18, 4
  13              		.thumb
  14              		.file	"task_list.c"
  15              		.text
  16              	.Ltext0:
  17              		.cfi_sections	.debug_frame
  18              		.section	.text.task_query_tid,"ax",%progbits
  19              		.align	1
  20              		.global	task_query_tid
  21              		.thumb
  22              		.thumb_func
  24              	task_query_tid:
  25              	.LFB1:
  26              		.file 1 "/home/tienluong/workspace/atlantis_fw/platform/common/task_list.c"
   1:/home/tienluong/workspace/atlantis_fw/platform/common/task_list.c **** /*******************************************************************************
   2:/home/tienluong/workspace/atlantis_fw/platform/common/task_list.c ****  * Copyright (c) 2016, The LightCo
   3:/home/tienluong/workspace/atlantis_fw/platform/common/task_list.c ****  * All rights reserved.
   4:/home/tienluong/workspace/atlantis_fw/platform/common/task_list.c ****  * Redistribution and use in source and binary forms, with or without
   5:/home/tienluong/workspace/atlantis_fw/platform/common/task_list.c ****  * modification, are strictly prohibited without prior permission of
   6:/home/tienluong/workspace/atlantis_fw/platform/common/task_list.c ****  * The LightCo.
   7:/home/tienluong/workspace/atlantis_fw/platform/common/task_list.c ****  *
   8:/home/tienluong/workspace/atlantis_fw/platform/common/task_list.c ****  * @file    task_list.c
   9:/home/tienluong/workspace/atlantis_fw/platform/common/task_list.c ****  * @author  The LightCo
  10:/home/tienluong/workspace/atlantis_fw/platform/common/task_list.c ****  * @version V1.0.0
  11:/home/tienluong/workspace/atlantis_fw/platform/common/task_list.c ****  * @date    April-6-2016
  12:/home/tienluong/workspace/atlantis_fw/platform/common/task_list.c ****  * @brief   This file contains expand of task_list
  13:/home/tienluong/workspace/atlantis_fw/platform/common/task_list.c ****  *
  14:/home/tienluong/workspace/atlantis_fw/platform/common/task_list.c ****  ******************************************************************************/
  15:/home/tienluong/workspace/atlantis_fw/platform/common/task_list.c **** /* Includes ------------------------------------------------------------------*/
  16:/home/tienluong/workspace/atlantis_fw/platform/common/task_list.c **** #include <string.h>
  17:/home/tienluong/workspace/atlantis_fw/platform/common/task_list.c **** #include "os.h"
  18:/home/tienluong/workspace/atlantis_fw/platform/common/task_list.c **** #include "log.h"
  19:/home/tienluong/workspace/atlantis_fw/platform/common/task_list.c **** #include "spis.h"
  20:/home/tienluong/workspace/atlantis_fw/platform/common/task_list.c **** #include "lcc_cmd.h"
  21:/home/tienluong/workspace/atlantis_fw/platform/common/task_list.c **** #include "task_cam_ctrl.h"
  22:/home/tienluong/workspace/atlantis_fw/platform/common/task_list.c **** #include "task_ccb_ctrl.h"
  23:/home/tienluong/workspace/atlantis_fw/platform/common/task_list.c **** #include "sections.h"
  24:/home/tienluong/workspace/atlantis_fw/platform/common/task_list.c **** #include "ina231.h"
  25:/home/tienluong/workspace/atlantis_fw/platform/common/task_list.c **** 
  26:/home/tienluong/workspace/atlantis_fw/platform/common/task_list.c **** /* Exported variables---------------------------------------------------------*/
  27:/home/tienluong/workspace/atlantis_fw/platform/common/task_list.c **** /* Exported functions---------------------------------------------------------*/
  28:/home/tienluong/workspace/atlantis_fw/platform/common/task_list.c **** /* task handler */
  29:/home/tienluong/workspace/atlantis_fw/platform/common/task_list.c **** task_handle_t  task_handler[TASK_NUM];
  30:/home/tienluong/workspace/atlantis_fw/platform/common/task_list.c **** 
  31:/home/tienluong/workspace/atlantis_fw/platform/common/task_list.c **** /* task list configure */
  32:/home/tienluong/workspace/atlantis_fw/platform/common/task_list.c **** const task_configure_t task_list[TASK_NUM] =
  33:/home/tienluong/workspace/atlantis_fw/platform/common/task_list.c **** {
  34:/home/tienluong/workspace/atlantis_fw/platform/common/task_list.c **** 	/* task_lcc_cmd */
  35:/home/tienluong/workspace/atlantis_fw/platform/common/task_list.c **** 	{
  36:/home/tienluong/workspace/atlantis_fw/platform/common/task_list.c **** 		.task =			task_lcc_cmd,
  37:/home/tienluong/workspace/atlantis_fw/platform/common/task_list.c **** 		.name =			"lcccmd",
  38:/home/tienluong/workspace/atlantis_fw/platform/common/task_list.c **** 		.prio =			__TASK_PRIO_HIGHEST - 2,
  39:/home/tienluong/workspace/atlantis_fw/platform/common/task_list.c **** 		.stacksize =	__TASK_STACK_SIZE_1024,
  40:/home/tienluong/workspace/atlantis_fw/platform/common/task_list.c **** 		.time_sleep =	1,
  41:/home/tienluong/workspace/atlantis_fw/platform/common/task_list.c **** 	},/* task_lcc_cmd */
  42:/home/tienluong/workspace/atlantis_fw/platform/common/task_list.c **** 	{
  43:/home/tienluong/workspace/atlantis_fw/platform/common/task_list.c **** 		.task =			task_ccb_ctrl,
  44:/home/tienluong/workspace/atlantis_fw/platform/common/task_list.c **** 		.name =			"ccb_ctrl",
  45:/home/tienluong/workspace/atlantis_fw/platform/common/task_list.c **** 		.prio =			__TASK_PRIO_HIGHEST - 3,
  46:/home/tienluong/workspace/atlantis_fw/platform/common/task_list.c **** 		.stacksize =	__TASK_STACK_SIZE_256,
  47:/home/tienluong/workspace/atlantis_fw/platform/common/task_list.c **** 		.time_sleep =	1,
  48:/home/tienluong/workspace/atlantis_fw/platform/common/task_list.c **** 	},
  49:/home/tienluong/workspace/atlantis_fw/platform/common/task_list.c **** 	/* task_queue_log */
  50:/home/tienluong/workspace/atlantis_fw/platform/common/task_list.c **** 	{
  51:/home/tienluong/workspace/atlantis_fw/platform/common/task_list.c **** 		.task =			task_queue_log,
  52:/home/tienluong/workspace/atlantis_fw/platform/common/task_list.c **** 		.name =			"queuelog",
  53:/home/tienluong/workspace/atlantis_fw/platform/common/task_list.c **** 		.prio =			__TASK_PRIO_HIGHEST - 13,
  54:/home/tienluong/workspace/atlantis_fw/platform/common/task_list.c **** 		.stacksize =	__TASK_STACK_SIZE_128,
  55:/home/tienluong/workspace/atlantis_fw/platform/common/task_list.c **** 		.time_sleep =	1,
  56:/home/tienluong/workspace/atlantis_fw/platform/common/task_list.c **** 	},
  57:/home/tienluong/workspace/atlantis_fw/platform/common/task_list.c ****     /* task_log */
  58:/home/tienluong/workspace/atlantis_fw/platform/common/task_list.c ****     {
  59:/home/tienluong/workspace/atlantis_fw/platform/common/task_list.c ****         .task =         task_log,
  60:/home/tienluong/workspace/atlantis_fw/platform/common/task_list.c ****         .name =         "slog",
  61:/home/tienluong/workspace/atlantis_fw/platform/common/task_list.c ****         .prio =         __TASK_PRIO_HIGHEST - 13,
  62:/home/tienluong/workspace/atlantis_fw/platform/common/task_list.c ****         .stacksize =    __TASK_STACK_SIZE_128,
  63:/home/tienluong/workspace/atlantis_fw/platform/common/task_list.c ****         .time_sleep =   1,
  64:/home/tienluong/workspace/atlantis_fw/platform/common/task_list.c ****     },
  65:/home/tienluong/workspace/atlantis_fw/platform/common/task_list.c **** 	/* task_console */
  66:/home/tienluong/workspace/atlantis_fw/platform/common/task_list.c **** 	{
  67:/home/tienluong/workspace/atlantis_fw/platform/common/task_list.c **** 		.task =			task_console,
  68:/home/tienluong/workspace/atlantis_fw/platform/common/task_list.c **** 		.name =			"console",
  69:/home/tienluong/workspace/atlantis_fw/platform/common/task_list.c **** 		.prio =			__TASK_PRIO_HIGHEST - 14,
  70:/home/tienluong/workspace/atlantis_fw/platform/common/task_list.c **** 		.stacksize =	__TASK_STACK_SIZE_128,
  71:/home/tienluong/workspace/atlantis_fw/platform/common/task_list.c **** 		.time_sleep =	1,
  72:/home/tienluong/workspace/atlantis_fw/platform/common/task_list.c **** 	}
  73:/home/tienluong/workspace/atlantis_fw/platform/common/task_list.c **** 	/**
  74:/home/tienluong/workspace/atlantis_fw/platform/common/task_list.c **** 	 * @brief ADD MORE TASK HERE <<<<<<<<<<<<<<<<<<<
  75:/home/tienluong/workspace/atlantis_fw/platform/common/task_list.c **** 	 */
  76:/home/tienluong/workspace/atlantis_fw/platform/common/task_list.c **** };
  77:/home/tienluong/workspace/atlantis_fw/platform/common/task_list.c **** 
  78:/home/tienluong/workspace/atlantis_fw/platform/common/task_list.c **** /* Exported function ---------------------------------------------------------*/
  79:/home/tienluong/workspace/atlantis_fw/platform/common/task_list.c **** /**
  80:/home/tienluong/workspace/atlantis_fw/platform/common/task_list.c ****  * @brief task_query_tid
  81:/home/tienluong/workspace/atlantis_fw/platform/common/task_list.c ****  * The function will query task id from task name
  82:/home/tienluong/workspace/atlantis_fw/platform/common/task_list.c ****  * @param task_name - name of task to get task id
  83:/home/tienluong/workspace/atlantis_fw/platform/common/task_list.c ****  * @return None
  84:/home/tienluong/workspace/atlantis_fw/platform/common/task_list.c ****  */
  85:/home/tienluong/workspace/atlantis_fw/platform/common/task_list.c **** int task_query_tid(const char * const task_name)
  86:/home/tienluong/workspace/atlantis_fw/platform/common/task_list.c **** {
  27              		.loc 1 86 0
  28              		.cfi_startproc
  29              		@ args = 0, pretend = 0, frame = 0
  30              		@ frame_needed = 0, uses_anonymous_args = 0
  31              	.LVL0:
  32 0000 70B5     		push	{r4, r5, r6, lr}
  33              	.LCFI0:
  34              		.cfi_def_cfa_offset 16
  35              		.cfi_offset 4, -16
  36              		.cfi_offset 5, -12
  37              		.cfi_offset 6, -8
  38              		.cfi_offset 14, -4
  39              		.loc 1 86 0
  40 0002 0646     		mov	r6, r0
  87:/home/tienluong/workspace/atlantis_fw/platform/common/task_list.c **** 	int i = 0;
  88:/home/tienluong/workspace/atlantis_fw/platform/common/task_list.c **** 	int ret = -1;
  41              		.loc 1 88 0
  42 0004 4FF0FF35 		mov	r5, #-1
  87:/home/tienluong/workspace/atlantis_fw/platform/common/task_list.c **** 	int i = 0;
  43              		.loc 1 87 0
  44 0008 0024     		movs	r4, #0
  45              	.LVL1:
  46              	.L4:
  47 000a 0A4B     		ldr	r3, .L11
  89:/home/tienluong/workspace/atlantis_fw/platform/common/task_list.c **** 	int EXIT = 0;
  90:/home/tienluong/workspace/atlantis_fw/platform/common/task_list.c **** 	/* loop check task name */
  91:/home/tienluong/workspace/atlantis_fw/platform/common/task_list.c **** 	while (TASK_NUM > i && !EXIT)
  92:/home/tienluong/workspace/atlantis_fw/platform/common/task_list.c **** 	{
  93:/home/tienluong/workspace/atlantis_fw/platform/common/task_list.c **** 		if(!strcmp(task_name, task_list[i].name))
  48              		.loc 1 93 0
  49 000c 3046     		mov	r0, r6
  50 000e 03EB0413 		add	r3, r3, r4, lsl #4
  51 0012 5968     		ldr	r1, [r3, #4]
  52 0014 084B     		ldr	r3, .L11+4
  53 0016 9847     		blx	r3
  54              	.LVL2:
  55 0018 0028     		cmp	r0, #0
  56 001a 08BF     		it	eq
  57 001c 2546     		moveq	r5, r4
  58              	.LVL3:
  94:/home/tienluong/workspace/atlantis_fw/platform/common/task_list.c **** 		{
  95:/home/tienluong/workspace/atlantis_fw/platform/common/task_list.c **** 			EXIT = 1;
  96:/home/tienluong/workspace/atlantis_fw/platform/common/task_list.c **** 			ret = i;
  97:/home/tienluong/workspace/atlantis_fw/platform/common/task_list.c **** 		}
  98:/home/tienluong/workspace/atlantis_fw/platform/common/task_list.c **** 		i++;
  59              		.loc 1 98 0
  60 001e 04F10104 		add	r4, r4, #1
  61              	.LVL4:
  93:/home/tienluong/workspace/atlantis_fw/platform/common/task_list.c **** 		{
  62              		.loc 1 93 0
  63 0022 14BF     		ite	ne
  64 0024 0023     		movne	r3, #0
  65 0026 0123     		moveq	r3, #1
  66              	.LVL5:
  91:/home/tienluong/workspace/atlantis_fw/platform/common/task_list.c **** 	{
  67              		.loc 1 91 0
  68 0028 052C     		cmp	r4, #5
  69 002a 01D0     		beq	.L9
  91:/home/tienluong/workspace/atlantis_fw/platform/common/task_list.c **** 	{
  70              		.loc 1 91 0 is_stmt 0 discriminator 1
  71 002c 002B     		cmp	r3, #0
  72 002e ECD0     		beq	.L4
  73              	.L9:
  99:/home/tienluong/workspace/atlantis_fw/platform/common/task_list.c **** 	}
 100:/home/tienluong/workspace/atlantis_fw/platform/common/task_list.c **** 	return ret;
 101:/home/tienluong/workspace/atlantis_fw/platform/common/task_list.c **** }
  74              		.loc 1 101 0 is_stmt 1
  75 0030 2846     		mov	r0, r5
  76 0032 70BD     		pop	{r4, r5, r6, pc}
  77              	.LVL6:
  78              	.L12:
  79              		.align	2
  80              	.L11:
  81 0034 00000000 		.word	.LANCHOR0
  82 0038 00000000 		.word	strcmp
  83              		.cfi_endproc
  84              	.LFE1:
  86              		.global	task_list
  87              		.global	task_handler
  88              		.section	.bss.task_handler,"aw",%nobits
  89              		.align	2
  92              	task_handler:
  93 0000 00000000 		.space	60
  93      00000000 
  93      00000000 
  93      00000000 
  93      00000000 
  94              		.section	.rodata.task_list,"a",%progbits
  95              		.align	2
  96              		.set	.LANCHOR0,. + 0
  99              	task_list:
 100 0000 00000000 		.word	task_lcc_cmd
 101 0004 00000000 		.word	.LC0
 102 0008 8004     		.short	1152
 103 000a 0D       		.byte	13
 104 000b 00       		.space	1
 105 000c 0100     		.short	1
 106 000e 0000     		.space	2
 107 0010 00000000 		.word	task_ccb_ctrl
 108 0014 07000000 		.word	.LC1
 109 0018 8001     		.short	384
 110 001a 0C       		.byte	12
 111 001b 00       		.space	1
 112 001c 0100     		.short	1
 113 001e 0000     		.space	2
 114 0020 00000000 		.word	task_queue_log
 115 0024 10000000 		.word	.LC2
 116 0028 0001     		.short	256
 117 002a 02       		.byte	2
 118 002b 00       		.space	1
 119 002c 0100     		.short	1
 120 002e 0000     		.space	2
 121 0030 00000000 		.word	task_log
 122 0034 19000000 		.word	.LC3
 123 0038 0001     		.short	256
 124 003a 02       		.byte	2
 125 003b 00       		.space	1
 126 003c 0100     		.short	1
 127 003e 0000     		.space	2
 128 0040 00000000 		.word	task_console
 129 0044 1E000000 		.word	.LC4
 130 0048 0001     		.short	256
 131 004a 01       		.byte	1
 132 004b 00       		.space	1
 133 004c 0100     		.short	1
 134 004e 0000     		.space	2
 135              		.section	.rodata.str1.1,"aMS",%progbits,1
 136              	.LC0:
 137 0000 6C636363 		.ascii	"lcccmd\000"
 137      6D6400
 138              	.LC1:
 139 0007 6363625F 		.ascii	"ccb_ctrl\000"
 139      6374726C 
 139      00
 140              	.LC2:
 141 0010 71756575 		.ascii	"queuelog\000"
 141      656C6F67 
 141      00
 142              	.LC3:
 143 0019 736C6F67 		.ascii	"slog\000"
 143      00
 144              	.LC4:
 145 001e 636F6E73 		.ascii	"console\000"
 145      6F6C6500 
 146              		.text
 147              	.Letext0:
 148              		.file 2 "/opt/toolchains/gcc-arm-none-eabi-4_9-2015q1/arm-none-eabi/include/machine/_default_types
 149              		.file 3 "/opt/toolchains/gcc-arm-none-eabi-4_9-2015q1/arm-none-eabi/include/stdint.h"
 150              		.file 4 "/home/tienluong/workspace/atlantis_fw/platform/os/Source/portable/GCC/cortex-r4/portmacro
 151              		.file 5 "/home/tienluong/workspace/atlantis_fw/platform/os/Source/include/task.h"
 152              		.file 6 "/home/tienluong/workspace/atlantis_fw/platform/common/os.h"
 153              		.file 7 "/home/tienluong/workspace/atlantis_fw/AsicFwS2/include/img_sensor.h"
 154              		.file 8 "/home/tienluong/workspace/atlantis_fw/platform/common/lcc_system.h"
DEFINED SYMBOLS
                            *ABS*:00000000 task_list.c
     /tmp/ccqjPV9N.s:19     .text.task_query_tid:00000000 $t
     /tmp/ccqjPV9N.s:24     .text.task_query_tid:00000000 task_query_tid
     /tmp/ccqjPV9N.s:81     .text.task_query_tid:00000034 $d
     /tmp/ccqjPV9N.s:99     .rodata.task_list:00000000 task_list
     /tmp/ccqjPV9N.s:92     .bss.task_handler:00000000 task_handler
     /tmp/ccqjPV9N.s:89     .bss.task_handler:00000000 $d
     /tmp/ccqjPV9N.s:95     .rodata.task_list:00000000 $d
                     .debug_frame:00000010 $d

UNDEFINED SYMBOLS
strcmp
task_lcc_cmd
task_ccb_ctrl
task_queue_log
task_log
task_console
