   1              		.syntax unified
   2              		.cpu cortex-r4
   3              		.fpu softvfp
   4              		.eabi_attribute 20, 1
   5              		.eabi_attribute 21, 1
   6              		.eabi_attribute 23, 3
   7              		.eabi_attribute 24, 1
   8              		.eabi_attribute 25, 1
   9              		.eabi_attribute 26, 1
  10              		.eabi_attribute 30, 4
  11              		.eabi_attribute 34, 1
  12              		.eabi_attribute 18, 4
  13              		.thumb
  14              		.file	"geometric_calibration.pb-c.c"
  15              		.text
  16              	.Ltext0:
  17              		.cfi_sections	.debug_frame
  18              		.section	.text.ltpb__geometric_calibration__intrinsics__init,"ax",%progbits
  19              		.align	1
  20              		.global	ltpb__geometric_calibration__intrinsics__init
  21              		.thumb
  22              		.thumb_func
  24              	ltpb__geometric_calibration__intrinsics__init:
  25              	.LFB1:
  26              		.file 1 "/home/tienluong/workspace/atlantis_fw/platform/common/lightheader/src/geometric_calibrati
   1:/home/tienluong/workspace/atlantis_fw/platform/common/lightheader/src/geometric_calibration.pb-c.c **** /* Generated by the protocol buffer compiler.  DO NOT EDIT! */
   2:/home/tienluong/workspace/atlantis_fw/platform/common/lightheader/src/geometric_calibration.pb-c.c **** /* Generated from: geometric_calibration.proto */
   3:/home/tienluong/workspace/atlantis_fw/platform/common/lightheader/src/geometric_calibration.pb-c.c **** 
   4:/home/tienluong/workspace/atlantis_fw/platform/common/lightheader/src/geometric_calibration.pb-c.c **** /* Do not generate deprecated warnings for self */
   5:/home/tienluong/workspace/atlantis_fw/platform/common/lightheader/src/geometric_calibration.pb-c.c **** #ifndef PROTOBUF_C__NO_DEPRECATED
   6:/home/tienluong/workspace/atlantis_fw/platform/common/lightheader/src/geometric_calibration.pb-c.c **** #define PROTOBUF_C__NO_DEPRECATED
   7:/home/tienluong/workspace/atlantis_fw/platform/common/lightheader/src/geometric_calibration.pb-c.c **** #endif
   8:/home/tienluong/workspace/atlantis_fw/platform/common/lightheader/src/geometric_calibration.pb-c.c **** #include "sections.h"
   9:/home/tienluong/workspace/atlantis_fw/platform/common/lightheader/src/geometric_calibration.pb-c.c **** #include "geometric_calibration.pb-c.h"
  10:/home/tienluong/workspace/atlantis_fw/platform/common/lightheader/src/geometric_calibration.pb-c.c **** LIGHT_HEADER_FUNC void   ltpb__geometric_calibration__intrinsics__init
  11:/home/tienluong/workspace/atlantis_fw/platform/common/lightheader/src/geometric_calibration.pb-c.c ****                      (Ltpb__GeometricCalibration__Intrinsics         *message)
  12:/home/tienluong/workspace/atlantis_fw/platform/common/lightheader/src/geometric_calibration.pb-c.c **** {
  27              		.loc 1 12 0
  28              		.cfi_startproc
  29              		@ args = 0, pretend = 0, frame = 0
  30              		@ frame_needed = 0, uses_anonymous_args = 0
  31              	.LVL0:
  32 0000 30B5     		push	{r4, r5, lr}
  33              	.LCFI0:
  34              		.cfi_def_cfa_offset 12
  35              		.cfi_offset 4, -12
  36              		.cfi_offset 5, -8
  37              		.cfi_offset 14, -4
  13:/home/tienluong/workspace/atlantis_fw/platform/common/lightheader/src/geometric_calibration.pb-c.c ****   LIGHT_HEADER_STATIC static Ltpb__GeometricCalibration__Intrinsics init_value = LTPB__GEOMETRIC_CA
  14:/home/tienluong/workspace/atlantis_fw/platform/common/lightheader/src/geometric_calibration.pb-c.c ****   *message = init_value;
  38              		.loc 1 14 0
  39 0002 044D     		ldr	r5, .L2
  40 0004 0446     		mov	r4, r0
  41 0006 0FCD     		ldmia	r5!, {r0, r1, r2, r3}
  42              	.LVL1:
  43 0008 0FC4     		stmia	r4!, {r0, r1, r2, r3}
  44              	.LVL2:
  45 000a 95E80300 		ldmia	r5, {r0, r1}
  46 000e 84E80300 		stmia	r4, {r0, r1}
  47 0012 30BD     		pop	{r4, r5, pc}
  48              	.LVL3:
  49              	.L3:
  50              		.align	2
  51              	.L2:
  52 0014 00000000 		.word	.LANCHOR0
  53              		.cfi_endproc
  54              	.LFE1:
  56              		.section	.text.ltpb__geometric_calibration__extrinsics__canonical_format__init,"ax",%progbits
  57              		.align	1
  58              		.global	ltpb__geometric_calibration__extrinsics__canonical_format__init
  59              		.thumb
  60              		.thumb_func
  62              	ltpb__geometric_calibration__extrinsics__canonical_format__init:
  63              	.LFB2:
  15:/home/tienluong/workspace/atlantis_fw/platform/common/lightheader/src/geometric_calibration.pb-c.c **** }
  16:/home/tienluong/workspace/atlantis_fw/platform/common/lightheader/src/geometric_calibration.pb-c.c **** LIGHT_HEADER_FUNC void   ltpb__geometric_calibration__extrinsics__canonical_format__init
  17:/home/tienluong/workspace/atlantis_fw/platform/common/lightheader/src/geometric_calibration.pb-c.c ****                      (Ltpb__GeometricCalibration__Extrinsics__CanonicalFormat         *message)
  18:/home/tienluong/workspace/atlantis_fw/platform/common/lightheader/src/geometric_calibration.pb-c.c **** {
  64              		.loc 1 18 0
  65              		.cfi_startproc
  66              		@ args = 0, pretend = 0, frame = 0
  67              		@ frame_needed = 0, uses_anonymous_args = 0
  68              	.LVL4:
  69 0000 30B5     		push	{r4, r5, lr}
  70              	.LCFI1:
  71              		.cfi_def_cfa_offset 12
  72              		.cfi_offset 4, -12
  73              		.cfi_offset 5, -8
  74              		.cfi_offset 14, -4
  19:/home/tienluong/workspace/atlantis_fw/platform/common/lightheader/src/geometric_calibration.pb-c.c ****   LIGHT_HEADER_STATIC static Ltpb__GeometricCalibration__Extrinsics__CanonicalFormat init_value = L
  20:/home/tienluong/workspace/atlantis_fw/platform/common/lightheader/src/geometric_calibration.pb-c.c ****   *message = init_value;
  75              		.loc 1 20 0
  76 0002 044D     		ldr	r5, .L5
  77 0004 0446     		mov	r4, r0
  78 0006 0FCD     		ldmia	r5!, {r0, r1, r2, r3}
  79              	.LVL5:
  80 0008 0FC4     		stmia	r4!, {r0, r1, r2, r3}
  81              	.LVL6:
  82 000a 0FCD     		ldmia	r5!, {r0, r1, r2, r3}
  83 000c 0FC4     		stmia	r4!, {r0, r1, r2, r3}
  84              	.LVL7:
  85 000e 2B68     		ldr	r3, [r5]
  86 0010 2360     		str	r3, [r4]
  87 0012 30BD     		pop	{r4, r5, pc}
  88              	.LVL8:
  89              	.L6:
  90              		.align	2
  91              	.L5:
  92 0014 00000000 		.word	.LANCHOR1
  93              		.cfi_endproc
  94              	.LFE2:
  96              		.section	.text.ltpb__geometric_calibration__extrinsics__movable_mirror_format__init,"ax",%progbits
  97              		.align	1
  98              		.global	ltpb__geometric_calibration__extrinsics__movable_mirror_format__init
  99              		.thumb
 100              		.thumb_func
 102              	ltpb__geometric_calibration__extrinsics__movable_mirror_format__init:
 103              	.LFB3:
  21:/home/tienluong/workspace/atlantis_fw/platform/common/lightheader/src/geometric_calibration.pb-c.c **** }
  22:/home/tienluong/workspace/atlantis_fw/platform/common/lightheader/src/geometric_calibration.pb-c.c **** LIGHT_HEADER_FUNC void   ltpb__geometric_calibration__extrinsics__movable_mirror_format__init
  23:/home/tienluong/workspace/atlantis_fw/platform/common/lightheader/src/geometric_calibration.pb-c.c ****                      (Ltpb__GeometricCalibration__Extrinsics__MovableMirrorFormat         *message)
  24:/home/tienluong/workspace/atlantis_fw/platform/common/lightheader/src/geometric_calibration.pb-c.c **** {
 104              		.loc 1 24 0
 105              		.cfi_startproc
 106              		@ args = 0, pretend = 0, frame = 0
 107              		@ frame_needed = 0, uses_anonymous_args = 0
 108              	.LVL9:
 109 0000 30B5     		push	{r4, r5, lr}
 110              	.LCFI2:
 111              		.cfi_def_cfa_offset 12
 112              		.cfi_offset 4, -12
 113              		.cfi_offset 5, -8
 114              		.cfi_offset 14, -4
  25:/home/tienluong/workspace/atlantis_fw/platform/common/lightheader/src/geometric_calibration.pb-c.c ****   LIGHT_HEADER_STATIC static Ltpb__GeometricCalibration__Extrinsics__MovableMirrorFormat init_value
  26:/home/tienluong/workspace/atlantis_fw/platform/common/lightheader/src/geometric_calibration.pb-c.c ****   *message = init_value;
 115              		.loc 1 26 0
 116 0002 034D     		ldr	r5, .L8
 117 0004 0446     		mov	r4, r0
 118 0006 0FCD     		ldmia	r5!, {r0, r1, r2, r3}
 119              	.LVL10:
 120 0008 0FC4     		stmia	r4!, {r0, r1, r2, r3}
 121              	.LVL11:
 122 000a 2B68     		ldr	r3, [r5]
 123 000c 2360     		str	r3, [r4]
 124 000e 30BD     		pop	{r4, r5, pc}
 125              	.LVL12:
 126              	.L9:
 127              		.align	2
 128              	.L8:
 129 0010 00000000 		.word	.LANCHOR2
 130              		.cfi_endproc
 131              	.LFE3:
 133              		.section	.text.ltpb__geometric_calibration__extrinsics__init,"ax",%progbits
 134              		.align	1
 135              		.global	ltpb__geometric_calibration__extrinsics__init
 136              		.thumb
 137              		.thumb_func
 139              	ltpb__geometric_calibration__extrinsics__init:
 140              	.LFB4:
  27:/home/tienluong/workspace/atlantis_fw/platform/common/lightheader/src/geometric_calibration.pb-c.c **** }
  28:/home/tienluong/workspace/atlantis_fw/platform/common/lightheader/src/geometric_calibration.pb-c.c **** LIGHT_HEADER_FUNC void   ltpb__geometric_calibration__extrinsics__init
  29:/home/tienluong/workspace/atlantis_fw/platform/common/lightheader/src/geometric_calibration.pb-c.c ****                      (Ltpb__GeometricCalibration__Extrinsics         *message)
  30:/home/tienluong/workspace/atlantis_fw/platform/common/lightheader/src/geometric_calibration.pb-c.c **** {
 141              		.loc 1 30 0
 142              		.cfi_startproc
 143              		@ args = 0, pretend = 0, frame = 0
 144              		@ frame_needed = 0, uses_anonymous_args = 0
 145              	.LVL13:
 146 0000 30B5     		push	{r4, r5, lr}
 147              	.LCFI3:
 148              		.cfi_def_cfa_offset 12
 149              		.cfi_offset 4, -12
 150              		.cfi_offset 5, -8
 151              		.cfi_offset 14, -4
  31:/home/tienluong/workspace/atlantis_fw/platform/common/lightheader/src/geometric_calibration.pb-c.c ****   LIGHT_HEADER_STATIC static Ltpb__GeometricCalibration__Extrinsics init_value = LTPB__GEOMETRIC_CA
  32:/home/tienluong/workspace/atlantis_fw/platform/common/lightheader/src/geometric_calibration.pb-c.c ****   *message = init_value;
 152              		.loc 1 32 0
 153 0002 034D     		ldr	r5, .L11
 154 0004 0446     		mov	r4, r0
 155 0006 0FCD     		ldmia	r5!, {r0, r1, r2, r3}
 156              	.LVL14:
 157 0008 0FC4     		stmia	r4!, {r0, r1, r2, r3}
 158              	.LVL15:
 159 000a 2B68     		ldr	r3, [r5]
 160 000c 2360     		str	r3, [r4]
 161 000e 30BD     		pop	{r4, r5, pc}
 162              	.LVL16:
 163              	.L12:
 164              		.align	2
 165              	.L11:
 166 0010 00000000 		.word	.LANCHOR3
 167              		.cfi_endproc
 168              	.LFE4:
 170              		.section	.text.ltpb__geometric_calibration__calibration_focus_bundle__init,"ax",%progbits
 171              		.align	1
 172              		.global	ltpb__geometric_calibration__calibration_focus_bundle__init
 173              		.thumb
 174              		.thumb_func
 176              	ltpb__geometric_calibration__calibration_focus_bundle__init:
 177              	.LFB5:
  33:/home/tienluong/workspace/atlantis_fw/platform/common/lightheader/src/geometric_calibration.pb-c.c **** }
  34:/home/tienluong/workspace/atlantis_fw/platform/common/lightheader/src/geometric_calibration.pb-c.c **** LIGHT_HEADER_FUNC void   ltpb__geometric_calibration__calibration_focus_bundle__init
  35:/home/tienluong/workspace/atlantis_fw/platform/common/lightheader/src/geometric_calibration.pb-c.c ****                      (Ltpb__GeometricCalibration__CalibrationFocusBundle         *message)
  36:/home/tienluong/workspace/atlantis_fw/platform/common/lightheader/src/geometric_calibration.pb-c.c **** {
 178              		.loc 1 36 0
 179              		.cfi_startproc
 180              		@ args = 0, pretend = 0, frame = 0
 181              		@ frame_needed = 0, uses_anonymous_args = 0
 182              	.LVL17:
 183 0000 30B5     		push	{r4, r5, lr}
 184              	.LCFI4:
 185              		.cfi_def_cfa_offset 12
 186              		.cfi_offset 4, -12
 187              		.cfi_offset 5, -8
 188              		.cfi_offset 14, -4
  37:/home/tienluong/workspace/atlantis_fw/platform/common/lightheader/src/geometric_calibration.pb-c.c ****   LIGHT_HEADER_STATIC static Ltpb__GeometricCalibration__CalibrationFocusBundle init_value = LTPB__
  38:/home/tienluong/workspace/atlantis_fw/platform/common/lightheader/src/geometric_calibration.pb-c.c ****   *message = init_value;
 189              		.loc 1 38 0
 190 0002 044D     		ldr	r5, .L14
 191 0004 0446     		mov	r4, r0
 192 0006 0FCD     		ldmia	r5!, {r0, r1, r2, r3}
 193              	.LVL18:
 194 0008 0FC4     		stmia	r4!, {r0, r1, r2, r3}
 195              	.LVL19:
 196 000a 0FCD     		ldmia	r5!, {r0, r1, r2, r3}
 197 000c 0FC4     		stmia	r4!, {r0, r1, r2, r3}
 198              	.LVL20:
 199 000e 2B68     		ldr	r3, [r5]
 200 0010 2360     		str	r3, [r4]
 201 0012 30BD     		pop	{r4, r5, pc}
 202              	.LVL21:
 203              	.L15:
 204              		.align	2
 205              	.L14:
 206 0014 00000000 		.word	.LANCHOR4
 207              		.cfi_endproc
 208              	.LFE5:
 210              		.section	.text.ltpb__geometric_calibration__angle_optical_center_mapping__init,"ax",%progbits
 211              		.align	1
 212              		.global	ltpb__geometric_calibration__angle_optical_center_mapping__init
 213              		.thumb
 214              		.thumb_func
 216              	ltpb__geometric_calibration__angle_optical_center_mapping__init:
 217              	.LFB6:
  39:/home/tienluong/workspace/atlantis_fw/platform/common/lightheader/src/geometric_calibration.pb-c.c **** }
  40:/home/tienluong/workspace/atlantis_fw/platform/common/lightheader/src/geometric_calibration.pb-c.c **** LIGHT_HEADER_FUNC void   ltpb__geometric_calibration__angle_optical_center_mapping__init
  41:/home/tienluong/workspace/atlantis_fw/platform/common/lightheader/src/geometric_calibration.pb-c.c ****                      (Ltpb__GeometricCalibration__AngleOpticalCenterMapping         *message)
  42:/home/tienluong/workspace/atlantis_fw/platform/common/lightheader/src/geometric_calibration.pb-c.c **** {
 218              		.loc 1 42 0
 219              		.cfi_startproc
 220              		@ args = 0, pretend = 0, frame = 0
 221              		@ frame_needed = 0, uses_anonymous_args = 0
 222              	.LVL22:
 223 0000 30B5     		push	{r4, r5, lr}
 224              	.LCFI5:
 225              		.cfi_def_cfa_offset 12
 226              		.cfi_offset 4, -12
 227              		.cfi_offset 5, -8
 228              		.cfi_offset 14, -4
  43:/home/tienluong/workspace/atlantis_fw/platform/common/lightheader/src/geometric_calibration.pb-c.c ****   static Ltpb__GeometricCalibration__AngleOpticalCenterMapping init_value = LTPB__GEOMETRIC_CALIBRA
  44:/home/tienluong/workspace/atlantis_fw/platform/common/lightheader/src/geometric_calibration.pb-c.c ****   *message = init_value;
 229              		.loc 1 44 0
 230 0002 044D     		ldr	r5, .L17
 231 0004 0446     		mov	r4, r0
 232 0006 0FCD     		ldmia	r5!, {r0, r1, r2, r3}
 233              	.LVL23:
 234 0008 0FC4     		stmia	r4!, {r0, r1, r2, r3}
 235              	.LVL24:
 236 000a 95E80F00 		ldmia	r5, {r0, r1, r2, r3}
 237 000e 84E80F00 		stmia	r4, {r0, r1, r2, r3}
 238 0012 30BD     		pop	{r4, r5, pc}
 239              	.LVL25:
 240              	.L18:
 241              		.align	2
 242              	.L17:
 243 0014 00000000 		.word	.LANCHOR5
 244              		.cfi_endproc
 245              	.LFE6:
 247              		.section	.text.ltpb__geometric_calibration__init,"ax",%progbits
 248              		.align	1
 249              		.global	ltpb__geometric_calibration__init
 250              		.thumb
 251              		.thumb_func
 253              	ltpb__geometric_calibration__init:
 254              	.LFB7:
  45:/home/tienluong/workspace/atlantis_fw/platform/common/lightheader/src/geometric_calibration.pb-c.c **** }
  46:/home/tienluong/workspace/atlantis_fw/platform/common/lightheader/src/geometric_calibration.pb-c.c **** LIGHT_HEADER_FUNC void   ltpb__geometric_calibration__init
  47:/home/tienluong/workspace/atlantis_fw/platform/common/lightheader/src/geometric_calibration.pb-c.c ****                      (Ltpb__GeometricCalibration         *message)
  48:/home/tienluong/workspace/atlantis_fw/platform/common/lightheader/src/geometric_calibration.pb-c.c **** {
 255              		.loc 1 48 0
 256              		.cfi_startproc
 257              		@ args = 0, pretend = 0, frame = 0
 258              		@ frame_needed = 0, uses_anonymous_args = 0
 259              	.LVL26:
 260 0000 30B5     		push	{r4, r5, lr}
 261              	.LCFI6:
 262              		.cfi_def_cfa_offset 12
 263              		.cfi_offset 4, -12
 264              		.cfi_offset 5, -8
 265              		.cfi_offset 14, -4
  49:/home/tienluong/workspace/atlantis_fw/platform/common/lightheader/src/geometric_calibration.pb-c.c ****   LIGHT_HEADER_STATIC static Ltpb__GeometricCalibration init_value = LTPB__GEOMETRIC_CALIBRATION__I
  50:/home/tienluong/workspace/atlantis_fw/platform/common/lightheader/src/geometric_calibration.pb-c.c ****   *message = init_value;
 266              		.loc 1 50 0
 267 0002 054D     		ldr	r5, .L20
 268 0004 0446     		mov	r4, r0
 269 0006 0FCD     		ldmia	r5!, {r0, r1, r2, r3}
 270              	.LVL27:
 271 0008 0FC4     		stmia	r4!, {r0, r1, r2, r3}
 272              	.LVL28:
 273 000a 0FCD     		ldmia	r5!, {r0, r1, r2, r3}
 274 000c 0FC4     		stmia	r4!, {r0, r1, r2, r3}
 275              	.LVL29:
 276 000e 95E80700 		ldmia	r5, {r0, r1, r2}
 277 0012 84E80700 		stmia	r4, {r0, r1, r2}
 278 0016 30BD     		pop	{r4, r5, pc}
 279              	.LVL30:
 280              	.L21:
 281              		.align	2
 282              	.L20:
 283 0018 00000000 		.word	.LANCHOR6
 284              		.cfi_endproc
 285              	.LFE7:
 287              		.section	.text.ltpb__geometric_calibration__get_packed_size,"ax",%progbits
 288              		.align	1
 289              		.global	ltpb__geometric_calibration__get_packed_size
 290              		.thumb
 291              		.thumb_func
 293              	ltpb__geometric_calibration__get_packed_size:
 294              	.LFB8:
  51:/home/tienluong/workspace/atlantis_fw/platform/common/lightheader/src/geometric_calibration.pb-c.c **** }
  52:/home/tienluong/workspace/atlantis_fw/platform/common/lightheader/src/geometric_calibration.pb-c.c **** LIGHT_HEADER_FUNC size_t ltpb__geometric_calibration__get_packed_size
  53:/home/tienluong/workspace/atlantis_fw/platform/common/lightheader/src/geometric_calibration.pb-c.c ****                      (const Ltpb__GeometricCalibration *message)
  54:/home/tienluong/workspace/atlantis_fw/platform/common/lightheader/src/geometric_calibration.pb-c.c **** {
 295              		.loc 1 54 0
 296              		.cfi_startproc
 297              		@ args = 0, pretend = 0, frame = 0
 298              		@ frame_needed = 0, uses_anonymous_args = 0
 299              	.LVL31:
  55:/home/tienluong/workspace/atlantis_fw/platform/common/lightheader/src/geometric_calibration.pb-c.c ****   assert(message->base.descriptor == &ltpb__geometric_calibration__descriptor);
 300              		.loc 1 55 0
 301 0000 0268     		ldr	r2, [r0]
 302 0002 064B     		ldr	r3, .L25
  54:/home/tienluong/workspace/atlantis_fw/platform/common/lightheader/src/geometric_calibration.pb-c.c ****   assert(message->base.descriptor == &ltpb__geometric_calibration__descriptor);
 303              		.loc 1 54 0
 304 0004 10B5     		push	{r4, lr}
 305              	.LCFI7:
 306              		.cfi_def_cfa_offset 8
 307              		.cfi_offset 4, -8
 308              		.cfi_offset 14, -4
 309              		.loc 1 55 0
 310 0006 9A42     		cmp	r2, r3
  54:/home/tienluong/workspace/atlantis_fw/platform/common/lightheader/src/geometric_calibration.pb-c.c ****   assert(message->base.descriptor == &ltpb__geometric_calibration__descriptor);
 311              		.loc 1 54 0
 312 0008 0446     		mov	r4, r0
 313              		.loc 1 55 0
 314 000a 03D0     		beq	.L23
 315              		.loc 1 55 0 is_stmt 0 discriminator 1
 316 000c 0448     		ldr	r0, .L25+4
 317              	.LVL32:
 318 000e 3721     		movs	r1, #55
 319 0010 044B     		ldr	r3, .L25+8
 320 0012 9847     		blx	r3
 321              	.LVL33:
 322              	.L23:
  56:/home/tienluong/workspace/atlantis_fw/platform/common/lightheader/src/geometric_calibration.pb-c.c ****   return protobuf_c_message_get_packed_size ((const ProtobufCMessage*)(message));
 323              		.loc 1 56 0 is_stmt 1
 324 0014 2046     		mov	r0, r4
 325 0016 044B     		ldr	r3, .L25+12
 326 0018 9847     		blx	r3
 327              	.LVL34:
  57:/home/tienluong/workspace/atlantis_fw/platform/common/lightheader/src/geometric_calibration.pb-c.c **** }
 328              		.loc 1 57 0
 329 001a 10BD     		pop	{r4, pc}
 330              	.LVL35:
 331              	.L26:
 332              		.align	2
 333              	.L25:
 334 001c 00000000 		.word	.LANCHOR7
 335 0020 00000000 		.word	.LANCHOR8
 336 0024 00000000 		.word	assert_failed
 337 0028 00000000 		.word	protobuf_c_message_get_packed_size
 338              		.cfi_endproc
 339              	.LFE8:
 341              		.section	.text.ltpb__geometric_calibration__pack,"ax",%progbits
 342              		.align	1
 343              		.global	ltpb__geometric_calibration__pack
 344              		.thumb
 345              		.thumb_func
 347              	ltpb__geometric_calibration__pack:
 348              	.LFB9:
  58:/home/tienluong/workspace/atlantis_fw/platform/common/lightheader/src/geometric_calibration.pb-c.c **** LIGHT_HEADER_FUNC size_t ltpb__geometric_calibration__pack
  59:/home/tienluong/workspace/atlantis_fw/platform/common/lightheader/src/geometric_calibration.pb-c.c ****                      (const Ltpb__GeometricCalibration *message,
  60:/home/tienluong/workspace/atlantis_fw/platform/common/lightheader/src/geometric_calibration.pb-c.c ****                       uint8_t       *out)
  61:/home/tienluong/workspace/atlantis_fw/platform/common/lightheader/src/geometric_calibration.pb-c.c **** {
 349              		.loc 1 61 0
 350              		.cfi_startproc
 351              		@ args = 0, pretend = 0, frame = 0
 352              		@ frame_needed = 0, uses_anonymous_args = 0
 353              	.LVL36:
 354 0000 38B5     		push	{r3, r4, r5, lr}
 355              	.LCFI8:
 356              		.cfi_def_cfa_offset 16
 357              		.cfi_offset 3, -16
 358              		.cfi_offset 4, -12
 359              		.cfi_offset 5, -8
 360              		.cfi_offset 14, -4
  62:/home/tienluong/workspace/atlantis_fw/platform/common/lightheader/src/geometric_calibration.pb-c.c ****   assert(message->base.descriptor == &ltpb__geometric_calibration__descriptor);
 361              		.loc 1 62 0
 362 0002 0268     		ldr	r2, [r0]
  61:/home/tienluong/workspace/atlantis_fw/platform/common/lightheader/src/geometric_calibration.pb-c.c ****   assert(message->base.descriptor == &ltpb__geometric_calibration__descriptor);
 363              		.loc 1 61 0
 364 0004 0446     		mov	r4, r0
 365              		.loc 1 62 0
 366 0006 064B     		ldr	r3, .L29
  61:/home/tienluong/workspace/atlantis_fw/platform/common/lightheader/src/geometric_calibration.pb-c.c ****   assert(message->base.descriptor == &ltpb__geometric_calibration__descriptor);
 367              		.loc 1 61 0
 368 0008 0D46     		mov	r5, r1
 369              		.loc 1 62 0
 370 000a 9A42     		cmp	r2, r3
 371 000c 03D0     		beq	.L28
 372              		.loc 1 62 0 is_stmt 0 discriminator 1
 373 000e 0548     		ldr	r0, .L29+4
 374              	.LVL37:
 375 0010 3E21     		movs	r1, #62
 376              	.LVL38:
 377 0012 054B     		ldr	r3, .L29+8
 378 0014 9847     		blx	r3
 379              	.LVL39:
 380              	.L28:
  63:/home/tienluong/workspace/atlantis_fw/platform/common/lightheader/src/geometric_calibration.pb-c.c ****   return protobuf_c_message_pack ((const ProtobufCMessage*)message, out);
 381              		.loc 1 63 0 is_stmt 1
 382 0016 2046     		mov	r0, r4
 383 0018 2946     		mov	r1, r5
 384 001a 044B     		ldr	r3, .L29+12
 385 001c 9847     		blx	r3
 386              	.LVL40:
  64:/home/tienluong/workspace/atlantis_fw/platform/common/lightheader/src/geometric_calibration.pb-c.c **** }
 387              		.loc 1 64 0
 388 001e 38BD     		pop	{r3, r4, r5, pc}
 389              	.LVL41:
 390              	.L30:
 391              		.align	2
 392              	.L29:
 393 0020 00000000 		.word	.LANCHOR7
 394 0024 00000000 		.word	.LANCHOR9
 395 0028 00000000 		.word	assert_failed
 396 002c 00000000 		.word	protobuf_c_message_pack
 397              		.cfi_endproc
 398              	.LFE9:
 400              		.section	.text.ltpb__geometric_calibration__pack_to_buffer,"ax",%progbits
 401              		.align	1
 402              		.global	ltpb__geometric_calibration__pack_to_buffer
 403              		.thumb
 404              		.thumb_func
 406              	ltpb__geometric_calibration__pack_to_buffer:
 407              	.LFB10:
  65:/home/tienluong/workspace/atlantis_fw/platform/common/lightheader/src/geometric_calibration.pb-c.c **** LIGHT_HEADER_FUNC size_t ltpb__geometric_calibration__pack_to_buffer
  66:/home/tienluong/workspace/atlantis_fw/platform/common/lightheader/src/geometric_calibration.pb-c.c ****                      (const Ltpb__GeometricCalibration *message,
  67:/home/tienluong/workspace/atlantis_fw/platform/common/lightheader/src/geometric_calibration.pb-c.c ****                       ProtobufCBuffer *buffer)
  68:/home/tienluong/workspace/atlantis_fw/platform/common/lightheader/src/geometric_calibration.pb-c.c **** {
 408              		.loc 1 68 0
 409              		.cfi_startproc
 410              		@ args = 0, pretend = 0, frame = 0
 411              		@ frame_needed = 0, uses_anonymous_args = 0
 412              	.LVL42:
 413 0000 38B5     		push	{r3, r4, r5, lr}
 414              	.LCFI9:
 415              		.cfi_def_cfa_offset 16
 416              		.cfi_offset 3, -16
 417              		.cfi_offset 4, -12
 418              		.cfi_offset 5, -8
 419              		.cfi_offset 14, -4
  69:/home/tienluong/workspace/atlantis_fw/platform/common/lightheader/src/geometric_calibration.pb-c.c ****   assert(message->base.descriptor == &ltpb__geometric_calibration__descriptor);
 420              		.loc 1 69 0
 421 0002 0268     		ldr	r2, [r0]
  68:/home/tienluong/workspace/atlantis_fw/platform/common/lightheader/src/geometric_calibration.pb-c.c ****   assert(message->base.descriptor == &ltpb__geometric_calibration__descriptor);
 422              		.loc 1 68 0
 423 0004 0446     		mov	r4, r0
 424              		.loc 1 69 0
 425 0006 064B     		ldr	r3, .L33
  68:/home/tienluong/workspace/atlantis_fw/platform/common/lightheader/src/geometric_calibration.pb-c.c ****   assert(message->base.descriptor == &ltpb__geometric_calibration__descriptor);
 426              		.loc 1 68 0
 427 0008 0D46     		mov	r5, r1
 428              		.loc 1 69 0
 429 000a 9A42     		cmp	r2, r3
 430 000c 03D0     		beq	.L32
 431              		.loc 1 69 0 is_stmt 0 discriminator 1
 432 000e 0548     		ldr	r0, .L33+4
 433              	.LVL43:
 434 0010 4521     		movs	r1, #69
 435              	.LVL44:
 436 0012 054B     		ldr	r3, .L33+8
 437 0014 9847     		blx	r3
 438              	.LVL45:
 439              	.L32:
  70:/home/tienluong/workspace/atlantis_fw/platform/common/lightheader/src/geometric_calibration.pb-c.c ****   return protobuf_c_message_pack_to_buffer ((const ProtobufCMessage*)message, buffer);
 440              		.loc 1 70 0 is_stmt 1
 441 0016 2046     		mov	r0, r4
 442 0018 2946     		mov	r1, r5
 443 001a 044B     		ldr	r3, .L33+12
 444 001c 9847     		blx	r3
 445              	.LVL46:
  71:/home/tienluong/workspace/atlantis_fw/platform/common/lightheader/src/geometric_calibration.pb-c.c **** }
 446              		.loc 1 71 0
 447 001e 38BD     		pop	{r3, r4, r5, pc}
 448              	.LVL47:
 449              	.L34:
 450              		.align	2
 451              	.L33:
 452 0020 00000000 		.word	.LANCHOR7
 453 0024 00000000 		.word	.LANCHOR10
 454 0028 00000000 		.word	assert_failed
 455 002c 00000000 		.word	protobuf_c_message_pack_to_buffer
 456              		.cfi_endproc
 457              	.LFE10:
 459              		.section	.text.ltpb__geometric_calibration__unpack,"ax",%progbits
 460              		.align	1
 461              		.global	ltpb__geometric_calibration__unpack
 462              		.thumb
 463              		.thumb_func
 465              	ltpb__geometric_calibration__unpack:
 466              	.LFB11:
  72:/home/tienluong/workspace/atlantis_fw/platform/common/lightheader/src/geometric_calibration.pb-c.c **** LIGHT_HEADER_FUNC Ltpb__GeometricCalibration *
  73:/home/tienluong/workspace/atlantis_fw/platform/common/lightheader/src/geometric_calibration.pb-c.c ****        ltpb__geometric_calibration__unpack
  74:/home/tienluong/workspace/atlantis_fw/platform/common/lightheader/src/geometric_calibration.pb-c.c ****                      (ProtobufCAllocator  *allocator,
  75:/home/tienluong/workspace/atlantis_fw/platform/common/lightheader/src/geometric_calibration.pb-c.c ****                       size_t               len,
  76:/home/tienluong/workspace/atlantis_fw/platform/common/lightheader/src/geometric_calibration.pb-c.c ****                       const uint8_t       *data)
  77:/home/tienluong/workspace/atlantis_fw/platform/common/lightheader/src/geometric_calibration.pb-c.c **** {
 467              		.loc 1 77 0
 468              		.cfi_startproc
 469              		@ args = 0, pretend = 0, frame = 0
 470              		@ frame_needed = 0, uses_anonymous_args = 0
 471              	.LVL48:
 472 0000 38B5     		push	{r3, r4, r5, lr}
 473              	.LCFI10:
 474              		.cfi_def_cfa_offset 16
 475              		.cfi_offset 3, -16
 476              		.cfi_offset 4, -12
 477              		.cfi_offset 5, -8
 478              		.cfi_offset 14, -4
 479              		.loc 1 77 0
 480 0002 0546     		mov	r5, r0
 481 0004 0C46     		mov	r4, r1
 482 0006 1346     		mov	r3, r2
  78:/home/tienluong/workspace/atlantis_fw/platform/common/lightheader/src/geometric_calibration.pb-c.c ****   return (Ltpb__GeometricCalibration *)
 483              		.loc 1 78 0
 484 0008 2946     		mov	r1, r5
 485              	.LVL49:
 486 000a 2246     		mov	r2, r4
 487              	.LVL50:
 488 000c 0148     		ldr	r0, .L36
 489              	.LVL51:
 490 000e 024C     		ldr	r4, .L36+4
 491              	.LVL52:
 492 0010 A047     		blx	r4
 493              	.LVL53:
  79:/home/tienluong/workspace/atlantis_fw/platform/common/lightheader/src/geometric_calibration.pb-c.c ****      protobuf_c_message_unpack (&ltpb__geometric_calibration__descriptor,
  80:/home/tienluong/workspace/atlantis_fw/platform/common/lightheader/src/geometric_calibration.pb-c.c ****                                 allocator, len, data);
  81:/home/tienluong/workspace/atlantis_fw/platform/common/lightheader/src/geometric_calibration.pb-c.c **** }
 494              		.loc 1 81 0
 495 0012 38BD     		pop	{r3, r4, r5, pc}
 496              	.LVL54:
 497              	.L37:
 498              		.align	2
 499              	.L36:
 500 0014 00000000 		.word	.LANCHOR7
 501 0018 00000000 		.word	protobuf_c_message_unpack
 502              		.cfi_endproc
 503              	.LFE11:
 505              		.section	.text.ltpb__geometric_calibration__free_unpacked,"ax",%progbits
 506              		.align	1
 507              		.global	ltpb__geometric_calibration__free_unpacked
 508              		.thumb
 509              		.thumb_func
 511              	ltpb__geometric_calibration__free_unpacked:
 512              	.LFB12:
  82:/home/tienluong/workspace/atlantis_fw/platform/common/lightheader/src/geometric_calibration.pb-c.c **** LIGHT_HEADER_FUNC void   ltpb__geometric_calibration__free_unpacked
  83:/home/tienluong/workspace/atlantis_fw/platform/common/lightheader/src/geometric_calibration.pb-c.c ****                      (Ltpb__GeometricCalibration *message,
  84:/home/tienluong/workspace/atlantis_fw/platform/common/lightheader/src/geometric_calibration.pb-c.c ****                       ProtobufCAllocator *allocator)
  85:/home/tienluong/workspace/atlantis_fw/platform/common/lightheader/src/geometric_calibration.pb-c.c **** {
 513              		.loc 1 85 0
 514              		.cfi_startproc
 515              		@ args = 0, pretend = 0, frame = 0
 516              		@ frame_needed = 0, uses_anonymous_args = 0
 517              	.LVL55:
 518 0000 38B5     		push	{r3, r4, r5, lr}
 519              	.LCFI11:
 520              		.cfi_def_cfa_offset 16
 521              		.cfi_offset 3, -16
 522              		.cfi_offset 4, -12
 523              		.cfi_offset 5, -8
 524              		.cfi_offset 14, -4
  86:/home/tienluong/workspace/atlantis_fw/platform/common/lightheader/src/geometric_calibration.pb-c.c ****   assert(message->base.descriptor == &ltpb__geometric_calibration__descriptor);
 525              		.loc 1 86 0
 526 0002 0268     		ldr	r2, [r0]
  85:/home/tienluong/workspace/atlantis_fw/platform/common/lightheader/src/geometric_calibration.pb-c.c ****   assert(message->base.descriptor == &ltpb__geometric_calibration__descriptor);
 527              		.loc 1 85 0
 528 0004 0446     		mov	r4, r0
 529              		.loc 1 86 0
 530 0006 064B     		ldr	r3, .L40
  85:/home/tienluong/workspace/atlantis_fw/platform/common/lightheader/src/geometric_calibration.pb-c.c ****   assert(message->base.descriptor == &ltpb__geometric_calibration__descriptor);
 531              		.loc 1 85 0
 532 0008 0D46     		mov	r5, r1
 533              		.loc 1 86 0
 534 000a 9A42     		cmp	r2, r3
 535 000c 03D0     		beq	.L39
 536              		.loc 1 86 0 is_stmt 0 discriminator 1
 537 000e 0548     		ldr	r0, .L40+4
 538              	.LVL56:
 539 0010 5621     		movs	r1, #86
 540              	.LVL57:
 541 0012 054B     		ldr	r3, .L40+8
 542 0014 9847     		blx	r3
 543              	.LVL58:
 544              	.L39:
  87:/home/tienluong/workspace/atlantis_fw/platform/common/lightheader/src/geometric_calibration.pb-c.c ****   protobuf_c_message_free_unpacked ((ProtobufCMessage*)message, allocator);
 545              		.loc 1 87 0 is_stmt 1
 546 0016 2046     		mov	r0, r4
 547 0018 2946     		mov	r1, r5
 548 001a 044B     		ldr	r3, .L40+12
 549 001c 9847     		blx	r3
 550              	.LVL59:
 551 001e 38BD     		pop	{r3, r4, r5, pc}
 552              	.LVL60:
 553              	.L41:
 554              		.align	2
 555              	.L40:
 556 0020 00000000 		.word	.LANCHOR7
 557 0024 00000000 		.word	.LANCHOR11
 558 0028 00000000 		.word	assert_failed
 559 002c 00000000 		.word	protobuf_c_message_free_unpacked
 560              		.cfi_endproc
 561              	.LFE12:
 563              		.global	ltpb__geometric_calibration__descriptor
 564              		.global	ltpb__geometric_calibration__mirror_type__descriptor
 565              		.global	ltpb__geometric_calibration__angle_optical_center_mapping__descriptor
 566              		.global	ltpb__geometric_calibration__calibration_focus_bundle__descriptor
 567              		.global	ltpb__geometric_calibration__extrinsics__descriptor
 568              		.global	ltpb__geometric_calibration__extrinsics__movable_mirror_format__descriptor
 569              		.global	ltpb__geometric_calibration__extrinsics__canonical_format__descriptor
 570              		.global	ltpb__geometric_calibration__intrinsics__descriptor
 571              		.section	.rodata.ltpb__geometric_calibration__extrinsics__field_indices_by_name,"a",%progbits
 572              		.align	2
 575              	ltpb__geometric_calibration__extrinsics__field_indices_by_name:
 576 0000 00000000 		.word	0
 577 0004 01000000 		.word	1
 578              		.section	.rodata.ltpb__geometric_calibration__extrinsics__movable_mirror_format__number_ranges,"a"
 579              		.align	2
 582              	ltpb__geometric_calibration__extrinsics__movable_mirror_format__number_ranges:
 583 0000 01000000 		.word	1
 584 0004 00000000 		.word	0
 585 0008 00000000 		.word	0
 586 000c 02000000 		.word	2
 587              		.section	.rodata.ltpb__geometric_calibration__angle_optical_center_mapping__field_indices_by_name,
 588              		.align	2
 591              	ltpb__geometric_calibration__angle_optical_center_mapping__field_indices_by_name:
 592 0000 02000000 		.word	2
 593 0004 01000000 		.word	1
 594 0008 00000000 		.word	0
 595 000c 04000000 		.word	4
 596 0010 03000000 		.word	3
 597              		.section	.rodata.ltpb__geometric_calibration__intrinsics__descriptor,"a",%progbits
 598              		.align	2
 601              	ltpb__geometric_calibration__intrinsics__descriptor:
 602 0000 F9EEAA28 		.word	682290937
 603 0004 02050000 		.word	.LC52
 604 0008 27050000 		.word	.LC53
 605 000c 32050000 		.word	.LC54
 606 0010 4A000000 		.word	.LC3
 607 0014 18000000 		.word	24
 608 0018 02000000 		.word	2
 609 001c 00000000 		.word	ltpb__geometric_calibration__intrinsics__field_descriptors
 610 0020 00000000 		.word	ltpb__geometric_calibration__intrinsics__field_indices_by_name
 611 0024 01000000 		.word	1
 612 0028 00000000 		.word	ltpb__geometric_calibration__intrinsics__number_ranges
 613 002c 00000000 		.word	ltpb__geometric_calibration__intrinsics__init
 614 0030 00000000 		.word	0
 615 0034 00000000 		.word	0
 616 0038 00000000 		.word	0
 617              		.section	.rodata.ltpb__geometric_calibration__angle_optical_center_mapping__descriptor,"a",%progbi
 618              		.align	2
 621              	ltpb__geometric_calibration__angle_optical_center_mapping__descriptor:
 622 0000 F9EEAA28 		.word	682290937
 623 0004 BE010000 		.word	.LC19
 624 0008 F2010000 		.word	.LC20
 625 000c 0C020000 		.word	.LC21
 626 0010 4A000000 		.word	.LC3
 627 0014 20000000 		.word	32
 628 0018 05000000 		.word	5
 629 001c 00000000 		.word	ltpb__geometric_calibration__angle_optical_center_mapping__field_descriptors
 630 0020 00000000 		.word	ltpb__geometric_calibration__angle_optical_center_mapping__field_indices_by_name
 631 0024 01000000 		.word	1
 632 0028 00000000 		.word	ltpb__geometric_calibration__angle_optical_center_mapping__number_ranges
 633 002c 00000000 		.word	ltpb__geometric_calibration__angle_optical_center_mapping__init
 634 0030 00000000 		.word	0
 635 0034 00000000 		.word	0
 636 0038 00000000 		.word	0
 637              		.section	.rodata.ltpb__geometric_calibration__mirror_type__descriptor,"a",%progbits
 638              		.align	2
 641              	ltpb__geometric_calibration__mirror_type__descriptor:
 642 0000 AF154311 		.word	289609135
 643 0004 C3000000 		.word	.LC10
 644 0008 E8000000 		.word	.LC11
 645 000c F3000000 		.word	.LC12
 646 0010 4A000000 		.word	.LC3
 647 0014 03000000 		.word	3
 648 0018 00000000 		.word	ltpb__geometric_calibration__mirror_type__enum_values_by_number
 649 001c 03000000 		.word	3
 650 0020 00000000 		.word	ltpb__geometric_calibration__mirror_type__enum_values_by_name
 651 0024 01000000 		.word	1
 652 0028 00000000 		.word	ltpb__geometric_calibration__mirror_type__value_ranges
 653 002c 00000000 		.word	0
 654 0030 00000000 		.word	0
 655 0034 00000000 		.word	0
 656 0038 00000000 		.word	0
 657              		.section	.rodata.ltpb__geometric_calibration__mirror_type__value_ranges,"a",%progbits
 658              		.align	2
 661              	ltpb__geometric_calibration__mirror_type__value_ranges:
 662 0000 00000000 		.word	0
 663 0004 00000000 		.word	0
 664 0008 00000000 		.word	0
 665 000c 03000000 		.word	3
 666              		.section	.rodata.ltpb__geometric_calibration__calibration_focus_bundle__descriptor,"a",%progbits
 667              		.align	2
 670              	ltpb__geometric_calibration__calibration_focus_bundle__descriptor:
 671 0000 F9EEAA28 		.word	682290937
 672 0004 78020000 		.word	.LC27
 673 0008 A9020000 		.word	.LC28
 674 000c C0020000 		.word	.LC29
 675 0010 4A000000 		.word	.LC3
 676 0014 24000000 		.word	36
 677 0018 05000000 		.word	5
 678 001c 00000000 		.word	ltpb__geometric_calibration__calibration_focus_bundle__field_descriptors
 679 0020 00000000 		.word	ltpb__geometric_calibration__calibration_focus_bundle__field_indices_by_name
 680 0024 01000000 		.word	1
 681 0028 00000000 		.word	ltpb__geometric_calibration__calibration_focus_bundle__number_ranges
 682 002c 00000000 		.word	ltpb__geometric_calibration__calibration_focus_bundle__init
 683 0030 00000000 		.word	0
 684 0034 00000000 		.word	0
 685 0038 00000000 		.word	0
 686              		.section	.rodata.ltpb__geometric_calibration__angle_optical_center_mapping__number_ranges,"a",%pro
 687              		.align	2
 690              	ltpb__geometric_calibration__angle_optical_center_mapping__number_ranges:
 691 0000 01000000 		.word	1
 692 0004 00000000 		.word	0
 693 0008 00000000 		.word	0
 694 000c 05000000 		.word	5
 695              		.section	.rodata.ltpb__geometric_calibration__calibration_focus_bundle__field_indices_by_name,"a",
 696              		.align	2
 699              	ltpb__geometric_calibration__calibration_focus_bundle__field_indices_by_name:
 700 0000 04000000 		.word	4
 701 0004 02000000 		.word	2
 702 0008 00000000 		.word	0
 703 000c 01000000 		.word	1
 704 0010 03000000 		.word	3
 705              		.section	.rodata.ltpb__geometric_calibration__calibration_focus_bundle__field_descriptors,"a",%pro
 706              		.align	2
 709              	ltpb__geometric_calibration__calibration_focus_bundle__field_descriptors:
 710 0000 F3020000 		.word	.LC30
 711 0004 01000000 		.word	1
 712 0008 00       		.byte	0
 713 0009 0A       		.byte	10
 714 000a 0000     		.space	2
 715 000c 00000000 		.word	0
 716 0010 0C000000 		.word	12
 717 0014 00000000 		.word	0
 718 0018 00000000 		.word	0
 719 001c 00000000 		.word	0
 720 0020 00000000 		.word	0
 721 0024 00000000 		.word	0
 722 0028 00000000 		.word	0
 723 002c 02030000 		.word	.LC31
 724 0030 02000000 		.word	2
 725 0034 01       		.byte	1
 726 0035 10       		.byte	16
 727 0036 0000     		.space	2
 728 0038 00000000 		.word	0
 729 003c 10000000 		.word	16
 730 0040 00000000 		.word	ltpb__geometric_calibration__intrinsics__descriptor
 731 0044 00000000 		.word	0
 732 0048 00000000 		.word	0
 733 004c 00000000 		.word	0
 734 0050 00000000 		.word	0
 735 0054 00000000 		.word	0
 736 0058 0D030000 		.word	.LC32
 737 005c 03000000 		.word	3
 738 0060 01       		.byte	1
 739 0061 10       		.byte	16
 740 0062 0000     		.space	2
 741 0064 00000000 		.word	0
 742 0068 14000000 		.word	20
 743 006c 00000000 		.word	ltpb__geometric_calibration__extrinsics__descriptor
 744 0070 00000000 		.word	0
 745 0074 00000000 		.word	0
 746 0078 00000000 		.word	0
 747 007c 00000000 		.word	0
 748 0080 00000000 		.word	0
 749 0084 18030000 		.word	.LC33
 750 0088 04000000 		.word	4
 751 008c 01       		.byte	1
 752 008d 01       		.byte	1
 753 008e 0000     		.space	2
 754 0090 18000000 		.word	24
 755 0094 1C000000 		.word	28
 756 0098 00000000 		.word	0
 757 009c 00000000 		.word	0
 758 00a0 00000000 		.word	0
 759 00a4 00000000 		.word	0
 760 00a8 00000000 		.word	0
 761 00ac 00000000 		.word	0
 762 00b0 24030000 		.word	.LC34
 763 00b4 05000000 		.word	5
 764 00b8 01       		.byte	1
 765 00b9 10       		.byte	16
 766 00ba 0000     		.space	2
 767 00bc 00000000 		.word	0
 768 00c0 20000000 		.word	32
 769 00c4 00000000 		.word	ltpb__device_temp__descriptor
 770 00c8 00000000 		.word	0
 771 00cc 00000000 		.word	0
 772 00d0 00000000 		.word	0
 773 00d4 00000000 		.word	0
 774 00d8 00000000 		.word	0
 775              		.section	.rodata.ltpb__geometric_calibration__field_descriptors,"a",%progbits
 776              		.align	2
 779              	ltpb__geometric_calibration__field_descriptors:
 780 0000 4F000000 		.word	.LC4
 781 0004 01000000 		.word	1
 782 0008 01       		.byte	1
 783 0009 0D       		.byte	13
 784 000a 0000     		.space	2
 785 000c 0C000000 		.word	12
 786 0010 10000000 		.word	16
 787 0014 00000000 		.word	ltpb__geometric_calibration__mirror_type__descriptor
 788 0018 00000000 		.word	0
 789 001c 00000000 		.word	0
 790 0020 00000000 		.word	0
 791 0024 00000000 		.word	0
 792 0028 00000000 		.word	0
 793 002c 5B000000 		.word	.LC5
 794 0030 02000000 		.word	2
 795 0034 02       		.byte	2
 796 0035 10       		.byte	16
 797 0036 0000     		.space	2
 798 0038 14000000 		.word	20
 799 003c 18000000 		.word	24
 800 0040 00000000 		.word	ltpb__geometric_calibration__calibration_focus_bundle__descriptor
 801 0044 00000000 		.word	0
 802 0048 00000000 		.word	0
 803 004c 00000000 		.word	0
 804 0050 00000000 		.word	0
 805 0054 00000000 		.word	0
 806 0058 71000000 		.word	.LC6
 807 005c 03000000 		.word	3
 808 0060 01       		.byte	1
 809 0061 10       		.byte	16
 810 0062 0000     		.space	2
 811 0064 00000000 		.word	0
 812 0068 1C000000 		.word	28
 813 006c 00000000 		.word	ltpb__distortion__descriptor
 814 0070 00000000 		.word	0
 815 0074 00000000 		.word	0
 816 0078 00000000 		.word	0
 817 007c 00000000 		.word	0
 818 0080 00000000 		.word	0
 819 0084 7C000000 		.word	.LC7
 820 0088 04000000 		.word	4
 821 008c 01       		.byte	1
 822 008d 10       		.byte	16
 823 008e 0000     		.space	2
 824 0090 00000000 		.word	0
 825 0094 20000000 		.word	32
 826 0098 00000000 		.word	ltpb__range2_f__descriptor
 827 009c 00000000 		.word	0
 828 00a0 00000000 		.word	0
 829 00a4 00000000 		.word	0
 830 00a8 00000000 		.word	0
 831 00ac 00000000 		.word	0
 832 00b0 91000000 		.word	.LC8
 833 00b4 05000000 		.word	5
 834 00b8 01       		.byte	1
 835 00b9 10       		.byte	16
 836 00ba 0000     		.space	2
 837 00bc 00000000 		.word	0
 838 00c0 24000000 		.word	36
 839 00c4 00000000 		.word	ltpb__range2_f__descriptor
 840 00c8 00000000 		.word	0
 841 00cc 00000000 		.word	0
 842 00d0 00000000 		.word	0
 843 00d4 00000000 		.word	0
 844 00d8 00000000 		.word	0
 845 00dc A6000000 		.word	.LC9
 846 00e0 06000000 		.word	6
 847 00e4 01       		.byte	1
 848 00e5 10       		.byte	16
 849 00e6 0000     		.space	2
 850 00e8 00000000 		.word	0
 851 00ec 28000000 		.word	40
 852 00f0 00000000 		.word	ltpb__geometric_calibration__angle_optical_center_mapping__descriptor
 853 00f4 00000000 		.word	0
 854 00f8 00000000 		.word	0
 855 00fc 00000000 		.word	0
 856 0100 00000000 		.word	0
 857 0104 00000000 		.word	0
 858              		.section	.rodata.ltpb__geometric_calibration__calibration_focus_bundle__number_ranges,"a",%progbit
 859              		.align	2
 862              	ltpb__geometric_calibration__calibration_focus_bundle__number_ranges:
 863 0000 01000000 		.word	1
 864 0004 00000000 		.word	0
 865 0008 00000000 		.word	0
 866 000c 05000000 		.word	5
 867              		.section	.rodata.ltpb__geometric_calibration__extrinsics__canonical_format__descriptor,"a",%progbi
 868              		.align	2
 871              	ltpb__geometric_calibration__extrinsics__canonical_format__descriptor:
 872 0000 F9EEAA28 		.word	682290937
 873 0004 50040000 		.word	.LC45
 874 0008 85040000 		.word	.LC46
 875 000c 95040000 		.word	.LC47
 876 0010 4A000000 		.word	.LC3
 877 0014 24000000 		.word	36
 878 0018 04000000 		.word	4
 879 001c 00000000 		.word	ltpb__geometric_calibration__extrinsics__canonical_format__field_descriptors
 880 0020 00000000 		.word	ltpb__geometric_calibration__extrinsics__canonical_format__field_indices_by_name
 881 0024 01000000 		.word	1
 882 0028 00000000 		.word	ltpb__geometric_calibration__extrinsics__canonical_format__number_ranges
 883 002c 00000000 		.word	ltpb__geometric_calibration__extrinsics__canonical_format__init
 884 0030 00000000 		.word	0
 885 0034 00000000 		.word	0
 886 0038 00000000 		.word	0
 887              		.section	.rodata.ltpb__geometric_calibration__extrinsics__number_ranges,"a",%progbits
 888              		.align	2
 891              	ltpb__geometric_calibration__extrinsics__number_ranges:
 892 0000 01000000 		.word	1
 893 0004 00000000 		.word	0
 894 0008 00000000 		.word	0
 895 000c 02000000 		.word	2
 896              		.section	.rodata.ltpb__geometric_calibration__number_ranges,"a",%progbits
 897              		.align	2
 900              	ltpb__geometric_calibration__number_ranges:
 901 0000 01000000 		.word	1
 902 0004 00000000 		.word	0
 903 0008 00000000 		.word	0
 904 000c 06000000 		.word	6
 905              		.section	.rodata.ltpb__geometric_calibration__angle_optical_center_mapping__field_descriptors,"a",
 906              		.align	2
 909              	ltpb__geometric_calibration__angle_optical_center_mapping__field_descriptors:
 910 0000 42020000 		.word	.LC22
 911 0004 01000000 		.word	1
 912 0008 00       		.byte	0
 913 0009 10       		.byte	16
 914 000a 0000     		.space	2
 915 000c 00000000 		.word	0
 916 0010 0C000000 		.word	12
 917 0014 00000000 		.word	ltpb__point2_f__descriptor
 918 0018 00000000 		.word	0
 919 001c 00000000 		.word	0
 920 0020 00000000 		.word	0
 921 0024 00000000 		.word	0
 922 0028 00000000 		.word	0
 923 002c 4F020000 		.word	.LC23
 924 0030 02000000 		.word	2
 925 0034 00       		.byte	0
 926 0035 10       		.byte	16
 927 0036 0000     		.space	2
 928 0038 00000000 		.word	0
 929 003c 10000000 		.word	16
 930 0040 00000000 		.word	ltpb__point2_f__descriptor
 931 0044 00000000 		.word	0
 932 0048 00000000 		.word	0
 933 004c 00000000 		.word	0
 934 0050 00000000 		.word	0
 935 0054 00000000 		.word	0
 936 0058 5A020000 		.word	.LC24
 937 005c 03000000 		.word	3
 938 0060 00       		.byte	0
 939 0061 0A       		.byte	10
 940 0062 0000     		.space	2
 941 0064 00000000 		.word	0
 942 0068 14000000 		.word	20
 943 006c 00000000 		.word	0
 944 0070 00000000 		.word	0
 945 0074 00000000 		.word	0
 946 0078 00000000 		.word	0
 947 007c 00000000 		.word	0
 948 0080 00000000 		.word	0
 949 0084 67020000 		.word	.LC25
 950 0088 04000000 		.word	4
 951 008c 00       		.byte	0
 952 008d 0A       		.byte	10
 953 008e 0000     		.space	2
 954 0090 00000000 		.word	0
 955 0094 18000000 		.word	24
 956 0098 00000000 		.word	0
 957 009c 00000000 		.word	0
 958 00a0 00000000 		.word	0
 959 00a4 00000000 		.word	0
 960 00a8 00000000 		.word	0
 961 00ac 00000000 		.word	0
 962 00b0 6F020000 		.word	.LC26
 963 00b4 05000000 		.word	5
 964 00b8 00       		.byte	0
 965 00b9 0A       		.byte	10
 966 00ba 0000     		.space	2
 967 00bc 00000000 		.word	0
 968 00c0 1C000000 		.word	28
 969 00c4 00000000 		.word	0
 970 00c8 00000000 		.word	0
 971 00cc 00000000 		.word	0
 972 00d0 00000000 		.word	0
 973 00d4 00000000 		.word	0
 974 00d8 00000000 		.word	0
 975              		.section	.rodata.ltpb__geometric_calibration__extrinsics__canonical_format__field_indices_by_name,
 976              		.align	2
 979              	ltpb__geometric_calibration__extrinsics__canonical_format__field_indices_by_name:
 980 0000 03000000 		.word	3
 981 0004 00000000 		.word	0
 982 0008 02000000 		.word	2
 983 000c 01000000 		.word	1
 984              		.section	.rodata.ltpb__geometric_calibration__extrinsics__field_descriptors,"a",%progbits
 985              		.align	2
 988              	ltpb__geometric_calibration__extrinsics__field_descriptors:
 989 0000 87030000 		.word	.LC38
 990 0004 01000000 		.word	1
 991 0008 01       		.byte	1
 992 0009 10       		.byte	16
 993 000a 0000     		.space	2
 994 000c 00000000 		.word	0
 995 0010 0C000000 		.word	12
 996 0014 00000000 		.word	ltpb__geometric_calibration__extrinsics__canonical_format__descriptor
 997 0018 00000000 		.word	0
 998 001c 00000000 		.word	0
 999 0020 00000000 		.word	0
 1000 0024 00000000 		.word	0
 1001 0028 00000000 		.word	0
 1002 002c 91030000 		.word	.LC39
 1003 0030 02000000 		.word	2
 1004 0034 01       		.byte	1
 1005 0035 10       		.byte	16
 1006 0036 0000     		.space	2
 1007 0038 00000000 		.word	0
 1008 003c 10000000 		.word	16
 1009 0040 00000000 		.word	ltpb__geometric_calibration__extrinsics__movable_mirror_format__descriptor
 1010 0044 00000000 		.word	0
 1011 0048 00000000 		.word	0
 1012 004c 00000000 		.word	0
 1013 0050 00000000 		.word	0
 1014 0054 00000000 		.word	0
 1015              		.section	.rodata.ltpb__geometric_calibration__mirror_type__enum_values_by_number,"a",%progbits
 1016              		.align	2
 1019              	ltpb__geometric_calibration__mirror_type__enum_values_by_number:
 1020 0000 28010000 		.word	.LC15
 1021 0004 2D010000 		.word	.LC16
 1022 0008 00000000 		.word	0
 1023 000c 1A010000 		.word	.LC13
 1024 0010 5C010000 		.word	.LC17
 1025 0014 01000000 		.word	1
 1026 0018 20010000 		.word	.LC14
 1027 001c 8C010000 		.word	.LC18
 1028 0020 02000000 		.word	2
 1029              		.section	.rodata.ltpb__geometric_calibration__mirror_type__enum_values_by_name,"a",%progbits
 1030              		.align	2
 1033              	ltpb__geometric_calibration__mirror_type__enum_values_by_name:
 1034 0000 1A010000 		.word	.LC13
 1035 0004 01000000 		.word	1
 1036 0008 20010000 		.word	.LC14
 1037 000c 02000000 		.word	2
 1038 0010 28010000 		.word	.LC15
 1039 0014 00000000 		.word	0
 1040              		.section	.rodata.init_value.6821,"a",%progbits
 1041              		.align	2
 1042              		.set	.LANCHOR0,. + 0
 1045              	init_value.6821:
 1046 0000 00000000 		.word	ltpb__geometric_calibration__intrinsics__descriptor
 1047 0004 00000000 		.word	0
 1048 0008 00000000 		.word	0
 1049 000c 00000000 		.word	0
 1050 0010 00000000 		.word	0
 1051 0014 00000000 		.word	0
 1052              		.section	.rodata.init_value.6829,"a",%progbits
 1053              		.align	2
 1054              		.set	.LANCHOR2,. + 0
 1057              	init_value.6829:
 1058 0000 00000000 		.word	ltpb__geometric_calibration__extrinsics__movable_mirror_format__descriptor
 1059 0004 00000000 		.word	0
 1060 0008 00000000 		.word	0
 1061 000c 00000000 		.word	0
 1062 0010 00000000 		.word	0
 1063              		.section	.rodata.ltpb__geometric_calibration__extrinsics__movable_mirror_format__field_descriptors
 1064              		.align	2
 1067              	ltpb__geometric_calibration__extrinsics__movable_mirror_format__field_descriptors:
 1068 0000 2A040000 		.word	.LC43
 1069 0004 01000000 		.word	1
 1070 0008 01       		.byte	1
 1071 0009 10       		.byte	16
 1072 000a 0000     		.space	2
 1073 000c 00000000 		.word	0
 1074 0010 0C000000 		.word	12
 1075 0014 00000000 		.word	ltpb__mirror_system__descriptor
 1076 0018 00000000 		.word	0
 1077 001c 00000000 		.word	0
 1078 0020 00000000 		.word	0
 1079 0024 00000000 		.word	0
 1080 0028 00000000 		.word	0
 1081 002c 38040000 		.word	.LC44
 1082 0030 02000000 		.word	2
 1083 0034 01       		.byte	1
 1084 0035 10       		.byte	16
 1085 0036 0000     		.space	2
 1086 0038 00000000 		.word	0
 1087 003c 10000000 		.word	16
 1088 0040 00000000 		.word	ltpb__mirror_actuator_mapping__descriptor
 1089 0044 00000000 		.word	0
 1090 0048 00000000 		.word	0
 1091 004c 00000000 		.word	0
 1092 0050 00000000 		.word	0
 1093 0054 00000000 		.word	0
 1094              		.section	.rodata.init_value.6825,"a",%progbits
 1095              		.align	2
 1096              		.set	.LANCHOR1,. + 0
 1099              	init_value.6825:
 1100 0000 00000000 		.word	ltpb__geometric_calibration__extrinsics__canonical_format__descriptor
 1101 0004 00000000 		.word	0
 1102 0008 00000000 		.word	0
 1103 000c 00000000 		.word	0
 1104 0010 00000000 		.word	0
 1105 0014 00000000 		.word	0
 1106 0018 00000000 		.word	0
 1107 001c 00000000 		.word	0
 1108 0020 00000000 		.word	0
 1109              		.section	.rodata.ltpb__geometric_calibration__descriptor,"a",%progbits
 1110              		.align	2
 1111              		.set	.LANCHOR7,. + 0
 1114              	ltpb__geometric_calibration__descriptor:
 1115 0000 F9EEAA28 		.word	682290937
 1116 0004 00000000 		.word	.LC0
 1117 0008 1A000000 		.word	.LC1
 1118 000c 2F000000 		.word	.LC2
 1119 0010 4A000000 		.word	.LC3
 1120 0014 2C000000 		.word	44
 1121 0018 06000000 		.word	6
 1122 001c 00000000 		.word	ltpb__geometric_calibration__field_descriptors
 1123 0020 00000000 		.word	ltpb__geometric_calibration__field_indices_by_name
 1124 0024 01000000 		.word	1
 1125 0028 00000000 		.word	ltpb__geometric_calibration__number_ranges
 1126 002c 00000000 		.word	ltpb__geometric_calibration__init
 1127 0030 00000000 		.word	0
 1128 0034 00000000 		.word	0
 1129 0038 00000000 		.word	0
 1130              		.section	.rodata.ltpb__geometric_calibration__intrinsics__field_indices_by_name,"a",%progbits
 1131              		.align	2
 1134              	ltpb__geometric_calibration__intrinsics__field_indices_by_name:
 1135 0000 00000000 		.word	0
 1136 0004 01000000 		.word	1
 1137              		.section	.rodata.init_value.6833,"a",%progbits
 1138              		.align	2
 1139              		.set	.LANCHOR3,. + 0
 1142              	init_value.6833:
 1143 0000 00000000 		.word	ltpb__geometric_calibration__extrinsics__descriptor
 1144 0004 00000000 		.word	0
 1145 0008 00000000 		.word	0
 1146 000c 00000000 		.word	0
 1147 0010 00000000 		.word	0
 1148              		.section	.rodata.__FUNCTION__.6849,"a",%progbits
 1149              		.set	.LANCHOR8,. + 0
 1152              	__FUNCTION__.6849:
 1153 0000 6C747062 		.ascii	"ltpb__geometric_calibration__get_packed_size\000"
 1153      5F5F6765 
 1153      6F6D6574 
 1153      7269635F 
 1153      63616C69 
 1154              		.section	.rodata.__FUNCTION__.6854,"a",%progbits
 1155              		.set	.LANCHOR9,. + 0
 1158              	__FUNCTION__.6854:
 1159 0000 6C747062 		.ascii	"ltpb__geometric_calibration__pack\000"
 1159      5F5F6765 
 1159      6F6D6574 
 1159      7269635F 
 1159      63616C69 
 1160              		.section	.rodata.ltpb__geometric_calibration__extrinsics__canonical_format__field_descriptors,"a",
 1161              		.align	2
 1164              	ltpb__geometric_calibration__extrinsics__canonical_format__field_descriptors:
 1165 0000 CD040000 		.word	.LC48
 1166 0004 01000000 		.word	1
 1167 0008 00       		.byte	0
 1168 0009 10       		.byte	16
 1169 000a 0000     		.space	2
 1170 000c 00000000 		.word	0
 1171 0010 0C000000 		.word	12
 1172 0014 00000000 		.word	ltpb__matrix3x3_f__descriptor
 1173 0018 00000000 		.word	0
 1174 001c 00000000 		.word	0
 1175 0020 00000000 		.word	0
 1176 0024 00000000 		.word	0
 1177 0028 00000000 		.word	0
 1178 002c D6040000 		.word	.LC49
 1179 0030 02000000 		.word	2
 1180 0034 00       		.byte	0
 1181 0035 10       		.byte	16
 1182 0036 0000     		.space	2
 1183 0038 00000000 		.word	0
 1184 003c 10000000 		.word	16
 1185 0040 00000000 		.word	ltpb__point3_f__descriptor
 1186 0044 00000000 		.word	0
 1187 0048 00000000 		.word	0
 1188 004c 00000000 		.word	0
 1189 0050 00000000 		.word	0
 1190 0054 00000000 		.word	0
 1191 0058 E2040000 		.word	.LC50
 1192 005c 03000000 		.word	3
 1193 0060 01       		.byte	1
 1194 0061 0A       		.byte	10
 1195 0062 0000     		.space	2
 1196 0064 14000000 		.word	20
 1197 0068 18000000 		.word	24
 1198 006c 00000000 		.word	0
 1199 0070 00000000 		.word	0
 1200 0074 00000000 		.word	0
 1201 0078 00000000 		.word	0
 1202 007c 00000000 		.word	0
 1203 0080 00000000 		.word	0
 1204 0084 EF040000 		.word	.LC51
 1205 0088 04000000 		.word	4
 1206 008c 01       		.byte	1
 1207 008d 0A       		.byte	10
 1208 008e 0000     		.space	2
 1209 0090 1C000000 		.word	28
 1210 0094 20000000 		.word	32
 1211 0098 00000000 		.word	0
 1212 009c 00000000 		.word	0
 1213 00a0 00000000 		.word	0
 1214 00a4 00000000 		.word	0
 1215 00a8 00000000 		.word	0
 1216 00ac 00000000 		.word	0
 1217              		.section	.rodata.init_value.6841,"a",%progbits
 1218              		.align	2
 1219              		.set	.LANCHOR5,. + 0
 1222              	init_value.6841:
 1223 0000 00000000 		.word	ltpb__geometric_calibration__angle_optical_center_mapping__descriptor
 1224 0004 00000000 		.word	0
 1225 0008 00000000 		.word	0
 1226 000c 00000000 		.word	0
 1227 0010 00000000 		.word	0
 1228 0014 00000000 		.word	0
 1229 0018 00000000 		.word	0
 1230 001c 00000000 		.word	0
 1231              		.section	.rodata.ltpb__geometric_calibration__extrinsics__movable_mirror_format__descriptor,"a",%p
 1232              		.align	2
 1235              	ltpb__geometric_calibration__extrinsics__movable_mirror_format__descriptor:
 1236 0000 F9EEAA28 		.word	682290937
 1237 0004 A1030000 		.word	.LC40
 1238 0008 DA030000 		.word	.LC41
 1239 000c EE030000 		.word	.LC42
 1240 0010 4A000000 		.word	.LC3
 1241 0014 14000000 		.word	20
 1242 0018 02000000 		.word	2
 1243 001c 00000000 		.word	ltpb__geometric_calibration__extrinsics__movable_mirror_format__field_descriptors
 1244 0020 00000000 		.word	ltpb__geometric_calibration__extrinsics__movable_mirror_format__field_indices_by_name
 1245 0024 01000000 		.word	1
 1246 0028 00000000 		.word	ltpb__geometric_calibration__extrinsics__movable_mirror_format__number_ranges
 1247 002c 00000000 		.word	ltpb__geometric_calibration__extrinsics__movable_mirror_format__init
 1248 0030 00000000 		.word	0
 1249 0034 00000000 		.word	0
 1250 0038 00000000 		.word	0
 1251              		.section	.rodata.init_value.6837,"a",%progbits
 1252              		.align	2
 1253              		.set	.LANCHOR4,. + 0
 1256              	init_value.6837:
 1257 0000 00000000 		.word	ltpb__geometric_calibration__calibration_focus_bundle__descriptor
 1258 0004 00000000 		.word	0
 1259 0008 00000000 		.word	0
 1260 000c 00000000 		.word	0
 1261 0010 00000000 		.word	0
 1262 0014 00000000 		.word	0
 1263 0018 00000000 		.word	0
 1264 001c 00000000 		.word	0
 1265 0020 00000000 		.word	0
 1266              		.section	.rodata.__FUNCTION__.6859,"a",%progbits
 1267              		.set	.LANCHOR10,. + 0
 1270              	__FUNCTION__.6859:
 1271 0000 6C747062 		.ascii	"ltpb__geometric_calibration__pack_to_buffer\000"
 1271      5F5F6765 
 1271      6F6D6574 
 1271      7269635F 
 1271      63616C69 
 1272              		.section	.rodata.init_value.6845,"a",%progbits
 1273              		.align	2
 1274              		.set	.LANCHOR6,. + 0
 1277              	init_value.6845:
 1278 0000 00000000 		.word	ltpb__geometric_calibration__descriptor
 1279 0004 00000000 		.word	0
 1280 0008 00000000 		.word	0
 1281 000c 00000000 		.word	0
 1282 0010 00000000 		.word	0
 1283 0014 00000000 		.word	0
 1284 0018 00000000 		.word	0
 1285 001c 00000000 		.word	0
 1286 0020 00000000 		.word	0
 1287 0024 00000000 		.word	0
 1288 0028 00000000 		.word	0
 1289              		.section	.rodata.ltpb__geometric_calibration__extrinsics__movable_mirror_format__field_indices_by_
 1290              		.align	2
 1293              	ltpb__geometric_calibration__extrinsics__movable_mirror_format__field_indices_by_name:
 1294 0000 01000000 		.word	1
 1295 0004 00000000 		.word	0
 1296              		.section	.rodata.str1.1,"aMS",%progbits,1
 1297              	.LC0:
 1298 0000 6C747062 		.ascii	"ltpb.GeometricCalibration\000"
 1298      2E47656F 
 1298      6D657472 
 1298      69634361 
 1298      6C696272 
 1299              	.LC1:
 1300 001a 47656F6D 		.ascii	"GeometricCalibration\000"
 1300      65747269 
 1300      6343616C 
 1300      69627261 
 1300      74696F6E 
 1301              	.LC2:
 1302 002f 4C747062 		.ascii	"Ltpb__GeometricCalibration\000"
 1302      5F5F4765 
 1302      6F6D6574 
 1302      72696343 
 1302      616C6962 
 1303              	.LC3:
 1304 004a 6C747062 		.ascii	"ltpb\000"
 1304      00
 1305              	.LC4:
 1306 004f 6D697272 		.ascii	"mirror_type\000"
 1306      6F725F74 
 1306      79706500 
 1307              	.LC5:
 1308 005b 7065725F 		.ascii	"per_focus_calibration\000"
 1308      666F6375 
 1308      735F6361 
 1308      6C696272 
 1308      6174696F 
 1309              	.LC6:
 1310 0071 64697374 		.ascii	"distortion\000"
 1310      6F727469 
 1310      6F6E00
 1311              	.LC7:
 1312 007c 6C656E73 		.ascii	"lens_hall_code_range\000"
 1312      5F68616C 
 1312      6C5F636F 
 1312      64655F72 
 1312      616E6765 
 1313              	.LC8:
 1314 0091 666F6375 		.ascii	"focus_distance_range\000"
 1314      735F6469 
 1314      7374616E 
 1314      63655F72 
 1314      616E6765 
 1315              	.LC9:
 1316 00a6 616E676C 		.ascii	"angle_optical_center_mapping\000"
 1316      655F6F70 
 1316      74696361 
 1316      6C5F6365 
 1316      6E746572 
 1317              	.LC10:
 1318 00c3 6C747062 		.ascii	"ltpb.GeometricCalibration.MirrorType\000"
 1318      2E47656F 
 1318      6D657472 
 1318      69634361 
 1318      6C696272 
 1319              	.LC11:
 1320 00e8 4D697272 		.ascii	"MirrorType\000"
 1320      6F725479 
 1320      706500
 1321              	.LC12:
 1322 00f3 4C747062 		.ascii	"Ltpb__GeometricCalibration__MirrorType\000"
 1322      5F5F4765 
 1322      6F6D6574 
 1322      72696343 
 1322      616C6962 
 1323              	.LC13:
 1324 011a 474C5545 		.ascii	"GLUED\000"
 1324      4400
 1325              	.LC14:
 1326 0120 4D4F5641 		.ascii	"MOVABLE\000"
 1326      424C4500 
 1327              	.LC15:
 1328 0128 4E4F4E45 		.ascii	"NONE\000"
 1328      00
 1329              	.LC16:
 1330 012d 4C545042 		.ascii	"LTPB__GEOMETRIC_CALIBRATION__MIRROR_TYPE__NONE\000"
 1330      5F5F4745 
 1330      4F4D4554 
 1330      5249435F 
 1330      43414C49 
 1331              	.LC17:
 1332 015c 4C545042 		.ascii	"LTPB__GEOMETRIC_CALIBRATION__MIRROR_TYPE__GLUED\000"
 1332      5F5F4745 
 1332      4F4D4554 
 1332      5249435F 
 1332      43414C49 
 1333              	.LC18:
 1334 018c 4C545042 		.ascii	"LTPB__GEOMETRIC_CALIBRATION__MIRROR_TYPE__MOVABLE\000"
 1334      5F5F4745 
 1334      4F4D4554 
 1334      5249435F 
 1334      43414C49 
 1335              	.LC19:
 1336 01be 6C747062 		.ascii	"ltpb.GeometricCalibration.AngleOpticalCenterMapping"
 1336      2E47656F 
 1336      6D657472 
 1336      69634361 
 1336      6C696272 
 1337 01f1 00       		.ascii	"\000"
 1338              	.LC20:
 1339 01f2 416E676C 		.ascii	"AngleOpticalCenterMapping\000"
 1339      654F7074 
 1339      6963616C 
 1339      43656E74 
 1339      65724D61 
 1340              	.LC21:
 1341 020c 4C747062 		.ascii	"Ltpb__GeometricCalibration__AngleOpticalCenterMappi"
 1341      5F5F4765 
 1341      6F6D6574 
 1341      72696343 
 1341      616C6962 
 1342 023f 6E6700   		.ascii	"ng\000"
 1343              	.LC22:
 1344 0242 63656E74 		.ascii	"center_start\000"
 1344      65725F73 
 1344      74617274 
 1344      00
 1345              	.LC23:
 1346 024f 63656E74 		.ascii	"center_end\000"
 1346      65725F65 
 1346      6E6400
 1347              	.LC24:
 1348 025a 616E676C 		.ascii	"angle_offset\000"
 1348      655F6F66 
 1348      66736574 
 1348      00
 1349              	.LC25:
 1350 0267 745F7363 		.ascii	"t_scale\000"
 1350      616C6500 
 1351              	.LC26:
 1352 026f 745F6F66 		.ascii	"t_offset\000"
 1352      66736574 
 1352      00
 1353              	.LC27:
 1354 0278 6C747062 		.ascii	"ltpb.GeometricCalibration.CalibrationFocusBundle\000"
 1354      2E47656F 
 1354      6D657472 
 1354      69634361 
 1354      6C696272 
 1355              	.LC28:
 1356 02a9 43616C69 		.ascii	"CalibrationFocusBundle\000"
 1356      62726174 
 1356      696F6E46 
 1356      6F637573 
 1356      42756E64 
 1357              	.LC29:
 1358 02c0 4C747062 		.ascii	"Ltpb__GeometricCalibration__CalibrationFocusBundle\000"
 1358      5F5F4765 
 1358      6F6D6574 
 1358      72696343 
 1358      616C6962 
 1359              	.LC30:
 1360 02f3 666F6375 		.ascii	"focus_distance\000"
 1360      735F6469 
 1360      7374616E 
 1360      636500
 1361              	.LC31:
 1362 0302 696E7472 		.ascii	"intrinsics\000"
 1362      696E7369 
 1362      637300
 1363              	.LC32:
 1364 030d 65787472 		.ascii	"extrinsics\000"
 1364      696E7369 
 1364      637300
 1365              	.LC33:
 1366 0318 73656E73 		.ascii	"sensor_temp\000"
 1366      6F725F74 
 1366      656D7000 
 1367              	.LC34:
 1368 0324 64657669 		.ascii	"device_temp\000"
 1368      63655F74 
 1368      656D7000 
 1369              	.LC35:
 1370 0330 6C747062 		.ascii	"ltpb.GeometricCalibration.Extrinsics\000"
 1370      2E47656F 
 1370      6D657472 
 1370      69634361 
 1370      6C696272 
 1371              	.LC36:
 1372 0355 45787472 		.ascii	"Extrinsics\000"
 1372      696E7369 
 1372      637300
 1373              	.LC37:
 1374 0360 4C747062 		.ascii	"Ltpb__GeometricCalibration__Extrinsics\000"
 1374      5F5F4765 
 1374      6F6D6574 
 1374      72696343 
 1374      616C6962 
 1375              	.LC38:
 1376 0387 63616E6F 		.ascii	"canonical\000"
 1376      6E696361 
 1376      6C00
 1377              	.LC39:
 1378 0391 6D6F7665 		.ascii	"moveable_mirror\000"
 1378      61626C65 
 1378      5F6D6972 
 1378      726F7200 
 1379              	.LC40:
 1380 03a1 6C747062 		.ascii	"ltpb.GeometricCalibration.Extrinsics.MovableMirrorF"
 1380      2E47656F 
 1380      6D657472 
 1380      69634361 
 1380      6C696272 
 1381 03d4 6F726D61 		.ascii	"ormat\000"
 1381      7400
 1382              	.LC41:
 1383 03da 4D6F7661 		.ascii	"MovableMirrorFormat\000"
 1383      626C654D 
 1383      6972726F 
 1383      72466F72 
 1383      6D617400 
 1384              	.LC42:
 1385 03ee 4C747062 		.ascii	"Ltpb__GeometricCalibration__Extrinsics__MovableMirr"
 1385      5F5F4765 
 1385      6F6D6574 
 1385      72696343 
 1385      616C6962 
 1386 0421 6F72466F 		.ascii	"orFormat\000"
 1386      726D6174 
 1386      00
 1387              	.LC43:
 1388 042a 6D697272 		.ascii	"mirror_system\000"
 1388      6F725F73 
 1388      79737465 
 1388      6D00
 1389              	.LC44:
 1390 0438 6D697272 		.ascii	"mirror_actuator_mapping\000"
 1390      6F725F61 
 1390      63747561 
 1390      746F725F 
 1390      6D617070 
 1391              	.LC45:
 1392 0450 6C747062 		.ascii	"ltpb.GeometricCalibration.Extrinsics.CanonicalForma"
 1392      2E47656F 
 1392      6D657472 
 1392      69634361 
 1392      6C696272 
 1393 0483 7400     		.ascii	"t\000"
 1394              	.LC46:
 1395 0485 43616E6F 		.ascii	"CanonicalFormat\000"
 1395      6E696361 
 1395      6C466F72 
 1395      6D617400 
 1396              	.LC47:
 1397 0495 4C747062 		.ascii	"Ltpb__GeometricCalibration__Extrinsics__CanonicalFo"
 1397      5F5F4765 
 1397      6F6D6574 
 1397      72696343 
 1397      616C6962 
 1398 04c8 726D6174 		.ascii	"rmat\000"
 1398      00
 1399              	.LC48:
 1400 04cd 726F7461 		.ascii	"rotation\000"
 1400      74696F6E 
 1400      00
 1401              	.LC49:
 1402 04d6 7472616E 		.ascii	"translation\000"
 1402      736C6174 
 1402      696F6E00 
 1403              	.LC50:
 1404 04e2 73746572 		.ascii	"stereo_error\000"
 1404      656F5F65 
 1404      72726F72 
 1404      00
 1405              	.LC51:
 1406 04ef 72657072 		.ascii	"reprojection_error\000"
 1406      6F6A6563 
 1406      74696F6E 
 1406      5F657272 
 1406      6F7200
 1407              	.LC52:
 1408 0502 6C747062 		.ascii	"ltpb.GeometricCalibration.Intrinsics\000"
 1408      2E47656F 
 1408      6D657472 
 1408      69634361 
 1408      6C696272 
 1409              	.LC53:
 1410 0527 496E7472 		.ascii	"Intrinsics\000"
 1410      696E7369 
 1410      637300
 1411              	.LC54:
 1412 0532 4C747062 		.ascii	"Ltpb__GeometricCalibration__Intrinsics\000"
 1412      5F5F4765 
 1412      6F6D6574 
 1412      72696343 
 1412      616C6962 
 1413              	.LC55:
 1414 0559 6B5F6D61 		.ascii	"k_mat\000"
 1414      7400
 1415              	.LC56:
 1416 055f 726D735F 		.ascii	"rms_error\000"
 1416      6572726F 
 1416      7200
 1417              		.section	.rodata.ltpb__geometric_calibration__field_indices_by_name,"a",%progbits
 1418              		.align	2
 1421              	ltpb__geometric_calibration__field_indices_by_name:
 1422 0000 05000000 		.word	5
 1423 0004 02000000 		.word	2
 1424 0008 04000000 		.word	4
 1425 000c 03000000 		.word	3
 1426 0010 00000000 		.word	0
 1427 0014 01000000 		.word	1
 1428              		.section	.rodata.ltpb__geometric_calibration__extrinsics__descriptor,"a",%progbits
 1429              		.align	2
 1432              	ltpb__geometric_calibration__extrinsics__descriptor:
 1433 0000 F9EEAA28 		.word	682290937
 1434 0004 30030000 		.word	.LC35
 1435 0008 55030000 		.word	.LC36
 1436 000c 60030000 		.word	.LC37
 1437 0010 4A000000 		.word	.LC3
 1438 0014 14000000 		.word	20
 1439 0018 02000000 		.word	2
 1440 001c 00000000 		.word	ltpb__geometric_calibration__extrinsics__field_descriptors
 1441 0020 00000000 		.word	ltpb__geometric_calibration__extrinsics__field_indices_by_name
 1442 0024 01000000 		.word	1
 1443 0028 00000000 		.word	ltpb__geometric_calibration__extrinsics__number_ranges
 1444 002c 00000000 		.word	ltpb__geometric_calibration__extrinsics__init
 1445 0030 00000000 		.word	0
 1446 0034 00000000 		.word	0
 1447 0038 00000000 		.word	0
 1448              		.section	.rodata.__FUNCTION__.6869,"a",%progbits
 1449              		.set	.LANCHOR11,. + 0
 1452              	__FUNCTION__.6869:
 1453 0000 6C747062 		.ascii	"ltpb__geometric_calibration__free_unpacked\000"
 1453      5F5F6765 
 1453      6F6D6574 
 1453      7269635F 
 1453      63616C69 
 1454              		.section	.rodata.ltpb__geometric_calibration__intrinsics__number_ranges,"a",%progbits
 1455              		.align	2
 1458              	ltpb__geometric_calibration__intrinsics__number_ranges:
 1459 0000 01000000 		.word	1
 1460 0004 00000000 		.word	0
 1461 0008 00000000 		.word	0
 1462 000c 02000000 		.word	2
 1463              		.section	.rodata.ltpb__geometric_calibration__extrinsics__canonical_format__number_ranges,"a",%pro
 1464              		.align	2
 1467              	ltpb__geometric_calibration__extrinsics__canonical_format__number_ranges:
 1468 0000 01000000 		.word	1
 1469 0004 00000000 		.word	0
 1470 0008 00000000 		.word	0
 1471 000c 04000000 		.word	4
 1472              		.section	.rodata.ltpb__geometric_calibration__intrinsics__field_descriptors,"a",%progbits
 1473              		.align	2
 1476              	ltpb__geometric_calibration__intrinsics__field_descriptors:
 1477 0000 59050000 		.word	.LC55
 1478 0004 01000000 		.word	1
 1479 0008 00       		.byte	0
 1480 0009 10       		.byte	16
 1481 000a 0000     		.space	2
 1482 000c 00000000 		.word	0
 1483 0010 0C000000 		.word	12
 1484 0014 00000000 		.word	ltpb__matrix3x3_f__descriptor
 1485 0018 00000000 		.word	0
 1486 001c 00000000 		.word	0
 1487 0020 00000000 		.word	0
 1488 0024 00000000 		.word	0
 1489 0028 00000000 		.word	0
 1490 002c 5F050000 		.word	.LC56
 1491 0030 02000000 		.word	2
 1492 0034 01       		.byte	1
 1493 0035 0A       		.byte	10
 1494 0036 0000     		.space	2
 1495 0038 10000000 		.word	16
 1496 003c 14000000 		.word	20
 1497 0040 00000000 		.word	0
 1498 0044 00000000 		.word	0
 1499 0048 00000000 		.word	0
 1500 004c 00000000 		.word	0
 1501 0050 00000000 		.word	0
 1502 0054 00000000 		.word	0
 1503              		.text
 1504              	.Letext0:
 1505              		.file 2 "/opt/toolchains/gcc-arm-none-eabi-4_9-2015q1/arm-none-eabi/include/machine/_default_types
 1506              		.file 3 "/opt/toolchains/gcc-arm-none-eabi-4_9-2015q1/lib/gcc/arm-none-eabi/4.9.3/include/stddef.h
 1507              		.file 4 "/opt/toolchains/gcc-arm-none-eabi-4_9-2015q1/arm-none-eabi/include/stdint.h"
 1508              		.file 5 "/home/tienluong/workspace/atlantis_fw/platform/os/Source/portable/GCC/cortex-r4/portmacro
 1509              		.file 6 "/home/tienluong/workspace/atlantis_fw/platform/common/lightheader/include/protobuf-c/prot
 1510              		.file 7 "/home/tienluong/workspace/atlantis_fw/platform/common/lightheader/include/matrix3x3f.pb-c
 1511              		.file 8 "/home/tienluong/workspace/atlantis_fw/platform/common/lightheader/include/point3f.pb-c.h"
 1512              		.file 9 "/home/tienluong/workspace/atlantis_fw/platform/common/lightheader/include/range2f.pb-c.h"
 1513              		.file 10 "/home/tienluong/workspace/atlantis_fw/platform/common/lightheader/include/mirror_system.
 1514              		.file 11 "/home/tienluong/workspace/atlantis_fw/platform/common/lightheader/include/point2f.pb-c.h
 1515              		.file 12 "/home/tienluong/workspace/atlantis_fw/platform/common/lightheader/include/distortion.pb-
 1516              		.file 13 "/home/tienluong/workspace/atlantis_fw/platform/common/lightheader/include/device_temp.pb
 1517              		.file 14 "/home/tienluong/workspace/atlantis_fw/platform/common/lightheader/include/geometric_cali
DEFINED SYMBOLS
                            *ABS*:00000000 geometric_calibration.pb-c.c
     /tmp/cc4Nmdcs.s:19     .text.ltpb__geometric_calibration__intrinsics__init:00000000 $t
     /tmp/cc4Nmdcs.s:24     .text.ltpb__geometric_calibration__intrinsics__init:00000000 ltpb__geometric_calibration__intrinsics__init
     /tmp/cc4Nmdcs.s:52     .text.ltpb__geometric_calibration__intrinsics__init:00000014 $d
     /tmp/cc4Nmdcs.s:57     .text.ltpb__geometric_calibration__extrinsics__canonical_format__init:00000000 $t
     /tmp/cc4Nmdcs.s:62     .text.ltpb__geometric_calibration__extrinsics__canonical_format__init:00000000 ltpb__geometric_calibration__extrinsics__canonical_format__init
     /tmp/cc4Nmdcs.s:92     .text.ltpb__geometric_calibration__extrinsics__canonical_format__init:00000014 $d
     /tmp/cc4Nmdcs.s:97     .text.ltpb__geometric_calibration__extrinsics__movable_mirror_format__init:00000000 $t
     /tmp/cc4Nmdcs.s:102    .text.ltpb__geometric_calibration__extrinsics__movable_mirror_format__init:00000000 ltpb__geometric_calibration__extrinsics__movable_mirror_format__init
     /tmp/cc4Nmdcs.s:129    .text.ltpb__geometric_calibration__extrinsics__movable_mirror_format__init:00000010 $d
     /tmp/cc4Nmdcs.s:134    .text.ltpb__geometric_calibration__extrinsics__init:00000000 $t
     /tmp/cc4Nmdcs.s:139    .text.ltpb__geometric_calibration__extrinsics__init:00000000 ltpb__geometric_calibration__extrinsics__init
     /tmp/cc4Nmdcs.s:166    .text.ltpb__geometric_calibration__extrinsics__init:00000010 $d
     /tmp/cc4Nmdcs.s:171    .text.ltpb__geometric_calibration__calibration_focus_bundle__init:00000000 $t
     /tmp/cc4Nmdcs.s:176    .text.ltpb__geometric_calibration__calibration_focus_bundle__init:00000000 ltpb__geometric_calibration__calibration_focus_bundle__init
     /tmp/cc4Nmdcs.s:206    .text.ltpb__geometric_calibration__calibration_focus_bundle__init:00000014 $d
     /tmp/cc4Nmdcs.s:211    .text.ltpb__geometric_calibration__angle_optical_center_mapping__init:00000000 $t
     /tmp/cc4Nmdcs.s:216    .text.ltpb__geometric_calibration__angle_optical_center_mapping__init:00000000 ltpb__geometric_calibration__angle_optical_center_mapping__init
     /tmp/cc4Nmdcs.s:243    .text.ltpb__geometric_calibration__angle_optical_center_mapping__init:00000014 $d
     /tmp/cc4Nmdcs.s:248    .text.ltpb__geometric_calibration__init:00000000 $t
     /tmp/cc4Nmdcs.s:253    .text.ltpb__geometric_calibration__init:00000000 ltpb__geometric_calibration__init
     /tmp/cc4Nmdcs.s:283    .text.ltpb__geometric_calibration__init:00000018 $d
     /tmp/cc4Nmdcs.s:288    .text.ltpb__geometric_calibration__get_packed_size:00000000 $t
     /tmp/cc4Nmdcs.s:293    .text.ltpb__geometric_calibration__get_packed_size:00000000 ltpb__geometric_calibration__get_packed_size
     /tmp/cc4Nmdcs.s:334    .text.ltpb__geometric_calibration__get_packed_size:0000001c $d
     /tmp/cc4Nmdcs.s:342    .text.ltpb__geometric_calibration__pack:00000000 $t
     /tmp/cc4Nmdcs.s:347    .text.ltpb__geometric_calibration__pack:00000000 ltpb__geometric_calibration__pack
     /tmp/cc4Nmdcs.s:393    .text.ltpb__geometric_calibration__pack:00000020 $d
     /tmp/cc4Nmdcs.s:401    .text.ltpb__geometric_calibration__pack_to_buffer:00000000 $t
     /tmp/cc4Nmdcs.s:406    .text.ltpb__geometric_calibration__pack_to_buffer:00000000 ltpb__geometric_calibration__pack_to_buffer
     /tmp/cc4Nmdcs.s:452    .text.ltpb__geometric_calibration__pack_to_buffer:00000020 $d
     /tmp/cc4Nmdcs.s:460    .text.ltpb__geometric_calibration__unpack:00000000 $t
     /tmp/cc4Nmdcs.s:465    .text.ltpb__geometric_calibration__unpack:00000000 ltpb__geometric_calibration__unpack
     /tmp/cc4Nmdcs.s:500    .text.ltpb__geometric_calibration__unpack:00000014 $d
     /tmp/cc4Nmdcs.s:506    .text.ltpb__geometric_calibration__free_unpacked:00000000 $t
     /tmp/cc4Nmdcs.s:511    .text.ltpb__geometric_calibration__free_unpacked:00000000 ltpb__geometric_calibration__free_unpacked
     /tmp/cc4Nmdcs.s:556    .text.ltpb__geometric_calibration__free_unpacked:00000020 $d
     /tmp/cc4Nmdcs.s:1114   .rodata.ltpb__geometric_calibration__descriptor:00000000 ltpb__geometric_calibration__descriptor
     /tmp/cc4Nmdcs.s:641    .rodata.ltpb__geometric_calibration__mirror_type__descriptor:00000000 ltpb__geometric_calibration__mirror_type__descriptor
     /tmp/cc4Nmdcs.s:621    .rodata.ltpb__geometric_calibration__angle_optical_center_mapping__descriptor:00000000 ltpb__geometric_calibration__angle_optical_center_mapping__descriptor
     /tmp/cc4Nmdcs.s:670    .rodata.ltpb__geometric_calibration__calibration_focus_bundle__descriptor:00000000 ltpb__geometric_calibration__calibration_focus_bundle__descriptor
     /tmp/cc4Nmdcs.s:1432   .rodata.ltpb__geometric_calibration__extrinsics__descriptor:00000000 ltpb__geometric_calibration__extrinsics__descriptor
     /tmp/cc4Nmdcs.s:1235   .rodata.ltpb__geometric_calibration__extrinsics__movable_mirror_format__descriptor:00000000 ltpb__geometric_calibration__extrinsics__movable_mirror_format__descriptor
     /tmp/cc4Nmdcs.s:871    .rodata.ltpb__geometric_calibration__extrinsics__canonical_format__descriptor:00000000 ltpb__geometric_calibration__extrinsics__canonical_format__descriptor
     /tmp/cc4Nmdcs.s:601    .rodata.ltpb__geometric_calibration__intrinsics__descriptor:00000000 ltpb__geometric_calibration__intrinsics__descriptor
     /tmp/cc4Nmdcs.s:572    .rodata.ltpb__geometric_calibration__extrinsics__field_indices_by_name:00000000 $d
     /tmp/cc4Nmdcs.s:575    .rodata.ltpb__geometric_calibration__extrinsics__field_indices_by_name:00000000 ltpb__geometric_calibration__extrinsics__field_indices_by_name
     /tmp/cc4Nmdcs.s:579    .rodata.ltpb__geometric_calibration__extrinsics__movable_mirror_format__number_ranges:00000000 $d
     /tmp/cc4Nmdcs.s:582    .rodata.ltpb__geometric_calibration__extrinsics__movable_mirror_format__number_ranges:00000000 ltpb__geometric_calibration__extrinsics__movable_mirror_format__number_ranges
     /tmp/cc4Nmdcs.s:588    .rodata.ltpb__geometric_calibration__angle_optical_center_mapping__field_indices_by_name:00000000 $d
     /tmp/cc4Nmdcs.s:591    .rodata.ltpb__geometric_calibration__angle_optical_center_mapping__field_indices_by_name:00000000 ltpb__geometric_calibration__angle_optical_center_mapping__field_indices_by_name
     /tmp/cc4Nmdcs.s:598    .rodata.ltpb__geometric_calibration__intrinsics__descriptor:00000000 $d
     /tmp/cc4Nmdcs.s:1476   .rodata.ltpb__geometric_calibration__intrinsics__field_descriptors:00000000 ltpb__geometric_calibration__intrinsics__field_descriptors
     /tmp/cc4Nmdcs.s:1134   .rodata.ltpb__geometric_calibration__intrinsics__field_indices_by_name:00000000 ltpb__geometric_calibration__intrinsics__field_indices_by_name
     /tmp/cc4Nmdcs.s:1458   .rodata.ltpb__geometric_calibration__intrinsics__number_ranges:00000000 ltpb__geometric_calibration__intrinsics__number_ranges
     /tmp/cc4Nmdcs.s:618    .rodata.ltpb__geometric_calibration__angle_optical_center_mapping__descriptor:00000000 $d
     /tmp/cc4Nmdcs.s:909    .rodata.ltpb__geometric_calibration__angle_optical_center_mapping__field_descriptors:00000000 ltpb__geometric_calibration__angle_optical_center_mapping__field_descriptors
     /tmp/cc4Nmdcs.s:690    .rodata.ltpb__geometric_calibration__angle_optical_center_mapping__number_ranges:00000000 ltpb__geometric_calibration__angle_optical_center_mapping__number_ranges
     /tmp/cc4Nmdcs.s:638    .rodata.ltpb__geometric_calibration__mirror_type__descriptor:00000000 $d
     /tmp/cc4Nmdcs.s:1019   .rodata.ltpb__geometric_calibration__mirror_type__enum_values_by_number:00000000 ltpb__geometric_calibration__mirror_type__enum_values_by_number
     /tmp/cc4Nmdcs.s:1033   .rodata.ltpb__geometric_calibration__mirror_type__enum_values_by_name:00000000 ltpb__geometric_calibration__mirror_type__enum_values_by_name
     /tmp/cc4Nmdcs.s:661    .rodata.ltpb__geometric_calibration__mirror_type__value_ranges:00000000 ltpb__geometric_calibration__mirror_type__value_ranges
     /tmp/cc4Nmdcs.s:658    .rodata.ltpb__geometric_calibration__mirror_type__value_ranges:00000000 $d
     /tmp/cc4Nmdcs.s:667    .rodata.ltpb__geometric_calibration__calibration_focus_bundle__descriptor:00000000 $d
     /tmp/cc4Nmdcs.s:709    .rodata.ltpb__geometric_calibration__calibration_focus_bundle__field_descriptors:00000000 ltpb__geometric_calibration__calibration_focus_bundle__field_descriptors
     /tmp/cc4Nmdcs.s:699    .rodata.ltpb__geometric_calibration__calibration_focus_bundle__field_indices_by_name:00000000 ltpb__geometric_calibration__calibration_focus_bundle__field_indices_by_name
     /tmp/cc4Nmdcs.s:862    .rodata.ltpb__geometric_calibration__calibration_focus_bundle__number_ranges:00000000 ltpb__geometric_calibration__calibration_focus_bundle__number_ranges
     /tmp/cc4Nmdcs.s:687    .rodata.ltpb__geometric_calibration__angle_optical_center_mapping__number_ranges:00000000 $d
     /tmp/cc4Nmdcs.s:696    .rodata.ltpb__geometric_calibration__calibration_focus_bundle__field_indices_by_name:00000000 $d
     /tmp/cc4Nmdcs.s:706    .rodata.ltpb__geometric_calibration__calibration_focus_bundle__field_descriptors:00000000 $d
     /tmp/cc4Nmdcs.s:776    .rodata.ltpb__geometric_calibration__field_descriptors:00000000 $d
     /tmp/cc4Nmdcs.s:779    .rodata.ltpb__geometric_calibration__field_descriptors:00000000 ltpb__geometric_calibration__field_descriptors
     /tmp/cc4Nmdcs.s:859    .rodata.ltpb__geometric_calibration__calibration_focus_bundle__number_ranges:00000000 $d
     /tmp/cc4Nmdcs.s:868    .rodata.ltpb__geometric_calibration__extrinsics__canonical_format__descriptor:00000000 $d
     /tmp/cc4Nmdcs.s:1164   .rodata.ltpb__geometric_calibration__extrinsics__canonical_format__field_descriptors:00000000 ltpb__geometric_calibration__extrinsics__canonical_format__field_descriptors
     /tmp/cc4Nmdcs.s:979    .rodata.ltpb__geometric_calibration__extrinsics__canonical_format__field_indices_by_name:00000000 ltpb__geometric_calibration__extrinsics__canonical_format__field_indices_by_name
     /tmp/cc4Nmdcs.s:1467   .rodata.ltpb__geometric_calibration__extrinsics__canonical_format__number_ranges:00000000 ltpb__geometric_calibration__extrinsics__canonical_format__number_ranges
     /tmp/cc4Nmdcs.s:888    .rodata.ltpb__geometric_calibration__extrinsics__number_ranges:00000000 $d
     /tmp/cc4Nmdcs.s:891    .rodata.ltpb__geometric_calibration__extrinsics__number_ranges:00000000 ltpb__geometric_calibration__extrinsics__number_ranges
     /tmp/cc4Nmdcs.s:897    .rodata.ltpb__geometric_calibration__number_ranges:00000000 $d
     /tmp/cc4Nmdcs.s:900    .rodata.ltpb__geometric_calibration__number_ranges:00000000 ltpb__geometric_calibration__number_ranges
     /tmp/cc4Nmdcs.s:906    .rodata.ltpb__geometric_calibration__angle_optical_center_mapping__field_descriptors:00000000 $d
     /tmp/cc4Nmdcs.s:976    .rodata.ltpb__geometric_calibration__extrinsics__canonical_format__field_indices_by_name:00000000 $d
     /tmp/cc4Nmdcs.s:985    .rodata.ltpb__geometric_calibration__extrinsics__field_descriptors:00000000 $d
     /tmp/cc4Nmdcs.s:988    .rodata.ltpb__geometric_calibration__extrinsics__field_descriptors:00000000 ltpb__geometric_calibration__extrinsics__field_descriptors
     /tmp/cc4Nmdcs.s:1016   .rodata.ltpb__geometric_calibration__mirror_type__enum_values_by_number:00000000 $d
     /tmp/cc4Nmdcs.s:1030   .rodata.ltpb__geometric_calibration__mirror_type__enum_values_by_name:00000000 $d
     /tmp/cc4Nmdcs.s:1041   .rodata.init_value.6821:00000000 $d
     /tmp/cc4Nmdcs.s:1045   .rodata.init_value.6821:00000000 init_value.6821
     /tmp/cc4Nmdcs.s:1053   .rodata.init_value.6829:00000000 $d
     /tmp/cc4Nmdcs.s:1057   .rodata.init_value.6829:00000000 init_value.6829
     /tmp/cc4Nmdcs.s:1064   .rodata.ltpb__geometric_calibration__extrinsics__movable_mirror_format__field_descriptors:00000000 $d
     /tmp/cc4Nmdcs.s:1067   .rodata.ltpb__geometric_calibration__extrinsics__movable_mirror_format__field_descriptors:00000000 ltpb__geometric_calibration__extrinsics__movable_mirror_format__field_descriptors
     /tmp/cc4Nmdcs.s:1095   .rodata.init_value.6825:00000000 $d
     /tmp/cc4Nmdcs.s:1099   .rodata.init_value.6825:00000000 init_value.6825
     /tmp/cc4Nmdcs.s:1110   .rodata.ltpb__geometric_calibration__descriptor:00000000 $d
     /tmp/cc4Nmdcs.s:1421   .rodata.ltpb__geometric_calibration__field_indices_by_name:00000000 ltpb__geometric_calibration__field_indices_by_name
     /tmp/cc4Nmdcs.s:1131   .rodata.ltpb__geometric_calibration__intrinsics__field_indices_by_name:00000000 $d
     /tmp/cc4Nmdcs.s:1138   .rodata.init_value.6833:00000000 $d
     /tmp/cc4Nmdcs.s:1142   .rodata.init_value.6833:00000000 init_value.6833
     /tmp/cc4Nmdcs.s:1152   .rodata.__FUNCTION__.6849:00000000 __FUNCTION__.6849
     /tmp/cc4Nmdcs.s:1158   .rodata.__FUNCTION__.6854:00000000 __FUNCTION__.6854
     /tmp/cc4Nmdcs.s:1161   .rodata.ltpb__geometric_calibration__extrinsics__canonical_format__field_descriptors:00000000 $d
     /tmp/cc4Nmdcs.s:1218   .rodata.init_value.6841:00000000 $d
     /tmp/cc4Nmdcs.s:1222   .rodata.init_value.6841:00000000 init_value.6841
     /tmp/cc4Nmdcs.s:1232   .rodata.ltpb__geometric_calibration__extrinsics__movable_mirror_format__descriptor:00000000 $d
     /tmp/cc4Nmdcs.s:1293   .rodata.ltpb__geometric_calibration__extrinsics__movable_mirror_format__field_indices_by_name:00000000 ltpb__geometric_calibration__extrinsics__movable_mirror_format__field_indices_by_name
     /tmp/cc4Nmdcs.s:1252   .rodata.init_value.6837:00000000 $d
     /tmp/cc4Nmdcs.s:1256   .rodata.init_value.6837:00000000 init_value.6837
     /tmp/cc4Nmdcs.s:1270   .rodata.__FUNCTION__.6859:00000000 __FUNCTION__.6859
     /tmp/cc4Nmdcs.s:1273   .rodata.init_value.6845:00000000 $d
     /tmp/cc4Nmdcs.s:1277   .rodata.init_value.6845:00000000 init_value.6845
     /tmp/cc4Nmdcs.s:1290   .rodata.ltpb__geometric_calibration__extrinsics__movable_mirror_format__field_indices_by_name:00000000 $d
     /tmp/cc4Nmdcs.s:1418   .rodata.ltpb__geometric_calibration__field_indices_by_name:00000000 $d
     /tmp/cc4Nmdcs.s:1429   .rodata.ltpb__geometric_calibration__extrinsics__descriptor:00000000 $d
     /tmp/cc4Nmdcs.s:1452   .rodata.__FUNCTION__.6869:00000000 __FUNCTION__.6869
     /tmp/cc4Nmdcs.s:1455   .rodata.ltpb__geometric_calibration__intrinsics__number_ranges:00000000 $d
     /tmp/cc4Nmdcs.s:1464   .rodata.ltpb__geometric_calibration__extrinsics__canonical_format__number_ranges:00000000 $d
     /tmp/cc4Nmdcs.s:1473   .rodata.ltpb__geometric_calibration__intrinsics__field_descriptors:00000000 $d
                     .debug_frame:00000010 $d

UNDEFINED SYMBOLS
assert_failed
protobuf_c_message_get_packed_size
protobuf_c_message_pack
protobuf_c_message_pack_to_buffer
protobuf_c_message_unpack
protobuf_c_message_free_unpacked
ltpb__device_temp__descriptor
ltpb__distortion__descriptor
ltpb__range2_f__descriptor
ltpb__point2_f__descriptor
ltpb__mirror_system__descriptor
ltpb__mirror_actuator_mapping__descriptor
ltpb__matrix3x3_f__descriptor
ltpb__point3_f__descriptor
