   1              		.syntax unified
   2              		.cpu cortex-r4
   3              		.fpu softvfp
   4              		.eabi_attribute 20, 1
   5              		.eabi_attribute 21, 1
   6              		.eabi_attribute 23, 3
   7              		.eabi_attribute 24, 1
   8              		.eabi_attribute 25, 1
   9              		.eabi_attribute 26, 1
  10              		.eabi_attribute 30, 4
  11              		.eabi_attribute 34, 1
  12              		.eabi_attribute 18, 4
  13              		.thumb
  14              		.file	"lcc_cmd_base_1000.c"
  15              		.text
  16              	.Ltext0:
  17              		.cfi_sections	.debug_frame
  18              		.section	.text.cmd_light_active_ucid,"ax",%progbits
  19              		.align	1
  20              		.global	cmd_light_active_ucid
  21              		.thumb
  22              		.thumb_func
  24              	cmd_light_active_ucid:
  25              	.LFB1:
  26              		.file 1 "/home/tienluong/workspace/atlantis_fw/AsicFwS2/src/lcc_cmd_base_1000.c"
   1:/home/tienluong/workspace/atlantis_fw/AsicFwS2/src/lcc_cmd_base_1000.c **** /*******************************************************************************
   2:/home/tienluong/workspace/atlantis_fw/AsicFwS2/src/lcc_cmd_base_1000.c ****  * Copyright (c) 2016, The LightCo
   3:/home/tienluong/workspace/atlantis_fw/AsicFwS2/src/lcc_cmd_base_1000.c ****  * All rights reserved.
   4:/home/tienluong/workspace/atlantis_fw/AsicFwS2/src/lcc_cmd_base_1000.c ****  * Redistribution and use in source and binary forms, with or without
   5:/home/tienluong/workspace/atlantis_fw/AsicFwS2/src/lcc_cmd_base_1000.c ****  * modification, are strictly prohibited without prior permission of
   6:/home/tienluong/workspace/atlantis_fw/AsicFwS2/src/lcc_cmd_base_1000.c ****  * The LightCo.
   7:/home/tienluong/workspace/atlantis_fw/AsicFwS2/src/lcc_cmd_base_1000.c ****  *
   8:/home/tienluong/workspace/atlantis_fw/AsicFwS2/src/lcc_cmd_base_1000.c ****  * @file    cbb_cmd_base_1000.c
   9:/home/tienluong/workspace/atlantis_fw/AsicFwS2/src/lcc_cmd_base_1000.c ****  * @author  The LightCo
  10:/home/tienluong/workspace/atlantis_fw/AsicFwS2/src/lcc_cmd_base_1000.c ****  * @version V1.0.0
  11:/home/tienluong/workspace/atlantis_fw/AsicFwS2/src/lcc_cmd_base_1000.c ****  * @date    Mar-10-2016
  12:/home/tienluong/workspace/atlantis_fw/AsicFwS2/src/lcc_cmd_base_1000.c ****  * @brief   This file contains expand of cbb_cmd_base_1000
  13:/home/tienluong/workspace/atlantis_fw/AsicFwS2/src/lcc_cmd_base_1000.c ****  *
  14:/home/tienluong/workspace/atlantis_fw/AsicFwS2/src/lcc_cmd_base_1000.c ****  ******************************************************************************/
  15:/home/tienluong/workspace/atlantis_fw/AsicFwS2/src/lcc_cmd_base_1000.c **** /* Includes ------------------------------------------------------------------*/
  16:/home/tienluong/workspace/atlantis_fw/AsicFwS2/src/lcc_cmd_base_1000.c **** #include "os.h"
  17:/home/tienluong/workspace/atlantis_fw/AsicFwS2/src/lcc_cmd_base_1000.c **** #include "assert.h"
  18:/home/tienluong/workspace/atlantis_fw/AsicFwS2/src/lcc_cmd_base_1000.c **** #include "log.h"
  19:/home/tienluong/workspace/atlantis_fw/AsicFwS2/src/lcc_cmd_base_1000.c **** #include "light_system.h"
  20:/home/tienluong/workspace/atlantis_fw/AsicFwS2/src/lcc_cmd_base_1000.c **** #include "task_cam_ctrl.h"
  21:/home/tienluong/workspace/atlantis_fw/AsicFwS2/src/lcc_cmd_base_1000.c **** #include "lcc_cmd.h"
  22:/home/tienluong/workspace/atlantis_fw/AsicFwS2/src/lcc_cmd_base_1000.c **** #include "lcc_cmd_log.h"
  23:/home/tienluong/workspace/atlantis_fw/AsicFwS2/src/lcc_cmd_base_1000.c **** #include "lcc_system.h"
  24:/home/tienluong/workspace/atlantis_fw/AsicFwS2/src/lcc_cmd_base_1000.c **** #include "task_cam_ctrl.h"
  25:/home/tienluong/workspace/atlantis_fw/AsicFwS2/src/lcc_cmd_base_1000.c **** #include "task_ccb_ctrl.h"
  26:/home/tienluong/workspace/atlantis_fw/AsicFwS2/src/lcc_cmd_base_1000.c **** 
  27:/home/tienluong/workspace/atlantis_fw/AsicFwS2/src/lcc_cmd_base_1000.c **** /* Privated define------------------------------------------------------------*/
  28:/home/tienluong/workspace/atlantis_fw/AsicFwS2/src/lcc_cmd_base_1000.c **** #define SLOGF_ID				SLOG_ID_LCC_CMD_BASE_1000
  29:/home/tienluong/workspace/atlantis_fw/AsicFwS2/src/lcc_cmd_base_1000.c **** 
  30:/home/tienluong/workspace/atlantis_fw/AsicFwS2/src/lcc_cmd_base_1000.c **** /* Privated typedef-----------------------------------------------------------*/
  31:/home/tienluong/workspace/atlantis_fw/AsicFwS2/src/lcc_cmd_base_1000.c **** /*
  32:/home/tienluong/workspace/atlantis_fw/AsicFwS2/src/lcc_cmd_base_1000.c ****  * ucid_mode_data_t
  33:/home/tienluong/workspace/atlantis_fw/AsicFwS2/src/lcc_cmd_base_1000.c ****  */
  34:/home/tienluong/workspace/atlantis_fw/AsicFwS2/src/lcc_cmd_base_1000.c **** typedef enum ucid_mode_data {
  35:/home/tienluong/workspace/atlantis_fw/AsicFwS2/src/lcc_cmd_base_1000.c **** 	CMD_UCID_DISABLED			= 0x00,
  36:/home/tienluong/workspace/atlantis_fw/AsicFwS2/src/lcc_cmd_base_1000.c **** 	CMD_UCID_UNKNOWN,
  37:/home/tienluong/workspace/atlantis_fw/AsicFwS2/src/lcc_cmd_base_1000.c **** 	CMD_UCID_DEBUG,
  38:/home/tienluong/workspace/atlantis_fw/AsicFwS2/src/lcc_cmd_base_1000.c **** 	CMD_UCID_PREVIEW,
  39:/home/tienluong/workspace/atlantis_fw/AsicFwS2/src/lcc_cmd_base_1000.c **** 	CMD_UCID_VIDEO,
  40:/home/tienluong/workspace/atlantis_fw/AsicFwS2/src/lcc_cmd_base_1000.c **** 	CMD_UCID_HIRES_CAPTURE,
  41:/home/tienluong/workspace/atlantis_fw/AsicFwS2/src/lcc_cmd_base_1000.c **** 	CMD_UCID_FOCAL_STACKING,
  42:/home/tienluong/workspace/atlantis_fw/AsicFwS2/src/lcc_cmd_base_1000.c **** 	CMD_UCID_HDR_CAPTURE,
  43:/home/tienluong/workspace/atlantis_fw/AsicFwS2/src/lcc_cmd_base_1000.c **** 	CMD_UCID_RESERVE,
  44:/home/tienluong/workspace/atlantis_fw/AsicFwS2/src/lcc_cmd_base_1000.c **** 	CMD_UCID_FTM_QUICK_CHECK,
  45:/home/tienluong/workspace/atlantis_fw/AsicFwS2/src/lcc_cmd_base_1000.c **** 	CMD_UCID_FTM_CALIBRATION,
  46:/home/tienluong/workspace/atlantis_fw/AsicFwS2/src/lcc_cmd_base_1000.c **** 	CMD_UCID_MAX
  47:/home/tienluong/workspace/atlantis_fw/AsicFwS2/src/lcc_cmd_base_1000.c **** } ucid_mode_data_t;
  48:/home/tienluong/workspace/atlantis_fw/AsicFwS2/src/lcc_cmd_base_1000.c **** 
  49:/home/tienluong/workspace/atlantis_fw/AsicFwS2/src/lcc_cmd_base_1000.c **** /* Private function-----------------------------------------------------------*/
  50:/home/tienluong/workspace/atlantis_fw/AsicFwS2/src/lcc_cmd_base_1000.c **** /* Exported functions --------------------------------------------------------*/
  51:/home/tienluong/workspace/atlantis_fw/AsicFwS2/src/lcc_cmd_base_1000.c **** /**
  52:/home/tienluong/workspace/atlantis_fw/AsicFwS2/src/lcc_cmd_base_1000.c ****  * cmd_light_active_ucid
  53:/home/tienluong/workspace/atlantis_fw/AsicFwS2/src/lcc_cmd_base_1000.c ****  *
  54:/home/tienluong/workspace/atlantis_fw/AsicFwS2/src/lcc_cmd_base_1000.c ****  */
  55:/home/tienluong/workspace/atlantis_fw/AsicFwS2/src/lcc_cmd_base_1000.c **** void cmd_light_active_ucid(lcc_cmd_t *in, lcc_cmd_t *out)
  56:/home/tienluong/workspace/atlantis_fw/AsicFwS2/src/lcc_cmd_base_1000.c **** {
  27              		.loc 1 56 0
  28              		.cfi_startproc
  29              		@ args = 0, pretend = 0, frame = 24
  30              		@ frame_needed = 0, uses_anonymous_args = 0
  31              	.LVL0:
  32 0000 2DE9F04F 		push	{r4, r5, r6, r7, r8, r9, r10, fp, lr}
  33              	.LCFI0:
  34              		.cfi_def_cfa_offset 36
  35              		.cfi_offset 4, -36
  36              		.cfi_offset 5, -32
  37              		.cfi_offset 6, -28
  38              		.cfi_offset 7, -24
  39              		.cfi_offset 8, -20
  40              		.cfi_offset 9, -16
  41              		.cfi_offset 10, -12
  42              		.cfi_offset 11, -8
  43              		.cfi_offset 14, -4
  57:/home/tienluong/workspace/atlantis_fw/AsicFwS2/src/lcc_cmd_base_1000.c **** 	lcc_cmd_tid_t p_cmd;
  58:/home/tienluong/workspace/atlantis_fw/AsicFwS2/src/lcc_cmd_base_1000.c **** 	lcc_cmd_info_t cmd = (lcc_cmd_info_t)(LCC_CMD_LIGHT_ACTIVE_UCID);
  59:/home/tienluong/workspace/atlantis_fw/AsicFwS2/src/lcc_cmd_base_1000.c **** 	cam_typedef_t *p_cam;
  60:/home/tienluong/workspace/atlantis_fw/AsicFwS2/src/lcc_cmd_base_1000.c **** 	if(in->action == CMD_READ)
  44              		.loc 1 60 0
  45 0004 C57C     		ldrb	r5, [r0, #19]	@ zero_extendqisi2
  46 0006 15F00105 		ands	r5, r5, #1
  56:/home/tienluong/workspace/atlantis_fw/AsicFwS2/src/lcc_cmd_base_1000.c **** 	lcc_cmd_tid_t p_cmd;
  47              		.loc 1 56 0
  48 000a 87B0     		sub	sp, sp, #28
  49              	.LCFI1:
  50              		.cfi_def_cfa_offset 64
  56:/home/tienluong/workspace/atlantis_fw/AsicFwS2/src/lcc_cmd_base_1000.c **** 	lcc_cmd_tid_t p_cmd;
  51              		.loc 1 56 0
  52 000c 0446     		mov	r4, r0
  53 000e 0E46     		mov	r6, r1
  54              		.loc 1 60 0
  55 0010 20D0     		beq	.L2
  61:/home/tienluong/workspace/atlantis_fw/AsicFwS2/src/lcc_cmd_base_1000.c **** 	{
  62:/home/tienluong/workspace/atlantis_fw/AsicFwS2/src/lcc_cmd_base_1000.c **** 		out->data = pvPortMalloc(cmd.size);
  56              		.loc 1 62 0
  57 0012 0220     		movs	r0, #2
  58              	.LVL1:
  59 0014 4849     		ldr	r1, .L23
  60              	.LVL2:
  61 0016 3E22     		movs	r2, #62
  62 0018 484B     		ldr	r3, .L23+4
  63 001a 9847     		blx	r3
  64              	.LVL3:
  65 001c 7060     		str	r0, [r6, #4]
  63:/home/tienluong/workspace/atlantis_fw/AsicFwS2/src/lcc_cmd_base_1000.c **** 		if (NULL == out->data)
  66              		.loc 1 63 0
  67 001e 40B9     		cbnz	r0, .L3
  64:/home/tienluong/workspace/atlantis_fw/AsicFwS2/src/lcc_cmd_base_1000.c **** 		{
  65:/home/tienluong/workspace/atlantis_fw/AsicFwS2/src/lcc_cmd_base_1000.c **** 			SLOGF(SLOG_ERROR, "%s: Lack of memory", __FUNCTION__);
  68              		.loc 1 65 0
  69 0020 454B     		ldr	r3, .L23
  70 0022 2320     		movs	r0, #35
  71 0024 0221     		movs	r1, #2
  72 0026 464A     		ldr	r2, .L23+8
  73 0028 464D     		ldr	r5, .L23+12
  74 002a A847     		blx	r5
  75              	.LVL4:
  66:/home/tienluong/workspace/atlantis_fw/AsicFwS2/src/lcc_cmd_base_1000.c **** 			in->status = LCC_CMD_ERROR_MODULE_FAULT;
  76              		.loc 1 66 0
  77 002c 2023     		movs	r3, #32
  78 002e 2382     		strh	r3, [r4, #16]	@ movhi
  79 0030 7FE0     		b	.L1
  80              	.L3:
  67:/home/tienluong/workspace/atlantis_fw/AsicFwS2/src/lcc_cmd_base_1000.c **** 			return;
  68:/home/tienluong/workspace/atlantis_fw/AsicFwS2/src/lcc_cmd_base_1000.c **** 		}
  69:/home/tienluong/workspace/atlantis_fw/AsicFwS2/src/lcc_cmd_base_1000.c **** 		out->data[out->len++] = (uint8_t)(light_system->active_ucid >> 8);
  81              		.loc 1 69 0
  82 0032 3189     		ldrh	r1, [r6, #8]
  83 0034 4B1C     		adds	r3, r1, #1
  84 0036 3381     		strh	r3, [r6, #8]	@ movhi
  85 0038 434B     		ldr	r3, .L23+16
  86 003a 1A68     		ldr	r2, [r3]
  87 003c B2F86E30 		ldrh	r3, [r2, #110]
  88 0040 1B0A     		lsrs	r3, r3, #8
  89 0042 4354     		strb	r3, [r0, r1]
  70:/home/tienluong/workspace/atlantis_fw/AsicFwS2/src/lcc_cmd_base_1000.c **** 		out->data[out->len++] = (uint8_t)(light_system->active_ucid);
  90              		.loc 1 70 0
  91 0044 3389     		ldrh	r3, [r6, #8]
  92 0046 581C     		adds	r0, r3, #1
  93 0048 B2F86E20 		ldrh	r2, [r2, #110]
  94 004c 7168     		ldr	r1, [r6, #4]
  95 004e 3081     		strh	r0, [r6, #8]	@ movhi
  96 0050 CA54     		strb	r2, [r1, r3]
  97 0052 6EE0     		b	.L1
  98              	.LVL5:
  99              	.L2:
 100              	.LBB2:
  71:/home/tienluong/workspace/atlantis_fw/AsicFwS2/src/lcc_cmd_base_1000.c **** 		/* The command status will be updated in lcc_cmd task */
  72:/home/tienluong/workspace/atlantis_fw/AsicFwS2/src/lcc_cmd_base_1000.c **** 	}
  73:/home/tienluong/workspace/atlantis_fw/AsicFwS2/src/lcc_cmd_base_1000.c **** 	else
  74:/home/tienluong/workspace/atlantis_fw/AsicFwS2/src/lcc_cmd_base_1000.c **** 	{
  75:/home/tienluong/workspace/atlantis_fw/AsicFwS2/src/lcc_cmd_base_1000.c **** 		uint16_t ucid = *(uint16_t *)in->data;
 101              		.loc 1 75 0
 102 0054 4368     		ldr	r3, [r0, #4]
 103 0056 B3F800A0 		ldrh	r10, [r3]
 104              	.LVL6:
  76:/home/tienluong/workspace/atlantis_fw/AsicFwS2/src/lcc_cmd_base_1000.c **** 		if (CMD_UCID_MAX > ucid)
 105              		.loc 1 76 0
 106 005a BAF10A0F 		cmp	r10, #10
 107 005e DFF8E490 		ldr	r9, .L23+12
 108 0062 61D8     		bhi	.L6
 109              	.LBB3:
  77:/home/tienluong/workspace/atlantis_fw/AsicFwS2/src/lcc_cmd_base_1000.c **** 		{
  78:/home/tienluong/workspace/atlantis_fw/AsicFwS2/src/lcc_cmd_base_1000.c **** 			/* TODO: Restore all setting to camera */
  79:/home/tienluong/workspace/atlantis_fw/AsicFwS2/src/lcc_cmd_base_1000.c **** 			/* Set active ucid to the received ucid */
  80:/home/tienluong/workspace/atlantis_fw/AsicFwS2/src/lcc_cmd_base_1000.c **** 			light_system->prev_ucid = light_system->active_ucid;
 110              		.loc 1 80 0
 111 0064 384B     		ldr	r3, .L23+16
 112 0066 1E68     		ldr	r6, [r3]
 113 0068 B6F86E30 		ldrh	r3, [r6, #110]
  81:/home/tienluong/workspace/atlantis_fw/AsicFwS2/src/lcc_cmd_base_1000.c **** 			light_system->active_ucid = ucid;
 114              		.loc 1 81 0
 115 006c A6F86EA0 		strh	r10, [r6, #110]	@ movhi
 116              	.LVL7:
  80:/home/tienluong/workspace/atlantis_fw/AsicFwS2/src/lcc_cmd_base_1000.c **** 			light_system->active_ucid = ucid;
 117              		.loc 1 80 0
 118 0070 A6F87030 		strh	r3, [r6, #112]	@ movhi
  82:/home/tienluong/workspace/atlantis_fw/AsicFwS2/src/lcc_cmd_base_1000.c **** 			uint8_t i = 0;
  83:/home/tienluong/workspace/atlantis_fw/AsicFwS2/src/lcc_cmd_base_1000.c **** 			uint16_t fps;
  84:/home/tienluong/workspace/atlantis_fw/AsicFwS2/src/lcc_cmd_base_1000.c **** 			uint64_t exposure;
  85:/home/tienluong/workspace/atlantis_fw/AsicFwS2/src/lcc_cmd_base_1000.c **** 			in->m_bitmask = 0;
 119              		.loc 1 85 0
 120 0074 0560     		str	r5, [r0]
 121              	.LVL8:
 122              	.L7:
  86:/home/tienluong/workspace/atlantis_fw/AsicFwS2/src/lcc_cmd_base_1000.c **** 			for(i = 0; i < light_system->cam_tbl_size; i++)
 123              		.loc 1 86 0 discriminator 1
 124 0076 EBB2     		uxtb	r3, r5
 125 0078 96F87220 		ldrb	r2, [r6, #114]	@ zero_extendqisi2
 126 007c 9A42     		cmp	r2, r3
 127 007e 4BD9     		bls	.L22
  87:/home/tienluong/workspace/atlantis_fw/AsicFwS2/src/lcc_cmd_base_1000.c **** 			{
  88:/home/tienluong/workspace/atlantis_fw/AsicFwS2/src/lcc_cmd_base_1000.c **** 				p_cam = &light_system->cam_tbl[i];
 128              		.loc 1 88 0
 129 0080 4FF03808 		mov	r8, #56
 130 0084 D6F800B0 		ldr	fp, [r6]
  89:/home/tienluong/workspace/atlantis_fw/AsicFwS2/src/lcc_cmd_base_1000.c **** 				SLOGF(SLOG_INFO, "Apply CAM-%X", p_cam->info.module);
 131              		.loc 1 89 0
 132 0088 2320     		movs	r0, #35
  88:/home/tienluong/workspace/atlantis_fw/AsicFwS2/src/lcc_cmd_base_1000.c **** 				SLOGF(SLOG_INFO, "Apply CAM-%X", p_cam->info.module);
 133              		.loc 1 88 0
 134 008a 08FB03F8 		mul	r8, r8, r3
 135              		.loc 1 89 0
 136 008e 0821     		movs	r1, #8
  88:/home/tienluong/workspace/atlantis_fw/AsicFwS2/src/lcc_cmd_base_1000.c **** 				SLOGF(SLOG_INFO, "Apply CAM-%X", p_cam->info.module);
 137              		.loc 1 88 0
 138 0090 0BEB0807 		add	r7, fp, r8
 139              	.LVL9:
 140              		.loc 1 89 0
 141 0094 97F82930 		ldrb	r3, [r7, #41]	@ zero_extendqisi2
 142 0098 2C4A     		ldr	r2, .L23+20
 143 009a C847     		blx	r9
 144              	.LVL10:
  90:/home/tienluong/workspace/atlantis_fw/AsicFwS2/src/lcc_cmd_base_1000.c **** 				if ((0 < p_cam->info.ch) &&
 145              		.loc 1 90 0
 146 009c 97F82830 		ldrb	r3, [r7, #40]	@ zero_extendqisi2
 147 00a0 1B07     		lsls	r3, r3, #28
 148 00a2 37D0     		beq	.L8
  91:/home/tienluong/workspace/atlantis_fw/AsicFwS2/src/lcc_cmd_base_1000.c **** 					(p_cam->settings->open == CAM_MODULE_SW_STANDBY))
 149              		.loc 1 91 0 discriminator 1
 150 00a4 BB68     		ldr	r3, [r7, #8]
  90:/home/tienluong/workspace/atlantis_fw/AsicFwS2/src/lcc_cmd_base_1000.c **** 				if ((0 < p_cam->info.ch) &&
 151              		.loc 1 90 0 discriminator 1
 152 00a6 1B78     		ldrb	r3, [r3]	@ zero_extendqisi2
 153 00a8 022B     		cmp	r3, #2
 154 00aa 33D1     		bne	.L8
  92:/home/tienluong/workspace/atlantis_fw/AsicFwS2/src/lcc_cmd_base_1000.c **** 				{
  93:/home/tienluong/workspace/atlantis_fw/AsicFwS2/src/lcc_cmd_base_1000.c **** 					in->m_bitmask |= object_to_cam_bitmask(p_cam);
 155              		.loc 1 93 0
 156 00ac 284B     		ldr	r3, .L23+24
 157 00ae 3846     		mov	r0, r7
 158 00b0 9847     		blx	r3
 159              	.LVL11:
 160 00b2 2368     		ldr	r3, [r4]
  94:/home/tienluong/workspace/atlantis_fw/AsicFwS2/src/lcc_cmd_base_1000.c **** 					memcpy((uint8_t *)&fps, p_cam->image->settings[
 161              		.loc 1 94 0
 162 00b4 B6F86E20 		ldrh	r2, [r6, #110]
  93:/home/tienluong/workspace/atlantis_fw/AsicFwS2/src/lcc_cmd_base_1000.c **** 					memcpy((uint8_t *)&fps, p_cam->image->settings[
 163              		.loc 1 93 0
 164 00b8 1843     		orrs	r0, r0, r3
 165              		.loc 1 94 0
 166 00ba 5BF80830 		ldr	r3, [fp, r8]
  93:/home/tienluong/workspace/atlantis_fw/AsicFwS2/src/lcc_cmd_base_1000.c **** 					memcpy((uint8_t *)&fps, p_cam->image->settings[
 167              		.loc 1 93 0
 168 00be 2060     		str	r0, [r4]
 169              		.loc 1 94 0
 170 00c0 03EB8203 		add	r3, r3, r2, lsl #2
 171 00c4 5A68     		ldr	r2, [r3, #4]
 172 00c6 938A     		ldrh	r3, [r2, #20]	@ unaligned
 173 00c8 ADF80630 		strh	r3, [sp, #6]	@ unaligned
  95:/home/tienluong/workspace/atlantis_fw/AsicFwS2/src/lcc_cmd_base_1000.c **** 						light_system->active_ucid]->fps, sizeof(uint16_t));
  96:/home/tienluong/workspace/atlantis_fw/AsicFwS2/src/lcc_cmd_base_1000.c **** 					memcpy((uint8_t *)&exposure, p_cam->image->settings[
 174              		.loc 1 96 0
 175 00cc 02AB     		add	r3, sp, #8
 176 00ce 1068     		ldr	r0, [r2]	@ unaligned
 177 00d0 5168     		ldr	r1, [r2, #4]	@ unaligned
 178 00d2 03C3     		stmia	r3!, {r0, r1}
  97:/home/tienluong/workspace/atlantis_fw/AsicFwS2/src/lcc_cmd_base_1000.c **** 						light_system->active_ucid]->exposure, sizeof(uint64_t));
  98:/home/tienluong/workspace/atlantis_fw/AsicFwS2/src/lcc_cmd_base_1000.c **** 					p_cmd.cmd_tid = in->tid;
 179              		.loc 1 98 0
 180 00d4 6389     		ldrh	r3, [r4, #10]
 181 00d6 ADF81030 		strh	r3, [sp, #16]	@ movhi
  99:/home/tienluong/workspace/atlantis_fw/AsicFwS2/src/lcc_cmd_base_1000.c **** 					p_cmd.event = 0;
 100:/home/tienluong/workspace/atlantis_fw/AsicFwS2/src/lcc_cmd_base_1000.c **** 					p_cmd.event = IMG_EVENT_CAM_SENSITIVITY |
 182              		.loc 1 100 0
 183 00da 1823     		movs	r3, #24
 184 00dc 0593     		str	r3, [sp, #20]
 101:/home/tienluong/workspace/atlantis_fw/AsicFwS2/src/lcc_cmd_base_1000.c **** 						IMG_EVENT_CAM_RESOLUTION;
 102:/home/tienluong/workspace/atlantis_fw/AsicFwS2/src/lcc_cmd_base_1000.c **** 					if(fps)
 185              		.loc 1 102 0
 186 00de BDF80630 		ldrh	r3, [sp, #6]
 187 00e2 0BB1     		cbz	r3, .L9
 103:/home/tienluong/workspace/atlantis_fw/AsicFwS2/src/lcc_cmd_base_1000.c **** 						p_cmd.event |= IMG_EVENT_CAM_FPS;
 188              		.loc 1 103 0
 189 00e4 1C23     		movs	r3, #28
 190 00e6 0593     		str	r3, [sp, #20]
 191              	.L9:
 104:/home/tienluong/workspace/atlantis_fw/AsicFwS2/src/lcc_cmd_base_1000.c **** 					if(exposure)
 192              		.loc 1 104 0
 193 00e8 DDE90223 		ldrd	r2, [sp, #8]
 105:/home/tienluong/workspace/atlantis_fw/AsicFwS2/src/lcc_cmd_base_1000.c **** 						p_cmd.event |= IMG_EVENT_CAM_EXPOSURE_TIME;
 106:/home/tienluong/workspace/atlantis_fw/AsicFwS2/src/lcc_cmd_base_1000.c **** 					xQueueSend(p_cam->queue, &p_cmd, (TickType_t)10);
 194              		.loc 1 106 0
 195 00ec 04A9     		add	r1, sp, #16
 196 00ee 786B     		ldr	r0, [r7, #52]
 104:/home/tienluong/workspace/atlantis_fw/AsicFwS2/src/lcc_cmd_base_1000.c **** 					if(exposure)
 197              		.loc 1 104 0
 198 00f0 1343     		orrs	r3, r2, r3
 199              		.loc 1 106 0
 200 00f2 DFF86CC0 		ldr	ip, .L23+40
 201 00f6 4FF00A02 		mov	r2, #10
 105:/home/tienluong/workspace/atlantis_fw/AsicFwS2/src/lcc_cmd_base_1000.c **** 						p_cmd.event |= IMG_EVENT_CAM_EXPOSURE_TIME;
 202              		.loc 1 105 0
 203 00fa 1EBF     		ittt	ne
 204 00fc 059B     		ldrne	r3, [sp, #20]
 205 00fe 43F02003 		orrne	r3, r3, #32
 206 0102 0593     		strne	r3, [sp, #20]
 207              		.loc 1 106 0
 208 0104 0023     		movs	r3, #0
 209 0106 E047     		blx	ip
 210              	.LVL12:
 107:/home/tienluong/workspace/atlantis_fw/AsicFwS2/src/lcc_cmd_base_1000.c **** 					SLOGF(SLOG_DEBUG, "Restore setting CAM-%X",	p_cam->info.module);
 211              		.loc 1 107 0
 212 0108 2320     		movs	r0, #35
 213 010a 1021     		movs	r1, #16
 214 010c 97F82930 		ldrb	r3, [r7, #41]	@ zero_extendqisi2
 215 0110 104A     		ldr	r2, .L23+28
 216 0112 C847     		blx	r9
 217              	.LVL13:
 218              	.L8:
 219 0114 0135     		adds	r5, r5, #1
 220              	.LVL14:
 221 0116 AEE7     		b	.L7
 222              	.LVL15:
 223              	.L22:
 108:/home/tienluong/workspace/atlantis_fw/AsicFwS2/src/lcc_cmd_base_1000.c **** 				}
 109:/home/tienluong/workspace/atlantis_fw/AsicFwS2/src/lcc_cmd_base_1000.c **** 			}
 110:/home/tienluong/workspace/atlantis_fw/AsicFwS2/src/lcc_cmd_base_1000.c **** 			/* Update the command status */
 111:/home/tienluong/workspace/atlantis_fw/AsicFwS2/src/lcc_cmd_base_1000.c **** 			in->status = LCC_CMD_SUCCESS;
 224              		.loc 1 111 0
 225 0118 0123     		movs	r3, #1
 112:/home/tienluong/workspace/atlantis_fw/AsicFwS2/src/lcc_cmd_base_1000.c **** 			SLOGF(SLOG_DEBUG, "Received UCID: 0x%x", ucid);
 226              		.loc 1 112 0
 227 011a 2320     		movs	r0, #35
 111:/home/tienluong/workspace/atlantis_fw/AsicFwS2/src/lcc_cmd_base_1000.c **** 			SLOGF(SLOG_DEBUG, "Received UCID: 0x%x", ucid);
 228              		.loc 1 111 0
 229 011c 2382     		strh	r3, [r4, #16]	@ movhi
 230              		.loc 1 112 0
 231 011e 1021     		movs	r1, #16
 232 0120 0D4A     		ldr	r2, .L23+32
 233 0122 5346     		mov	r3, r10
 234 0124 C847     		blx	r9
 235              	.LVL16:
 236              	.LBE3:
 237 0126 04E0     		b	.L1
 238              	.LVL17:
 239              	.L6:
 113:/home/tienluong/workspace/atlantis_fw/AsicFwS2/src/lcc_cmd_base_1000.c **** 		}
 114:/home/tienluong/workspace/atlantis_fw/AsicFwS2/src/lcc_cmd_base_1000.c **** 		else
 115:/home/tienluong/workspace/atlantis_fw/AsicFwS2/src/lcc_cmd_base_1000.c **** 		{
 116:/home/tienluong/workspace/atlantis_fw/AsicFwS2/src/lcc_cmd_base_1000.c **** 			in->status = LCC_CMD_INVALID_ARG;
 240              		.loc 1 116 0
 241 0128 0421     		movs	r1, #4
 242              	.LVL18:
 117:/home/tienluong/workspace/atlantis_fw/AsicFwS2/src/lcc_cmd_base_1000.c **** 			SLOGF(SLOG_WARN, "UCID Invalid!");
 243              		.loc 1 117 0
 244 012a 0C4A     		ldr	r2, .L23+36
 116:/home/tienluong/workspace/atlantis_fw/AsicFwS2/src/lcc_cmd_base_1000.c **** 			SLOGF(SLOG_WARN, "UCID Invalid!");
 245              		.loc 1 116 0
 246 012c 0182     		strh	r1, [r0, #16]	@ movhi
 247              		.loc 1 117 0
 248 012e 2320     		movs	r0, #35
 249              	.LVL19:
 250 0130 C847     		blx	r9
 251              	.LVL20:
 252              	.L1:
 253              	.LBE2:
 118:/home/tienluong/workspace/atlantis_fw/AsicFwS2/src/lcc_cmd_base_1000.c **** 		}
 119:/home/tienluong/workspace/atlantis_fw/AsicFwS2/src/lcc_cmd_base_1000.c **** 	}
 120:/home/tienluong/workspace/atlantis_fw/AsicFwS2/src/lcc_cmd_base_1000.c **** }
 254              		.loc 1 120 0
 255 0132 07B0     		add	sp, sp, #28
 256              	.LCFI2:
 257              		.cfi_def_cfa_offset 36
 258              		@ sp needed
 259 0134 BDE8F08F 		pop	{r4, r5, r6, r7, r8, r9, r10, fp, pc}
 260              	.LVL21:
 261              	.L24:
 262              		.align	2
 263              	.L23:
 264 0138 00000000 		.word	.LANCHOR0
 265 013c 00000000 		.word	pvPortMalloc1
 266 0140 00000000 		.word	.LC0
 267 0144 00000000 		.word	slogf
 268 0148 00000000 		.word	light_system
 269 014c 13000000 		.word	.LC1
 270 0150 00000000 		.word	object_to_cam_bitmask
 271 0154 20000000 		.word	.LC2
 272 0158 37000000 		.word	.LC3
 273 015c 4B000000 		.word	.LC4
 274 0160 00000000 		.word	xQueueGenericSend
 275              		.cfi_endproc
 276              	.LFE1:
 278              		.section	.rodata.str1.1,"aMS",%progbits,1
 279              	.LC0:
 280 0000 25733A20 		.ascii	"%s: Lack of memory\000"
 280      4C61636B 
 280      206F6620 
 280      6D656D6F 
 280      727900
 281              	.LC1:
 282 0013 4170706C 		.ascii	"Apply CAM-%X\000"
 282      79204341 
 282      4D2D2558 
 282      00
 283              	.LC2:
 284 0020 52657374 		.ascii	"Restore setting CAM-%X\000"
 284      6F726520 
 284      73657474 
 284      696E6720 
 284      43414D2D 
 285              	.LC3:
 286 0037 52656365 		.ascii	"Received UCID: 0x%x\000"
 286      69766564 
 286      20554349 
 286      443A2030 
 286      78257800 
 287              	.LC4:
 288 004b 55434944 		.ascii	"UCID Invalid!\000"
 288      20496E76 
 288      616C6964 
 288      2100
 289              		.section	.rodata.__FUNCTION__.8938,"a",%progbits
 290              		.set	.LANCHOR0,. + 0
 293              	__FUNCTION__.8938:
 294 0000 636D645F 		.ascii	"cmd_light_active_ucid\000"
 294      6C696768 
 294      745F6163 
 294      74697665 
 294      5F756369 
 295              		.text
 296              	.Letext0:
 297              		.file 2 "/opt/toolchains/gcc-arm-none-eabi-4_9-2015q1/arm-none-eabi/include/machine/_default_types
 298              		.file 3 "/opt/toolchains/gcc-arm-none-eabi-4_9-2015q1/arm-none-eabi/include/stdint.h"
 299              		.file 4 "/home/tienluong/workspace/atlantis_fw/platform/os/Source/portable/GCC/cortex-r4/portmacro
 300              		.file 5 "/home/tienluong/workspace/atlantis_fw/platform/os/Source/include/queue.h"
 301              		.file 6 "/home/tienluong/workspace/atlantis_fw/platform/os/Source/include/semphr.h"
 302              		.file 7 "/home/tienluong/workspace/atlantis_fw/platform/os/Source/include/event_groups.h"
 303              		.file 8 "/home/tienluong/workspace/atlantis_fw/platform/asic/hal/include/hal_syncio.h"
 304              		.file 9 "/home/tienluong/workspace/atlantis_fw/platform/asic/hal/include/hal_i2c.h"
 305              		.file 10 "/home/tienluong/workspace/atlantis_fw/platform/common/lcc_system.h"
 306              		.file 11 "/home/tienluong/workspace/atlantis_fw/platform/driver/include/tof.h"
 307              		.file 12 "/home/tienluong/workspace/atlantis_fw/platform/driver/include/gyro.h"
 308              		.file 13 "/home/tienluong/workspace/atlantis_fw/AsicFwS2/include/img_sensor.h"
 309              		.file 14 "/home/tienluong/workspace/atlantis_fw/AsicFwS2/include/lcc_cmd.h"
 310              		.file 15 "/home/tienluong/workspace/atlantis_fw/AsicFwS2/include/optical.h"
 311              		.file 16 "/home/tienluong/workspace/atlantis_fw/AsicFwS2/include/pwr_ctrl.h"
 312              		.file 17 "/home/tienluong/workspace/atlantis_fw/platform/driver/include/eeprom.h"
 313              		.file 18 "/home/tienluong/workspace/atlantis_fw/AsicFwS2/include/task_af_ctrl.h"
 314              		.file 19 "/home/tienluong/workspace/atlantis_fw/AsicFwS2/include/light_system.h"
 315              		.file 20 "/home/tienluong/workspace/atlantis_fw/AsicFwS2/include/task_cam_ctrl.h"
DEFINED SYMBOLS
                            *ABS*:00000000 lcc_cmd_base_1000.c
     /tmp/ccHidLtR.s:19     .text.cmd_light_active_ucid:00000000 $t
     /tmp/ccHidLtR.s:24     .text.cmd_light_active_ucid:00000000 cmd_light_active_ucid
     /tmp/ccHidLtR.s:264    .text.cmd_light_active_ucid:00000138 $d
     /tmp/ccHidLtR.s:293    .rodata.__FUNCTION__.8938:00000000 __FUNCTION__.8938
                     .debug_frame:00000010 $d

UNDEFINED SYMBOLS
pvPortMalloc1
slogf
light_system
object_to_cam_bitmask
xQueueGenericSend
