   1              		.syntax unified
   2              		.cpu cortex-r4
   3              		.fpu softvfp
   4              		.eabi_attribute 20, 1
   5              		.eabi_attribute 21, 1
   6              		.eabi_attribute 23, 3
   7              		.eabi_attribute 24, 1
   8              		.eabi_attribute 25, 1
   9              		.eabi_attribute 26, 1
  10              		.eabi_attribute 30, 4
  11              		.eabi_attribute 34, 1
  12              		.eabi_attribute 18, 4
  13              		.thumb
  14              		.file	"point2i.pb-c.c"
  15              		.text
  16              	.Ltext0:
  17              		.cfi_sections	.debug_frame
  18              		.section	.text.ltpb__point2_i__init,"ax",%progbits
  19              		.align	1
  20              		.global	ltpb__point2_i__init
  21              		.thumb
  22              		.thumb_func
  24              	ltpb__point2_i__init:
  25              	.LFB1:
  26              		.file 1 "/home/tienluong/workspace/atlantis_fw/platform/common/lightheader/src/point2i.pb-c.c"
   1:/home/tienluong/workspace/atlantis_fw/platform/common/lightheader/src/point2i.pb-c.c **** /* Generated by the protocol buffer compiler.  DO NOT EDIT! */
   2:/home/tienluong/workspace/atlantis_fw/platform/common/lightheader/src/point2i.pb-c.c **** /* Generated from: point2i.proto */
   3:/home/tienluong/workspace/atlantis_fw/platform/common/lightheader/src/point2i.pb-c.c **** 
   4:/home/tienluong/workspace/atlantis_fw/platform/common/lightheader/src/point2i.pb-c.c **** /* Do not generate deprecated warnings for self */
   5:/home/tienluong/workspace/atlantis_fw/platform/common/lightheader/src/point2i.pb-c.c **** #ifndef PROTOBUF_C__NO_DEPRECATED
   6:/home/tienluong/workspace/atlantis_fw/platform/common/lightheader/src/point2i.pb-c.c **** #define PROTOBUF_C__NO_DEPRECATED
   7:/home/tienluong/workspace/atlantis_fw/platform/common/lightheader/src/point2i.pb-c.c **** #endif
   8:/home/tienluong/workspace/atlantis_fw/platform/common/lightheader/src/point2i.pb-c.c **** #include "sections.h"
   9:/home/tienluong/workspace/atlantis_fw/platform/common/lightheader/src/point2i.pb-c.c **** #include "point2i.pb-c.h"
  10:/home/tienluong/workspace/atlantis_fw/platform/common/lightheader/src/point2i.pb-c.c **** LIGHT_HEADER_FUNC void   ltpb__point2_i__init
  11:/home/tienluong/workspace/atlantis_fw/platform/common/lightheader/src/point2i.pb-c.c ****                      (Ltpb__Point2I         *message)
  12:/home/tienluong/workspace/atlantis_fw/platform/common/lightheader/src/point2i.pb-c.c **** {
  27              		.loc 1 12 0
  28              		.cfi_startproc
  29              		@ args = 0, pretend = 0, frame = 0
  30              		@ frame_needed = 0, uses_anonymous_args = 0
  31              	.LVL0:
  32 0000 30B5     		push	{r4, r5, lr}
  33              	.LCFI0:
  34              		.cfi_def_cfa_offset 12
  35              		.cfi_offset 4, -12
  36              		.cfi_offset 5, -8
  37              		.cfi_offset 14, -4
  13:/home/tienluong/workspace/atlantis_fw/platform/common/lightheader/src/point2i.pb-c.c ****   static Ltpb__Point2I init_value = LTPB__POINT2_I__INIT;
  14:/home/tienluong/workspace/atlantis_fw/platform/common/lightheader/src/point2i.pb-c.c ****   *message = init_value;
  38              		.loc 1 14 0
  39 0002 034D     		ldr	r5, .L2
  40 0004 0446     		mov	r4, r0
  41 0006 0FCD     		ldmia	r5!, {r0, r1, r2, r3}
  42              	.LVL1:
  43 0008 0FC4     		stmia	r4!, {r0, r1, r2, r3}
  44              	.LVL2:
  45 000a 2B68     		ldr	r3, [r5]
  46 000c 2360     		str	r3, [r4]
  47 000e 30BD     		pop	{r4, r5, pc}
  48              	.LVL3:
  49              	.L3:
  50              		.align	2
  51              	.L2:
  52 0010 00000000 		.word	.LANCHOR0
  53              		.cfi_endproc
  54              	.LFE1:
  56              		.section	.text.ltpb__point2_i__get_packed_size,"ax",%progbits
  57              		.align	1
  58              		.global	ltpb__point2_i__get_packed_size
  59              		.thumb
  60              		.thumb_func
  62              	ltpb__point2_i__get_packed_size:
  63              	.LFB2:
  15:/home/tienluong/workspace/atlantis_fw/platform/common/lightheader/src/point2i.pb-c.c **** }
  16:/home/tienluong/workspace/atlantis_fw/platform/common/lightheader/src/point2i.pb-c.c **** LIGHT_HEADER_FUNC size_t ltpb__point2_i__get_packed_size
  17:/home/tienluong/workspace/atlantis_fw/platform/common/lightheader/src/point2i.pb-c.c ****                      (const Ltpb__Point2I *message)
  18:/home/tienluong/workspace/atlantis_fw/platform/common/lightheader/src/point2i.pb-c.c **** {
  64              		.loc 1 18 0
  65              		.cfi_startproc
  66              		@ args = 0, pretend = 0, frame = 0
  67              		@ frame_needed = 0, uses_anonymous_args = 0
  68              	.LVL4:
  19:/home/tienluong/workspace/atlantis_fw/platform/common/lightheader/src/point2i.pb-c.c ****   assert(message->base.descriptor == &ltpb__point2_i__descriptor);
  69              		.loc 1 19 0
  70 0000 0268     		ldr	r2, [r0]
  71 0002 064B     		ldr	r3, .L7
  18:/home/tienluong/workspace/atlantis_fw/platform/common/lightheader/src/point2i.pb-c.c ****   assert(message->base.descriptor == &ltpb__point2_i__descriptor);
  72              		.loc 1 18 0
  73 0004 10B5     		push	{r4, lr}
  74              	.LCFI1:
  75              		.cfi_def_cfa_offset 8
  76              		.cfi_offset 4, -8
  77              		.cfi_offset 14, -4
  78              		.loc 1 19 0
  79 0006 9A42     		cmp	r2, r3
  18:/home/tienluong/workspace/atlantis_fw/platform/common/lightheader/src/point2i.pb-c.c ****   assert(message->base.descriptor == &ltpb__point2_i__descriptor);
  80              		.loc 1 18 0
  81 0008 0446     		mov	r4, r0
  82              		.loc 1 19 0
  83 000a 03D0     		beq	.L5
  84              		.loc 1 19 0 is_stmt 0 discriminator 1
  85 000c 0448     		ldr	r0, .L7+4
  86              	.LVL5:
  87 000e 1321     		movs	r1, #19
  88 0010 044B     		ldr	r3, .L7+8
  89 0012 9847     		blx	r3
  90              	.LVL6:
  91              	.L5:
  20:/home/tienluong/workspace/atlantis_fw/platform/common/lightheader/src/point2i.pb-c.c ****   return protobuf_c_message_get_packed_size ((const ProtobufCMessage*)(message));
  92              		.loc 1 20 0 is_stmt 1
  93 0014 2046     		mov	r0, r4
  94 0016 044B     		ldr	r3, .L7+12
  95 0018 9847     		blx	r3
  96              	.LVL7:
  21:/home/tienluong/workspace/atlantis_fw/platform/common/lightheader/src/point2i.pb-c.c **** }
  97              		.loc 1 21 0
  98 001a 10BD     		pop	{r4, pc}
  99              	.LVL8:
 100              	.L8:
 101              		.align	2
 102              	.L7:
 103 001c 00000000 		.word	.LANCHOR1
 104 0020 00000000 		.word	.LANCHOR2
 105 0024 00000000 		.word	assert_failed
 106 0028 00000000 		.word	protobuf_c_message_get_packed_size
 107              		.cfi_endproc
 108              	.LFE2:
 110              		.section	.text.ltpb__point2_i__pack,"ax",%progbits
 111              		.align	1
 112              		.global	ltpb__point2_i__pack
 113              		.thumb
 114              		.thumb_func
 116              	ltpb__point2_i__pack:
 117              	.LFB3:
  22:/home/tienluong/workspace/atlantis_fw/platform/common/lightheader/src/point2i.pb-c.c **** LIGHT_HEADER_FUNC size_t ltpb__point2_i__pack
  23:/home/tienluong/workspace/atlantis_fw/platform/common/lightheader/src/point2i.pb-c.c ****                      (const Ltpb__Point2I *message,
  24:/home/tienluong/workspace/atlantis_fw/platform/common/lightheader/src/point2i.pb-c.c ****                       uint8_t       *out)
  25:/home/tienluong/workspace/atlantis_fw/platform/common/lightheader/src/point2i.pb-c.c **** {
 118              		.loc 1 25 0
 119              		.cfi_startproc
 120              		@ args = 0, pretend = 0, frame = 0
 121              		@ frame_needed = 0, uses_anonymous_args = 0
 122              	.LVL9:
 123 0000 38B5     		push	{r3, r4, r5, lr}
 124              	.LCFI2:
 125              		.cfi_def_cfa_offset 16
 126              		.cfi_offset 3, -16
 127              		.cfi_offset 4, -12
 128              		.cfi_offset 5, -8
 129              		.cfi_offset 14, -4
  26:/home/tienluong/workspace/atlantis_fw/platform/common/lightheader/src/point2i.pb-c.c ****   assert(message->base.descriptor == &ltpb__point2_i__descriptor);
 130              		.loc 1 26 0
 131 0002 0268     		ldr	r2, [r0]
  25:/home/tienluong/workspace/atlantis_fw/platform/common/lightheader/src/point2i.pb-c.c ****   assert(message->base.descriptor == &ltpb__point2_i__descriptor);
 132              		.loc 1 25 0
 133 0004 0446     		mov	r4, r0
 134              		.loc 1 26 0
 135 0006 064B     		ldr	r3, .L11
  25:/home/tienluong/workspace/atlantis_fw/platform/common/lightheader/src/point2i.pb-c.c ****   assert(message->base.descriptor == &ltpb__point2_i__descriptor);
 136              		.loc 1 25 0
 137 0008 0D46     		mov	r5, r1
 138              		.loc 1 26 0
 139 000a 9A42     		cmp	r2, r3
 140 000c 03D0     		beq	.L10
 141              		.loc 1 26 0 is_stmt 0 discriminator 1
 142 000e 0548     		ldr	r0, .L11+4
 143              	.LVL10:
 144 0010 1A21     		movs	r1, #26
 145              	.LVL11:
 146 0012 054B     		ldr	r3, .L11+8
 147 0014 9847     		blx	r3
 148              	.LVL12:
 149              	.L10:
  27:/home/tienluong/workspace/atlantis_fw/platform/common/lightheader/src/point2i.pb-c.c ****   return protobuf_c_message_pack ((const ProtobufCMessage*)message, out);
 150              		.loc 1 27 0 is_stmt 1
 151 0016 2046     		mov	r0, r4
 152 0018 2946     		mov	r1, r5
 153 001a 044B     		ldr	r3, .L11+12
 154 001c 9847     		blx	r3
 155              	.LVL13:
  28:/home/tienluong/workspace/atlantis_fw/platform/common/lightheader/src/point2i.pb-c.c **** }
 156              		.loc 1 28 0
 157 001e 38BD     		pop	{r3, r4, r5, pc}
 158              	.LVL14:
 159              	.L12:
 160              		.align	2
 161              	.L11:
 162 0020 00000000 		.word	.LANCHOR1
 163 0024 00000000 		.word	.LANCHOR3
 164 0028 00000000 		.word	assert_failed
 165 002c 00000000 		.word	protobuf_c_message_pack
 166              		.cfi_endproc
 167              	.LFE3:
 169              		.section	.text.ltpb__point2_i__pack_to_buffer,"ax",%progbits
 170              		.align	1
 171              		.global	ltpb__point2_i__pack_to_buffer
 172              		.thumb
 173              		.thumb_func
 175              	ltpb__point2_i__pack_to_buffer:
 176              	.LFB4:
  29:/home/tienluong/workspace/atlantis_fw/platform/common/lightheader/src/point2i.pb-c.c **** LIGHT_HEADER_FUNC size_t ltpb__point2_i__pack_to_buffer
  30:/home/tienluong/workspace/atlantis_fw/platform/common/lightheader/src/point2i.pb-c.c ****                      (const Ltpb__Point2I *message,
  31:/home/tienluong/workspace/atlantis_fw/platform/common/lightheader/src/point2i.pb-c.c ****                       ProtobufCBuffer *buffer)
  32:/home/tienluong/workspace/atlantis_fw/platform/common/lightheader/src/point2i.pb-c.c **** {
 177              		.loc 1 32 0
 178              		.cfi_startproc
 179              		@ args = 0, pretend = 0, frame = 0
 180              		@ frame_needed = 0, uses_anonymous_args = 0
 181              	.LVL15:
 182 0000 38B5     		push	{r3, r4, r5, lr}
 183              	.LCFI3:
 184              		.cfi_def_cfa_offset 16
 185              		.cfi_offset 3, -16
 186              		.cfi_offset 4, -12
 187              		.cfi_offset 5, -8
 188              		.cfi_offset 14, -4
  33:/home/tienluong/workspace/atlantis_fw/platform/common/lightheader/src/point2i.pb-c.c ****   assert(message->base.descriptor == &ltpb__point2_i__descriptor);
 189              		.loc 1 33 0
 190 0002 0268     		ldr	r2, [r0]
  32:/home/tienluong/workspace/atlantis_fw/platform/common/lightheader/src/point2i.pb-c.c ****   assert(message->base.descriptor == &ltpb__point2_i__descriptor);
 191              		.loc 1 32 0
 192 0004 0446     		mov	r4, r0
 193              		.loc 1 33 0
 194 0006 064B     		ldr	r3, .L15
  32:/home/tienluong/workspace/atlantis_fw/platform/common/lightheader/src/point2i.pb-c.c ****   assert(message->base.descriptor == &ltpb__point2_i__descriptor);
 195              		.loc 1 32 0
 196 0008 0D46     		mov	r5, r1
 197              		.loc 1 33 0
 198 000a 9A42     		cmp	r2, r3
 199 000c 03D0     		beq	.L14
 200              		.loc 1 33 0 is_stmt 0 discriminator 1
 201 000e 0548     		ldr	r0, .L15+4
 202              	.LVL16:
 203 0010 2121     		movs	r1, #33
 204              	.LVL17:
 205 0012 054B     		ldr	r3, .L15+8
 206 0014 9847     		blx	r3
 207              	.LVL18:
 208              	.L14:
  34:/home/tienluong/workspace/atlantis_fw/platform/common/lightheader/src/point2i.pb-c.c ****   return protobuf_c_message_pack_to_buffer ((const ProtobufCMessage*)message, buffer);
 209              		.loc 1 34 0 is_stmt 1
 210 0016 2046     		mov	r0, r4
 211 0018 2946     		mov	r1, r5
 212 001a 044B     		ldr	r3, .L15+12
 213 001c 9847     		blx	r3
 214              	.LVL19:
  35:/home/tienluong/workspace/atlantis_fw/platform/common/lightheader/src/point2i.pb-c.c **** }
 215              		.loc 1 35 0
 216 001e 38BD     		pop	{r3, r4, r5, pc}
 217              	.LVL20:
 218              	.L16:
 219              		.align	2
 220              	.L15:
 221 0020 00000000 		.word	.LANCHOR1
 222 0024 00000000 		.word	.LANCHOR4
 223 0028 00000000 		.word	assert_failed
 224 002c 00000000 		.word	protobuf_c_message_pack_to_buffer
 225              		.cfi_endproc
 226              	.LFE4:
 228              		.section	.text.ltpb__point2_i__unpack,"ax",%progbits
 229              		.align	1
 230              		.global	ltpb__point2_i__unpack
 231              		.thumb
 232              		.thumb_func
 234              	ltpb__point2_i__unpack:
 235              	.LFB5:
  36:/home/tienluong/workspace/atlantis_fw/platform/common/lightheader/src/point2i.pb-c.c **** LIGHT_HEADER_FUNC Ltpb__Point2I *
  37:/home/tienluong/workspace/atlantis_fw/platform/common/lightheader/src/point2i.pb-c.c ****        ltpb__point2_i__unpack
  38:/home/tienluong/workspace/atlantis_fw/platform/common/lightheader/src/point2i.pb-c.c ****                      (ProtobufCAllocator  *allocator,
  39:/home/tienluong/workspace/atlantis_fw/platform/common/lightheader/src/point2i.pb-c.c ****                       size_t               len,
  40:/home/tienluong/workspace/atlantis_fw/platform/common/lightheader/src/point2i.pb-c.c ****                       const uint8_t       *data)
  41:/home/tienluong/workspace/atlantis_fw/platform/common/lightheader/src/point2i.pb-c.c **** {
 236              		.loc 1 41 0
 237              		.cfi_startproc
 238              		@ args = 0, pretend = 0, frame = 0
 239              		@ frame_needed = 0, uses_anonymous_args = 0
 240              	.LVL21:
 241 0000 38B5     		push	{r3, r4, r5, lr}
 242              	.LCFI4:
 243              		.cfi_def_cfa_offset 16
 244              		.cfi_offset 3, -16
 245              		.cfi_offset 4, -12
 246              		.cfi_offset 5, -8
 247              		.cfi_offset 14, -4
 248              		.loc 1 41 0
 249 0002 0546     		mov	r5, r0
 250 0004 0C46     		mov	r4, r1
 251 0006 1346     		mov	r3, r2
  42:/home/tienluong/workspace/atlantis_fw/platform/common/lightheader/src/point2i.pb-c.c ****   return (Ltpb__Point2I *)
 252              		.loc 1 42 0
 253 0008 2946     		mov	r1, r5
 254              	.LVL22:
 255 000a 2246     		mov	r2, r4
 256              	.LVL23:
 257 000c 0148     		ldr	r0, .L18
 258              	.LVL24:
 259 000e 024C     		ldr	r4, .L18+4
 260              	.LVL25:
 261 0010 A047     		blx	r4
 262              	.LVL26:
  43:/home/tienluong/workspace/atlantis_fw/platform/common/lightheader/src/point2i.pb-c.c ****      protobuf_c_message_unpack (&ltpb__point2_i__descriptor,
  44:/home/tienluong/workspace/atlantis_fw/platform/common/lightheader/src/point2i.pb-c.c ****                                 allocator, len, data);
  45:/home/tienluong/workspace/atlantis_fw/platform/common/lightheader/src/point2i.pb-c.c **** }
 263              		.loc 1 45 0
 264 0012 38BD     		pop	{r3, r4, r5, pc}
 265              	.LVL27:
 266              	.L19:
 267              		.align	2
 268              	.L18:
 269 0014 00000000 		.word	.LANCHOR1
 270 0018 00000000 		.word	protobuf_c_message_unpack
 271              		.cfi_endproc
 272              	.LFE5:
 274              		.section	.text.ltpb__point2_i__free_unpacked,"ax",%progbits
 275              		.align	1
 276              		.global	ltpb__point2_i__free_unpacked
 277              		.thumb
 278              		.thumb_func
 280              	ltpb__point2_i__free_unpacked:
 281              	.LFB6:
  46:/home/tienluong/workspace/atlantis_fw/platform/common/lightheader/src/point2i.pb-c.c **** LIGHT_HEADER_FUNC void   ltpb__point2_i__free_unpacked
  47:/home/tienluong/workspace/atlantis_fw/platform/common/lightheader/src/point2i.pb-c.c ****                      (Ltpb__Point2I *message,
  48:/home/tienluong/workspace/atlantis_fw/platform/common/lightheader/src/point2i.pb-c.c ****                       ProtobufCAllocator *allocator)
  49:/home/tienluong/workspace/atlantis_fw/platform/common/lightheader/src/point2i.pb-c.c **** {
 282              		.loc 1 49 0
 283              		.cfi_startproc
 284              		@ args = 0, pretend = 0, frame = 0
 285              		@ frame_needed = 0, uses_anonymous_args = 0
 286              	.LVL28:
 287 0000 38B5     		push	{r3, r4, r5, lr}
 288              	.LCFI5:
 289              		.cfi_def_cfa_offset 16
 290              		.cfi_offset 3, -16
 291              		.cfi_offset 4, -12
 292              		.cfi_offset 5, -8
 293              		.cfi_offset 14, -4
  50:/home/tienluong/workspace/atlantis_fw/platform/common/lightheader/src/point2i.pb-c.c ****   assert(message->base.descriptor == &ltpb__point2_i__descriptor);
 294              		.loc 1 50 0
 295 0002 0268     		ldr	r2, [r0]
  49:/home/tienluong/workspace/atlantis_fw/platform/common/lightheader/src/point2i.pb-c.c ****   assert(message->base.descriptor == &ltpb__point2_i__descriptor);
 296              		.loc 1 49 0
 297 0004 0446     		mov	r4, r0
 298              		.loc 1 50 0
 299 0006 064B     		ldr	r3, .L22
  49:/home/tienluong/workspace/atlantis_fw/platform/common/lightheader/src/point2i.pb-c.c ****   assert(message->base.descriptor == &ltpb__point2_i__descriptor);
 300              		.loc 1 49 0
 301 0008 0D46     		mov	r5, r1
 302              		.loc 1 50 0
 303 000a 9A42     		cmp	r2, r3
 304 000c 03D0     		beq	.L21
 305              		.loc 1 50 0 is_stmt 0 discriminator 1
 306 000e 0548     		ldr	r0, .L22+4
 307              	.LVL29:
 308 0010 3221     		movs	r1, #50
 309              	.LVL30:
 310 0012 054B     		ldr	r3, .L22+8
 311 0014 9847     		blx	r3
 312              	.LVL31:
 313              	.L21:
  51:/home/tienluong/workspace/atlantis_fw/platform/common/lightheader/src/point2i.pb-c.c ****   protobuf_c_message_free_unpacked ((ProtobufCMessage*)message, allocator);
 314              		.loc 1 51 0 is_stmt 1
 315 0016 2046     		mov	r0, r4
 316 0018 2946     		mov	r1, r5
 317 001a 044B     		ldr	r3, .L22+12
 318 001c 9847     		blx	r3
 319              	.LVL32:
 320 001e 38BD     		pop	{r3, r4, r5, pc}
 321              	.LVL33:
 322              	.L23:
 323              		.align	2
 324              	.L22:
 325 0020 00000000 		.word	.LANCHOR1
 326 0024 00000000 		.word	.LANCHOR5
 327 0028 00000000 		.word	assert_failed
 328 002c 00000000 		.word	protobuf_c_message_free_unpacked
 329              		.cfi_endproc
 330              	.LFE6:
 332              		.global	ltpb__point2_i__descriptor
 333              		.section	.rodata.init_value.6426,"a",%progbits
 334              		.align	2
 335              		.set	.LANCHOR0,. + 0
 338              	init_value.6426:
 339 0000 00000000 		.word	ltpb__point2_i__descriptor
 340 0004 00000000 		.word	0
 341 0008 00000000 		.word	0
 342 000c 00000000 		.word	0
 343 0010 00000000 		.word	0
 344              		.section	.rodata.ltpb__point2_i__number_ranges,"a",%progbits
 345              		.align	2
 348              	ltpb__point2_i__number_ranges:
 349 0000 01000000 		.word	1
 350 0004 00000000 		.word	0
 351 0008 00000000 		.word	0
 352 000c 02000000 		.word	2
 353              		.section	.rodata.str1.1,"aMS",%progbits,1
 354              	.LC0:
 355 0000 6C747062 		.ascii	"ltpb.Point2I\000"
 355      2E506F69 
 355      6E743249 
 355      00
 356              	.LC1:
 357 000d 506F696E 		.ascii	"Point2I\000"
 357      74324900 
 358              	.LC2:
 359 0015 4C747062 		.ascii	"Ltpb__Point2I\000"
 359      5F5F506F 
 359      696E7432 
 359      4900
 360              	.LC3:
 361 0023 6C747062 		.ascii	"ltpb\000"
 361      00
 362              	.LC4:
 363 0028 7800     		.ascii	"x\000"
 364              	.LC5:
 365 002a 7900     		.ascii	"y\000"
 366              		.section	.rodata.__FUNCTION__.6430,"a",%progbits
 367              		.set	.LANCHOR2,. + 0
 370              	__FUNCTION__.6430:
 371 0000 6C747062 		.ascii	"ltpb__point2_i__get_packed_size\000"
 371      5F5F706F 
 371      696E7432 
 371      5F695F5F 
 371      6765745F 
 372              		.section	.rodata.ltpb__point2_i__descriptor,"a",%progbits
 373              		.align	2
 374              		.set	.LANCHOR1,. + 0
 377              	ltpb__point2_i__descriptor:
 378 0000 F9EEAA28 		.word	682290937
 379 0004 00000000 		.word	.LC0
 380 0008 0D000000 		.word	.LC1
 381 000c 15000000 		.word	.LC2
 382 0010 23000000 		.word	.LC3
 383 0014 14000000 		.word	20
 384 0018 02000000 		.word	2
 385 001c 00000000 		.word	ltpb__point2_i__field_descriptors
 386 0020 00000000 		.word	ltpb__point2_i__field_indices_by_name
 387 0024 01000000 		.word	1
 388 0028 00000000 		.word	ltpb__point2_i__number_ranges
 389 002c 00000000 		.word	ltpb__point2_i__init
 390 0030 00000000 		.word	0
 391 0034 00000000 		.word	0
 392 0038 00000000 		.word	0
 393              		.section	.rodata.__FUNCTION__.6435,"a",%progbits
 394              		.set	.LANCHOR3,. + 0
 397              	__FUNCTION__.6435:
 398 0000 6C747062 		.ascii	"ltpb__point2_i__pack\000"
 398      5F5F706F 
 398      696E7432 
 398      5F695F5F 
 398      7061636B 
 399              		.section	.rodata.__FUNCTION__.6440,"a",%progbits
 400              		.set	.LANCHOR4,. + 0
 403              	__FUNCTION__.6440:
 404 0000 6C747062 		.ascii	"ltpb__point2_i__pack_to_buffer\000"
 404      5F5F706F 
 404      696E7432 
 404      5F695F5F 
 404      7061636B 
 405              		.section	.rodata.__FUNCTION__.6450,"a",%progbits
 406              		.set	.LANCHOR5,. + 0
 409              	__FUNCTION__.6450:
 410 0000 6C747062 		.ascii	"ltpb__point2_i__free_unpacked\000"
 410      5F5F706F 
 410      696E7432 
 410      5F695F5F 
 410      66726565 
 411              		.section	.rodata.ltpb__point2_i__field_indices_by_name,"a",%progbits
 412              		.align	2
 415              	ltpb__point2_i__field_indices_by_name:
 416 0000 00000000 		.word	0
 417 0004 01000000 		.word	1
 418              		.section	.rodata.ltpb__point2_i__field_descriptors,"a",%progbits
 419              		.align	2
 422              	ltpb__point2_i__field_descriptors:
 423 0000 28000000 		.word	.LC4
 424 0004 01000000 		.word	1
 425 0008 00       		.byte	0
 426 0009 00       		.byte	0
 427 000a 0000     		.space	2
 428 000c 00000000 		.word	0
 429 0010 0C000000 		.word	12
 430 0014 00000000 		.word	0
 431 0018 00000000 		.word	0
 432 001c 00000000 		.word	0
 433 0020 00000000 		.word	0
 434 0024 00000000 		.word	0
 435 0028 00000000 		.word	0
 436 002c 2A000000 		.word	.LC5
 437 0030 02000000 		.word	2
 438 0034 00       		.byte	0
 439 0035 00       		.byte	0
 440 0036 0000     		.space	2
 441 0038 00000000 		.word	0
 442 003c 10000000 		.word	16
 443 0040 00000000 		.word	0
 444 0044 00000000 		.word	0
 445 0048 00000000 		.word	0
 446 004c 00000000 		.word	0
 447 0050 00000000 		.word	0
 448 0054 00000000 		.word	0
 449              		.text
 450              	.Letext0:
 451              		.file 2 "/opt/toolchains/gcc-arm-none-eabi-4_9-2015q1/arm-none-eabi/include/machine/_default_types
 452              		.file 3 "/opt/toolchains/gcc-arm-none-eabi-4_9-2015q1/lib/gcc/arm-none-eabi/4.9.3/include/stddef.h
 453              		.file 4 "/opt/toolchains/gcc-arm-none-eabi-4_9-2015q1/arm-none-eabi/include/stdint.h"
 454              		.file 5 "/home/tienluong/workspace/atlantis_fw/platform/os/Source/portable/GCC/cortex-r4/portmacro
 455              		.file 6 "/home/tienluong/workspace/atlantis_fw/platform/common/lightheader/include/protobuf-c/prot
 456              		.file 7 "/home/tienluong/workspace/atlantis_fw/platform/common/lightheader/include/point2i.pb-c.h"
DEFINED SYMBOLS
                            *ABS*:00000000 point2i.pb-c.c
     /tmp/ccZR5ZI2.s:19     .text.ltpb__point2_i__init:00000000 $t
     /tmp/ccZR5ZI2.s:24     .text.ltpb__point2_i__init:00000000 ltpb__point2_i__init
     /tmp/ccZR5ZI2.s:52     .text.ltpb__point2_i__init:00000010 $d
     /tmp/ccZR5ZI2.s:57     .text.ltpb__point2_i__get_packed_size:00000000 $t
     /tmp/ccZR5ZI2.s:62     .text.ltpb__point2_i__get_packed_size:00000000 ltpb__point2_i__get_packed_size
     /tmp/ccZR5ZI2.s:103    .text.ltpb__point2_i__get_packed_size:0000001c $d
     /tmp/ccZR5ZI2.s:111    .text.ltpb__point2_i__pack:00000000 $t
     /tmp/ccZR5ZI2.s:116    .text.ltpb__point2_i__pack:00000000 ltpb__point2_i__pack
     /tmp/ccZR5ZI2.s:162    .text.ltpb__point2_i__pack:00000020 $d
     /tmp/ccZR5ZI2.s:170    .text.ltpb__point2_i__pack_to_buffer:00000000 $t
     /tmp/ccZR5ZI2.s:175    .text.ltpb__point2_i__pack_to_buffer:00000000 ltpb__point2_i__pack_to_buffer
     /tmp/ccZR5ZI2.s:221    .text.ltpb__point2_i__pack_to_buffer:00000020 $d
     /tmp/ccZR5ZI2.s:229    .text.ltpb__point2_i__unpack:00000000 $t
     /tmp/ccZR5ZI2.s:234    .text.ltpb__point2_i__unpack:00000000 ltpb__point2_i__unpack
     /tmp/ccZR5ZI2.s:269    .text.ltpb__point2_i__unpack:00000014 $d
     /tmp/ccZR5ZI2.s:275    .text.ltpb__point2_i__free_unpacked:00000000 $t
     /tmp/ccZR5ZI2.s:280    .text.ltpb__point2_i__free_unpacked:00000000 ltpb__point2_i__free_unpacked
     /tmp/ccZR5ZI2.s:325    .text.ltpb__point2_i__free_unpacked:00000020 $d
     /tmp/ccZR5ZI2.s:377    .rodata.ltpb__point2_i__descriptor:00000000 ltpb__point2_i__descriptor
     /tmp/ccZR5ZI2.s:334    .rodata.init_value.6426:00000000 $d
     /tmp/ccZR5ZI2.s:338    .rodata.init_value.6426:00000000 init_value.6426
     /tmp/ccZR5ZI2.s:345    .rodata.ltpb__point2_i__number_ranges:00000000 $d
     /tmp/ccZR5ZI2.s:348    .rodata.ltpb__point2_i__number_ranges:00000000 ltpb__point2_i__number_ranges
     /tmp/ccZR5ZI2.s:370    .rodata.__FUNCTION__.6430:00000000 __FUNCTION__.6430
     /tmp/ccZR5ZI2.s:373    .rodata.ltpb__point2_i__descriptor:00000000 $d
     /tmp/ccZR5ZI2.s:422    .rodata.ltpb__point2_i__field_descriptors:00000000 ltpb__point2_i__field_descriptors
     /tmp/ccZR5ZI2.s:415    .rodata.ltpb__point2_i__field_indices_by_name:00000000 ltpb__point2_i__field_indices_by_name
     /tmp/ccZR5ZI2.s:397    .rodata.__FUNCTION__.6435:00000000 __FUNCTION__.6435
     /tmp/ccZR5ZI2.s:403    .rodata.__FUNCTION__.6440:00000000 __FUNCTION__.6440
     /tmp/ccZR5ZI2.s:409    .rodata.__FUNCTION__.6450:00000000 __FUNCTION__.6450
     /tmp/ccZR5ZI2.s:412    .rodata.ltpb__point2_i__field_indices_by_name:00000000 $d
     /tmp/ccZR5ZI2.s:419    .rodata.ltpb__point2_i__field_descriptors:00000000 $d
                     .debug_frame:00000010 $d

UNDEFINED SYMBOLS
assert_failed
protobuf_c_message_get_packed_size
protobuf_c_message_pack
protobuf_c_message_pack_to_buffer
protobuf_c_message_unpack
protobuf_c_message_free_unpacked
